TN:
SF:src/entrypoints/content/blocker.ts
FN:14,blockHandler
FN:19,installBlocker
FN:74,removeBlocker
FNF:3
FNH:3
FNDA:1,blockHandler
FNDA:16,installBlocker
FNDA:22,removeBlocker
DA:3,1
DA:5,1
DA:12,1
DA:15,1
DA:16,1
DA:20,16
DA:21,15
DA:23,15
DA:25,15
DA:26,300
DA:29,15
DA:30,15
DA:31,15
DA:41,15
DA:42,15
DA:55,15
DA:56,15
DA:58,15
DA:59,15
DA:68,15
DA:70,15
DA:71,16
DA:75,22
DA:76,15
DA:78,15
DA:79,300
DA:82,15
DA:83,22
LF:28
LH:28
BRDA:20,0,0,1
BRDA:20,0,1,15
BRDA:70,1,0,15
BRDA:70,1,1,1
BRDA:75,2,0,7
BRDA:75,2,1,15
BRF:6
BRH:6
end_of_record
TN:
SF:src/entrypoints/content/interactables.ts
FN:13,isInteractable
FN:47,collectInteractables
FN:61,getLabel
FNF:3
FNH:3
FNDA:58,isInteractable
FNDA:21,collectInteractables
FNDA:22,getLabel
DA:1,2
DA:8,2
DA:14,58
DA:15,58
DA:17,58
DA:18,26
DA:19,24
DA:20,23
DA:23,32
DA:25,17
DA:27,15
DA:28,2
DA:30,13
DA:31,13
DA:34,12
DA:41,4
DA:43,8
DA:48,21
DA:50,21
DA:51,19
DA:52,19
DA:53,19
DA:54,19
DA:55,3
DA:58,21
DA:62,22
DA:64,22
DA:65,22
DA:67,20
DA:68,20
DA:69,4
DA:70,4
DA:73,18
DA:74,7
DA:82,11
DA:83,22
DA:85,3
LF:37
LH:37
BRDA:15,0,0,58
BRDA:15,0,1,43
BRDA:17,1,0,26
BRDA:17,1,1,32
BRDA:18,2,0,2
BRDA:18,2,1,24
BRDA:19,3,0,1
BRDA:19,3,1,23
BRDA:19,4,0,24
BRDA:19,4,1,6
BRDA:23,5,0,15
BRDA:23,5,1,17
BRDA:25,6,0,2
BRDA:25,6,1,15
BRDA:27,7,0,2
BRDA:27,7,1,13
BRDA:27,8,0,15
BRDA:27,8,1,3
BRDA:27,9,0,3
BRDA:27,9,1,0
BRDA:31,10,0,1
BRDA:31,10,1,12
BRDA:34,11,0,4
BRDA:34,11,1,8
BRDA:35,12,0,12
BRDA:35,12,1,11
BRDA:35,12,2,11
BRDA:35,12,3,10
BRDA:35,12,4,9
BRDA:47,13,0,21
BRDA:52,14,0,13
BRDA:52,14,1,6
BRDA:54,15,0,3
BRDA:54,15,1,16
BRDA:65,16,0,2
BRDA:65,16,1,20
BRDA:68,17,0,4
BRDA:68,17,1,16
BRDA:70,18,0,2
BRDA:70,18,1,2
BRDA:70,19,0,2
BRDA:70,19,1,1
BRDA:73,20,0,7
BRDA:73,20,1,11
BRDA:75,21,0,7
BRDA:75,21,1,6
BRDA:75,21,2,5
BRDA:75,21,3,1
BRDA:82,22,0,11
BRDA:82,22,1,0
BRDA:83,23,0,8
BRDA:83,23,1,14
BRF:52
BRH:50
end_of_record
TN:
SF:src/entrypoints/content/overlay.ts
FN:8,destroyOverlay
FN:12,drawOverlay
FNF:2
FNH:2
FNDA:13,destroyOverlay
FNDA:11,drawOverlay
DA:6,1
DA:9,13
DA:13,11
DA:15,11
DA:16,11
DA:17,11
DA:18,11
DA:20,11
DA:21,11
DA:23,11
DA:27,11
DA:28,11
DA:30,11
DA:31,5
DA:32,5
DA:33,5
DA:34,5
DA:37,11
DA:39,11
DA:40,11
DA:41,11
DA:42,11
DA:43,11
DA:44,11
DA:53,11
DA:55,11
DA:56,11
DA:57,11
DA:59,11
DA:61,11
DA:62,5
DA:63,5
DA:64,5
DA:65,5
DA:67,5
DA:68,5
DA:69,5
DA:71,5
DA:72,5
DA:74,5
DA:75,5
DA:76,5
DA:77,5
DA:78,5
DA:80,5
DA:81,5
DA:82,5
DA:83,0
DA:85,5
DA:87,5
DA:89,5
DA:90,5
DA:91,5
DA:92,5
DA:94,5
DA:95,5
DA:111,11
LF:57
LH:56
BRDA:16,0,0,11
BRDA:16,0,1,0
BRDA:20,1,0,11
BRDA:20,1,1,0
BRDA:24,2,0,11
BRDA:24,2,1,0
BRDA:32,3,0,0
BRDA:32,3,1,5
BRDA:33,4,0,0
BRDA:33,4,1,5
BRDA:53,5,0,11
BRDA:53,5,1,0
BRDA:56,6,0,0
BRDA:56,6,1,11
BRDA:82,7,0,0
BRDA:82,7,1,5
BRDA:99,8,0,5
BRDA:99,8,1,1
BRDA:99,9,0,1
BRDA:99,9,1,0
BRF:20
BRH:11
end_of_record
TN:
SF:src/entrypoints/content/theme.ts
FN:35,getTheme
FNF:1
FNH:1
FNDA:35,getTheme
DA:17,3
DA:26,3
DA:36,35
DA:37,35
DA:38,34
DA:40,1
LF:6
LH:6
BRDA:38,0,0,3
BRDA:38,0,1,31
BRF:2
BRH:2
end_of_record
TN:
SF:src/entrypoints/content/visibility.ts
FN:1,getVisibleRect
FN:26,isTopElementAt
FNF:2
FNH:2
FNDA:18,getVisibleRect
FNDA:13,isTopElementAt
DA:3,18
DA:4,18
DA:6,1
DA:9,17
DA:10,15
DA:11,13
DA:13,11
DA:14,11
DA:15,11
DA:20,3
DA:23,8
DA:27,13
DA:33,13
DA:34,21
DA:35,21
DA:36,21
DA:37,13
DA:40,3
LF:18
LH:18
BRDA:9,0,0,2
BRDA:9,0,1,15
BRDA:9,1,0,17
BRDA:9,1,1,16
BRDA:10,2,0,2
BRDA:10,2,1,13
BRDA:10,3,0,15
BRDA:10,3,1,14
BRDA:11,4,0,2
BRDA:11,4,1,11
BRDA:11,5,0,13
BRDA:11,5,1,12
BRDA:15,6,0,3
BRDA:15,6,1,8
BRDA:16,7,0,11
BRDA:16,7,1,10
BRDA:16,7,2,9
BRDA:36,8,0,3
BRDA:36,8,1,18
BRDA:37,9,0,10
BRDA:37,9,1,3
BRDA:37,10,0,13
BRDA:37,10,1,5
BRDA:37,10,2,4
BRF:24
BRH:24
end_of_record
TN:
SF:src/entrypoints/content/handlers/get-element-dom.ts
FN:6,handleGetElementDom
FNF:1
FNH:1
FNDA:4,handleGetElementDom
DA:10,4
DA:15,4
DA:16,4
DA:17,4
DA:18,4
DA:19,17
DA:20,17
DA:21,17
DA:22,4
DA:23,4
DA:24,4
DA:25,4
DA:26,3
DA:27,3
DA:31,4
DA:32,1
DA:33,1
DA:36,3
DA:37,3
DA:38,3
DA:39,3
LF:21
LH:21
BRDA:19,0,0,0
BRDA:19,0,1,17
BRDA:21,1,0,13
BRDA:21,1,1,4
BRDA:21,2,0,17
BRDA:21,2,1,13
BRDA:25,3,0,3
BRDA:25,3,1,1
BRDA:31,4,0,1
BRDA:31,4,1,3
BRDA:41,5,0,1
BRDA:41,5,1,2
BRF:12
BRH:11
end_of_record
TN:
SF:src/entrypoints/content/handlers/upload-file.ts
FN:6,handleUploadFile
FNF:1
FNH:1
FNDA:8,handleUploadFile
DA:16,8
DA:21,8
DA:25,8
DA:27,8
DA:29,5
DA:30,3
DA:32,2
DA:33,2
DA:34,5
DA:35,5
DA:36,3
DA:37,3
DA:38,3
DA:39,3
DA:40,2
DA:41,2
DA:45,2
DA:48,8
DA:49,1
DA:50,1
DA:53,7
DA:55,7
DA:56,7
DA:57,30
DA:58,6
DA:60,6
DA:61,6
DA:64,6
DA:68,8
DA:69,1
DA:71,6
DA:72,6
DA:79,6
DA:80,6
DA:81,2
DA:82,2
DA:83,1
DA:85,6
DA:87,5
DA:88,5
DA:89,5
DA:90,25
DA:91,25
DA:92,2
DA:93,2
DA:94,2
DA:95,2
DA:96,1
DA:97,1
DA:102,6
DA:103,6
DA:104,6
DA:105,6
DA:106,6
DA:107,6
DA:108,6
DA:111,6
DA:113,1
LF:58
LH:58
BRDA:27,0,0,5
BRDA:27,0,1,3
BRDA:30,1,0,2
BRDA:30,1,1,1
BRDA:35,2,0,2
BRDA:35,2,1,3
BRDA:35,3,0,5
BRDA:35,3,1,2
BRDA:39,4,0,2
BRDA:39,4,1,1
BRDA:45,5,0,1
BRDA:45,5,1,1
BRDA:48,6,0,1
BRDA:48,6,1,7
BRDA:68,7,0,5
BRDA:68,7,1,1
BRDA:80,8,0,6
BRDA:80,8,1,7
BRDA:82,9,0,1
BRDA:82,9,1,1
BRDA:82,10,0,2
BRDA:82,10,1,1
BRDA:85,11,0,5
BRDA:85,11,1,1
BRDA:85,12,0,6
BRDA:85,12,1,6
BRDA:91,13,0,23
BRDA:91,13,1,2
BRDA:91,14,0,25
BRDA:91,14,1,2
BRDA:95,15,0,1
BRDA:95,15,1,1
BRDA:102,16,0,6
BRDA:102,16,1,0
BRF:34
BRH:33
end_of_record
TN:
SF:src/utils/agent-log.ts
FN:3,log
FN:14,(anonymous_1)
FNF:2
FNH:0
FNDA:0,log
FNDA:0,(anonymous_1)
DA:4,0
DA:6,0
DA:9,0
DA:10,0
DA:11,0
DA:14,0
DA:16,0
DA:17,0
LF:8
LH:0
BRDA:3,0,0,0
BRDA:6,1,0,0
BRDA:10,2,0,0
BRDA:10,2,1,0
BRDA:16,3,0,0
BRDA:16,3,1,0
BRDA:17,4,0,0
BRDA:17,4,1,0
BRF:8
BRH:0
end_of_record
TN:
SF:src/utils/agent-state.ts
FN:3,getAgentState
FN:8,setAgentState
FN:15,clearAgentState
FNF:3
FNH:0
FNDA:0,getAgentState
FNDA:0,setAgentState
FNDA:0,clearAgentState
DA:4,0
DA:5,0
DA:9,0
DA:10,0
DA:11,0
DA:12,0
DA:16,0
LF:7
LH:0
BRDA:5,0,0,0
BRDA:5,0,1,0
BRDA:9,1,0,0
BRDA:9,1,1,0
BRF:4
BRH:0
end_of_record
TN:
SF:src/utils/base64.ts
FN:2,arrayBufferToBase64
FNF:1
FNH:0
FNDA:0,arrayBufferToBase64
DA:3,0
DA:4,0
DA:5,0
DA:6,0
DA:7,0
DA:9,0
LF:6
LH:0
BRF:0
BRH:0
end_of_record
TN:
SF:src/utils/custom-system-prompt.ts
FN:28,getCustomSystemPrompt
FN:44,setCustomSystemPrompt
FN:49,isCustomPromptEffective
FNF:3
FNH:2
FNDA:7,getCustomSystemPrompt
FNDA:0,setCustomSystemPrompt
FNDA:7,isCustomPromptEffective
DA:19,2
DA:21,2
DA:29,7
DA:30,7
DA:31,0
DA:32,0
DA:33,0
DA:39,7
DA:45,0
DA:50,7
LF:10
LH:6
BRDA:32,0,0,0
BRDA:32,0,1,0
BRDA:32,1,0,0
BRDA:32,1,1,0
BRDA:35,2,0,0
BRDA:35,2,1,0
BRDA:36,3,0,0
BRDA:36,3,1,0
BRDA:50,4,0,7
BRDA:50,4,1,0
BRF:10
BRH:1
end_of_record
TN:
SF:src/utils/debounce.ts
FN:2,scheduleDebounced
FN:7,(anonymous_1)
FN:8,(anonymous_2)
FNF:3
FNH:0
FNDA:0,scheduleDebounced
FNDA:0,(anonymous_1)
FNDA:0,(anonymous_2)
DA:7,0
DA:8,0
LF:2
LH:0
BRF:0
BRH:0
end_of_record
TN:
SF:src/utils/dom-idle.ts
FN:1,waitForDOMIdle
FN:5,(anonymous_1)
FN:6,(anonymous_2)
FN:8,(anonymous_3)
FN:10,(anonymous_4)
FN:22,(anonymous_5)
FN:30,(anonymous_6)
FNF:7
FNH:7
FNDA:4,waitForDOMIdle
FNDA:4,(anonymous_1)
FNDA:4,(anonymous_2)
FNDA:9,(anonymous_3)
FNDA:3,(anonymous_4)
FNDA:1,(anonymous_5)
FNDA:4,(anonymous_6)
DA:2,4
DA:6,4
DA:8,4
DA:9,9
DA:10,9
DA:11,3
DA:12,3
DA:15,4
DA:16,4
DA:21,4
DA:22,4
DA:23,1
DA:24,1
LF:13
LH:13
BRDA:1,0,0,4
BRDA:1,1,0,4
BRDA:16,2,0,4
BRDA:16,2,1,1
BRF:4
BRH:4
end_of_record
TN:
SF:src/utils/file-upload.ts
FN:7,injectFileUpload
FN:16,(anonymous_1)
FNF:2
FNH:0
FNDA:0,injectFileUpload
FNDA:0,(anonymous_1)
DA:13,0
DA:14,0
DA:15,0
DA:16,0
DA:18,0
DA:19,0
DA:21,0
DA:24,0
DA:27,0
DA:46,0
DA:49,0
DA:50,0
DA:51,0
DA:57,0
DA:58,0
DA:59,0
DA:62,0
DA:64,0
DA:67,0
LF:19
LH:0
BRDA:14,0,0,0
BRDA:14,0,1,0
BRDA:18,1,0,0
BRDA:18,1,1,0
BRDA:58,2,0,0
BRDA:58,2,1,0
BRDA:58,3,0,0
BRDA:58,3,1,0
BRF:8
BRH:0
end_of_record
TN:
SF:src/utils/highlight-match.tsx
FN:9,splitByMatch
FN:42,HighlightedText
FN:51,(anonymous_2)
FNF:3
FNH:3
FNDA:3,splitByMatch
FNDA:3,HighlightedText
FNDA:4,(anonymous_2)
DA:10,3
DA:11,3
DA:13,2
DA:14,2
DA:15,2
DA:16,2
DA:18,2
DA:19,2
DA:20,2
DA:21,0
DA:22,0
DA:24,2
DA:25,1
DA:27,2
DA:28,2
DA:31,2
DA:48,3
DA:49,3
DA:52,4
LF:19
LH:17
BRDA:11,0,0,1
BRDA:11,0,1,2
BRDA:20,1,0,0
BRDA:20,1,1,2
BRDA:24,2,0,1
BRDA:24,2,1,1
BRDA:31,3,0,2
BRDA:31,3,1,0
BRDA:46,4,0,3
BRDA:52,5,0,2
BRDA:52,5,1,2
BRF:11
BRH:9
end_of_record
TN:
SF:src/utils/langsmith-config.ts
FN:13,initializeLangSmith
FN:41,getLangSmithTracer
FNF:2
FNH:1
FNDA:0,initializeLangSmith
FNDA:7,getLangSmithTracer
DA:11,2
DA:14,0
DA:15,0
DA:17,0
DA:18,0
DA:19,0
DA:20,0
DA:22,0
DA:29,0
DA:30,0
DA:31,0
DA:32,0
DA:35,0
DA:36,0
DA:37,0
DA:42,7
LF:16
LH:2
BRDA:14,0,0,0
BRDA:14,0,1,0
BRDA:14,1,0,0
BRDA:14,1,1,0
BRDA:17,2,0,0
BRDA:17,2,1,0
BRDA:18,3,0,0
BRDA:18,3,1,0
BRDA:19,4,0,0
BRDA:19,4,1,0
BRDA:20,5,0,0
BRDA:20,5,1,0
BRDA:20,5,2,0
BRDA:20,5,3,0
BRDA:24,6,0,0
BRDA:24,6,1,0
BRDA:25,7,0,0
BRDA:25,7,1,0
BRDA:29,8,0,0
BRDA:29,8,1,0
BRDA:29,9,0,0
BRDA:29,9,1,0
BRDA:29,9,2,0
BRF:23
BRH:0
end_of_record
TN:
SF:src/utils/llm-stream.ts
FN:32,thinkingFlushPoint
FN:44,thinkingDeltaOf
FN:57,parseResponse
FN:62,(anonymous_3)
FN:63,(anonymous_4)
FN:69,(anonymous_5)
FN:74,(anonymous_6)
FN:75,(anonymous_7)
FN:98,streamWithRetry
FN:152,(anonymous_9)
FNF:10
FNH:6
FNDA:0,thinkingFlushPoint
FNDA:7,thinkingDeltaOf
FNDA:7,parseResponse
FNDA:0,(anonymous_3)
FNDA:0,(anonymous_4)
FNDA:7,(anonymous_5)
FNDA:7,(anonymous_6)
FNDA:7,(anonymous_7)
FNDA:7,streamWithRetry
FNDA:0,(anonymous_9)
DA:17,2
DA:18,2
DA:33,0
DA:34,0
DA:35,0
DA:36,0
DA:39,0
DA:40,0
DA:45,7
DA:46,7
DA:47,7
DA:48,0
DA:49,0
DA:52,7
DA:59,7
DA:62,0
DA:63,0
DA:66,7
DA:67,7
DA:69,7
DA:73,7
DA:74,7
DA:75,7
DA:77,7
DA:107,7
DA:108,7
DA:109,7
DA:115,7
DA:116,0
DA:117,0
DA:119,7
DA:121,7
DA:122,7
DA:123,7
DA:124,7
DA:126,7
DA:127,7
DA:128,7
DA:129,7
DA:130,0
DA:131,0
DA:134,0
DA:135,0
DA:136,0
DA:137,0
DA:138,0
DA:142,7
DA:146,7
DA:147,0
DA:150,7
DA:152,7
DA:156,7
DA:157,0
DA:160,7
DA:161,7
DA:163,0
DA:164,0
DA:165,0
DA:166,0
DA:167,0
DA:168,0
DA:169,0
DA:171,0
DA:172,0
DA:178,0
LF:65
LH:34
BRDA:32,0,0,0
BRDA:33,1,0,0
BRDA:33,1,1,0
BRDA:35,2,0,0
BRDA:35,2,1,0
BRDA:35,3,0,0
BRDA:35,3,1,0
BRDA:35,3,2,0
BRDA:35,3,3,0
BRDA:40,4,0,0
BRDA:40,4,1,0
BRDA:45,5,0,7
BRDA:45,5,1,7
BRDA:47,6,0,0
BRDA:47,6,1,7
BRDA:49,7,0,0
BRDA:49,7,1,0
BRDA:49,8,0,0
BRDA:49,8,1,0
BRDA:49,8,2,0
BRDA:59,9,0,7
BRDA:59,9,1,0
BRDA:63,10,0,0
BRDA:63,10,1,0
BRDA:66,11,0,7
BRDA:66,11,1,0
BRDA:67,12,0,0
BRDA:67,12,1,7
BRDA:70,13,0,7
BRDA:70,13,1,0
BRDA:115,14,0,0
BRDA:115,14,1,7
BRDA:119,15,0,0
BRDA:119,15,1,7
BRDA:129,16,0,0
BRDA:129,16,1,7
BRDA:134,17,0,0
BRDA:134,17,1,0
BRDA:136,18,0,0
BRDA:136,18,1,0
BRDA:146,19,0,0
BRDA:146,19,1,7
BRDA:146,20,0,7
BRDA:146,20,1,0
BRDA:150,21,0,0
BRDA:150,21,1,7
BRDA:156,22,0,0
BRDA:156,22,1,7
BRDA:164,23,0,0
BRDA:164,23,1,0
BRDA:165,24,0,0
BRDA:165,24,1,0
BRDA:166,25,0,0
BRDA:166,25,1,0
BRF:54
BRH:14
end_of_record
TN:
SF:src/utils/llm.ts
FN:42,buildSystemMessage
FN:88,createModel
FN:101,createOllamaModel
FN:105,createAnthropicModel
FN:115,createOpenAIModel
FN:130,createCustomOpenAIModel
FN:141,createAnyModel
FN:154,(anonymous_7)
FN:167,callModel
FN:172,(anonymous_9)
FN:192,(anonymous_10)
FNF:11
FNH:3
FNDA:7,buildSystemMessage
FNDA:0,createModel
FNDA:0,createOllamaModel
FNDA:0,createAnthropicModel
FNDA:0,createOpenAIModel
FNDA:0,createCustomOpenAIModel
FNDA:0,createAnyModel
FNDA:0,(anonymous_7)
FNDA:7,callModel
FNDA:0,(anonymous_9)
FNDA:7,(anonymous_10)
DA:43,7
DA:45,7
DA:46,7
DA:49,0
DA:50,0
DA:52,0
DA:53,0
DA:55,0
DA:59,2
DA:60,2
DA:89,0
DA:90,0
DA:96,0
DA:97,0
DA:98,0
DA:102,0
DA:106,0
DA:116,0
DA:117,0
DA:119,0
DA:120,0
DA:127,0
DA:131,0
DA:142,0
DA:143,0
DA:145,0
DA:147,0
DA:148,0
DA:150,0
DA:151,0
DA:153,0
DA:154,0
DA:155,0
DA:156,0
DA:160,0
DA:161,0
DA:183,7
DA:184,7
DA:185,7
DA:190,7
DA:191,7
DA:192,7
LF:42
LH:11
BRDA:45,0,0,7
BRDA:45,0,1,0
BRDA:52,1,0,0
BRDA:52,1,1,0
BRDA:89,2,0,0
BRDA:89,2,1,0
BRDA:97,3,0,0
BRDA:97,3,1,0
BRDA:119,4,0,0
BRDA:119,4,1,0
BRDA:133,5,0,0
BRDA:133,5,1,0
BRDA:143,6,0,0
BRDA:143,6,1,0
BRDA:143,6,2,0
BRDA:143,6,3,0
BRDA:143,6,4,0
BRDA:143,6,5,0
BRDA:147,7,0,0
BRDA:147,7,1,0
BRDA:150,8,0,0
BRDA:150,8,1,0
BRDA:155,9,0,0
BRDA:155,9,1,0
BRDA:160,10,0,0
BRDA:160,10,1,0
BRDA:171,11,0,7
BRDA:172,12,0,0
BRDA:173,13,0,7
BRDA:174,14,0,7
BRDA:175,15,0,7
BRDA:176,16,0,7
BRDA:177,17,0,7
BRDA:178,18,0,7
BRF:34
BRH:8
end_of_record
TN:
SF:src/utils/memory.ts
FN:15,formatMemoryForPrompt
FNF:1
FNH:1
FNDA:7,formatMemoryForPrompt
DA:16,7
DA:17,7
DA:21,0
DA:22,0
DA:23,0
DA:24,0
DA:25,0
DA:26,0
DA:27,0
DA:29,0
DA:32,0
DA:33,0
DA:34,0
DA:35,0
DA:36,0
DA:37,0
DA:38,0
DA:42,0
LF:18
LH:2
BRDA:16,0,0,7
BRDA:16,0,1,0
BRDA:23,1,0,0
BRDA:23,1,1,0
BRDA:25,2,0,0
BRDA:25,2,1,0
BRDA:37,3,0,0
BRDA:37,3,1,0
BRF:8
BRH:1
end_of_record
TN:
SF:src/utils/models.ts
FN:102,isOllamaModel
FN:106,isAnthropicModel
FN:110,isOpenAIModel
FN:114,isCustomOpenAIModel
FN:119,getProviderForModel
FN:130,ollamaModelId
FN:135,ollamaModelName
FN:140,anthropicModelName
FN:145,openaiModelName
FN:150,customOpenAIConfigId
FN:161,isOllamaAvailable
FN:175,fetchOllamaModels
FN:194,(anonymous_12)
FN:210,getModelLabel
FN:217,(anonymous_14)
FN:220,(anonymous_15)
FNF:16
FNH:0
FNDA:0,isOllamaModel
FNDA:0,isAnthropicModel
FNDA:0,isOpenAIModel
FNDA:0,isCustomOpenAIModel
FNDA:0,getProviderForModel
FNDA:0,ollamaModelId
FNDA:0,ollamaModelName
FNDA:0,anthropicModelName
FNDA:0,openaiModelName
FNDA:0,customOpenAIConfigId
FNDA:0,isOllamaAvailable
FNDA:0,fetchOllamaModels
FNDA:0,(anonymous_12)
FNDA:0,getModelLabel
FNDA:0,(anonymous_14)
FNDA:0,(anonymous_15)
DA:37,1
DA:52,1
DA:67,1
DA:89,1
DA:95,1
DA:97,1
DA:103,0
DA:107,0
DA:111,0
DA:115,0
DA:120,0
DA:121,0
DA:122,0
DA:123,0
DA:124,0
DA:131,0
DA:136,0
DA:141,0
DA:146,0
DA:151,0
DA:162,0
DA:163,0
DA:164,0
DA:166,0
DA:176,0
DA:177,0
DA:181,0
DA:183,0
DA:188,0
DA:189,0
DA:190,0
DA:191,0
DA:194,0
DA:204,0
DA:215,0
DA:216,0
DA:217,0
DA:219,0
DA:220,0
LF:39
LH:6
BRDA:120,0,0,0
BRDA:120,0,1,0
BRDA:121,1,0,0
BRDA:121,1,1,0
BRDA:122,2,0,0
BRDA:122,2,1,0
BRDA:123,3,0,0
BRDA:123,3,1,0
BRDA:181,4,0,0
BRDA:181,4,1,0
BRDA:189,5,0,0
BRDA:189,5,1,0
BRDA:191,6,0,0
BRDA:191,6,1,0
BRDA:194,7,0,0
BRDA:194,7,1,0
BRDA:197,8,0,0
BRDA:197,8,1,0
BRDA:212,9,0,0
BRDA:213,10,0,0
BRDA:215,11,0,0
BRDA:215,11,1,0
BRDA:217,12,0,0
BRDA:217,12,1,0
BRDA:220,13,0,0
BRDA:220,13,1,0
BRF:26
BRH:0
end_of_record
TN:
SF:src/utils/navigation-guard.ts
FN:21,computeScrollDelta
FN:33,scrollDeltaIsSignificant
FN:79,shouldPivot
FN:85,(anonymous_3)
FN:93,detectAlternatingLoop
FN:114,detectScrollBoundary
FN:126,detectDomUnchanged
FN:133,buildLoopHint
FN:148,detectLoop
FNF:9
FNH:0
FNDA:0,computeScrollDelta
FNDA:0,scrollDeltaIsSignificant
FNDA:0,shouldPivot
FNDA:0,(anonymous_3)
FNDA:0,detectAlternatingLoop
FNDA:0,detectScrollBoundary
FNDA:0,detectDomUnchanged
FNDA:0,buildLoopHint
FNDA:0,detectLoop
DA:7,0
DA:10,0
DA:13,0
DA:16,0
DA:24,0
DA:25,0
DA:26,0
DA:38,0
DA:60,0
DA:85,0
DA:97,0
DA:98,0
DA:99,0
DA:100,0
DA:104,0
DA:107,0
DA:119,0
DA:127,0
DA:137,0
DA:157,0
DA:158,0
DA:162,0
DA:163,0
DA:166,0
DA:171,0
DA:175,0
DA:176,0
DA:179,0
LF:28
LH:0
BRDA:24,0,0,0
BRDA:24,0,1,0
BRDA:25,1,0,0
BRDA:25,1,1,0
BRDA:25,2,0,0
BRDA:25,2,1,0
BRDA:27,3,0,0
BRDA:27,3,1,0
BRDA:28,4,0,0
BRDA:28,4,1,0
BRDA:36,5,0,0
BRDA:83,6,0,0
BRDA:85,7,0,0
BRDA:85,7,1,0
BRDA:95,8,0,0
BRDA:97,9,0,0
BRDA:97,9,1,0
BRDA:100,10,0,0
BRDA:100,10,1,0
BRDA:101,11,0,0
BRDA:101,11,1,0
BRDA:117,12,0,0
BRDA:127,13,0,0
BRDA:127,13,1,0
BRDA:157,14,0,0
BRDA:157,14,1,0
BRDA:162,15,0,0
BRDA:162,15,1,0
BRDA:166,16,0,0
BRDA:166,16,1,0
BRDA:167,17,0,0
BRDA:167,17,1,0
BRDA:167,17,2,0
BRDA:175,18,0,0
BRDA:175,18,1,0
BRDA:175,19,0,0
BRDA:175,19,1,0
BRDA:175,19,2,0
BRF:38
BRH:0
end_of_record
TN:
SF:src/utils/prompt.ts
FN:21,buildHistory
FN:22,(anonymous_1)
FN:33,(anonymous_2)
FN:45,vfsContextBlock
FN:50,(anonymous_4)
FN:55,todoContextBlock
FN:60,annotatedElementsBlock
FN:63,(anonymous_7)
FN:71,extractContextFromPrompt
FN:92,buildUserMessage
FN:139,(anonymous_10)
FNF:11
FNH:8
FNDA:7,buildHistory
FNDA:2,(anonymous_1)
FNDA:0,(anonymous_2)
FNDA:7,vfsContextBlock
FNDA:0,(anonymous_4)
FNDA:7,todoContextBlock
FNDA:7,annotatedElementsBlock
FNDA:0,(anonymous_7)
FNDA:7,extractContextFromPrompt
FNDA:7,buildUserMessage
FNDA:7,(anonymous_10)
DA:22,7
DA:23,2
DA:24,0
DA:30,2
DA:31,0
DA:33,0
DA:38,2
DA:39,2
DA:46,7
DA:47,0
DA:48,0
DA:49,0
DA:50,0
DA:52,0
DA:56,7
DA:57,3
DA:61,7
DA:62,0
DA:64,0
DA:65,0
DA:68,0
DA:72,7
DA:73,7
DA:74,0
DA:75,0
DA:76,0
DA:78,7
DA:103,7
DA:106,7
DA:109,7
DA:110,0
DA:114,7
DA:115,7
DA:118,7
DA:119,7
DA:122,7
DA:123,7
DA:124,7
DA:127,7
DA:128,7
DA:129,7
DA:132,7
DA:139,7
DA:140,7
DA:144,7
DA:145,0
DA:146,0
DA:147,0
DA:148,0
DA:152,7
DA:156,7
DA:159,7
LF:52
LH:32
BRDA:23,0,0,0
BRDA:23,0,1,2
BRDA:25,1,0,0
BRDA:25,1,1,0
BRDA:30,2,0,0
BRDA:30,2,1,2
BRDA:30,3,0,2
BRDA:30,3,1,0
BRDA:38,4,0,0
BRDA:38,4,1,2
BRDA:46,5,0,7
BRDA:46,5,1,0
BRDA:56,6,0,4
BRDA:56,6,1,3
BRDA:61,7,0,7
BRDA:61,7,1,0
BRDA:64,8,0,0
BRDA:64,8,1,0
BRDA:73,9,0,0
BRDA:73,9,1,7
BRDA:98,10,0,7
BRDA:99,11,0,7
BRDA:100,12,0,7
BRDA:101,13,0,7
BRDA:109,14,0,0
BRDA:109,14,1,7
BRDA:140,15,0,7
BRDA:140,15,1,0
BRDA:144,16,0,0
BRDA:144,16,1,7
BRF:30
BRH:16
end_of_record
TN:
SF:src/utils/scratchpad.ts
FN:33,loadScratchpadFromVFS
FN:35,(anonymous_1)
FN:46,saveScratchpadToVFS
FN:63,upsertScratchpadEntry
FN:70,(anonymous_4)
FN:82,deleteScratchpadEntry
FN:86,(anonymous_6)
FN:97,formatScratchpadForPrompt
FN:101,(anonymous_8)
FNF:9
FNH:1
FNDA:0,loadScratchpadFromVFS
FNDA:0,(anonymous_1)
FNDA:0,saveScratchpadToVFS
FNDA:0,upsertScratchpadEntry
FNDA:0,(anonymous_4)
FNDA:0,deleteScratchpadEntry
FNDA:0,(anonymous_6)
FNDA:7,formatScratchpadForPrompt
FNDA:0,(anonymous_8)
DA:18,2
DA:34,0
DA:35,0
DA:36,0
DA:37,0
DA:38,0
DA:39,0
DA:41,0
DA:50,0
DA:51,0
DA:52,0
DA:68,0
DA:69,0
DA:70,0
DA:71,0
DA:72,0
DA:73,0
DA:75,0
DA:86,0
DA:98,7
DA:99,7
DA:101,0
DA:102,0
LF:23
LH:3
BRDA:36,0,0,0
BRDA:36,0,1,0
BRDA:72,1,0,0
BRDA:72,1,1,0
BRDA:98,2,0,7
BRDA:98,2,1,0
BRF:6
BRH:1
end_of_record
TN:
SF:src/utils/screenshot.ts
FN:21,captureScreenshot
FN:26,(anonymous_1)
FN:113,(anonymous_2)
FNF:3
FNH:0
FNDA:0,captureScreenshot
FNDA:0,(anonymous_1)
FNDA:0,(anonymous_2)
DA:5,0
DA:7,0
DA:24,0
DA:25,0
DA:26,0
DA:30,0
DA:31,0
DA:33,0
DA:53,0
DA:54,0
DA:61,0
DA:81,0
DA:99,0
DA:100,0
DA:103,0
DA:106,0
DA:107,0
DA:108,0
DA:109,0
DA:111,0
DA:112,0
DA:113,0
DA:117,0
DA:118,0
DA:120,0
DA:121,0
DA:125,0
DA:127,0
DA:132,0
LF:29
LH:0
BRDA:25,0,0,0
BRDA:25,0,1,0
BRDA:99,1,0,0
BRDA:99,1,1,0
BRDA:99,2,0,0
BRDA:99,2,1,0
BRDA:111,3,0,0
BRDA:111,3,1,0
BRDA:120,4,0,0
BRDA:120,4,1,0
BRDA:120,5,0,0
BRDA:120,5,1,0
BRDA:132,6,0,0
BRDA:132,6,1,0
BRF:14
BRH:0
end_of_record
TN:
SF:src/utils/session-backfill.ts
FN:6,sessionNeedsBackfill
FN:10,extractMetadataFromHistory
FN:40,backfillSessionMetadata
FNF:3
FNH:0
FNDA:0,sessionNeedsBackfill
FNDA:0,extractMetadataFromHistory
FNDA:0,backfillSessionMetadata
DA:7,0
DA:14,0
DA:15,0
DA:16,0
DA:18,0
DA:19,0
DA:20,0
DA:21,0
DA:22,0
DA:23,0
DA:24,0
DA:28,0
DA:29,0
DA:30,0
DA:31,0
DA:32,0
DA:36,0
DA:41,0
DA:42,0
DA:44,0
DA:45,0
DA:46,0
DA:47,0
DA:48,0
DA:49,0
DA:50,0
DA:53,0
LF:27
LH:0
BRDA:7,0,0,0
BRDA:7,0,1,0
BRDA:7,0,2,0
BRDA:19,1,0,0
BRDA:19,1,1,0
BRDA:19,2,0,0
BRDA:19,2,1,0
BRDA:22,3,0,0
BRDA:22,3,1,0
BRDA:22,4,0,0
BRDA:22,4,1,0
BRDA:24,5,0,0
BRDA:24,5,1,0
BRDA:28,6,0,0
BRDA:28,6,1,0
BRDA:31,7,0,0
BRDA:31,7,1,0
BRDA:31,8,0,0
BRDA:31,8,1,0
BRDA:45,9,0,0
BRDA:45,9,1,0
BRDA:48,10,0,0
BRDA:48,10,1,0
BRDA:48,11,0,0
BRDA:48,11,1,0
BRF:25
BRH:0
end_of_record
TN:
SF:src/utils/session-export.ts
FN:37,decodeBase64ToUtf8
FN:40,(anonymous_1)
FN:46,isTextMimeType
FN:54,(anonymous_3)
FN:58,getSessionExportData
FN:72,(anonymous_5)
FN:73,(anonymous_6)
FN:74,(anonymous_7)
FN:126,(anonymous_8)
FN:152,exportSessionAsJson
FN:157,exportSessionAsMarkdown
FN:246,(anonymous_11)
FN:262,(anonymous_12)
FN:293,importSession
FN:310,(anonymous_14)
FN:324,(anonymous_15)
FN:358,(anonymous_16)
FN:363,(anonymous_17)
FNF:18
FNH:0
FNDA:0,decodeBase64ToUtf8
FNDA:0,(anonymous_1)
FNDA:0,isTextMimeType
FNDA:0,(anonymous_3)
FNDA:0,getSessionExportData
FNDA:0,(anonymous_5)
FNDA:0,(anonymous_6)
FNDA:0,(anonymous_7)
FNDA:0,(anonymous_8)
FNDA:0,exportSessionAsJson
FNDA:0,exportSessionAsMarkdown
FNDA:0,(anonymous_11)
FNDA:0,(anonymous_12)
FNDA:0,importSession
FNDA:0,(anonymous_14)
FNDA:0,(anonymous_15)
FNDA:0,(anonymous_16)
FNDA:0,(anonymous_17)
DA:35,0
DA:38,0
DA:39,0
DA:40,0
DA:42,0
DA:47,0
DA:48,0
DA:49,0
DA:54,0
DA:59,0
DA:60,0
DA:61,0
DA:64,0
DA:65,0
DA:68,0
DA:69,0
DA:71,0
DA:72,0
DA:73,0
DA:74,0
DA:76,0
DA:77,0
DA:78,0
DA:80,0
DA:81,0
DA:82,0
DA:83,0
DA:84,0
DA:85,0
DA:86,0
DA:87,0
DA:88,0
DA:89,0
DA:90,0
DA:93,0
DA:94,0
DA:99,0
DA:100,0
DA:101,0
DA:102,0
DA:103,0
DA:104,0
DA:105,0
DA:113,0
DA:114,0
DA:115,0
DA:126,0
DA:127,0
DA:128,0
DA:140,0
DA:153,0
DA:154,0
DA:158,0
DA:159,0
DA:161,0
DA:162,0
DA:163,0
DA:166,0
DA:167,0
DA:168,0
DA:169,0
DA:170,0
DA:171,0
DA:172,0
DA:173,0
DA:174,0
DA:175,0
DA:176,0
DA:177,0
DA:179,0
DA:182,0
DA:183,0
DA:184,0
DA:185,0
DA:186,0
DA:187,0
DA:188,0
DA:189,0
DA:190,0
DA:191,0
DA:193,0
DA:196,0
DA:200,0
DA:201,0
DA:203,0
DA:204,0
DA:205,0
DA:206,0
DA:209,0
DA:211,0
DA:212,0
DA:213,0
DA:214,0
DA:215,0
DA:216,0
DA:217,0
DA:220,0
DA:223,0
DA:225,0
DA:229,0
DA:230,0
DA:231,0
DA:232,0
DA:233,0
DA:234,0
DA:235,0
DA:237,0
DA:242,0
DA:243,0
DA:244,0
DA:245,0
DA:246,0
DA:248,0
DA:249,0
DA:250,0
DA:251,0
DA:252,0
DA:254,0
DA:256,0
DA:262,0
DA:263,0
DA:264,0
DA:265,0
DA:266,0
DA:267,0
DA:268,0
DA:269,0
DA:270,0
DA:271,0
DA:273,0
DA:274,0
DA:275,0
DA:276,0
DA:277,0
DA:278,0
DA:279,0
DA:281,0
DA:284,0
DA:286,0
DA:290,0
DA:294,0
DA:295,0
DA:297,0
DA:298,0
DA:300,0
DA:301,0
DA:303,0
DA:304,0
DA:307,0
DA:308,0
DA:310,0
DA:311,0
DA:313,0
DA:322,0
DA:324,0
DA:325,0
DA:327,0
DA:328,0
DA:329,0
DA:338,0
DA:341,0
DA:342,0
DA:343,0
DA:344,0
DA:353,0
DA:358,0
DA:359,0
DA:360,0
DA:363,0
DA:364,0
LF:170
LH:0
BRDA:50,0,0,0
BRDA:50,0,1,0
BRDA:50,0,2,0
BRDA:50,0,3,0
BRDA:50,0,4,0
BRDA:60,1,0,0
BRDA:60,1,1,0
BRDA:72,2,0,0
BRDA:72,2,1,0
BRDA:73,3,0,0
BRDA:73,3,1,0
BRDA:76,4,0,0
BRDA:76,4,1,0
BRDA:78,5,0,0
BRDA:78,5,1,0
BRDA:81,6,0,0
BRDA:81,6,1,0
BRDA:81,7,0,0
BRDA:81,7,1,0
BRDA:82,8,0,0
BRDA:82,8,1,0
BRDA:82,9,0,0
BRDA:82,9,1,0
BRDA:84,10,0,0
BRDA:84,10,1,0
BRDA:86,11,0,0
BRDA:86,11,1,0
BRDA:88,12,0,0
BRDA:88,12,1,0
BRDA:101,13,0,0
BRDA:101,13,1,0
BRDA:101,14,0,0
BRDA:101,14,1,0
BRDA:103,15,0,0
BRDA:103,15,1,0
BRDA:106,16,0,0
BRDA:106,16,1,0
BRDA:113,17,0,0
BRDA:113,17,1,0
BRDA:116,18,0,0
BRDA:116,18,1,0
BRDA:135,19,0,0
BRDA:135,19,1,0
BRDA:136,20,0,0
BRDA:136,20,1,0
BRDA:170,21,0,0
BRDA:170,21,1,0
BRDA:173,22,0,0
BRDA:173,22,1,0
BRDA:174,23,0,0
BRDA:174,23,1,0
BRDA:176,24,0,0
BRDA:176,24,1,0
BRDA:182,25,0,0
BRDA:182,25,1,0
BRDA:187,26,0,0
BRDA:187,26,1,0
BRDA:188,27,0,0
BRDA:188,27,1,0
BRDA:189,28,0,0
BRDA:189,28,1,0
BRDA:190,29,0,0
BRDA:190,29,1,0
BRDA:209,30,0,0
BRDA:209,30,1,0
BRDA:211,31,0,0
BRDA:211,31,1,0
BRDA:214,32,0,0
BRDA:214,32,1,0
BRDA:229,33,0,0
BRDA:229,33,1,0
BRDA:229,34,0,0
BRDA:229,34,1,0
BRDA:229,34,2,0
BRDA:242,35,0,0
BRDA:242,35,1,0
BRDA:242,36,0,0
BRDA:242,36,1,0
BRDA:243,37,0,0
BRDA:243,37,1,0
BRDA:248,38,0,0
BRDA:248,38,1,0
BRDA:251,39,0,0
BRDA:251,39,1,0
BRDA:251,40,0,0
BRDA:251,40,1,0
BRDA:263,41,0,0
BRDA:263,41,1,0
BRDA:273,42,0,0
BRDA:273,42,1,0
BRDA:273,43,0,0
BRDA:273,43,1,0
BRDA:274,44,0,0
BRDA:274,44,1,0
BRDA:294,45,0,0
BRDA:294,45,1,0
BRDA:294,46,0,0
BRDA:294,46,1,0
BRDA:297,47,0,0
BRDA:297,47,1,0
BRDA:297,48,0,0
BRDA:297,48,1,0
BRDA:300,49,0,0
BRDA:300,49,1,0
BRDA:303,50,0,0
BRDA:303,50,1,0
BRDA:303,51,0,0
BRDA:303,51,1,0
BRDA:315,52,0,0
BRDA:315,52,1,0
BRDA:316,53,0,0
BRDA:316,53,1,0
BRDA:319,54,0,0
BRDA:319,54,1,0
BRDA:319,54,2,0
BRDA:333,55,0,0
BRDA:333,55,1,0
BRDA:341,56,0,0
BRDA:341,56,1,0
BRDA:345,57,0,0
BRDA:345,57,1,0
BRDA:349,58,0,0
BRDA:349,58,1,0
BRDA:350,59,0,0
BRDA:350,59,1,0
BRDA:351,60,0,0
BRDA:351,60,1,0
BRF:127
BRH:0
end_of_record
TN:
SF:src/utils/session-search-text.ts
FN:5,buildSearchText
FN:15,mergeSearchText
FN:24,parseStartUrlFromContent
FNF:3
FNH:0
FNDA:0,buildSearchText
FNDA:0,mergeSearchText
FNDA:0,parseStartUrlFromContent
DA:2,1
DA:6,0
DA:16,0
DA:17,0
DA:18,0
DA:19,0
DA:20,0
DA:25,0
DA:26,0
LF:9
LH:1
BRDA:17,0,0,0
BRDA:17,0,1,0
BRDA:17,1,0,0
BRDA:17,1,1,0
BRDA:18,2,0,0
BRDA:18,2,1,0
BRDA:19,3,0,0
BRDA:19,3,1,0
BRDA:26,4,0,0
BRDA:26,4,1,0
BRF:10
BRH:0
end_of_record
TN:
SF:src/utils/session-search.ts
FN:13,startOfDay
FN:20,dateRangeToBounds
FN:33,sessionMatchesQuery
FN:41,scoreSession
FN:50,sortSessions
FN:53,(anonymous_5)
FN:65,searchSessions
FN:74,(anonymous_7)
FN:77,(anonymous_8)
FN:80,(anonymous_9)
FN:85,(anonymous_10)
FN:92,uniqueSessionModelIds
FNF:12
FNH:0
FNDA:0,startOfDay
FNDA:0,dateRangeToBounds
FNDA:0,sessionMatchesQuery
FNDA:0,scoreSession
FNDA:0,sortSessions
FNDA:0,(anonymous_5)
FNDA:0,searchSessions
FNDA:0,(anonymous_7)
FNDA:0,(anonymous_8)
FNDA:0,(anonymous_9)
FNDA:0,(anonymous_10)
FNDA:0,uniqueSessionModelIds
DA:14,0
DA:15,0
DA:16,0
DA:21,0
DA:23,0
DA:24,0
DA:25,0
DA:27,0
DA:28,0
DA:30,0
DA:34,0
DA:35,0
DA:36,0
DA:37,0
DA:42,0
DA:43,0
DA:44,0
DA:45,0
DA:46,0
DA:47,0
DA:51,0
DA:53,0
DA:54,0
DA:55,0
DA:56,0
DA:57,0
DA:59,0
DA:60,0
DA:70,0
DA:72,0
DA:73,0
DA:74,0
DA:76,0
DA:77,0
DA:79,0
DA:80,0
DA:83,0
DA:84,0
DA:85,0
DA:88,0
DA:93,0
DA:94,0
DA:95,0
DA:97,0
LF:44
LH:0
BRDA:20,0,0,0
BRDA:21,1,0,0
BRDA:21,1,1,0
BRDA:24,2,0,0
BRDA:24,2,1,0
BRDA:27,3,0,0
BRDA:27,3,1,0
BRDA:35,4,0,0
BRDA:35,4,1,0
BRDA:36,5,0,0
BRDA:36,5,1,0
BRDA:37,6,0,0
BRDA:37,6,1,0
BRDA:37,6,2,0
BRDA:43,7,0,0
BRDA:43,7,1,0
BRDA:44,8,0,0
BRDA:44,8,1,0
BRDA:45,9,0,0
BRDA:45,9,1,0
BRDA:46,10,0,0
BRDA:46,10,1,0
BRDA:46,11,0,0
BRDA:46,11,1,0
BRDA:51,12,0,0
BRDA:51,12,1,0
BRDA:51,13,0,0
BRDA:51,13,1,0
BRDA:51,14,0,0
BRDA:51,14,1,0
BRDA:54,15,0,0
BRDA:54,15,1,0
BRDA:56,16,0,0
BRDA:56,16,1,0
BRDA:59,17,0,0
BRDA:59,17,1,0
BRDA:68,18,0,0
BRDA:73,19,0,0
BRDA:73,19,1,0
BRDA:76,20,0,0
BRDA:76,20,1,0
BRDA:79,21,0,0
BRDA:79,21,1,0
BRDA:84,22,0,0
BRDA:84,22,1,0
BRDA:95,23,0,0
BRDA:95,23,1,0
BRF:47
BRH:0
end_of_record
TN:
SF:src/utils/sleep.ts
FN:1,sleep
FN:2,(anonymous_1)
FNF:2
FNH:0
FNDA:0,sleep
FNDA:0,(anonymous_1)
DA:2,0
LF:1
LH:0
BRF:0
BRH:0
end_of_record
TN:
SF:src/utils/system-prompt.ts
FNF:0
FNH:0
DA:13,2
DA:231,2
DA:277,2
LF:3
LH:3
BRF:0
BRH:0
end_of_record
TN:
SF:src/utils/tab-helpers.ts
FN:11,retryTabUpdate
FN:33,sendToTab
FN:38,(anonymous_2)
FN:39,(anonymous_3)
FN:49,isTabInjectable
FN:54,waitForInjectableTab
FN:59,(anonymous_6)
FN:61,(anonymous_7)
FN:68,(anonymous_8)
FN:85,(anonymous_9)
FN:97,waitForTabLoad
FN:102,(anonymous_11)
FN:106,(anonymous_12)
FN:114,(anonymous_13)
FN:129,(anonymous_14)
FN:139,ensureContentScript
FNF:16
FNH:0
FNDA:0,retryTabUpdate
FNDA:0,sendToTab
FNDA:0,(anonymous_2)
FNDA:0,(anonymous_3)
FNDA:0,isTabInjectable
FNDA:0,waitForInjectableTab
FNDA:0,(anonymous_6)
FNDA:0,(anonymous_7)
FNDA:0,(anonymous_8)
FNDA:0,(anonymous_9)
FNDA:0,waitForTabLoad
FNDA:0,(anonymous_11)
FNDA:0,(anonymous_12)
FNDA:0,(anonymous_13)
FNDA:0,(anonymous_14)
FNDA:0,ensureContentScript
DA:4,0
DA:17,0
DA:18,0
DA:19,0
DA:21,0
DA:22,0
DA:23,0
DA:24,0
DA:26,0
DA:31,0
DA:38,0
DA:39,0
DA:40,0
DA:41,0
DA:43,0
DA:50,0
DA:51,0
DA:55,0
DA:57,0
DA:59,0
DA:60,0
DA:61,0
DA:62,0
DA:63,0
DA:64,0
DA:65,0
DA:68,0
DA:73,0
DA:74,0
DA:79,0
DA:82,0
DA:84,0
DA:85,0
DA:102,0
DA:103,0
DA:104,0
DA:106,0
DA:107,0
DA:108,0
DA:109,0
DA:110,0
DA:114,0
DA:115,0
DA:116,0
DA:117,0
DA:119,0
DA:120,0
DA:123,0
DA:126,0
DA:127,0
DA:130,0
DA:135,0
DA:140,0
DA:141,0
DA:142,0
DA:144,0
DA:148,0
LF:57
LH:0
BRDA:14,0,0,0
BRDA:15,1,0,0
BRDA:21,2,0,0
BRDA:21,2,1,0
BRDA:22,3,0,0
BRDA:22,3,1,0
BRDA:22,4,0,0
BRDA:22,4,1,0
BRDA:36,5,0,0
BRDA:40,6,0,0
BRDA:40,6,1,0
BRDA:51,7,0,0
BRDA:51,7,1,0
BRDA:54,8,0,0
BRDA:55,9,0,0
BRDA:55,9,1,0
BRDA:62,10,0,0
BRDA:62,10,1,0
BRDA:65,11,0,0
BRDA:65,11,1,0
BRDA:73,12,0,0
BRDA:73,12,1,0
BRDA:74,13,0,0
BRDA:74,13,1,0
BRDA:75,14,0,0
BRDA:75,14,1,0
BRDA:75,14,2,0
BRDA:99,15,0,0
BRDA:100,16,0,0
BRDA:107,17,0,0
BRDA:107,17,1,0
BRDA:115,18,0,0
BRDA:115,18,1,0
BRDA:116,19,0,0
BRDA:116,19,1,0
BRDA:116,20,0,0
BRDA:116,20,1,0
BRDA:119,21,0,0
BRDA:119,21,1,0
BRDA:119,22,0,0
BRDA:119,22,1,0
BRDA:126,23,0,0
BRDA:126,23,1,0
BRDA:130,24,0,0
BRDA:130,24,1,0
BRF:45
BRH:0
end_of_record
TN:
SF:src/utils/todo.ts
FN:16,loadTodoFromVFS
FN:18,(anonymous_1)
FN:29,saveTodoToVFS
FN:39,applyTodoUpdates
FN:40,(anonymous_4)
FN:41,(anonymous_5)
FN:52,formatTodoForPrompt
FN:61,(anonymous_7)
FNF:8
FNH:2
FNDA:0,loadTodoFromVFS
FNDA:0,(anonymous_1)
FNDA:0,saveTodoToVFS
FNDA:0,applyTodoUpdates
FNDA:0,(anonymous_4)
FNDA:0,(anonymous_5)
FNDA:3,formatTodoForPrompt
FNDA:5,(anonymous_7)
DA:13,2
DA:17,0
DA:18,0
DA:19,0
DA:20,0
DA:21,0
DA:22,0
DA:24,0
DA:30,0
DA:31,0
DA:32,0
DA:40,0
DA:41,0
DA:42,0
DA:43,0
DA:53,3
DA:54,3
DA:60,3
DA:62,5
DA:63,5
DA:64,5
LF:21
LH:7
BRDA:19,0,0,0
BRDA:19,0,1,0
BRDA:42,1,0,0
BRDA:42,1,1,0
BRDA:45,2,0,0
BRDA:45,2,1,0
BRDA:46,3,0,0
BRDA:46,3,1,0
BRDA:53,4,0,0
BRDA:53,4,1,3
BRDA:62,5,0,5
BRDA:62,5,1,0
BRDA:63,6,0,2
BRDA:63,6,1,3
BRF:14
BRH:4
end_of_record
TN:
SF:src/utils/cdp/core.ts
FN:5,attachDebugger
FN:11,detachDebugger
FN:18,_resetAttachedDebuggers
FN:24,(anonymous_3)
FNF:4
FNH:0
FNDA:0,attachDebugger
FNDA:0,detachDebugger
FNDA:0,_resetAttachedDebuggers
FNDA:0,(anonymous_3)
DA:3,1
DA:6,0
DA:7,0
DA:8,0
DA:12,0
DA:13,0
DA:14,0
DA:19,0
DA:23,1
DA:24,1
DA:25,0
LF:11
LH:3
BRDA:6,0,0,0
BRDA:6,0,1,0
BRDA:12,1,0,0
BRDA:12,1,1,0
BRDA:23,2,0,1
BRDA:23,2,1,0
BRDA:23,3,0,1
BRDA:23,3,1,1
BRDA:25,4,0,0
BRDA:25,4,1,0
BRF:10
BRH:3
end_of_record
TN:
SF:src/utils/cdp/files.ts
FN:11,writeTempFile
FN:17,(anonymous_1)
FN:20,(anonymous_2)
FN:24,(anonymous_3)
FN:28,(anonymous_4)
FN:47,cleanupTempFile
FNF:6
FNH:0
FNDA:0,writeTempFile
FNDA:0,(anonymous_1)
FNDA:0,(anonymous_2)
FNDA:0,(anonymous_3)
FNDA:0,(anonymous_4)
FNDA:0,cleanupTempFile
DA:8,1
DA:14,0
DA:15,0
DA:17,0
DA:18,0
DA:21,0
DA:22,0
DA:24,0
DA:25,0
DA:26,0
DA:27,0
DA:28,0
DA:29,0
DA:30,0
DA:31,0
DA:34,0
DA:35,0
DA:36,0
DA:37,0
DA:40,0
DA:48,0
DA:49,0
DA:50,0
LF:23
LH:1
BRDA:21,0,0,0
BRDA:21,0,1,0
BRDA:25,1,0,0
BRDA:25,1,1,0
BRDA:26,2,0,0
BRDA:26,2,1,0
BRDA:30,3,0,0
BRDA:30,3,1,0
BRDA:34,4,0,0
BRDA:34,4,1,0
BRF:10
BRH:0
end_of_record
TN:
SF:src/utils/cdp/input.ts
FN:17,getKeyCode
FN:25,dispatchHardwareClick
FN:42,dispatchDragAndDrop
FN:93,clearFocusedField
FN:111,typeTextCDP
FN:122,dispatchScrollWheel
FNF:6
FNH:1
FNDA:0,getKeyCode
FNDA:0,dispatchHardwareClick
FNDA:0,dispatchDragAndDrop
FNDA:13,clearFocusedField
FNDA:0,typeTextCDP
FNDA:0,dispatchScrollWheel
DA:7,1
DA:11,1
DA:18,0
DA:26,0
DA:27,0
DA:28,0
DA:29,0
DA:30,0
DA:43,0
DA:44,0
DA:48,0
DA:52,0
DA:54,0
DA:57,0
DA:60,0
DA:63,0
DA:66,0
DA:69,0
DA:73,0
DA:74,0
DA:75,0
DA:78,0
DA:81,0
DA:94,13
DA:95,13
DA:96,12
DA:97,7
DA:98,7
DA:99,7
DA:100,1
DA:101,7
DA:102,5
DA:103,2
DA:112,0
DA:113,0
DA:114,0
DA:118,0
DA:123,0
DA:124,0
LF:39
LH:12
BRDA:18,0,0,0
BRDA:18,0,1,0
BRDA:25,1,0,0
BRDA:95,2,0,1
BRDA:95,2,1,12
BRDA:96,3,0,7
BRDA:96,3,1,5
BRDA:96,4,0,12
BRDA:96,4,1,7
BRDA:97,5,0,5
BRDA:97,5,1,2
BRDA:99,6,0,6
BRDA:99,6,1,1
BRDA:102,7,0,2
BRDA:102,7,1,3
BRDA:102,8,0,5
BRDA:102,8,1,5
BRDA:111,9,0,0
BRDA:113,10,0,0
BRDA:113,10,1,0
BRF:20
BRH:14
end_of_record
TN:
SF:src/utils/db/conversations.ts
FN:14,appendConversationTurn
FN:25,(anonymous_1)
FN:34,(anonymous_2)
FN:35,(anonymous_3)
FN:39,getConversationHistory
FN:41,(anonymous_5)
FN:47,(anonymous_6)
FN:48,(anonymous_7)
FN:53,(anonymous_8)
FN:54,(anonymous_9)
FN:55,(anonymous_10)
FNF:11
FNH:0
FNDA:0,appendConversationTurn
FNDA:0,(anonymous_1)
FNDA:0,(anonymous_2)
FNDA:0,(anonymous_3)
FNDA:0,getConversationHistory
FNDA:0,(anonymous_5)
FNDA:0,(anonymous_6)
FNDA:0,(anonymous_7)
FNDA:0,(anonymous_8)
FNDA:0,(anonymous_9)
FNDA:0,(anonymous_10)
DA:24,0
DA:25,0
DA:26,0
DA:27,0
DA:33,0
DA:34,0
DA:35,0
DA:40,0
DA:41,0
DA:42,0
DA:43,0
DA:45,0
DA:46,0
DA:47,0
DA:48,0
DA:49,0
DA:52,0
DA:53,0
DA:54,0
DA:55,0
LF:20
LH:0
BRDA:29,0,0,0
BRDA:29,0,1,0
BRDA:30,1,0,0
BRDA:30,1,1,0
BRDA:31,2,0,0
BRDA:31,2,1,0
BRDA:45,3,0,0
BRDA:45,3,1,0
BRF:8
BRH:0
end_of_record
TN:
SF:src/utils/db/core.ts
FN:15,openDB
FN:17,(anonymous_1)
FN:19,(anonymous_2)
FN:58,(anonymous_3)
FN:59,(anonymous_4)
FN:67,(anonymous_5)
FN:70,(anonymous_6)
FN:73,(anonymous_7)
FNF:8
FNH:0
FNDA:0,openDB
FNDA:0,(anonymous_1)
FNDA:0,(anonymous_2)
FNDA:0,(anonymous_3)
FNDA:0,(anonymous_4)
FNDA:0,(anonymous_5)
FNDA:0,(anonymous_6)
FNDA:0,(anonymous_7)
DA:3,1
DA:4,1
DA:5,1
DA:6,1
DA:7,1
DA:8,1
DA:9,1
DA:16,0
DA:17,0
DA:18,0
DA:19,0
DA:20,0
DA:21,0
DA:22,0
DA:24,0
DA:25,0
DA:29,0
DA:30,0
DA:32,0
DA:35,0
DA:36,0
DA:41,0
DA:42,0
DA:44,0
DA:47,0
DA:48,0
DA:51,0
DA:52,0
DA:54,0
DA:55,0
DA:58,0
DA:59,0
DA:60,0
DA:61,0
DA:62,0
DA:63,0
DA:65,0
DA:66,0
DA:67,0
DA:68,0
DA:70,0
DA:71,0
DA:73,0
DA:74,0
DA:75,0
DA:79,0
LF:46
LH:7
BRDA:16,0,0,0
BRDA:16,0,1,0
BRDA:16,1,0,0
BRDA:16,1,1,0
BRDA:22,2,0,0
BRDA:22,2,1,0
BRDA:24,3,0,0
BRDA:24,3,1,0
BRDA:29,4,0,0
BRDA:29,4,1,0
BRDA:35,5,0,0
BRDA:35,5,1,0
BRDA:41,6,0,0
BRDA:41,6,1,0
BRDA:47,7,0,0
BRDA:47,7,1,0
BRDA:51,8,0,0
BRDA:51,8,1,0
BRDA:54,9,0,0
BRDA:54,9,1,0
BRDA:61,10,0,0
BRDA:61,10,1,0
BRDA:61,11,0,0
BRDA:61,11,1,0
BRDA:62,12,0,0
BRDA:62,12,1,0
BRF:26
BRH:0
end_of_record
TN:
SF:src/utils/db/memory.ts
FN:14,upsertMemory
FN:18,(anonymous_1)
FN:22,(anonymous_2)
FN:29,(anonymous_3)
FN:31,(anonymous_4)
FN:35,getAllMemories
FN:37,(anonymous_6)
FN:40,(anonymous_7)
FN:41,(anonymous_8)
FN:42,(anonymous_9)
FN:46,deleteMemory
FN:48,(anonymous_11)
FN:51,(anonymous_12)
FN:52,(anonymous_13)
FNF:14
FNH:0
FNDA:0,upsertMemory
FNDA:0,(anonymous_1)
FNDA:0,(anonymous_2)
FNDA:0,(anonymous_3)
FNDA:0,(anonymous_4)
FNDA:0,getAllMemories
FNDA:0,(anonymous_6)
FNDA:0,(anonymous_7)
FNDA:0,(anonymous_8)
FNDA:0,(anonymous_9)
FNDA:0,deleteMemory
FNDA:0,(anonymous_11)
FNDA:0,(anonymous_12)
FNDA:0,(anonymous_13)
DA:17,0
DA:18,0
DA:19,0
DA:20,0
DA:21,0
DA:22,0
DA:23,0
DA:24,0
DA:25,0
DA:28,0
DA:29,0
DA:31,0
DA:36,0
DA:37,0
DA:38,0
DA:39,0
DA:40,0
DA:41,0
DA:42,0
DA:47,0
DA:48,0
DA:49,0
DA:50,0
DA:51,0
DA:52,0
LF:25
LH:0
BRDA:15,0,0,0
BRDA:25,1,0,0
BRDA:25,1,1,0
BRDA:26,2,0,0
BRDA:26,2,1,0
BRF:5
BRH:0
end_of_record
TN:
SF:src/utils/db/sessions.ts
FN:12,createSession
FN:17,(anonymous_1)
FN:29,(anonymous_2)
FN:30,(anonymous_3)
FN:34,getSession
FN:36,(anonymous_5)
FN:39,(anonymous_6)
FN:40,(anonymous_7)
FN:44,getSessions
FN:46,(anonymous_9)
FN:49,(anonymous_10)
FN:50,(anonymous_11)
FN:51,(anonymous_12)
FN:55,updateSessionMetadata
FN:57,(anonymous_14)
FN:61,(anonymous_15)
FN:66,(anonymous_16)
FN:67,(anonymous_17)
FN:71,appendToSessionSearchText
FN:74,(anonymous_19)
FN:78,(anonymous_20)
FN:86,(anonymous_21)
FN:87,(anonymous_22)
FN:91,touchSession
FN:93,(anonymous_24)
FN:97,(anonymous_25)
FN:101,(anonymous_26)
FN:102,(anonymous_27)
FNF:28
FNH:0
FNDA:0,createSession
FNDA:0,(anonymous_1)
FNDA:0,(anonymous_2)
FNDA:0,(anonymous_3)
FNDA:0,getSession
FNDA:0,(anonymous_5)
FNDA:0,(anonymous_6)
FNDA:0,(anonymous_7)
FNDA:0,getSessions
FNDA:0,(anonymous_9)
FNDA:0,(anonymous_10)
FNDA:0,(anonymous_11)
FNDA:0,(anonymous_12)
FNDA:0,updateSessionMetadata
FNDA:0,(anonymous_14)
FNDA:0,(anonymous_15)
FNDA:0,(anonymous_16)
FNDA:0,(anonymous_17)
FNDA:0,appendToSessionSearchText
FNDA:0,(anonymous_19)
FNDA:0,(anonymous_20)
FNDA:0,(anonymous_21)
FNDA:0,(anonymous_22)
FNDA:0,touchSession
FNDA:0,(anonymous_24)
FNDA:0,(anonymous_25)
FNDA:0,(anonymous_26)
FNDA:0,(anonymous_27)
DA:13,0
DA:14,0
DA:15,0
DA:17,0
DA:18,0
DA:19,0
DA:20,0
DA:28,0
DA:29,0
DA:30,0
DA:35,0
DA:36,0
DA:37,0
DA:38,0
DA:39,0
DA:40,0
DA:45,0
DA:46,0
DA:47,0
DA:48,0
DA:49,0
DA:50,0
DA:51,0
DA:56,0
DA:57,0
DA:58,0
DA:59,0
DA:60,0
DA:61,0
DA:62,0
DA:63,0
DA:64,0
DA:66,0
DA:67,0
DA:72,0
DA:73,0
DA:74,0
DA:75,0
DA:76,0
DA:77,0
DA:78,0
DA:79,0
DA:80,0
DA:81,0
DA:82,0
DA:83,0
DA:86,0
DA:87,0
DA:92,0
DA:93,0
DA:94,0
DA:95,0
DA:96,0
DA:97,0
DA:98,0
DA:99,0
DA:101,0
DA:102,0
LF:58
LH:0
BRDA:15,0,0,0
BRDA:15,0,1,0
BRDA:24,1,0,0
BRDA:24,1,1,0
BRDA:25,2,0,0
BRDA:25,2,1,0
BRDA:25,2,2,0
BRDA:26,3,0,0
BRDA:26,3,1,0
BRDA:63,4,0,0
BRDA:63,4,1,0
BRDA:72,5,0,0
BRDA:72,5,1,0
BRDA:80,6,0,0
BRDA:80,6,1,0
BRDA:82,7,0,0
BRDA:82,7,1,0
BRDA:99,8,0,0
BRDA:99,8,1,0
BRF:19
BRH:0
end_of_record
TN:
SF:src/utils/db/vfs.ts
FN:16,saveVFSFile
FN:28,(anonymous_1)
FN:31,(anonymous_2)
FN:32,(anonymous_3)
FN:36,getVFSFile
FN:38,(anonymous_5)
FN:41,(anonymous_6)
FN:42,(anonymous_7)
FN:46,listVFSFiles
FN:48,(anonymous_9)
FN:51,(anonymous_10)
FN:52,(anonymous_11)
FN:55,listGlobalVFSFiles
FN:58,(anonymous_13)
FN:64,(anonymous_14)
FN:67,(anonymous_15)
FN:74,listAccessibleVFSFiles
FN:86,deleteVFSFile
FN:88,(anonymous_18)
FN:91,(anonymous_19)
FN:92,(anonymous_20)
FN:95,saveGlobalVFSFile
FN:113,(anonymous_22)
FN:117,(anonymous_23)
FN:118,(anonymous_24)
FN:124,writeVFSFile
FN:126,(anonymous_26)
FN:131,clearVFSFiles
FN:133,(anonymous_28)
FN:136,(anonymous_29)
FN:143,(anonymous_30)
FN:144,(anonymous_31)
FNF:32
FNH:0
FNDA:0,saveVFSFile
FNDA:0,(anonymous_1)
FNDA:0,(anonymous_2)
FNDA:0,(anonymous_3)
FNDA:0,getVFSFile
FNDA:0,(anonymous_5)
FNDA:0,(anonymous_6)
FNDA:0,(anonymous_7)
FNDA:0,listVFSFiles
FNDA:0,(anonymous_9)
FNDA:0,(anonymous_10)
FNDA:0,(anonymous_11)
FNDA:0,listGlobalVFSFiles
FNDA:0,(anonymous_13)
FNDA:0,(anonymous_14)
FNDA:0,(anonymous_15)
FNDA:0,listAccessibleVFSFiles
FNDA:0,deleteVFSFile
FNDA:0,(anonymous_18)
FNDA:0,(anonymous_19)
FNDA:0,(anonymous_20)
FNDA:0,saveGlobalVFSFile
FNDA:0,(anonymous_22)
FNDA:0,(anonymous_23)
FNDA:0,(anonymous_24)
FNDA:0,writeVFSFile
FNDA:0,(anonymous_26)
FNDA:0,clearVFSFiles
FNDA:0,(anonymous_28)
FNDA:0,(anonymous_29)
FNDA:0,(anonymous_30)
FNDA:0,(anonymous_31)
DA:2,1
DA:3,1
DA:17,0
DA:18,0
DA:28,0
DA:29,0
DA:30,0
DA:31,0
DA:32,0
DA:37,0
DA:38,0
DA:39,0
DA:40,0
DA:41,0
DA:42,0
DA:47,0
DA:48,0
DA:49,0
DA:50,0
DA:51,0
DA:52,0
DA:56,0
DA:58,0
DA:59,0
DA:60,0
DA:64,0
DA:65,0
DA:67,0
DA:68,0
DA:77,0
DA:82,0
DA:87,0
DA:88,0
DA:89,0
DA:90,0
DA:91,0
DA:92,0
DA:100,0
DA:102,0
DA:113,0
DA:114,0
DA:115,0
DA:117,0
DA:118,0
DA:119,0
DA:125,0
DA:126,0
DA:127,0
DA:128,0
DA:132,0
DA:133,0
DA:134,0
DA:135,0
DA:136,0
DA:137,0
DA:138,0
DA:139,0
DA:140,0
DA:143,0
DA:144,0
LF:60
LH:2
BRDA:127,0,0,0
BRDA:127,0,1,0
BRDA:131,1,0,0
BRDA:138,2,0,0
BRDA:138,2,1,0
BRDA:139,3,0,0
BRDA:139,3,1,0
BRF:7
BRH:0
end_of_record
TN:
SF:src/utils/tools/control.ts
FN:12,(anonymous_0)
FN:33,(anonymous_1)
FN:53,(anonymous_2)
FNF:3
FNH:0
FNDA:0,(anonymous_0)
FNDA:0,(anonymous_1)
FNDA:0,(anonymous_2)
DA:11,2
DA:12,0
DA:32,2
DA:33,0
DA:52,2
DA:53,0
DA:72,2
LF:7
LH:4
BRF:0
BRH:0
end_of_record
TN:
SF:src/utils/tools/dom.ts
FN:12,(anonymous_0)
FNF:1
FNH:0
FNDA:0,(anonymous_0)
DA:11,2
DA:12,0
DA:25,2
LF:3
LH:2
BRF:0
BRH:0
end_of_record
TN:
SF:src/utils/tools/index.ts
FN:54,(anonymous_0)
FN:60,(anonymous_1)
FN:65,(anonymous_2)
FN:69,(anonymous_3)
FN:74,(anonymous_4)
FN:78,(anonymous_5)
FN:85,(anonymous_6)
FN:89,(anonymous_7)
FN:93,(anonymous_8)
FN:99,(anonymous_9)
FN:103,(anonymous_10)
FN:108,(anonymous_11)
FN:112,(anonymous_12)
FN:116,(anonymous_13)
FN:120,(anonymous_14)
FN:125,(anonymous_15)
FN:129,(anonymous_16)
FN:136,(anonymous_17)
FN:140,(anonymous_18)
FN:144,(anonymous_19)
FN:148,(anonymous_20)
FN:159,parseToolCall
FNF:22
FNH:5
FNDA:3,(anonymous_0)
FNDA:0,(anonymous_1)
FNDA:1,(anonymous_2)
FNDA:0,(anonymous_3)
FNDA:0,(anonymous_4)
FNDA:2,(anonymous_5)
FNDA:0,(anonymous_6)
FNDA:0,(anonymous_7)
FNDA:0,(anonymous_8)
FNDA:0,(anonymous_9)
FNDA:0,(anonymous_10)
FNDA:0,(anonymous_11)
FNDA:0,(anonymous_12)
FNDA:0,(anonymous_13)
FNDA:0,(anonymous_14)
FNDA:0,(anonymous_15)
FNDA:0,(anonymous_16)
FNDA:0,(anonymous_17)
FNDA:1,(anonymous_18)
FNDA:0,(anonymous_19)
FNDA:0,(anonymous_20)
FNDA:7,parseToolCall
DA:35,2
DA:53,2
DA:54,3
DA:60,0
DA:65,1
DA:69,0
DA:74,0
DA:78,2
DA:85,0
DA:89,0
DA:93,0
DA:99,0
DA:103,0
DA:108,0
DA:112,0
DA:116,0
DA:120,0
DA:125,0
DA:129,0
DA:136,0
DA:140,1
DA:144,0
DA:148,0
DA:160,7
DA:161,7
DA:162,7
LF:26
LH:9
BRDA:161,0,0,0
BRDA:161,0,1,7
BRF:2
BRH:1
end_of_record
TN:
SF:src/utils/tools/memory.ts
FN:12,(anonymous_0)
FN:49,(anonymous_1)
FNF:2
FNH:0
FNDA:0,(anonymous_0)
FNDA:0,(anonymous_1)
DA:11,2
DA:12,0
DA:48,2
DA:49,0
DA:63,2
LF:5
LH:3
BRF:0
BRH:0
end_of_record
TN:
SF:src/utils/tools/scratchpad.ts
FN:12,(anonymous_0)
FN:42,(anonymous_1)
FNF:2
FNH:0
FNDA:0,(anonymous_0)
FNDA:0,(anonymous_1)
DA:11,2
DA:12,0
DA:41,2
DA:42,0
DA:56,2
LF:5
LH:3
BRF:0
BRH:0
end_of_record
TN:
SF:src/utils/tools/todo.ts
FN:12,(anonymous_0)
FN:38,(anonymous_1)
FN:58,(anonymous_2)
FNF:3
FNH:0
FNDA:0,(anonymous_0)
FNDA:0,(anonymous_1)
FNDA:0,(anonymous_2)
DA:11,2
DA:12,0
DA:37,2
DA:38,0
DA:57,2
DA:58,0
DA:83,2
LF:7
LH:4
BRF:0
BRH:0
end_of_record
TN:
SF:src/utils/tools/ui.ts
FN:15,(anonymous_0)
FN:44,(anonymous_1)
FN:66,(anonymous_2)
FN:80,(anonymous_3)
FN:98,(anonymous_4)
FN:111,(anonymous_5)
FNF:6
FNH:0
FNDA:0,(anonymous_0)
FNDA:0,(anonymous_1)
FNDA:0,(anonymous_2)
FNDA:0,(anonymous_3)
FNDA:0,(anonymous_4)
FNDA:0,(anonymous_5)
DA:14,2
DA:15,0
DA:43,2
DA:44,0
DA:65,2
DA:66,0
DA:79,2
DA:80,0
DA:97,2
DA:98,0
DA:110,2
DA:111,0
DA:124,2
LF:13
LH:7
BRF:0
BRH:0
end_of_record
TN:
SF:src/utils/tools/vfs.ts
FN:15,(anonymous_0)
FN:29,(anonymous_1)
FN:47,(anonymous_2)
FN:58,(anonymous_3)
FNF:4
FNH:0
FNDA:0,(anonymous_0)
FNDA:0,(anonymous_1)
FNDA:0,(anonymous_2)
FNDA:0,(anonymous_3)
DA:14,2
DA:15,0
DA:28,2
DA:29,0
DA:46,2
DA:47,0
DA:57,2
DA:58,0
DA:72,2
LF:9
LH:5
BRF:0
BRH:0
end_of_record
