TN:
SF:src/entrypoints/content/blocker.ts
FN:14,blockHandler
FN:19,installBlocker
FN:74,removeBlocker
FNF:3
FNH:3
FNDA:1,blockHandler
FNDA:15,installBlocker
FNDA:21,removeBlocker
DA:1,1
DA:3,1
DA:5,1
DA:6,1
DA:7,1
DA:8,1
DA:9,1
DA:10,1
DA:12,1
DA:14,1
DA:15,1
DA:16,1
DA:17,1
DA:19,15
DA:20,15
DA:21,14
DA:23,14
DA:25,15
DA:26,280
DA:27,280
DA:29,14
DA:30,14
DA:31,14
DA:36,14
DA:41,14
DA:42,14
DA:46,14
DA:55,14
DA:56,14
DA:58,14
DA:59,14
DA:64,14
DA:68,14
DA:70,15
DA:71,15
DA:72,15
DA:74,1
DA:75,21
DA:76,14
DA:78,21
DA:79,280
DA:80,280
DA:82,21
DA:83,21
DA:84,21
LF:45
LH:45
BRDA:14,0,0,1
BRDA:19,1,0,15
BRDA:20,2,0,1
BRDA:20,3,0,14
BRDA:25,4,0,280
BRDA:27,5,0,14
BRDA:70,6,0,0
BRDA:71,7,0,14
BRDA:74,8,0,21
BRDA:75,9,0,7
BRDA:75,10,0,14
BRDA:78,11,0,280
BRDA:80,12,0,14
BRDA:83,13,0,14
BRF:14
BRH:13
end_of_record
TN:
SF:src/entrypoints/content/interactables.ts
FN:13,isInteractable
FN:45,collectInteractables
FN:59,getLabel
FNF:3
FNH:3
FNDA:54,isInteractable
FNDA:20,collectInteractables
FNDA:17,getLabel
DA:1,1
DA:2,1
DA:3,1
DA:4,1
DA:5,1
DA:6,1
DA:8,1
DA:9,1
DA:10,1
DA:11,1
DA:13,1
DA:14,54
DA:15,54
DA:17,54
DA:18,26
DA:19,26
DA:20,23
DA:21,23
DA:23,49
DA:25,49
DA:26,54
DA:28,11
DA:29,49
DA:30,54
DA:32,11
DA:33,11
DA:34,10
DA:35,10
DA:36,9
DA:37,8
DA:39,54
DA:41,7
DA:42,7
DA:45,1
DA:46,20
DA:47,20
DA:48,20
DA:49,18
DA:50,18
DA:51,18
DA:52,18
DA:53,3
DA:54,3
DA:55,18
DA:56,20
DA:57,20
DA:59,1
DA:60,17
DA:62,17
DA:63,17
DA:65,15
DA:66,17
DA:67,1
DA:68,1
DA:69,1
DA:71,17
DA:72,5
DA:73,5
DA:74,4
DA:75,3
DA:76,0
DA:77,5
DA:78,5
DA:80,17
DA:81,17
DA:83,2
DA:84,2
LF:67
LH:66
BRDA:13,0,0,54
BRDA:15,1,0,39
BRDA:17,2,0,26
BRDA:18,3,0,2
BRDA:18,4,0,24
BRDA:19,5,0,6
BRDA:19,6,0,1
BRDA:19,7,0,23
BRDA:21,8,0,49
BRDA:21,9,0,28
BRDA:23,10,0,15
BRDA:23,11,0,13
BRDA:25,12,0,3
BRDA:25,13,0,0
BRDA:26,14,0,49
BRDA:26,15,0,2
BRDA:26,16,0,11
BRDA:29,17,0,0
BRDA:30,18,0,49
BRDA:30,19,0,0
BRDA:30,20,0,11
BRDA:33,21,0,10
BRDA:34,22,0,10
BRDA:35,23,0,9
BRDA:36,24,0,8
BRDA:39,25,0,49
BRDA:39,26,0,4
BRDA:39,27,0,7
BRDA:45,28,0,20
BRDA:48,29,0,18
BRDA:50,30,0,12
BRDA:52,31,0,3
BRDA:59,32,0,17
BRDA:63,33,0,2
BRDA:63,34,0,15
BRDA:66,35,0,1
BRDA:68,36,0,0
BRDA:69,37,0,14
BRDA:71,38,0,5
BRDA:73,39,0,4
BRDA:74,40,0,3
BRDA:75,41,0,0
BRDA:78,42,0,9
BRDA:80,43,0,0
BRDA:81,44,0,7
BRDA:81,45,0,2
BRF:46
BRH:40
end_of_record
TN:
SF:src/entrypoints/content/overlay.ts
FN:8,destroyOverlay
FN:12,drawOverlay
FNF:2
FNH:2
FNDA:13,destroyOverlay
FNDA:11,drawOverlay
DA:2,1
DA:3,1
DA:4,1
DA:6,1
DA:8,1
DA:9,13
DA:10,13
DA:12,11
DA:13,11
DA:15,11
DA:16,11
DA:17,11
DA:18,11
DA:20,11
DA:21,11
DA:23,11
DA:24,11
DA:25,11
DA:27,11
DA:28,11
DA:30,11
DA:31,5
DA:32,5
DA:33,5
DA:34,5
DA:35,5
DA:37,11
DA:39,11
DA:40,11
DA:41,11
DA:42,11
DA:43,11
DA:46,11
DA:47,11
DA:52,11
DA:54,11
DA:55,11
DA:56,11
DA:58,11
DA:60,11
DA:61,5
DA:62,5
DA:63,5
DA:64,5
DA:66,5
DA:67,5
DA:68,5
DA:70,5
DA:71,5
DA:73,5
DA:74,5
DA:75,5
DA:76,5
DA:77,5
DA:79,5
DA:80,5
DA:81,5
DA:82,0
DA:83,5
DA:84,5
DA:85,5
DA:86,5
DA:88,5
DA:89,5
DA:90,5
DA:91,5
DA:93,5
DA:94,5
DA:95,5
DA:96,5
DA:97,5
DA:98,5
DA:99,5
DA:100,5
DA:101,5
DA:102,5
DA:103,5
DA:104,5
DA:105,5
DA:106,5
DA:107,5
DA:108,5
DA:110,11
DA:111,11
LF:84
LH:83
BRDA:8,0,0,13
BRDA:9,1,0,2
BRDA:12,2,0,11
BRDA:16,3,0,0
BRDA:20,4,0,0
BRDA:24,5,0,0
BRDA:30,6,0,5
BRDA:32,7,0,0
BRDA:33,8,0,0
BRDA:52,9,0,0
BRDA:55,10,0,0
BRDA:60,11,0,5
BRDA:81,12,0,0
BRDA:98,13,0,1
BRDA:98,14,0,0
BRF:15
BRH:6
end_of_record
TN:
SF:src/entrypoints/content/theme.ts
FN:35,getTheme
FNF:1
FNH:1
FNDA:34,getTheme
DA:17,1
DA:18,1
DA:19,1
DA:20,1
DA:21,1
DA:22,1
DA:23,1
DA:24,1
DA:26,1
DA:27,1
DA:28,1
DA:29,1
DA:30,1
DA:31,1
DA:32,1
DA:33,1
DA:35,34
DA:36,34
DA:37,34
DA:38,34
DA:39,34
DA:40,1
DA:41,1
DA:42,34
LF:24
LH:24
BRDA:35,0,0,34
BRDA:37,1,0,33
BRDA:38,2,0,3
BRDA:38,3,0,30
BRDA:39,4,0,1
BRF:5
BRH:5
end_of_record
TN:
SF:src/entrypoints/content/visibility.ts
FN:1,getVisibleRect
FN:26,isTopElementAt
FNF:2
FNH:2
FNDA:17,getVisibleRect
FNDA:13,isTopElementAt
DA:1,1
DA:2,17
DA:3,17
DA:4,17
DA:5,17
DA:6,0
DA:7,0
DA:9,17
DA:10,17
DA:11,17
DA:13,11
DA:14,11
DA:15,11
DA:16,11
DA:17,10
DA:18,9
DA:20,17
DA:21,17
DA:23,8
DA:24,8
DA:26,1
DA:27,13
DA:28,13
DA:29,13
DA:30,13
DA:31,13
DA:33,13
DA:34,21
DA:35,21
DA:36,21
DA:37,21
DA:38,21
DA:39,21
DA:40,3
DA:41,3
LF:35
LH:33
BRDA:1,0,0,17
BRDA:5,1,0,0
BRDA:9,2,0,16
BRDA:9,3,0,2
BRDA:9,4,0,15
BRDA:10,5,0,14
BRDA:10,6,0,2
BRDA:10,7,0,13
BRDA:11,8,0,12
BRDA:11,9,0,2
BRDA:11,10,0,11
BRDA:16,11,0,10
BRDA:17,12,0,9
BRDA:20,13,0,3
BRDA:21,14,0,0
BRDA:21,15,0,8
BRDA:26,16,0,13
BRDA:33,17,0,21
BRDA:36,18,0,3
BRDA:36,19,0,13
BRDA:37,20,0,5
BRDA:37,21,0,4
BRDA:37,22,0,10
BRDA:38,23,0,5
BRDA:39,24,0,3
BRF:25
BRH:23
end_of_record
TN:
SF:src/entrypoints/content/handlers/get-element-dom.ts
FN:1,(empty-report)
FNF:1
FNH:1
FNDA:1,(empty-report)
DA:6,0
DA:7,0
DA:8,0
DA:9,0
DA:10,0
DA:15,0
DA:16,0
DA:17,0
DA:18,0
DA:19,0
DA:20,0
DA:21,0
DA:22,0
DA:23,0
DA:24,0
DA:25,0
DA:26,0
DA:27,0
DA:28,0
DA:29,0
DA:31,0
DA:32,0
DA:33,0
DA:34,0
DA:36,0
DA:37,0
DA:38,0
DA:39,0
DA:40,0
DA:41,0
DA:42,0
DA:43,0
DA:44,0
DA:45,0
LF:34
LH:0
BRDA:1,0,0,1
BRF:1
BRH:1
end_of_record
TN:
SF:src/entrypoints/content/handlers/upload-file.ts
FN:1,(empty-report)
FNF:1
FNH:1
FNDA:1,(empty-report)
DA:6,0
DA:7,0
DA:14,0
DA:15,0
DA:16,0
DA:21,0
DA:22,0
DA:23,0
DA:25,0
DA:27,0
DA:29,0
DA:30,0
DA:32,0
DA:33,0
DA:34,0
DA:35,0
DA:36,0
DA:37,0
DA:38,0
DA:39,0
DA:40,0
DA:41,0
DA:42,0
DA:43,0
DA:45,0
DA:46,0
DA:48,0
DA:49,0
DA:50,0
DA:51,0
DA:53,0
DA:55,0
DA:56,0
DA:57,0
DA:58,0
DA:60,0
DA:61,0
DA:64,0
DA:65,0
DA:66,0
DA:67,0
DA:68,0
DA:69,0
DA:71,0
DA:72,0
DA:79,0
DA:80,0
DA:81,0
DA:82,0
DA:83,0
DA:84,0
DA:85,0
DA:87,0
DA:88,0
DA:89,0
DA:90,0
DA:91,0
DA:92,0
DA:93,0
DA:94,0
DA:95,0
DA:96,0
DA:97,0
DA:98,0
DA:99,0
DA:100,0
DA:102,0
DA:103,0
DA:104,0
DA:105,0
DA:106,0
DA:107,0
DA:108,0
DA:109,0
DA:111,0
DA:112,0
DA:113,0
DA:114,0
DA:115,0
LF:79
LH:0
BRDA:1,0,0,1
BRF:1
BRH:1
end_of_record
TN:
SF:src/utils/agent-log.ts
FN:3,log
FNF:1
FNH:1
FNDA:225,log
DA:3,225
DA:4,225
DA:6,225
DA:9,225
DA:10,225
DA:11,225
DA:14,225
DA:16,2
DA:17,2
DA:18,225
DA:19,225
LF:11
LH:11
BRDA:3,0,0,225
BRDA:10,1,0,15
BRDA:14,2,0,2
BRDA:16,3,0,1
BRDA:17,4,0,0
BRF:5
BRH:4
end_of_record
TN:
SF:src/utils/agent-state.ts
FN:3,getAgentState
FN:8,setAgentState
FN:15,clearAgentState
FNF:3
FNH:3
FNDA:11,getAgentState
FNDA:7,setAgentState
FNDA:3,clearAgentState
DA:3,11
DA:4,11
DA:5,11
DA:6,11
DA:8,7
DA:9,7
DA:10,7
DA:11,7
DA:12,7
DA:13,7
DA:15,3
DA:16,3
DA:17,3
LF:13
LH:13
BRDA:3,0,0,11
BRDA:5,1,0,8
BRDA:8,2,0,7
BRDA:9,3,0,6
BRDA:15,4,0,3
BRF:5
BRH:5
end_of_record
TN:
SF:src/utils/base64.ts
FN:1,(empty-report)
FNF:1
FNH:1
FNDA:1,(empty-report)
DA:2,0
DA:3,0
DA:4,0
DA:5,0
DA:6,0
DA:7,0
DA:8,0
DA:9,0
DA:10,0
LF:9
LH:0
BRDA:1,0,0,1
BRF:1
BRH:1
end_of_record
TN:
SF:src/utils/dom-idle.ts
FN:1,waitForDOMIdle
FN:5,func
FNF:2
FNH:1
FNDA:6,waitForDOMIdle
FNDA:0,func
DA:1,1
DA:2,6
DA:3,6
DA:4,6
DA:5,6
DA:6,0
DA:7,0
DA:8,0
DA:9,0
DA:10,0
DA:11,0
DA:12,0
DA:13,0
DA:14,0
DA:15,0
DA:16,0
DA:17,0
DA:18,0
DA:19,0
DA:20,0
DA:21,0
DA:22,0
DA:23,0
DA:24,0
DA:25,0
DA:26,0
DA:27,0
DA:28,6
DA:29,6
DA:30,6
DA:31,6
LF:31
LH:9
BRDA:1,0,0,6
BRDA:30,1,0,5
BRF:2
BRH:2
end_of_record
TN:
SF:src/utils/file-upload.ts
FN:1,(empty-report)
FNF:1
FNH:0
FNDA:0,(empty-report)
DA:1,0
DA:2,0
DA:3,0
DA:4,0
DA:7,0
DA:8,0
DA:9,0
DA:10,0
DA:11,0
DA:12,0
DA:13,0
DA:14,0
DA:15,0
DA:16,0
DA:17,0
DA:18,0
DA:19,0
DA:21,0
DA:24,0
DA:25,0
DA:26,0
DA:27,0
DA:28,0
DA:39,0
DA:45,0
DA:46,0
DA:49,0
DA:50,0
DA:51,0
DA:52,0
DA:56,0
DA:57,0
DA:58,0
DA:59,0
DA:60,0
DA:61,0
DA:62,0
DA:63,0
DA:64,0
DA:65,0
DA:66,0
DA:67,0
DA:68,0
DA:69,0
LF:44
LH:0
BRDA:1,0,0,0
BRF:1
BRH:0
end_of_record
TN:
SF:src/utils/langsmith-config.ts
FN:13,initializeLangSmith
FN:38,getLangSmithTracer
FNF:2
FNH:1
FNDA:0,initializeLangSmith
FNDA:13,getLangSmithTracer
DA:8,2
DA:9,2
DA:11,2
DA:13,2
DA:14,0
DA:15,0
DA:16,0
DA:17,0
DA:19,0
DA:20,0
DA:21,0
DA:22,0
DA:23,0
DA:24,0
DA:26,0
DA:27,0
DA:28,0
DA:29,0
DA:30,0
DA:32,0
DA:33,0
DA:34,0
DA:35,0
DA:38,2
DA:39,13
DA:40,13
LF:26
LH:7
BRDA:38,0,0,13
BRF:1
BRH:1
end_of_record
TN:
SF:src/utils/llm-stream.ts
FN:32,thinkingFlushPoint
FN:44,thinkingDeltaOf
FN:57,parseResponse
FN:98,streamWithRetry
FNF:4
FNH:4
FNDA:8,thinkingFlushPoint
FNDA:23,thinkingDeltaOf
FNDA:12,parseResponse
FNDA:12,streamWithRetry
DA:12,2
DA:14,2
DA:15,2
DA:17,2
DA:18,2
DA:32,2
DA:33,8
DA:34,8
DA:35,175
DA:36,4
DA:37,4
DA:38,175
DA:39,2
DA:40,8
DA:41,8
DA:44,2
DA:45,23
DA:46,23
DA:47,23
DA:48,4
DA:49,4
DA:50,4
DA:51,4
DA:52,23
DA:53,23
DA:57,12
DA:58,12
DA:59,12
DA:60,12
DA:61,0
DA:62,0
DA:63,0
DA:64,0
DA:66,12
DA:67,12
DA:69,12
DA:70,13
DA:71,12
DA:73,12
DA:74,12
DA:75,12
DA:77,12
DA:78,12
DA:98,12
DA:99,12
DA:100,12
DA:101,12
DA:102,12
DA:103,12
DA:104,12
DA:105,12
DA:107,12
DA:108,13
DA:109,13
DA:114,13
DA:115,13
DA:116,0
DA:117,0
DA:118,13
DA:119,13
DA:120,13
DA:121,13
DA:122,13
DA:123,13
DA:124,13
DA:126,13
DA:127,18
DA:128,18
DA:129,18
DA:130,5
DA:131,5
DA:134,5
DA:135,2
DA:136,2
DA:137,1
DA:138,1
DA:139,1
DA:140,2
DA:141,5
DA:142,18
DA:143,18
DA:146,13
DA:147,1
DA:148,1
DA:150,13
DA:152,12
DA:156,13
DA:157,3
DA:158,3
DA:160,12
DA:161,12
DA:162,13
DA:163,1
DA:164,1
DA:165,1
DA:166,1
DA:167,0
DA:168,0
DA:169,0
DA:170,1
DA:171,1
DA:172,1
DA:173,1
DA:174,1
DA:175,1
DA:176,13
DA:178,1
DA:179,1
LF:108
LH:99
BRDA:32,0,0,8
BRDA:33,1,0,2
BRDA:33,2,0,6
BRDA:34,3,0,175
BRDA:35,4,0,4
BRDA:35,5,0,2
BRDA:35,6,0,0
BRDA:35,7,0,4
BRDA:38,8,0,2
BRDA:40,9,0,1
BRDA:40,10,0,1
BRDA:44,11,0,23
BRDA:45,12,0,16
BRDA:47,13,0,4
BRDA:49,14,0,2
BRDA:49,15,0,0
BRDA:49,16,0,0
BRDA:57,17,0,12
BRDA:60,18,0,0
BRDA:66,19,0,0
BRDA:67,20,0,0
BRDA:69,21,0,13
BRDA:70,22,0,0
BRDA:74,23,0,13
BRDA:75,24,0,13
BRDA:98,25,0,12
BRDA:107,26,0,13
BRDA:115,27,0,0
BRDA:119,28,0,0
BRDA:126,29,0,18
BRDA:129,30,0,5
BRDA:134,31,0,2
BRDA:136,32,0,1
BRDA:143,33,0,12
BRDA:146,34,0,1
BRDA:146,35,0,1
BRDA:148,36,0,12
BRDA:150,37,0,0
BRDA:150,38,0,12
BRDA:156,39,0,3
BRDA:158,40,0,12
BRDA:162,41,0,1
BRDA:166,42,0,0
BRDA:176,43,0,1
BRDA:152,44,0,11
BRF:45
BRH:34
end_of_record
TN:
SF:src/utils/memory.ts
FN:15,formatMemoryForPrompt
FNF:1
FNH:1
FNDA:18,formatMemoryForPrompt
DA:15,2
DA:16,18
DA:17,13
DA:18,13
DA:21,5
DA:22,6
DA:23,7
DA:24,7
DA:25,7
DA:26,6
DA:27,6
DA:28,6
DA:29,7
DA:30,7
DA:32,5
DA:33,6
DA:34,6
DA:35,6
DA:36,7
DA:37,7
DA:38,7
DA:39,7
DA:40,6
DA:42,5
DA:43,5
LF:25
LH:25
BRDA:15,0,0,18
BRDA:16,1,0,13
BRDA:18,2,0,6
BRDA:18,3,0,5
BRDA:22,4,0,7
BRDA:23,5,0,0
BRDA:25,6,0,6
BRDA:30,7,0,5
BRDA:35,8,0,7
BRDA:37,9,0,1
BRDA:37,10,0,6
BRDA:40,11,0,5
BRF:12
BRH:11
end_of_record
TN:
SF:src/utils/models.ts
FN:102,isOllamaModel
FN:106,isAnthropicModel
FN:110,isOpenAIModel
FN:114,isCustomOpenAIModel
FN:119,getProviderForModel
FN:130,ollamaModelId
FN:135,ollamaModelName
FN:140,anthropicModelName
FN:145,openaiModelName
FN:150,customOpenAIConfigId
FN:161,isOllamaAvailable
FN:175,fetchOllamaModels
FN:210,getModelLabel
FNF:13
FNH:13
FNDA:22,isOllamaModel
FNDA:18,isAnthropicModel
FNDA:15,isOpenAIModel
FNDA:26,isCustomOpenAIModel
FNDA:17,getProviderForModel
FNDA:6,ollamaModelId
FNDA:4,ollamaModelName
FNDA:6,anthropicModelName
FNDA:6,openaiModelName
FNDA:5,customOpenAIConfigId
FNDA:5,isOllamaAvailable
FNDA:6,fetchOllamaModels
FNDA:15,getModelLabel
DA:37,2
DA:38,2
DA:39,2
DA:40,2
DA:41,2
DA:42,2
DA:43,2
DA:44,2
DA:45,2
DA:46,2
DA:47,2
DA:48,2
DA:49,2
DA:50,2
DA:52,2
DA:53,2
DA:54,2
DA:55,2
DA:56,2
DA:57,2
DA:58,2
DA:59,2
DA:60,2
DA:61,2
DA:62,2
DA:63,2
DA:64,2
DA:65,2
DA:67,2
DA:68,2
DA:69,2
DA:70,2
DA:71,2
DA:72,2
DA:73,2
DA:74,2
DA:75,2
DA:76,2
DA:77,2
DA:78,2
DA:79,2
DA:80,2
DA:81,2
DA:82,2
DA:83,2
DA:84,2
DA:85,2
DA:86,2
DA:89,2
DA:90,2
DA:91,2
DA:92,2
DA:93,2
DA:95,2
DA:97,2
DA:102,2
DA:103,22
DA:104,22
DA:106,2
DA:107,18
DA:108,18
DA:110,2
DA:111,15
DA:112,15
DA:114,2
DA:115,26
DA:116,26
DA:119,2
DA:120,17
DA:121,17
DA:122,17
DA:123,17
DA:124,5
DA:125,5
DA:130,2
DA:131,6
DA:132,6
DA:135,2
DA:136,4
DA:137,4
DA:140,2
DA:141,6
DA:142,6
DA:145,2
DA:146,6
DA:147,6
DA:150,2
DA:151,5
DA:152,5
DA:161,5
DA:162,5
DA:163,5
DA:164,3
DA:165,5
DA:166,2
DA:167,2
DA:168,5
DA:175,6
DA:176,6
DA:177,6
DA:178,6
DA:179,6
DA:180,6
DA:181,6
DA:183,4
DA:188,4
DA:189,6
DA:190,3
DA:191,3
DA:192,3
DA:194,6
DA:195,4
DA:196,4
DA:197,4
DA:198,1
DA:199,3
DA:200,4
DA:201,4
DA:202,6
DA:203,6
DA:204,1
DA:205,1
DA:206,6
DA:210,2
DA:211,15
DA:212,15
DA:213,15
DA:214,15
DA:215,15
DA:216,2
DA:217,2
DA:218,2
DA:219,13
DA:220,15
DA:221,15
LF:135
LH:135
BRDA:102,0,0,22
BRDA:106,1,0,18
BRDA:110,2,0,15
BRDA:114,3,0,26
BRDA:119,4,0,17
BRDA:120,5,0,3
BRDA:120,6,0,14
BRDA:121,7,0,3
BRDA:121,8,0,11
BRDA:122,9,0,3
BRDA:122,10,0,8
BRDA:123,11,0,9
BRDA:123,12,0,3
BRDA:123,13,0,5
BRDA:130,14,0,6
BRDA:135,15,0,4
BRDA:140,16,0,6
BRDA:145,17,0,6
BRDA:150,18,0,5
BRDA:161,19,0,5
BRDA:163,20,0,3
BRDA:165,21,0,2
BRDA:175,22,0,6
BRDA:180,23,0,5
BRDA:181,24,0,1
BRDA:181,25,0,4
BRDA:189,26,0,3
BRDA:191,27,0,1
BRDA:191,28,0,1
BRDA:192,29,0,4
BRDA:194,30,0,1
BRDA:203,31,0,1
BRDA:194,32,0,4
BRDA:197,33,0,1
BRDA:198,34,0,3
BRDA:210,35,0,15
BRDA:215,36,0,2
BRDA:217,37,0,1
BRDA:217,38,0,1
BRDA:218,39,0,13
BRDA:220,40,0,12
BRDA:220,41,0,1
BRDA:217,42,0,1
BRDA:220,43,0,54
BRF:44
BRH:44
end_of_record
TN:
SF:src/utils/navigation-guard.ts
FN:18,computeScrollDelta
FN:30,scrollDeltaIsSignificant
FN:50,shouldPivot
FNF:3
FNH:3
FNDA:14,computeScrollDelta
FNDA:7,scrollDeltaIsSignificant
FNDA:19,shouldPivot
DA:7,1
DA:10,1
DA:13,1
DA:18,1
DA:19,14
DA:20,14
DA:21,14
DA:22,14
DA:23,14
DA:24,14
DA:25,14
DA:26,14
DA:27,14
DA:30,1
DA:31,7
DA:32,7
DA:33,7
DA:34,7
DA:35,7
DA:36,7
DA:50,1
DA:51,19
DA:52,19
DA:53,19
DA:54,19
DA:55,19
DA:56,19
DA:57,19
LF:28
LH:28
BRDA:18,0,0,14
BRDA:21,1,0,10
BRDA:22,2,0,10
BRDA:22,3,0,7
BRDA:22,4,0,7
BRDA:24,5,0,8
BRDA:24,6,0,6
BRDA:25,7,0,8
BRDA:25,8,0,6
BRDA:30,9,0,7
BRDA:50,10,0,19
BRDA:56,11,0,68
BRDA:56,12,0,50
BRF:13
BRH:13
end_of_record
TN:
SF:src/utils/prompt.ts
FN:21,buildHistory
FN:45,vfsContextBlock
FN:55,todoContextBlock
FN:60,annotatedElementsBlock
FN:71,extractContextFromPrompt
FN:92,buildUserMessage
FN:139,imageBlock
FNF:7
FNH:7
FNDA:12,buildHistory
FNDA:12,vfsContextBlock
FNDA:12,todoContextBlock
FNDA:12,annotatedElementsBlock
FNDA:12,extractContextFromPrompt
FNDA:12,buildUserMessage
FNDA:12,imageBlock
DA:9,2
DA:13,2
DA:14,2
DA:15,2
DA:21,2
DA:22,12
DA:23,2
DA:24,0
DA:25,0
DA:26,0
DA:27,0
DA:28,0
DA:29,0
DA:30,2
DA:31,0
DA:32,0
DA:33,0
DA:34,0
DA:35,0
DA:36,0
DA:37,0
DA:38,2
DA:39,2
DA:40,12
DA:41,12
DA:45,12
DA:46,12
DA:47,0
DA:48,0
DA:49,0
DA:50,0
DA:51,0
DA:52,0
DA:53,0
DA:55,12
DA:56,12
DA:57,3
DA:58,3
DA:60,12
DA:61,12
DA:62,0
DA:63,0
DA:64,0
DA:65,0
DA:66,0
DA:67,0
DA:68,0
DA:69,0
DA:71,12
DA:72,12
DA:73,12
DA:74,0
DA:75,0
DA:76,0
DA:77,0
DA:78,12
DA:79,12
DA:92,2
DA:93,12
DA:94,12
DA:95,12
DA:96,12
DA:97,12
DA:98,12
DA:99,12
DA:100,12
DA:101,12
DA:102,12
DA:103,12
DA:106,12
DA:109,12
DA:110,0
DA:111,0
DA:114,12
DA:115,12
DA:118,12
DA:119,12
DA:122,12
DA:123,12
DA:124,12
DA:127,12
DA:128,12
DA:129,12
DA:132,12
DA:133,12
DA:134,12
DA:135,12
DA:136,12
DA:137,12
DA:139,12
DA:140,12
DA:141,12
DA:142,0
DA:144,12
DA:145,0
DA:146,0
DA:147,0
DA:148,0
DA:149,0
DA:150,0
DA:152,12
DA:153,12
DA:154,12
DA:155,12
DA:156,12
DA:159,12
DA:160,12
LF:107
LH:66
BRDA:21,0,0,12
BRDA:45,1,0,12
BRDA:46,2,0,0
BRDA:55,3,0,12
BRDA:56,4,0,3
BRDA:60,5,0,12
BRDA:61,6,0,0
BRDA:71,7,0,12
BRDA:73,8,0,0
BRDA:92,9,0,12
BRDA:109,10,0,0
BRDA:144,11,0,0
BRDA:139,12,0,12
BRDA:141,13,0,0
BRDA:22,14,0,9
BRDA:23,15,0,7
BRDA:30,16,0,7
BRDA:30,17,0,7
BRDA:38,18,0,7
BRDA:56,19,0,9
BRF:20
BRH:14
end_of_record
TN:
SF:src/utils/scratchpad.ts
FN:33,loadScratchpadFromVFS
FN:46,saveScratchpadToVFS
FN:63,upsertScratchpadEntry
FN:82,deleteScratchpadEntry
FN:97,formatScratchpadForPrompt
FNF:5
FNH:3
FNDA:0,loadScratchpadFromVFS
FNDA:0,saveScratchpadToVFS
FNDA:3,upsertScratchpadEntry
FNDA:2,deleteScratchpadEntry
FNDA:14,formatScratchpadForPrompt
DA:16,2
DA:18,2
DA:33,0
DA:34,0
DA:35,0
DA:36,0
DA:37,0
DA:38,0
DA:39,0
DA:40,0
DA:41,0
DA:42,0
DA:43,0
DA:46,0
DA:47,0
DA:48,0
DA:49,0
DA:50,0
DA:51,0
DA:52,0
DA:53,0
DA:63,2
DA:64,3
DA:65,3
DA:66,3
DA:67,3
DA:68,3
DA:69,3
DA:70,3
DA:71,3
DA:72,3
DA:73,2
DA:74,2
DA:75,1
DA:76,1
DA:82,2
DA:83,2
DA:84,2
DA:85,2
DA:86,2
DA:87,2
DA:97,2
DA:98,14
DA:99,13
DA:100,13
DA:101,1
DA:102,1
DA:103,1
LF:48
LH:29
BRDA:63,0,0,3
BRDA:72,1,0,2
BRDA:74,2,0,1
BRDA:70,3,0,3
BRDA:82,4,0,2
BRDA:86,5,0,3
BRDA:97,6,0,14
BRDA:98,7,0,13
BRDA:100,8,0,1
BRDA:101,9,0,2
BRF:10
BRH:10
end_of_record
TN:
SF:src/utils/sleep.ts
FN:1,sleep
FNF:1
FNH:1
FNDA:5,sleep
DA:1,2
DA:2,5
DA:3,5
LF:3
LH:3
BRDA:1,0,0,5
BRDA:2,1,0,5
BRF:2
BRH:2
end_of_record
TN:
SF:src/utils/system-prompt.ts
FNF:0
FNH:0
DA:6,2
LF:1
LH:1
BRF:0
BRH:0
end_of_record
TN:
SF:src/utils/todo.ts
FN:16,loadTodoFromVFS
FN:29,saveTodoToVFS
FN:39,applyTodoUpdates
FN:52,formatTodoForPrompt
FNF:4
FNH:4
FNDA:6,loadTodoFromVFS
FNDA:5,saveTodoToVFS
FNDA:10,applyTodoUpdates
FNDA:13,formatTodoForPrompt
DA:10,3
DA:13,3
DA:16,6
DA:17,6
DA:18,6
DA:19,6
DA:20,5
DA:21,5
DA:22,5
DA:23,6
DA:24,1
DA:25,1
DA:26,6
DA:29,5
DA:30,5
DA:31,5
DA:32,5
DA:33,5
DA:39,3
DA:40,10
DA:41,30
DA:42,30
DA:43,9
DA:44,9
DA:45,30
DA:46,30
DA:47,30
DA:48,10
DA:49,10
DA:52,3
DA:53,13
DA:54,12
DA:55,12
DA:56,12
DA:57,12
DA:58,12
DA:59,12
DA:60,12
DA:61,12
DA:62,15
DA:63,15
DA:64,15
DA:65,12
DA:66,12
DA:67,12
LF:45
LH:45
BRDA:39,0,0,10
BRDA:40,1,0,30
BRDA:42,2,0,21
BRDA:42,3,0,9
BRDA:45,4,0,7
BRDA:46,5,0,3
BRDA:41,6,0,29
BRDA:52,7,0,13
BRDA:53,8,0,1
BRDA:53,9,0,12
BRDA:61,10,0,15
BRDA:62,11,0,0
BRDA:63,12,0,4
BRDA:63,13,0,11
BRDA:16,14,0,6
BRDA:19,15,0,1
BRDA:19,16,0,5
BRDA:23,17,0,1
BRDA:18,18,0,5
BRDA:29,19,0,5
BRF:20
BRH:19
end_of_record
TN:
SF:src/utils/types.ts
FN:1,(empty-report)
FNF:1
FNH:1
FNDA:1,(empty-report)
LF:0
LH:0
BRDA:1,0,0,1
BRF:1
BRH:1
end_of_record
TN:
SF:src/utils/cdp/core.ts
FN:5,attachDebugger
FN:11,detachDebugger
FN:18,_resetAttachedDebuggers
FNF:3
FNH:3
FNDA:63,attachDebugger
FNDA:3,detachDebugger
FNDA:43,_resetAttachedDebuggers
DA:3,3
DA:5,63
DA:6,63
DA:7,55
DA:8,54
DA:9,54
DA:11,3
DA:12,3
DA:13,3
DA:14,2
DA:15,2
DA:18,3
DA:19,43
DA:20,43
DA:23,3
DA:24,3
DA:25,1
DA:26,3
DA:27,3
LF:19
LH:19
BRDA:5,0,0,63
BRDA:6,1,0,8
BRDA:6,2,0,56
BRDA:6,3,0,55
BRDA:7,4,0,54
BRDA:11,5,0,3
BRDA:12,6,0,1
BRDA:12,7,0,2
BRDA:13,8,0,1
BRDA:13,9,0,2
BRDA:18,10,0,43
BRDA:24,11,0,1
BRF:12
BRH:12
end_of_record
TN:
SF:src/utils/cdp/files.ts
FN:11,writeTempFile
FN:47,cleanupTempFile
FN:24,onChange
FNF:3
FNH:3
FNDA:16,writeTempFile
FNDA:8,cleanupTempFile
FNDA:17,onChange
DA:8,3
DA:11,3
DA:12,16
DA:13,16
DA:14,16
DA:15,16
DA:17,16
DA:18,16
DA:19,16
DA:20,16
DA:21,16
DA:22,15
DA:24,15
DA:25,17
DA:26,17
DA:27,12
DA:28,12
DA:29,12
DA:30,12
DA:31,3
DA:32,12
DA:33,12
DA:34,17
DA:35,3
DA:36,3
DA:37,3
DA:38,3
DA:39,17
DA:40,15
DA:41,16
DA:42,16
DA:43,16
DA:44,16
DA:47,8
DA:48,8
DA:49,8
DA:50,8
DA:51,8
LF:38
LH:38
BRDA:11,0,0,16
BRDA:17,1,0,16
BRDA:20,2,0,16
BRDA:21,3,0,1
BRDA:21,4,0,15
BRDA:24,5,0,17
BRDA:25,6,0,1
BRDA:25,7,0,16
BRDA:26,8,0,15
BRDA:26,9,0,12
BRDA:33,10,0,16
BRDA:34,11,0,15
BRDA:34,12,0,3
BRDA:28,13,0,12
BRDA:29,14,0,11
BRDA:30,15,0,9
BRDA:30,16,0,3
BRDA:47,17,0,8
BRDA:49,18,0,5
BRDA:49,19,0,3
BRDA:50,20,0,5
BRDA:50,21,0,3
BRF:22
BRH:22
end_of_record
TN:
SF:src/utils/cdp/index.ts
FNF:0
FNH:0
DA:1,3
DA:2,3
DA:3,3
LF:3
LH:3
BRF:0
BRH:0
end_of_record
TN:
SF:src/utils/cdp/input.ts
FN:17,getKeyCode
FN:25,dispatchHardwareClick
FN:37,clearFocusedField
FN:55,typeTextCDP
FN:66,dispatchScrollWheel
FNF:5
FNH:5
FNDA:17,getKeyCode
FNDA:12,dispatchHardwareClick
FNDA:11,clearFocusedField
FNDA:11,typeTextCDP
FNDA:16,dispatchScrollWheel
DA:5,3
DA:7,3
DA:8,3
DA:9,3
DA:11,3
DA:12,3
DA:13,3
DA:14,3
DA:15,3
DA:17,3
DA:18,17
DA:19,17
DA:25,12
DA:26,12
DA:27,12
DA:28,12
DA:29,12
DA:30,12
DA:31,12
DA:37,3
DA:38,11
DA:39,11
DA:40,11
DA:41,6
DA:42,6
DA:43,6
DA:44,0
DA:45,6
DA:46,11
DA:47,2
DA:48,2
DA:49,11
DA:55,11
DA:56,11
DA:57,11
DA:58,5
DA:59,5
DA:60,5
DA:61,5
DA:62,11
DA:63,11
DA:66,16
DA:67,16
DA:68,15
DA:69,15
DA:70,15
DA:71,14
LF:47
LH:46
BRDA:17,0,0,17
BRDA:18,1,0,3
BRDA:25,2,0,12
BRDA:55,3,0,11
BRDA:57,4,0,5
BRDA:66,5,0,16
BRDA:67,6,0,15
BRDA:70,7,0,14
BRDA:37,8,0,11
BRDA:39,9,0,0
BRDA:40,10,0,7
BRDA:40,11,0,6
BRDA:41,12,0,4
BRDA:41,13,0,2
BRDA:43,14,0,0
BRDA:46,15,0,5
BRDA:46,16,0,2
BRF:17
BRH:15
end_of_record
TN:
SF:src/utils/db/conversations.ts
FN:14,appendConversationTurn
FN:39,getConversationHistory
FN:34,tx.oncomplete
FN:35,tx.onerror
FN:44,req.onsuccess
FN:46,req.onerror
FNF:6
FNH:4
FNDA:13,appendConversationTurn
FNDA:11,getConversationHistory
FNDA:13,tx.oncomplete
FNDA:0,tx.onerror
FNDA:11,req.onsuccess
FNDA:0,req.onerror
DA:1,3
DA:14,13
DA:15,13
DA:16,13
DA:17,13
DA:18,13
DA:23,13
DA:24,13
DA:25,13
DA:26,13
DA:27,13
DA:28,13
DA:29,13
DA:30,13
DA:31,13
DA:32,13
DA:33,13
DA:34,13
DA:35,13
DA:36,13
DA:37,13
DA:39,11
DA:40,11
DA:41,11
DA:42,11
DA:43,11
DA:44,11
DA:45,11
DA:46,11
DA:47,11
DA:48,11
LF:31
LH:31
BRDA:14,0,0,13
BRDA:25,1,0,13
BRDA:29,2,0,4
BRDA:29,3,0,2
BRDA:30,4,0,4
BRDA:30,5,0,2
BRDA:31,6,0,4
BRDA:31,7,0,2
BRDA:34,8,0,13
BRDA:39,9,0,11
BRDA:41,10,0,11
BRDA:44,11,0,11
BRDA:45,12,0,15
BRF:13
BRH:13
end_of_record
TN:
SF:src/utils/db/core.ts
FN:10,openDB
FN:13,req.onupgradeneeded
FN:26,req.onsuccess
FN:27,req.onerror
FNF:4
FNH:3
FNDA:159,openDB
FNDA:45,req.onupgradeneeded
FNDA:159,req.onsuccess
FNDA:0,req.onerror
DA:3,3
DA:4,3
DA:5,3
DA:6,3
DA:7,3
DA:8,3
DA:10,3
DA:11,159
DA:12,159
DA:13,159
DA:14,45
DA:15,45
DA:16,45
DA:17,45
DA:18,45
DA:19,45
DA:20,45
DA:21,45
DA:22,45
DA:23,45
DA:24,45
DA:25,45
DA:26,159
DA:27,159
DA:28,159
DA:29,159
LF:26
LH:26
BRDA:10,0,0,159
BRDA:11,1,0,159
BRDA:13,2,0,45
BRDA:26,3,0,159
BRF:4
BRH:4
end_of_record
TN:
SF:src/utils/db/index.ts
FNF:0
FNH:0
DA:1,3
DA:2,3
DA:4,3
DA:6,3
LF:4
LH:4
BRF:0
BRH:0
end_of_record
TN:
SF:src/utils/db/memory.ts
FN:14,upsertMemory
FN:35,getAllMemories
FN:46,deleteMemory
FNF:3
FNH:0
FNDA:0,upsertMemory
FNDA:0,getAllMemories
FNDA:0,deleteMemory
DA:1,3
DA:14,0
DA:15,0
DA:16,0
DA:17,0
DA:18,0
DA:19,0
DA:20,0
DA:21,0
DA:22,0
DA:23,0
DA:24,0
DA:25,0
DA:26,0
DA:27,0
DA:28,0
DA:29,0
DA:30,0
DA:31,0
DA:32,0
DA:33,0
DA:35,0
DA:36,0
DA:37,0
DA:38,0
DA:39,0
DA:40,0
DA:41,0
DA:42,0
DA:43,0
DA:44,0
DA:46,0
DA:47,0
DA:48,0
DA:49,0
DA:50,0
DA:51,0
DA:52,0
DA:53,0
DA:54,0
LF:40
LH:1
BRF:0
BRH:0
end_of_record
TN:
SF:src/utils/db/sessions.ts
FN:4,createSession
FN:17,getSessions
FN:28,touchSession
FN:12,req.onsuccess
FN:13,tx.onerror
FN:22,req.onsuccess
FN:24,req.onerror
FN:34,getReq.onsuccess
FN:38,tx.oncomplete
FN:39,tx.onerror
FNF:10
FNH:7
FNDA:49,createSession
FNDA:8,getSessions
FNDA:4,touchSession
FNDA:49,req.onsuccess
FNDA:0,tx.onerror
FNDA:8,req.onsuccess
FNDA:0,req.onerror
FNDA:4,getReq.onsuccess
FNDA:4,tx.oncomplete
FNDA:0,tx.onerror
DA:2,3
DA:4,49
DA:5,49
DA:6,49
DA:7,49
DA:8,49
DA:9,49
DA:10,49
DA:11,49
DA:12,49
DA:13,49
DA:14,49
DA:15,49
DA:17,8
DA:18,8
DA:19,8
DA:20,8
DA:21,8
DA:22,8
DA:23,8
DA:24,8
DA:25,8
DA:26,8
DA:28,4
DA:29,4
DA:30,4
DA:31,4
DA:32,4
DA:33,4
DA:34,4
DA:35,4
DA:36,4
DA:37,4
DA:38,4
DA:39,4
DA:40,4
DA:41,4
LF:37
LH:37
BRDA:4,0,0,49
BRDA:6,1,0,49
BRDA:12,2,0,49
BRDA:17,3,0,8
BRDA:19,4,0,8
BRDA:22,5,0,8
BRDA:23,6,0,2
BRDA:28,7,0,4
BRDA:30,8,0,4
BRDA:34,9,0,4
BRDA:36,10,0,3
BRDA:38,11,0,4
BRF:12
BRH:12
end_of_record
TN:
SF:src/utils/db/vfs.ts
FN:14,saveVFSFile
FN:28,getVFSFile
FN:38,listVFSFiles
FN:48,deleteVFSFile
FN:59,writeVFSFile
FN:66,clearVFSFiles
FN:23,tx.oncomplete
FN:24,tx.onerror
FN:33,req.onsuccess
FN:34,req.onerror
FN:43,req.onsuccess
FN:44,req.onerror
FN:53,tx.oncomplete
FN:54,tx.onerror
FN:71,req.onsuccess
FN:78,tx.oncomplete
FN:79,tx.onerror
FNF:17
FNH:12
FNDA:31,saveVFSFile
FNDA:5,getVFSFile
FNDA:28,listVFSFiles
FNDA:5,deleteVFSFile
FNDA:12,writeVFSFile
FNDA:5,clearVFSFiles
FNDA:31,tx.oncomplete
FNDA:0,tx.onerror
FNDA:5,req.onsuccess
FNDA:0,req.onerror
FNDA:28,req.onsuccess
FNDA:0,req.onerror
FNDA:5,tx.oncomplete
FNDA:0,tx.onerror
FNDA:13,req.onsuccess
FNDA:5,tx.oncomplete
FNDA:0,tx.onerror
DA:1,3
DA:14,31
DA:15,31
DA:16,31
DA:17,31
DA:18,31
DA:19,31
DA:20,31
DA:21,31
DA:22,31
DA:23,31
DA:24,31
DA:25,31
DA:26,31
DA:28,5
DA:29,5
DA:30,5
DA:31,5
DA:32,5
DA:33,5
DA:34,5
DA:35,5
DA:36,5
DA:38,28
DA:39,28
DA:40,28
DA:41,28
DA:42,28
DA:43,28
DA:44,28
DA:45,28
DA:46,28
DA:48,5
DA:49,5
DA:50,5
DA:51,5
DA:52,5
DA:53,5
DA:54,5
DA:55,5
DA:56,5
DA:59,12
DA:60,12
DA:61,12
DA:62,12
DA:63,12
DA:64,12
DA:66,5
DA:67,5
DA:68,5
DA:69,5
DA:70,5
DA:71,5
DA:72,13
DA:73,13
DA:74,8
DA:75,8
DA:76,8
DA:77,13
DA:78,5
DA:79,5
DA:80,5
DA:81,5
LF:63
LH:63
BRDA:14,0,0,31
BRDA:20,1,0,31
BRDA:23,2,0,31
BRDA:28,3,0,5
BRDA:30,4,0,5
BRDA:33,5,0,5
BRDA:38,6,0,28
BRDA:40,7,0,28
BRDA:43,8,0,28
BRDA:48,9,0,5
BRDA:50,10,0,5
BRDA:53,11,0,5
BRDA:59,12,0,12
BRDA:62,13,0,3
BRDA:61,14,0,3
BRDA:66,15,0,5
BRDA:68,16,0,5
BRDA:71,17,0,13
BRDA:73,18,0,8
BRDA:74,19,0,6
BRDA:78,20,0,5
BRF:21
BRH:21
end_of_record
TN:
SF:src/utils/tools/control.ts
FN:12,finishTool.name
FN:33,waitTool.name
FN:53,askUserTool.name
FNF:3
FNH:0
FNDA:0,finishTool.name
FNDA:0,waitTool.name
FNDA:0,askUserTool.name
DA:8,2
DA:9,2
DA:11,2
DA:12,2
DA:13,2
DA:14,2
DA:15,2
DA:16,2
DA:19,2
DA:20,2
DA:21,2
DA:22,2
DA:23,2
DA:27,2
DA:28,2
DA:29,2
DA:30,2
DA:32,2
DA:33,2
DA:34,2
DA:35,2
DA:36,2
DA:37,2
DA:41,2
DA:42,2
DA:43,2
DA:44,2
DA:45,2
DA:46,2
DA:47,2
DA:48,2
DA:49,2
DA:50,2
DA:52,2
DA:53,2
DA:54,2
DA:55,2
DA:56,2
DA:57,2
DA:62,2
DA:63,2
DA:64,2
DA:65,2
DA:66,2
DA:67,2
DA:68,2
DA:69,2
DA:70,2
DA:72,2
LF:49
LH:49
BRF:0
BRH:0
end_of_record
TN:
SF:src/utils/tools/dom.ts
FN:12,fetchDOMTool.name
FNF:1
FNH:0
FNDA:0,fetchDOMTool.name
DA:8,2
DA:9,2
DA:11,2
DA:12,2
DA:13,2
DA:14,2
DA:15,2
DA:16,2
DA:19,2
DA:20,2
DA:21,2
DA:22,2
DA:23,2
DA:25,2
LF:14
LH:14
BRF:0
BRH:0
end_of_record
TN:
SF:src/utils/tools/index.ts
FN:57,parseToolCall
FNF:1
FNH:1
FNDA:82,parseToolCall
DA:8,2
DA:9,2
DA:10,2
DA:11,2
DA:12,2
DA:13,2
DA:14,2
DA:16,2
DA:17,2
DA:18,2
DA:19,2
DA:20,2
DA:21,2
DA:22,2
DA:35,2
DA:36,2
DA:37,2
DA:38,2
DA:39,2
DA:40,2
DA:41,2
DA:42,2
DA:43,2
DA:57,2
DA:58,82
DA:60,82
DA:61,20
DA:62,20
DA:63,20
DA:64,20
DA:65,20
DA:66,20
DA:67,82
DA:68,12
DA:69,12
DA:70,12
DA:71,12
DA:72,12
DA:73,82
DA:74,4
DA:75,82
DA:76,3
DA:77,3
DA:78,3
DA:79,3
DA:80,3
DA:81,82
DA:82,5
DA:85,82
DA:86,2
DA:89,82
DA:90,2
DA:91,82
DA:92,3
DA:93,3
DA:94,3
DA:95,3
DA:96,3
DA:97,3
DA:98,82
DA:99,2
DA:100,82
DA:101,3
DA:102,3
DA:103,3
DA:104,3
DA:105,3
DA:108,82
DA:109,2
DA:110,82
DA:111,3
DA:112,82
DA:113,4
DA:116,82
DA:117,0
DA:118,82
DA:119,0
DA:122,82
DA:123,4
DA:124,4
DA:125,4
DA:126,4
DA:127,4
DA:128,4
DA:129,4
DA:130,82
DA:131,2
DA:134,82
DA:135,5
DA:136,82
DA:137,2
DA:138,82
DA:139,2
DA:141,82
DA:142,2
DA:143,82
DA:144,82
LF:97
LH:95
BRDA:57,0,0,82
BRDA:60,1,0,20
BRDA:67,2,0,12
BRDA:73,3,0,4
BRDA:75,4,0,3
BRDA:81,5,0,5
BRDA:85,6,0,2
BRDA:89,7,0,2
BRDA:91,8,0,3
BRDA:98,9,0,2
BRDA:100,10,0,3
BRDA:108,11,0,2
BRDA:110,12,0,3
BRDA:112,13,0,4
BRDA:116,14,0,0
BRDA:118,15,0,0
BRDA:122,16,0,4
BRDA:130,17,0,2
BRDA:134,18,0,5
BRDA:136,19,0,2
BRDA:138,20,0,2
BRDA:141,21,0,2
BRF:22
BRH:20
end_of_record
TN:
SF:src/utils/tools/memory.ts
FN:12,memoryUpsertTool.name
FN:49,memoryDeleteTool.name
FNF:2
FNH:0
FNDA:0,memoryUpsertTool.name
FNDA:0,memoryDeleteTool.name
DA:8,2
DA:9,2
DA:11,2
DA:12,2
DA:13,2
DA:14,2
DA:15,2
DA:16,2
DA:22,2
DA:23,2
DA:24,2
DA:25,2
DA:26,2
DA:28,2
DA:29,2
DA:30,2
DA:31,2
DA:32,2
DA:33,2
DA:34,2
DA:35,2
DA:36,2
DA:37,2
DA:39,2
DA:40,2
DA:41,2
DA:42,2
DA:43,2
DA:44,2
DA:45,2
DA:46,2
DA:48,2
DA:49,2
DA:50,2
DA:51,2
DA:52,2
DA:53,2
DA:55,2
DA:56,2
DA:57,2
DA:58,2
DA:59,2
DA:60,2
DA:61,2
DA:63,2
LF:45
LH:45
BRF:0
BRH:0
end_of_record
TN:
SF:src/utils/tools/scratchpad.ts
FN:12,noteWriteTool.name
FN:42,noteDeleteTool.name
FNF:2
FNH:0
FNDA:0,noteWriteTool.name
FNDA:0,noteDeleteTool.name
DA:8,2
DA:9,2
DA:11,2
DA:12,2
DA:13,2
DA:14,2
DA:15,2
DA:16,2
DA:23,2
DA:24,2
DA:25,2
DA:26,2
DA:27,2
DA:29,2
DA:30,2
DA:31,2
DA:32,2
DA:33,2
DA:36,2
DA:37,2
DA:38,2
DA:39,2
DA:41,2
DA:42,2
DA:43,2
DA:44,2
DA:45,2
DA:46,2
DA:48,2
DA:49,2
DA:50,2
DA:51,2
DA:52,2
DA:53,2
DA:54,2
DA:56,2
LF:36
LH:36
BRF:0
BRH:0
end_of_record
TN:
SF:src/utils/tools/todo.ts
FN:12,todoCreateTool.name
FN:38,todoUpdateTool.name
FN:58,todoAddTool.name
FNF:3
FNH:3
FNDA:3,todoCreateTool.name
FNDA:4,todoUpdateTool.name
FNDA:3,todoAddTool.name
DA:8,2
DA:9,2
DA:11,2
DA:12,2
DA:13,2
DA:14,2
DA:15,2
DA:16,2
DA:20,2
DA:21,2
DA:22,2
DA:23,2
DA:24,2
DA:25,2
DA:26,2
DA:27,2
DA:28,2
DA:29,2
DA:30,2
DA:31,2
DA:32,2
DA:33,2
DA:34,2
DA:35,2
DA:37,2
DA:38,2
DA:39,2
DA:40,2
DA:41,2
DA:42,2
DA:45,2
DA:46,2
DA:47,2
DA:48,2
DA:49,2
DA:50,2
DA:51,2
DA:52,2
DA:53,2
DA:54,2
DA:55,2
DA:57,2
DA:58,2
DA:59,2
DA:60,2
DA:61,2
DA:62,2
DA:66,2
DA:67,2
DA:68,2
DA:69,2
DA:70,2
DA:71,2
DA:72,2
DA:73,2
DA:74,2
DA:75,2
DA:76,2
DA:77,2
DA:78,2
DA:79,2
DA:80,2
DA:81,2
DA:83,2
LF:64
LH:64
BRDA:12,0,0,3
BRDA:38,1,0,4
BRDA:58,2,0,3
BRF:3
BRH:3
end_of_record
TN:
SF:src/utils/tools/ui.ts
FN:14,clickTool.name
FN:43,typeTool.name
FN:65,navigateTool.name
FN:79,scrollTool.name
FN:97,pressKeyTool.name
FNF:5
FNH:0
FNDA:0,clickTool.name
FNDA:0,typeTool.name
FNDA:0,navigateTool.name
FNDA:0,scrollTool.name
FNDA:0,pressKeyTool.name
DA:10,2
DA:11,2
DA:13,2
DA:14,2
DA:15,2
DA:16,2
DA:17,2
DA:18,2
DA:22,2
DA:23,2
DA:24,2
DA:25,2
DA:26,2
DA:27,2
DA:28,2
DA:33,2
DA:34,2
DA:35,2
DA:36,2
DA:37,2
DA:38,2
DA:39,2
DA:40,2
DA:42,2
DA:43,2
DA:44,2
DA:45,2
DA:46,2
DA:47,2
DA:50,2
DA:51,2
DA:52,2
DA:53,2
DA:54,2
DA:55,2
DA:56,2
DA:59,2
DA:60,2
DA:61,2
DA:62,2
DA:64,2
DA:65,2
DA:66,2
DA:67,2
DA:68,2
DA:69,2
DA:72,2
DA:73,2
DA:74,2
DA:75,2
DA:76,2
DA:78,2
DA:79,2
DA:80,2
DA:81,2
DA:82,2
DA:83,2
DA:85,2
DA:86,2
DA:87,2
DA:88,2
DA:89,2
DA:90,2
DA:91,2
DA:92,2
DA:93,2
DA:94,2
DA:96,2
DA:97,2
DA:98,2
DA:99,2
DA:100,2
DA:101,2
DA:103,2
DA:104,2
DA:105,2
DA:106,2
DA:107,2
DA:109,2
LF:79
LH:79
BRF:0
BRH:0
end_of_record
TN:
SF:src/utils/tools/vfs.ts
FN:15,vfsSaveScreenshotTool.name
FN:29,vfsWriteTool.name
FN:47,vfsDeleteTool.name
FN:58,vfsDownloadTool.name
FNF:4
FNH:0
FNDA:0,vfsSaveScreenshotTool.name
FNDA:0,vfsWriteTool.name
FNDA:0,vfsDeleteTool.name
FNDA:0,vfsDownloadTool.name
DA:11,2
DA:12,2
DA:14,2
DA:15,2
DA:16,2
DA:17,2
DA:18,2
DA:19,2
DA:22,2
DA:23,2
DA:24,2
DA:25,2
DA:26,2
DA:28,2
DA:29,2
DA:30,2
DA:31,2
DA:32,2
DA:33,2
DA:35,2
DA:36,2
DA:37,2
DA:38,2
DA:39,2
DA:40,2
DA:41,2
DA:42,2
DA:43,2
DA:44,2
DA:46,2
DA:47,2
DA:48,2
DA:49,2
DA:50,2
DA:51,2
DA:52,2
DA:53,2
DA:54,2
DA:55,2
DA:57,2
DA:58,2
DA:59,2
DA:60,2
DA:61,2
DA:62,2
DA:65,2
DA:66,2
DA:67,2
DA:68,2
DA:69,2
DA:70,2
DA:72,2
DA:73,2
DA:74,2
DA:75,2
DA:76,2
DA:77,2
LF:57
LH:57
BRF:0
BRH:0
end_of_record
