{"/home/runner/work/Opticlick/Opticlick/src/entrypoints/content/blocker.ts": {"path":"/home/runner/work/Opticlick/Opticlick/src/entrypoints/content/blocker.ts","statementMap":{"0":{"start":{"line":3,"column":19},"end":{"line":3,"column":null}},"1":{"start":{"line":5,"column":23},"end":{"line":10,"column":null}},"2":{"start":{"line":12,"column":17},"end":{"line":12,"column":null}},"3":{"start":{"line":15,"column":2},"end":{"line":15,"column":null}},"4":{"start":{"line":16,"column":2},"end":{"line":16,"column":null}},"5":{"start":{"line":20,"column":2},"end":{"line":20,"column":null}},"6":{"start":{"line":20,"column":18},"end":{"line":20,"column":null}},"7":{"start":{"line":21,"column":2},"end":{"line":21,"column":null}},"8":{"start":{"line":23,"column":16},"end":{"line":23,"column":null}},"9":{"start":{"line":25,"column":2},"end":{"line":27,"column":null}},"10":{"start":{"line":26,"column":4},"end":{"line":26,"column":null}},"11":{"start":{"line":29,"column":18},"end":{"line":29,"column":null}},"12":{"start":{"line":30,"column":2},"end":{"line":30,"column":null}},"13":{"start":{"line":31,"column":2},"end":{"line":36,"column":null}},"14":{"start":{"line":41,"column":17},"end":{"line":41,"column":null}},"15":{"start":{"line":42,"column":2},"end":{"line":46,"column":null}},"16":{"start":{"line":55,"column":2},"end":{"line":55,"column":null}},"17":{"start":{"line":56,"column":2},"end":{"line":56,"column":null}},"18":{"start":{"line":58,"column":16},"end":{"line":58,"column":null}},"19":{"start":{"line":59,"column":2},"end":{"line":64,"column":null}},"20":{"start":{"line":68,"column":2},"end":{"line":68,"column":null}},"21":{"start":{"line":70,"column":2},"end":{"line":70,"column":null}},"22":{"start":{"line":71,"column":2},"end":{"line":71,"column":null}},"23":{"start":{"line":75,"column":2},"end":{"line":75,"column":null}},"24":{"start":{"line":75,"column":19},"end":{"line":75,"column":null}},"25":{"start":{"line":76,"column":2},"end":{"line":76,"column":null}},"26":{"start":{"line":78,"column":2},"end":{"line":80,"column":null}},"27":{"start":{"line":79,"column":4},"end":{"line":79,"column":null}},"28":{"start":{"line":82,"column":2},"end":{"line":82,"column":null}},"29":{"start":{"line":83,"column":2},"end":{"line":83,"column":null}}},"fnMap":{"0":{"name":"blockHandler","decl":{"start":{"line":14,"column":9},"end":{"line":14,"column":22}},"loc":{"start":{"line":14,"column":38},"end":{"line":17,"column":null}},"line":14},"1":{"name":"installBlocker","decl":{"start":{"line":19,"column":22},"end":{"line":19,"column":54}},"loc":{"start":{"line":19,"column":54},"end":{"line":72,"column":null}},"line":19},"2":{"name":"removeBlocker","decl":{"start":{"line":74,"column":16},"end":{"line":74,"column":38}},"loc":{"start":{"line":74,"column":38},"end":{"line":84,"column":null}},"line":74}},"branchMap":{"0":{"loc":{"start":{"line":20,"column":2},"end":{"line":20,"column":null}},"type":"if","locations":[{"start":{"line":20,"column":2},"end":{"line":20,"column":null}},{"start":{},"end":{}}],"line":20},"1":{"loc":{"start":{"line":70,"column":3},"end":{"line":70,"column":46}},"type":"binary-expr","locations":[{"start":{"line":70,"column":3},"end":{"line":70,"column":20}},{"start":{"line":70,"column":20},"end":{"line":70,"column":46}}],"line":70},"2":{"loc":{"start":{"line":75,"column":2},"end":{"line":75,"column":null}},"type":"if","locations":[{"start":{"line":75,"column":2},"end":{"line":75,"column":null}},{"start":{},"end":{}}],"line":75}},"s":{"0":1,"1":1,"2":1,"3":1,"4":1,"5":16,"6":1,"7":15,"8":15,"9":15,"10":300,"11":15,"12":15,"13":15,"14":15,"15":15,"16":15,"17":15,"18":15,"19":15,"20":15,"21":15,"22":16,"23":22,"24":7,"25":15,"26":15,"27":300,"28":15,"29":22},"f":{"0":1,"1":16,"2":22},"b":{"0":[1,15],"1":[15,1],"2":[7,15]},"meta":{"lastBranch":3,"lastFunction":3,"lastStatement":30,"seen":{"s:3:19:3:Infinity":0,"s:5:23:10:Infinity":1,"s:12:17:12:Infinity":2,"f:14:9:14:22":0,"s:15:2:15:Infinity":3,"s:16:2:16:Infinity":4,"f:19:22:19:54":1,"b:20:2:20:Infinity:undefined:undefined:undefined:undefined":0,"s:20:2:20:Infinity":5,"s:20:18:20:Infinity":6,"s:21:2:21:Infinity":7,"s:23:16:23:Infinity":8,"s:25:2:27:Infinity":9,"s:26:4:26:Infinity":10,"s:29:18:29:Infinity":11,"s:30:2:30:Infinity":12,"s:31:2:36:Infinity":13,"s:41:17:41:Infinity":14,"s:42:2:46:Infinity":15,"s:55:2:55:Infinity":16,"s:56:2:56:Infinity":17,"s:58:16:58:Infinity":18,"s:59:2:64:Infinity":19,"s:68:2:68:Infinity":20,"s:70:2:70:Infinity":21,"b:70:3:70:20:70:20:70:46":1,"s:71:2:71:Infinity":22,"f:74:16:74:38":2,"b:75:2:75:Infinity:undefined:undefined:undefined:undefined":2,"s:75:2:75:Infinity":23,"s:75:19:75:Infinity":24,"s:76:2:76:Infinity":25,"s:78:2:80:Infinity":26,"s:79:4:79:Infinity":27,"s:82:2:82:Infinity":28,"s:83:2:83:Infinity":29}}}
,"/home/runner/work/Opticlick/Opticlick/src/entrypoints/content/interactables.ts": {"path":"/home/runner/work/Opticlick/Opticlick/src/entrypoints/content/interactables.ts","statementMap":{"0":{"start":{"line":1,"column":26},"end":{"line":6,"column":null}},"1":{"start":{"line":8,"column":25},"end":{"line":11,"column":null}},"2":{"start":{"line":14,"column":14},"end":{"line":14,"column":null}},"3":{"start":{"line":15,"column":8},"end":{"line":15,"column":null}},"4":{"start":{"line":17,"column":2},"end":{"line":21,"column":null}},"5":{"start":{"line":18,"column":4},"end":{"line":18,"column":null}},"6":{"start":{"line":18,"column":43},"end":{"line":18,"column":null}},"7":{"start":{"line":19,"column":4},"end":{"line":19,"column":null}},"8":{"start":{"line":19,"column":71},"end":{"line":19,"column":null}},"9":{"start":{"line":20,"column":4},"end":{"line":20,"column":null}},"10":{"start":{"line":23,"column":2},"end":{"line":23,"column":null}},"11":{"start":{"line":23,"column":35},"end":{"line":23,"column":null}},"12":{"start":{"line":25,"column":2},"end":{"line":25,"column":null}},"13":{"start":{"line":25,"column":62},"end":{"line":25,"column":null}},"14":{"start":{"line":27,"column":2},"end":{"line":28,"column":null}},"15":{"start":{"line":28,"column":4},"end":{"line":28,"column":null}},"16":{"start":{"line":30,"column":2},"end":{"line":32,"column":null}},"17":{"start":{"line":31,"column":4},"end":{"line":31,"column":null}},"18":{"start":{"line":31,"column":58},"end":{"line":31,"column":null}},"19":{"start":{"line":34,"column":2},"end":{"line":41,"column":null}},"20":{"start":{"line":41,"column":4},"end":{"line":41,"column":null}},"21":{"start":{"line":43,"column":2},"end":{"line":43,"column":null}},"22":{"start":{"line":48,"column":17},"end":{"line":48,"column":null}},"23":{"start":{"line":50,"column":2},"end":{"line":57,"column":null}},"24":{"start":{"line":51,"column":15},"end":{"line":51,"column":null}},"25":{"start":{"line":52,"column":4},"end":{"line":52,"column":null}},"26":{"start":{"line":52,"column":28},"end":{"line":52,"column":null}},"27":{"start":{"line":53,"column":24},"end":{"line":53,"column":null}},"28":{"start":{"line":54,"column":4},"end":{"line":56,"column":null}},"29":{"start":{"line":55,"column":6},"end":{"line":55,"column":null}},"30":{"start":{"line":58,"column":2},"end":{"line":58,"column":null}},"31":{"start":{"line":62,"column":14},"end":{"line":62,"column":null}},"32":{"start":{"line":64,"column":20},"end":{"line":64,"column":null}},"33":{"start":{"line":65,"column":2},"end":{"line":65,"column":null}},"34":{"start":{"line":65,"column":17},"end":{"line":65,"column":null}},"35":{"start":{"line":67,"column":25},"end":{"line":67,"column":null}},"36":{"start":{"line":68,"column":2},"end":{"line":71,"column":null}},"37":{"start":{"line":69,"column":16},"end":{"line":69,"column":null}},"38":{"start":{"line":70,"column":4},"end":{"line":70,"column":null}},"39":{"start":{"line":70,"column":13},"end":{"line":70,"column":null}},"40":{"start":{"line":73,"column":2},"end":{"line":80,"column":null}},"41":{"start":{"line":74,"column":4},"end":{"line":79,"column":null}},"42":{"start":{"line":82,"column":8},"end":{"line":82,"column":null}},"43":{"start":{"line":83,"column":2},"end":{"line":83,"column":null}},"44":{"start":{"line":83,"column":12},"end":{"line":83,"column":null}},"45":{"start":{"line":85,"column":2},"end":{"line":85,"column":null}}},"fnMap":{"0":{"name":"isInteractable","decl":{"start":{"line":13,"column":16},"end":{"line":13,"column":31}},"loc":{"start":{"line":13,"column":53},"end":{"line":44,"column":null}},"line":13},"1":{"name":"collectInteractables","decl":{"start":{"line":47,"column":16},"end":{"line":47,"column":37}},"loc":{"start":{"line":47,"column":85},"end":{"line":59,"column":null}},"line":47},"2":{"name":"getLabel","decl":{"start":{"line":61,"column":16},"end":{"line":61,"column":25}},"loc":{"start":{"line":61,"column":46},"end":{"line":86,"column":null}},"line":61}},"branchMap":{"0":{"loc":{"start":{"line":15,"column":16},"end":{"line":15,"column":47}},"type":"binary-expr","locations":[{"start":{"line":15,"column":16},"end":{"line":15,"column":43}},{"start":{"line":15,"column":43},"end":{"line":15,"column":47}}],"line":15},"1":{"loc":{"start":{"line":17,"column":2},"end":{"line":21,"column":null}},"type":"if","locations":[{"start":{"line":17,"column":2},"end":{"line":21,"column":null}},{"start":{},"end":{}}],"line":17},"2":{"loc":{"start":{"line":18,"column":4},"end":{"line":18,"column":null}},"type":"if","locations":[{"start":{"line":18,"column":4},"end":{"line":18,"column":null}},{"start":{},"end":{}}],"line":18},"3":{"loc":{"start":{"line":19,"column":4},"end":{"line":19,"column":null}},"type":"if","locations":[{"start":{"line":19,"column":4},"end":{"line":19,"column":null}},{"start":{},"end":{}}],"line":19},"4":{"loc":{"start":{"line":19,"column":8},"end":{"line":19,"column":71}},"type":"binary-expr","locations":[{"start":{"line":19,"column":8},"end":{"line":19,"column":28}},{"start":{"line":19,"column":28},"end":{"line":19,"column":71}}],"line":19},"5":{"loc":{"start":{"line":23,"column":2},"end":{"line":23,"column":null}},"type":"if","locations":[{"start":{"line":23,"column":2},"end":{"line":23,"column":null}},{"start":{},"end":{}}],"line":23},"6":{"loc":{"start":{"line":25,"column":2},"end":{"line":25,"column":null}},"type":"if","locations":[{"start":{"line":25,"column":2},"end":{"line":25,"column":null}},{"start":{},"end":{}}],"line":25},"7":{"loc":{"start":{"line":27,"column":2},"end":{"line":28,"column":null}},"type":"if","locations":[{"start":{"line":27,"column":2},"end":{"line":28,"column":null}},{"start":{},"end":{}}],"line":27},"8":{"loc":{"start":{"line":27,"column":6},"end":{"line":27,"column":null}},"type":"binary-expr","locations":[{"start":{"line":27,"column":6},"end":{"line":27,"column":37}},{"start":{"line":27,"column":37},"end":{"line":27,"column":null}}],"line":27},"9":{"loc":{"start":{"line":27,"column":46},"end":{"line":27,"column":82}},"type":"binary-expr","locations":[{"start":{"line":27,"column":46},"end":{"line":27,"column":77}},{"start":{"line":27,"column":77},"end":{"line":27,"column":82}}],"line":27},"10":{"loc":{"start":{"line":31,"column":4},"end":{"line":31,"column":null}},"type":"if","locations":[{"start":{"line":31,"column":4},"end":{"line":31,"column":null}},{"start":{},"end":{}}],"line":31},"11":{"loc":{"start":{"line":34,"column":2},"end":{"line":41,"column":null}},"type":"if","locations":[{"start":{"line":34,"column":2},"end":{"line":41,"column":null}},{"start":{},"end":{}}],"line":34},"12":{"loc":{"start":{"line":35,"column":5},"end":{"line":39,"column":null}},"type":"binary-expr","locations":[{"start":{"line":35,"column":5},"end":{"line":35,"column":null}},{"start":{"line":36,"column":4},"end":{"line":36,"column":null}},{"start":{"line":37,"column":4},"end":{"line":37,"column":null}},{"start":{"line":38,"column":4},"end":{"line":38,"column":null}},{"start":{"line":39,"column":4},"end":{"line":39,"column":null}}],"line":35},"13":{"loc":{"start":{"line":47,"column":49},"end":{"line":47,"column":85}},"type":"default-arg","locations":[{"start":{"line":47,"column":70},"end":{"line":47,"column":85}}],"line":47},"14":{"loc":{"start":{"line":52,"column":4},"end":{"line":52,"column":null}},"type":"if","locations":[{"start":{"line":52,"column":4},"end":{"line":52,"column":null}},{"start":{},"end":{}}],"line":52},"15":{"loc":{"start":{"line":54,"column":4},"end":{"line":56,"column":null}},"type":"if","locations":[{"start":{"line":54,"column":4},"end":{"line":56,"column":null}},{"start":{},"end":{}}],"line":54},"16":{"loc":{"start":{"line":65,"column":2},"end":{"line":65,"column":null}},"type":"if","locations":[{"start":{"line":65,"column":2},"end":{"line":65,"column":null}},{"start":{},"end":{}}],"line":65},"17":{"loc":{"start":{"line":68,"column":2},"end":{"line":71,"column":null}},"type":"if","locations":[{"start":{"line":68,"column":2},"end":{"line":71,"column":null}},{"start":{},"end":{}}],"line":68},"18":{"loc":{"start":{"line":70,"column":4},"end":{"line":70,"column":null}},"type":"if","locations":[{"start":{"line":70,"column":4},"end":{"line":70,"column":null}},{"start":{},"end":{}}],"line":70},"19":{"loc":{"start":{"line":70,"column":21},"end":{"line":70,"column":44}},"type":"binary-expr","locations":[{"start":{"line":70,"column":21},"end":{"line":70,"column":40}},{"start":{"line":70,"column":40},"end":{"line":70,"column":44}}],"line":70},"20":{"loc":{"start":{"line":73,"column":2},"end":{"line":80,"column":null}},"type":"if","locations":[{"start":{"line":73,"column":2},"end":{"line":80,"column":null}},{"start":{},"end":{}}],"line":73},"21":{"loc":{"start":{"line":75,"column":7},"end":{"line":78,"column":null}},"type":"binary-expr","locations":[{"start":{"line":75,"column":7},"end":{"line":75,"column":null}},{"start":{"line":76,"column":7},"end":{"line":76,"column":null}},{"start":{"line":77,"column":7},"end":{"line":77,"column":null}},{"start":{"line":78,"column":6},"end":{"line":78,"column":null}}],"line":75},"22":{"loc":{"start":{"line":82,"column":16},"end":{"line":82,"column":38}},"type":"binary-expr","locations":[{"start":{"line":82,"column":16},"end":{"line":82,"column":34}},{"start":{"line":82,"column":34},"end":{"line":82,"column":38}}],"line":82},"23":{"loc":{"start":{"line":83,"column":2},"end":{"line":83,"column":null}},"type":"if","locations":[{"start":{"line":83,"column":2},"end":{"line":83,"column":null}},{"start":{},"end":{}}],"line":83}},"s":{"0":2,"1":2,"2":58,"3":58,"4":58,"5":26,"6":2,"7":24,"8":1,"9":23,"10":32,"11":15,"12":17,"13":2,"14":15,"15":2,"16":13,"17":13,"18":1,"19":12,"20":4,"21":8,"22":21,"23":21,"24":19,"25":19,"26":13,"27":19,"28":19,"29":3,"30":21,"31":22,"32":22,"33":22,"34":2,"35":20,"36":20,"37":4,"38":4,"39":2,"40":18,"41":7,"42":11,"43":22,"44":8,"45":3},"f":{"0":58,"1":21,"2":22},"b":{"0":[58,43],"1":[26,32],"2":[2,24],"3":[1,23],"4":[24,6],"5":[15,17],"6":[2,15],"7":[2,13],"8":[15,3],"9":[3,0],"10":[1,12],"11":[4,8],"12":[12,11,11,10,9],"13":[21],"14":[13,6],"15":[3,16],"16":[2,20],"17":[4,16],"18":[2,2],"19":[2,1],"20":[7,11],"21":[7,6,5,1],"22":[11,0],"23":[8,14]},"meta":{"lastBranch":24,"lastFunction":3,"lastStatement":46,"seen":{"s:1:26:6:Infinity":0,"s:8:25:11:Infinity":1,"f:13:16:13:31":0,"s:14:14:14:Infinity":2,"s:15:8:15:Infinity":3,"b:15:16:15:43:15:43:15:47":0,"b:17:2:21:Infinity:undefined:undefined:undefined:undefined":1,"s:17:2:21:Infinity":4,"b:18:4:18:Infinity:undefined:undefined:undefined:undefined":2,"s:18:4:18:Infinity":5,"s:18:43:18:Infinity":6,"b:19:4:19:Infinity:undefined:undefined:undefined:undefined":3,"s:19:4:19:Infinity":7,"b:19:8:19:28:19:28:19:71":4,"s:19:71:19:Infinity":8,"s:20:4:20:Infinity":9,"b:23:2:23:Infinity:undefined:undefined:undefined:undefined":5,"s:23:2:23:Infinity":10,"s:23:35:23:Infinity":11,"b:25:2:25:Infinity:undefined:undefined:undefined:undefined":6,"s:25:2:25:Infinity":12,"s:25:62:25:Infinity":13,"b:27:2:28:Infinity:undefined:undefined:undefined:undefined":7,"s:27:2:28:Infinity":14,"b:27:6:27:37:27:37:27:Infinity":8,"b:27:46:27:77:27:77:27:82":9,"s:28:4:28:Infinity":15,"s:30:2:32:Infinity":16,"b:31:4:31:Infinity:undefined:undefined:undefined:undefined":10,"s:31:4:31:Infinity":17,"s:31:58:31:Infinity":18,"b:34:2:41:Infinity:undefined:undefined:undefined:undefined":11,"s:34:2:41:Infinity":19,"b:35:5:35:Infinity:36:4:36:Infinity:37:4:37:Infinity:38:4:38:Infinity:39:4:39:Infinity":12,"s:41:4:41:Infinity":20,"s:43:2:43:Infinity":21,"f:47:16:47:37":1,"b:47:70:47:85":13,"s:48:17:48:Infinity":22,"s:50:2:57:Infinity":23,"s:51:15:51:Infinity":24,"b:52:4:52:Infinity:undefined:undefined:undefined:undefined":14,"s:52:4:52:Infinity":25,"s:52:28:52:Infinity":26,"s:53:24:53:Infinity":27,"b:54:4:56:Infinity:undefined:undefined:undefined:undefined":15,"s:54:4:56:Infinity":28,"s:55:6:55:Infinity":29,"s:58:2:58:Infinity":30,"f:61:16:61:25":2,"s:62:14:62:Infinity":31,"s:64:20:64:Infinity":32,"b:65:2:65:Infinity:undefined:undefined:undefined:undefined":16,"s:65:2:65:Infinity":33,"s:65:17:65:Infinity":34,"s:67:25:67:Infinity":35,"b:68:2:71:Infinity:undefined:undefined:undefined:undefined":17,"s:68:2:71:Infinity":36,"s:69:16:69:Infinity":37,"b:70:4:70:Infinity:undefined:undefined:undefined:undefined":18,"s:70:4:70:Infinity":38,"s:70:13:70:Infinity":39,"b:70:21:70:40:70:40:70:44":19,"b:73:2:80:Infinity:undefined:undefined:undefined:undefined":20,"s:73:2:80:Infinity":40,"s:74:4:79:Infinity":41,"b:75:7:75:Infinity:76:7:76:Infinity:77:7:77:Infinity:78:6:78:Infinity":21,"s:82:8:82:Infinity":42,"b:82:16:82:34:82:34:82:38":22,"b:83:2:83:Infinity:undefined:undefined:undefined:undefined":23,"s:83:2:83:Infinity":43,"s:83:12:83:Infinity":44,"s:85:2:85:Infinity":45}}}
,"/home/runner/work/Opticlick/Opticlick/src/entrypoints/content/overlay.ts": {"path":"/home/runner/work/Opticlick/Opticlick/src/entrypoints/content/overlay.ts","statementMap":{"0":{"start":{"line":6,"column":18},"end":{"line":6,"column":null}},"1":{"start":{"line":9,"column":2},"end":{"line":9,"column":null}},"2":{"start":{"line":13,"column":2},"end":{"line":13,"column":null}},"3":{"start":{"line":15,"column":16},"end":{"line":15,"column":null}},"4":{"start":{"line":16,"column":14},"end":{"line":16,"column":null}},"5":{"start":{"line":17,"column":16},"end":{"line":17,"column":null}},"6":{"start":{"line":18,"column":17},"end":{"line":18,"column":null}},"7":{"start":{"line":20,"column":15},"end":{"line":20,"column":null}},"8":{"start":{"line":21,"column":8},"end":{"line":21,"column":null}},"9":{"start":{"line":23,"column":2},"end":{"line":25,"column":null}},"10":{"start":{"line":27,"column":69},"end":{"line":27,"column":null}},"11":{"start":{"line":28,"column":15},"end":{"line":28,"column":null}},"12":{"start":{"line":30,"column":2},"end":{"line":35,"column":null}},"13":{"start":{"line":31,"column":10},"end":{"line":31,"column":null}},"14":{"start":{"line":32,"column":4},"end":{"line":32,"column":null}},"15":{"start":{"line":32,"column":15},"end":{"line":32,"column":null}},"16":{"start":{"line":33,"column":4},"end":{"line":33,"column":null}},"17":{"start":{"line":33,"column":35},"end":{"line":33,"column":null}},"18":{"start":{"line":34,"column":4},"end":{"line":34,"column":null}},"19":{"start":{"line":37,"column":2},"end":{"line":37,"column":null}},"20":{"start":{"line":39,"column":17},"end":{"line":39,"column":null}},"21":{"start":{"line":40,"column":2},"end":{"line":40,"column":null}},"22":{"start":{"line":41,"column":2},"end":{"line":41,"column":null}},"23":{"start":{"line":42,"column":2},"end":{"line":42,"column":null}},"24":{"start":{"line":43,"column":2},"end":{"line":43,"column":null}},"25":{"start":{"line":44,"column":2},"end":{"line":48,"column":null}},"26":{"start":{"line":53,"column":2},"end":{"line":53,"column":null}},"27":{"start":{"line":55,"column":14},"end":{"line":55,"column":null}},"28":{"start":{"line":56,"column":2},"end":{"line":56,"column":null}},"29":{"start":{"line":56,"column":12},"end":{"line":56,"column":null}},"30":{"start":{"line":57,"column":2},"end":{"line":57,"column":null}},"31":{"start":{"line":59,"column":43},"end":{"line":59,"column":null}},"32":{"start":{"line":61,"column":2},"end":{"line":110,"column":null}},"33":{"start":{"line":62,"column":14},"end":{"line":62,"column":null}},"34":{"start":{"line":63,"column":14},"end":{"line":63,"column":null}},"35":{"start":{"line":64,"column":14},"end":{"line":64,"column":null}},"36":{"start":{"line":65,"column":14},"end":{"line":65,"column":null}},"37":{"start":{"line":67,"column":4},"end":{"line":67,"column":null}},"38":{"start":{"line":68,"column":4},"end":{"line":68,"column":null}},"39":{"start":{"line":69,"column":4},"end":{"line":69,"column":null}},"40":{"start":{"line":71,"column":4},"end":{"line":71,"column":null}},"41":{"start":{"line":72,"column":4},"end":{"line":72,"column":null}},"42":{"start":{"line":74,"column":18},"end":{"line":74,"column":null}},"43":{"start":{"line":75,"column":19},"end":{"line":75,"column":null}},"44":{"start":{"line":76,"column":19},"end":{"line":76,"column":null}},"45":{"start":{"line":77,"column":19},"end":{"line":77,"column":null}},"46":{"start":{"line":78,"column":19},"end":{"line":78,"column":null}},"47":{"start":{"line":80,"column":4},"end":{"line":80,"column":null}},"48":{"start":{"line":81,"column":4},"end":{"line":81,"column":null}},"49":{"start":{"line":82,"column":4},"end":{"line":86,"column":null}},"50":{"start":{"line":83,"column":6},"end":{"line":83,"column":null}},"51":{"start":{"line":85,"column":6},"end":{"line":85,"column":null}},"52":{"start":{"line":87,"column":4},"end":{"line":87,"column":null}},"53":{"start":{"line":89,"column":4},"end":{"line":89,"column":null}},"54":{"start":{"line":90,"column":4},"end":{"line":90,"column":null}},"55":{"start":{"line":91,"column":4},"end":{"line":91,"column":null}},"56":{"start":{"line":92,"column":4},"end":{"line":92,"column":null}},"57":{"start":{"line":94,"column":16},"end":{"line":94,"column":null}},"58":{"start":{"line":95,"column":4},"end":{"line":109,"column":null}},"59":{"start":{"line":112,"column":2},"end":{"line":112,"column":null}}},"fnMap":{"0":{"name":"destroyOverlay","decl":{"start":{"line":8,"column":16},"end":{"line":8,"column":39}},"loc":{"start":{"line":8,"column":39},"end":{"line":10,"column":null}},"line":8},"1":{"name":"drawOverlay","decl":{"start":{"line":12,"column":22},"end":{"line":12,"column":64}},"loc":{"start":{"line":12,"column":64},"end":{"line":113,"column":null}},"line":12}},"branchMap":{"0":{"loc":{"start":{"line":16,"column":14},"end":{"line":16,"column":null}},"type":"binary-expr","locations":[{"start":{"line":16,"column":14},"end":{"line":16,"column":41}},{"start":{"line":16,"column":41},"end":{"line":16,"column":null}}],"line":16},"1":{"loc":{"start":{"line":20,"column":15},"end":{"line":20,"column":null}},"type":"binary-expr","locations":[{"start":{"line":20,"column":15},"end":{"line":20,"column":32}},{"start":{"line":20,"column":32},"end":{"line":20,"column":null}}],"line":20},"2":{"loc":{"start":{"line":24,"column":89},"end":{"line":24,"column":129}},"type":"cond-expr","locations":[{"start":{"line":24,"column":113},"end":{"line":24,"column":121}},{"start":{"line":24,"column":121},"end":{"line":24,"column":129}}],"line":24},"3":{"loc":{"start":{"line":32,"column":4},"end":{"line":32,"column":null}},"type":"if","locations":[{"start":{"line":32,"column":4},"end":{"line":32,"column":null}},{"start":{},"end":{}}],"line":32},"4":{"loc":{"start":{"line":33,"column":4},"end":{"line":33,"column":null}},"type":"if","locations":[{"start":{"line":33,"column":4},"end":{"line":33,"column":null}},{"start":{},"end":{}}],"line":33},"5":{"loc":{"start":{"line":53,"column":3},"end":{"line":53,"column":46}},"type":"binary-expr","locations":[{"start":{"line":53,"column":3},"end":{"line":53,"column":20}},{"start":{"line":53,"column":20},"end":{"line":53,"column":46}}],"line":53},"6":{"loc":{"start":{"line":56,"column":2},"end":{"line":56,"column":null}},"type":"if","locations":[{"start":{"line":56,"column":2},"end":{"line":56,"column":null}},{"start":{},"end":{}}],"line":56},"7":{"loc":{"start":{"line":82,"column":4},"end":{"line":86,"column":null}},"type":"if","locations":[{"start":{"line":82,"column":4},"end":{"line":86,"column":null}},{"start":{"line":84,"column":11},"end":{"line":86,"column":null}}],"line":82},"8":{"loc":{"start":{"line":99,"column":10},"end":{"line":99,"column":null}},"type":"binary-expr","locations":[{"start":{"line":99,"column":10},"end":{"line":99,"column":25}},{"start":{"line":99,"column":25},"end":{"line":99,"column":null}}],"line":99},"9":{"loc":{"start":{"line":100,"column":10},"end":{"line":100,"column":null}},"type":"binary-expr","locations":[{"start":{"line":100,"column":10},"end":{"line":100,"column":29}},{"start":{"line":100,"column":29},"end":{"line":100,"column":null}}],"line":100},"10":{"loc":{"start":{"line":100,"column":44},"end":{"line":100,"column":84}},"type":"binary-expr","locations":[{"start":{"line":100,"column":44},"end":{"line":100,"column":76}},{"start":{"line":100,"column":76},"end":{"line":100,"column":84}}],"line":100}},"s":{"0":1,"1":13,"2":11,"3":11,"4":11,"5":11,"6":11,"7":11,"8":11,"9":11,"10":11,"11":11,"12":11,"13":5,"14":5,"15":0,"16":5,"17":0,"18":5,"19":11,"20":11,"21":11,"22":11,"23":11,"24":11,"25":11,"26":11,"27":11,"28":11,"29":0,"30":11,"31":11,"32":11,"33":5,"34":5,"35":5,"36":5,"37":5,"38":5,"39":5,"40":5,"41":5,"42":5,"43":5,"44":5,"45":5,"46":5,"47":5,"48":5,"49":5,"50":0,"51":5,"52":5,"53":5,"54":5,"55":5,"56":5,"57":5,"58":5,"59":11},"f":{"0":13,"1":11},"b":{"0":[11,0],"1":[11,0],"2":[11,0],"3":[0,5],"4":[0,5],"5":[11,0],"6":[0,11],"7":[0,5],"8":[5,0],"9":[5,1],"10":[1,0]},"meta":{"lastBranch":11,"lastFunction":2,"lastStatement":60,"seen":{"s:6:18:6:Infinity":0,"f:8:16:8:39":0,"s:9:2:9:Infinity":1,"f:12:22:12:64":1,"s:13:2:13:Infinity":2,"s:15:16:15:Infinity":3,"s:16:14:16:Infinity":4,"b:16:14:16:41:16:41:16:Infinity":0,"s:17:16:17:Infinity":5,"s:18:17:18:Infinity":6,"s:20:15:20:Infinity":7,"b:20:15:20:32:20:32:20:Infinity":1,"s:21:8:21:Infinity":8,"s:23:2:25:Infinity":9,"b:24:113:24:121:24:121:24:129":2,"s:27:69:27:Infinity":10,"s:28:15:28:Infinity":11,"s:30:2:35:Infinity":12,"s:31:10:31:Infinity":13,"b:32:4:32:Infinity:undefined:undefined:undefined:undefined":3,"s:32:4:32:Infinity":14,"s:32:15:32:Infinity":15,"b:33:4:33:Infinity:undefined:undefined:undefined:undefined":4,"s:33:4:33:Infinity":16,"s:33:35:33:Infinity":17,"s:34:4:34:Infinity":18,"s:37:2:37:Infinity":19,"s:39:17:39:Infinity":20,"s:40:2:40:Infinity":21,"s:41:2:41:Infinity":22,"s:42:2:42:Infinity":23,"s:43:2:43:Infinity":24,"s:44:2:48:Infinity":25,"s:53:2:53:Infinity":26,"b:53:3:53:20:53:20:53:46":5,"s:55:14:55:Infinity":27,"b:56:2:56:Infinity:undefined:undefined:undefined:undefined":6,"s:56:2:56:Infinity":28,"s:56:12:56:Infinity":29,"s:57:2:57:Infinity":30,"s:59:43:59:Infinity":31,"s:61:2:110:Infinity":32,"s:62:14:62:Infinity":33,"s:63:14:63:Infinity":34,"s:64:14:64:Infinity":35,"s:65:14:65:Infinity":36,"s:67:4:67:Infinity":37,"s:68:4:68:Infinity":38,"s:69:4:69:Infinity":39,"s:71:4:71:Infinity":40,"s:72:4:72:Infinity":41,"s:74:18:74:Infinity":42,"s:75:19:75:Infinity":43,"s:76:19:76:Infinity":44,"s:77:19:77:Infinity":45,"s:78:19:78:Infinity":46,"s:80:4:80:Infinity":47,"s:81:4:81:Infinity":48,"b:82:4:86:Infinity:84:11:86:Infinity":7,"s:82:4:86:Infinity":49,"s:83:6:83:Infinity":50,"s:85:6:85:Infinity":51,"s:87:4:87:Infinity":52,"s:89:4:89:Infinity":53,"s:90:4:90:Infinity":54,"s:91:4:91:Infinity":55,"s:92:4:92:Infinity":56,"s:94:16:94:Infinity":57,"s:95:4:109:Infinity":58,"b:99:10:99:25:99:25:99:Infinity":8,"b:100:10:100:29:100:29:100:Infinity":9,"b:100:44:100:76:100:76:100:84":10,"s:112:2:112:Infinity":59}}}
,"/home/runner/work/Opticlick/Opticlick/src/entrypoints/content/theme.ts": {"path":"/home/runner/work/Opticlick/Opticlick/src/entrypoints/content/theme.ts","statementMap":{"0":{"start":{"line":17,"column":28},"end":{"line":24,"column":null}},"1":{"start":{"line":26,"column":27},"end":{"line":33,"column":null}},"2":{"start":{"line":36,"column":2},"end":{"line":41,"column":null}},"3":{"start":{"line":37,"column":19},"end":{"line":37,"column":null}},"4":{"start":{"line":38,"column":4},"end":{"line":38,"column":null}},"5":{"start":{"line":40,"column":4},"end":{"line":40,"column":null}}},"fnMap":{"0":{"name":"getTheme","decl":{"start":{"line":35,"column":22},"end":{"line":35,"column":56}},"loc":{"start":{"line":35,"column":56},"end":{"line":42,"column":null}},"line":35}},"branchMap":{"0":{"loc":{"start":{"line":38,"column":11},"end":{"line":38,"column":null}},"type":"cond-expr","locations":[{"start":{"line":38,"column":49},"end":{"line":38,"column":56}},{"start":{"line":38,"column":56},"end":{"line":38,"column":null}}],"line":38}},"s":{"0":3,"1":3,"2":35,"3":35,"4":34,"5":1},"f":{"0":35},"b":{"0":[3,31]},"meta":{"lastBranch":1,"lastFunction":1,"lastStatement":6,"seen":{"s:17:28:24:Infinity":0,"s:26:27:33:Infinity":1,"f:35:22:35:56":0,"s:36:2:41:Infinity":2,"s:37:19:37:Infinity":3,"s:38:4:38:Infinity":4,"b:38:49:38:56:38:56:38:Infinity":0,"s:40:4:40:Infinity":5}}}
,"/home/runner/work/Opticlick/Opticlick/src/entrypoints/content/visibility.ts": {"path":"/home/runner/work/Opticlick/Opticlick/src/entrypoints/content/visibility.ts","statementMap":{"0":{"start":{"line":3,"column":2},"end":{"line":7,"column":null}},"1":{"start":{"line":4,"column":4},"end":{"line":4,"column":null}},"2":{"start":{"line":6,"column":4},"end":{"line":6,"column":null}},"3":{"start":{"line":9,"column":2},"end":{"line":9,"column":null}},"4":{"start":{"line":9,"column":43},"end":{"line":9,"column":null}},"5":{"start":{"line":10,"column":2},"end":{"line":10,"column":null}},"6":{"start":{"line":10,"column":41},"end":{"line":10,"column":null}},"7":{"start":{"line":11,"column":2},"end":{"line":11,"column":null}},"8":{"start":{"line":11,"column":70},"end":{"line":11,"column":null}},"9":{"start":{"line":13,"column":2},"end":{"line":21,"column":null}},"10":{"start":{"line":14,"column":18},"end":{"line":14,"column":null}},"11":{"start":{"line":15,"column":4},"end":{"line":20,"column":null}},"12":{"start":{"line":20,"column":6},"end":{"line":20,"column":null}},"13":{"start":{"line":23,"column":2},"end":{"line":23,"column":null}},"14":{"start":{"line":27,"column":37},"end":{"line":31,"column":null}},"15":{"start":{"line":33,"column":2},"end":{"line":39,"column":null}},"16":{"start":{"line":34,"column":4},"end":{"line":38,"column":null}},"17":{"start":{"line":35,"column":18},"end":{"line":35,"column":null}},"18":{"start":{"line":36,"column":6},"end":{"line":36,"column":null}},"19":{"start":{"line":36,"column":16},"end":{"line":36,"column":null}},"20":{"start":{"line":37,"column":6},"end":{"line":37,"column":null}},"21":{"start":{"line":37,"column":62},"end":{"line":37,"column":null}},"22":{"start":{"line":40,"column":2},"end":{"line":40,"column":null}}},"fnMap":{"0":{"name":"getVisibleRect","decl":{"start":{"line":1,"column":16},"end":{"line":1,"column":31}},"loc":{"start":{"line":1,"column":60},"end":{"line":24,"column":null}},"line":1},"1":{"name":"isTopElementAt","decl":{"start":{"line":26,"column":16},"end":{"line":26,"column":31}},"loc":{"start":{"line":26,"column":68},"end":{"line":41,"column":null}},"line":26}},"branchMap":{"0":{"loc":{"start":{"line":9,"column":2},"end":{"line":9,"column":null}},"type":"if","locations":[{"start":{"line":9,"column":2},"end":{"line":9,"column":null}},{"start":{},"end":{}}],"line":9},"1":{"loc":{"start":{"line":9,"column":6},"end":{"line":9,"column":43}},"type":"binary-expr","locations":[{"start":{"line":9,"column":6},"end":{"line":9,"column":25}},{"start":{"line":9,"column":25},"end":{"line":9,"column":43}}],"line":9},"2":{"loc":{"start":{"line":10,"column":2},"end":{"line":10,"column":null}},"type":"if","locations":[{"start":{"line":10,"column":2},"end":{"line":10,"column":null}},{"start":{},"end":{}}],"line":10},"3":{"loc":{"start":{"line":10,"column":6},"end":{"line":10,"column":41}},"type":"binary-expr","locations":[{"start":{"line":10,"column":6},"end":{"line":10,"column":25}},{"start":{"line":10,"column":25},"end":{"line":10,"column":41}}],"line":10},"4":{"loc":{"start":{"line":11,"column":2},"end":{"line":11,"column":null}},"type":"if","locations":[{"start":{"line":11,"column":2},"end":{"line":11,"column":null}},{"start":{},"end":{}}],"line":11},"5":{"loc":{"start":{"line":11,"column":6},"end":{"line":11,"column":70}},"type":"binary-expr","locations":[{"start":{"line":11,"column":6},"end":{"line":11,"column":39}},{"start":{"line":11,"column":39},"end":{"line":11,"column":70}}],"line":11},"6":{"loc":{"start":{"line":15,"column":4},"end":{"line":20,"column":null}},"type":"if","locations":[{"start":{"line":15,"column":4},"end":{"line":20,"column":null}},{"start":{},"end":{}}],"line":15},"7":{"loc":{"start":{"line":16,"column":6},"end":{"line":18,"column":null}},"type":"binary-expr","locations":[{"start":{"line":16,"column":6},"end":{"line":16,"column":null}},{"start":{"line":17,"column":6},"end":{"line":17,"column":null}},{"start":{"line":18,"column":6},"end":{"line":18,"column":null}}],"line":16},"8":{"loc":{"start":{"line":36,"column":6},"end":{"line":36,"column":null}},"type":"if","locations":[{"start":{"line":36,"column":6},"end":{"line":36,"column":null}},{"start":{},"end":{}}],"line":36},"9":{"loc":{"start":{"line":37,"column":6},"end":{"line":37,"column":null}},"type":"if","locations":[{"start":{"line":37,"column":6},"end":{"line":37,"column":null}},{"start":{},"end":{}}],"line":37},"10":{"loc":{"start":{"line":37,"column":10},"end":{"line":37,"column":62}},"type":"binary-expr","locations":[{"start":{"line":37,"column":10},"end":{"line":37,"column":24}},{"start":{"line":37,"column":24},"end":{"line":37,"column":44}},{"start":{"line":37,"column":44},"end":{"line":37,"column":62}}],"line":37}},"s":{"0":18,"1":18,"2":1,"3":17,"4":2,"5":15,"6":2,"7":13,"8":2,"9":11,"10":11,"11":11,"12":3,"13":8,"14":13,"15":13,"16":21,"17":21,"18":21,"19":3,"20":13,"21":10,"22":3},"f":{"0":18,"1":13},"b":{"0":[2,15],"1":[17,16],"2":[2,13],"3":[15,14],"4":[2,11],"5":[13,12],"6":[3,8],"7":[11,10,9],"8":[3,18],"9":[10,3],"10":[13,5,4]},"meta":{"lastBranch":11,"lastFunction":2,"lastStatement":23,"seen":{"f:1:16:1:31":0,"s:3:2:7:Infinity":0,"s:4:4:4:Infinity":1,"s:6:4:6:Infinity":2,"b:9:2:9:Infinity:undefined:undefined:undefined:undefined":0,"s:9:2:9:Infinity":3,"b:9:6:9:25:9:25:9:43":1,"s:9:43:9:Infinity":4,"b:10:2:10:Infinity:undefined:undefined:undefined:undefined":2,"s:10:2:10:Infinity":5,"b:10:6:10:25:10:25:10:41":3,"s:10:41:10:Infinity":6,"b:11:2:11:Infinity:undefined:undefined:undefined:undefined":4,"s:11:2:11:Infinity":7,"b:11:6:11:39:11:39:11:70":5,"s:11:70:11:Infinity":8,"s:13:2:21:Infinity":9,"s:14:18:14:Infinity":10,"b:15:4:20:Infinity:undefined:undefined:undefined:undefined":6,"s:15:4:20:Infinity":11,"b:16:6:16:Infinity:17:6:17:Infinity:18:6:18:Infinity":7,"s:20:6:20:Infinity":12,"s:23:2:23:Infinity":13,"f:26:16:26:31":1,"s:27:37:31:Infinity":14,"s:33:2:39:Infinity":15,"s:34:4:38:Infinity":16,"s:35:18:35:Infinity":17,"b:36:6:36:Infinity:undefined:undefined:undefined:undefined":8,"s:36:6:36:Infinity":18,"s:36:16:36:Infinity":19,"b:37:6:37:Infinity:undefined:undefined:undefined:undefined":9,"s:37:6:37:Infinity":20,"b:37:10:37:24:37:24:37:44:37:44:37:62":10,"s:37:62:37:Infinity":21,"s:40:2:40:Infinity":22}}}
,"/home/runner/work/Opticlick/Opticlick/src/entrypoints/content/handlers/get-element-dom.ts": {"path":"/home/runner/work/Opticlick/Opticlick/src/entrypoints/content/handlers/get-element-dom.ts","statementMap":{"0":{"start":{"line":10,"column":19},"end":{"line":10,"column":null}},"1":{"start":{"line":15,"column":21},"end":{"line":15,"column":null}},"2":{"start":{"line":16,"column":36},"end":{"line":16,"column":null}},"3":{"start":{"line":17,"column":16},"end":{"line":17,"column":null}},"4":{"start":{"line":18,"column":2},"end":{"line":29,"column":null}},"5":{"start":{"line":19,"column":4},"end":{"line":19,"column":null}},"6":{"start":{"line":19,"column":38},"end":{"line":19,"column":null}},"7":{"start":{"line":20,"column":14},"end":{"line":20,"column":null}},"8":{"start":{"line":21,"column":4},"end":{"line":21,"column":null}},"9":{"start":{"line":21,"column":41},"end":{"line":21,"column":null}},"10":{"start":{"line":22,"column":15},"end":{"line":22,"column":null}},"11":{"start":{"line":23,"column":15},"end":{"line":23,"column":null}},"12":{"start":{"line":24,"column":17},"end":{"line":24,"column":null}},"13":{"start":{"line":25,"column":4},"end":{"line":28,"column":null}},"14":{"start":{"line":26,"column":6},"end":{"line":26,"column":null}},"15":{"start":{"line":27,"column":6},"end":{"line":27,"column":null}},"16":{"start":{"line":31,"column":2},"end":{"line":34,"column":null}},"17":{"start":{"line":32,"column":4},"end":{"line":32,"column":null}},"18":{"start":{"line":33,"column":4},"end":{"line":33,"column":null}},"19":{"start":{"line":36,"column":20},"end":{"line":36,"column":null}},"20":{"start":{"line":37,"column":15},"end":{"line":37,"column":null}},"21":{"start":{"line":38,"column":20},"end":{"line":38,"column":null}},"22":{"start":{"line":39,"column":2},"end":{"line":44,"column":null}}},"fnMap":{"0":{"name":"handleGetElementDom","decl":{"start":{"line":6,"column":16},"end":{"line":6,"column":null}},"loc":{"start":{"line":9,"column":8},"end":{"line":45,"column":null}},"line":9}},"branchMap":{"0":{"loc":{"start":{"line":19,"column":4},"end":{"line":19,"column":null}},"type":"if","locations":[{"start":{"line":19,"column":4},"end":{"line":19,"column":null}},{"start":{},"end":{}}],"line":19},"1":{"loc":{"start":{"line":21,"column":4},"end":{"line":21,"column":null}},"type":"if","locations":[{"start":{"line":21,"column":4},"end":{"line":21,"column":null}},{"start":{},"end":{}}],"line":21},"2":{"loc":{"start":{"line":21,"column":8},"end":{"line":21,"column":41}},"type":"binary-expr","locations":[{"start":{"line":21,"column":8},"end":{"line":21,"column":25}},{"start":{"line":21,"column":25},"end":{"line":21,"column":41}}],"line":21},"3":{"loc":{"start":{"line":25,"column":4},"end":{"line":28,"column":null}},"type":"if","locations":[{"start":{"line":25,"column":4},"end":{"line":28,"column":null}},{"start":{},"end":{}}],"line":25},"4":{"loc":{"start":{"line":31,"column":2},"end":{"line":34,"column":null}},"type":"if","locations":[{"start":{"line":31,"column":2},"end":{"line":34,"column":null}},{"start":{},"end":{}}],"line":31},"5":{"loc":{"start":{"line":41,"column":15},"end":{"line":41,"column":null}},"type":"cond-expr","locations":[{"start":{"line":41,"column":27},"end":{"line":41,"column":81}},{"start":{"line":41,"column":81},"end":{"line":41,"column":null}}],"line":41}},"s":{"0":4,"1":4,"2":4,"3":4,"4":4,"5":17,"6":0,"7":17,"8":17,"9":13,"10":4,"11":4,"12":4,"13":4,"14":3,"15":3,"16":4,"17":1,"18":1,"19":3,"20":3,"21":3,"22":3},"f":{"0":4},"b":{"0":[0,17],"1":[13,4],"2":[17,13],"3":[3,1],"4":[1,3],"5":[1,2]},"meta":{"lastBranch":6,"lastFunction":1,"lastStatement":23,"seen":{"f:6:16:6:Infinity":0,"s:10:19:10:Infinity":0,"s:15:21:15:Infinity":1,"s:16:36:16:Infinity":2,"s:17:16:17:Infinity":3,"s:18:2:29:Infinity":4,"b:19:4:19:Infinity:undefined:undefined:undefined:undefined":0,"s:19:4:19:Infinity":5,"s:19:38:19:Infinity":6,"s:20:14:20:Infinity":7,"b:21:4:21:Infinity:undefined:undefined:undefined:undefined":1,"s:21:4:21:Infinity":8,"b:21:8:21:25:21:25:21:41":2,"s:21:41:21:Infinity":9,"s:22:15:22:Infinity":10,"s:23:15:23:Infinity":11,"s:24:17:24:Infinity":12,"b:25:4:28:Infinity:undefined:undefined:undefined:undefined":3,"s:25:4:28:Infinity":13,"s:26:6:26:Infinity":14,"s:27:6:27:Infinity":15,"b:31:2:34:Infinity:undefined:undefined:undefined:undefined":4,"s:31:2:34:Infinity":16,"s:32:4:32:Infinity":17,"s:33:4:33:Infinity":18,"s:36:20:36:Infinity":19,"s:37:15:37:Infinity":20,"s:38:20:38:Infinity":21,"s:39:2:44:Infinity":22,"b:41:27:41:81:41:81:41:Infinity":5}}}
,"/home/runner/work/Opticlick/Opticlick/src/entrypoints/content/handlers/upload-file.ts": {"path":"/home/runner/work/Opticlick/Opticlick/src/entrypoints/content/handlers/upload-file.ts","statementMap":{"0":{"start":{"line":16,"column":51},"end":{"line":16,"column":null}},"1":{"start":{"line":21,"column":21},"end":{"line":23,"column":null}},"2":{"start":{"line":25,"column":40},"end":{"line":25,"column":null}},"3":{"start":{"line":27,"column":2},"end":{"line":46,"column":null}},"4":{"start":{"line":29,"column":4},"end":{"line":29,"column":null}},"5":{"start":{"line":30,"column":2},"end":{"line":46,"column":null}},"6":{"start":{"line":32,"column":18},"end":{"line":32,"column":null}},"7":{"start":{"line":33,"column":4},"end":{"line":43,"column":null}},"8":{"start":{"line":34,"column":16},"end":{"line":34,"column":null}},"9":{"start":{"line":35,"column":6},"end":{"line":35,"column":null}},"10":{"start":{"line":35,"column":43},"end":{"line":35,"column":null}},"11":{"start":{"line":36,"column":17},"end":{"line":36,"column":null}},"12":{"start":{"line":37,"column":17},"end":{"line":37,"column":null}},"13":{"start":{"line":38,"column":19},"end":{"line":38,"column":null}},"14":{"start":{"line":39,"column":6},"end":{"line":42,"column":null}},"15":{"start":{"line":40,"column":8},"end":{"line":40,"column":null}},"16":{"start":{"line":41,"column":8},"end":{"line":41,"column":null}},"17":{"start":{"line":45,"column":4},"end":{"line":45,"column":null}},"18":{"start":{"line":45,"column":17},"end":{"line":45,"column":null}},"19":{"start":{"line":48,"column":2},"end":{"line":51,"column":null}},"20":{"start":{"line":49,"column":4},"end":{"line":49,"column":null}},"21":{"start":{"line":50,"column":4},"end":{"line":50,"column":null}},"22":{"start":{"line":53,"column":2},"end":{"line":114,"column":null}},"23":{"start":{"line":55,"column":19},"end":{"line":55,"column":null}},"24":{"start":{"line":56,"column":18},"end":{"line":56,"column":null}},"25":{"start":{"line":57,"column":4},"end":{"line":57,"column":null}},"26":{"start":{"line":57,"column":17},"end":{"line":57,"column":20}},"27":{"start":{"line":57,"column":44},"end":{"line":57,"column":null}},"28":{"start":{"line":58,"column":17},"end":{"line":58,"column":null}},"29":{"start":{"line":60,"column":15},"end":{"line":60,"column":null}},"30":{"start":{"line":61,"column":4},"end":{"line":61,"column":null}},"31":{"start":{"line":64,"column":25},"end":{"line":67,"column":null}},"32":{"start":{"line":68,"column":4},"end":{"line":69,"column":null}},"33":{"start":{"line":68,"column":22},"end":{"line":68,"column":null}},"34":{"start":{"line":69,"column":9},"end":{"line":69,"column":null}},"35":{"start":{"line":71,"column":4},"end":{"line":71,"column":null}},"36":{"start":{"line":72,"column":4},"end":{"line":72,"column":null}},"37":{"start":{"line":79,"column":39},"end":{"line":79,"column":null}},"38":{"start":{"line":80,"column":4},"end":{"line":84,"column":null}},"39":{"start":{"line":81,"column":16},"end":{"line":81,"column":null}},"40":{"start":{"line":82,"column":6},"end":{"line":82,"column":null}},"41":{"start":{"line":82,"column":43},"end":{"line":82,"column":null}},"42":{"start":{"line":83,"column":6},"end":{"line":83,"column":null}},"43":{"start":{"line":85,"column":4},"end":{"line":100,"column":null}},"44":{"start":{"line":87,"column":21},"end":{"line":87,"column":null}},"45":{"start":{"line":88,"column":20},"end":{"line":88,"column":null}},"46":{"start":{"line":89,"column":6},"end":{"line":99,"column":null}},"47":{"start":{"line":90,"column":18},"end":{"line":90,"column":null}},"48":{"start":{"line":91,"column":8},"end":{"line":91,"column":null}},"49":{"start":{"line":91,"column":43},"end":{"line":91,"column":null}},"50":{"start":{"line":92,"column":19},"end":{"line":92,"column":null}},"51":{"start":{"line":93,"column":19},"end":{"line":93,"column":null}},"52":{"start":{"line":94,"column":21},"end":{"line":94,"column":null}},"53":{"start":{"line":95,"column":8},"end":{"line":98,"column":null}},"54":{"start":{"line":96,"column":10},"end":{"line":96,"column":null}},"55":{"start":{"line":97,"column":10},"end":{"line":97,"column":null}},"56":{"start":{"line":102,"column":4},"end":{"line":109,"column":null}},"57":{"start":{"line":103,"column":21},"end":{"line":103,"column":null}},"58":{"start":{"line":104,"column":6},"end":{"line":104,"column":null}},"59":{"start":{"line":105,"column":19},"end":{"line":105,"column":null}},"60":{"start":{"line":106,"column":6},"end":{"line":106,"column":null}},"61":{"start":{"line":107,"column":6},"end":{"line":107,"column":null}},"62":{"start":{"line":108,"column":6},"end":{"line":108,"column":null}},"63":{"start":{"line":111,"column":4},"end":{"line":111,"column":null}},"64":{"start":{"line":113,"column":4},"end":{"line":113,"column":null}}},"fnMap":{"0":{"name":"handleUploadFile","decl":{"start":{"line":6,"column":16},"end":{"line":6,"column":null}},"loc":{"start":{"line":15,"column":8},"end":{"line":115,"column":null}},"line":15}},"branchMap":{"0":{"loc":{"start":{"line":27,"column":2},"end":{"line":46,"column":null}},"type":"if","locations":[{"start":{"line":27,"column":2},"end":{"line":46,"column":null}},{"start":{"line":30,"column":2},"end":{"line":46,"column":null}}],"line":27},"1":{"loc":{"start":{"line":30,"column":2},"end":{"line":46,"column":null}},"type":"if","locations":[{"start":{"line":30,"column":2},"end":{"line":46,"column":null}},{"start":{},"end":{}}],"line":30},"2":{"loc":{"start":{"line":35,"column":6},"end":{"line":35,"column":null}},"type":"if","locations":[{"start":{"line":35,"column":6},"end":{"line":35,"column":null}},{"start":{},"end":{}}],"line":35},"3":{"loc":{"start":{"line":35,"column":10},"end":{"line":35,"column":43}},"type":"binary-expr","locations":[{"start":{"line":35,"column":10},"end":{"line":35,"column":27}},{"start":{"line":35,"column":27},"end":{"line":35,"column":43}}],"line":35},"4":{"loc":{"start":{"line":39,"column":6},"end":{"line":42,"column":null}},"type":"if","locations":[{"start":{"line":39,"column":6},"end":{"line":42,"column":null}},{"start":{},"end":{}}],"line":39},"5":{"loc":{"start":{"line":45,"column":4},"end":{"line":45,"column":null}},"type":"if","locations":[{"start":{"line":45,"column":4},"end":{"line":45,"column":null}},{"start":{},"end":{}}],"line":45},"6":{"loc":{"start":{"line":48,"column":2},"end":{"line":51,"column":null}},"type":"if","locations":[{"start":{"line":48,"column":2},"end":{"line":51,"column":null}},{"start":{},"end":{}}],"line":48},"7":{"loc":{"start":{"line":68,"column":4},"end":{"line":69,"column":null}},"type":"if","locations":[{"start":{"line":68,"column":4},"end":{"line":69,"column":null}},{"start":{"line":69,"column":9},"end":{"line":69,"column":null}}],"line":68},"8":{"loc":{"start":{"line":80,"column":11},"end":{"line":80,"column":51}},"type":"binary-expr","locations":[{"start":{"line":80,"column":11},"end":{"line":80,"column":23}},{"start":{"line":80,"column":23},"end":{"line":80,"column":51}}],"line":80},"9":{"loc":{"start":{"line":82,"column":6},"end":{"line":82,"column":null}},"type":"if","locations":[{"start":{"line":82,"column":6},"end":{"line":82,"column":null}},{"start":{},"end":{}}],"line":82},"10":{"loc":{"start":{"line":82,"column":10},"end":{"line":82,"column":43}},"type":"binary-expr","locations":[{"start":{"line":82,"column":10},"end":{"line":82,"column":27}},{"start":{"line":82,"column":27},"end":{"line":82,"column":43}}],"line":82},"11":{"loc":{"start":{"line":85,"column":4},"end":{"line":100,"column":null}},"type":"if","locations":[{"start":{"line":85,"column":4},"end":{"line":100,"column":null}},{"start":{},"end":{}}],"line":85},"12":{"loc":{"start":{"line":85,"column":8},"end":{"line":85,"column":49}},"type":"binary-expr","locations":[{"start":{"line":85,"column":8},"end":{"line":85,"column":21}},{"start":{"line":85,"column":21},"end":{"line":85,"column":49}}],"line":85},"13":{"loc":{"start":{"line":91,"column":8},"end":{"line":91,"column":null}},"type":"if","locations":[{"start":{"line":91,"column":8},"end":{"line":91,"column":null}},{"start":{},"end":{}}],"line":91},"14":{"loc":{"start":{"line":91,"column":12},"end":{"line":91,"column":43}},"type":"binary-expr","locations":[{"start":{"line":91,"column":12},"end":{"line":91,"column":28}},{"start":{"line":91,"column":28},"end":{"line":91,"column":43}}],"line":91},"15":{"loc":{"start":{"line":95,"column":8},"end":{"line":98,"column":null}},"type":"if","locations":[{"start":{"line":95,"column":8},"end":{"line":98,"column":null}},{"start":{},"end":{}}],"line":95},"16":{"loc":{"start":{"line":102,"column":4},"end":{"line":109,"column":null}},"type":"if","locations":[{"start":{"line":102,"column":4},"end":{"line":109,"column":null}},{"start":{},"end":{}}],"line":102}},"s":{"0":8,"1":8,"2":8,"3":8,"4":5,"5":3,"6":2,"7":2,"8":5,"9":5,"10":2,"11":3,"12":3,"13":3,"14":3,"15":2,"16":2,"17":2,"18":1,"19":8,"20":1,"21":1,"22":7,"23":7,"24":7,"25":7,"26":7,"27":30,"28":6,"29":6,"30":6,"31":6,"32":8,"33":5,"34":1,"35":6,"36":6,"37":6,"38":6,"39":2,"40":2,"41":1,"42":1,"43":6,"44":5,"45":5,"46":5,"47":25,"48":25,"49":23,"50":2,"51":2,"52":2,"53":2,"54":1,"55":1,"56":6,"57":6,"58":6,"59":6,"60":6,"61":6,"62":6,"63":6,"64":1},"f":{"0":8},"b":{"0":[5,3],"1":[2,1],"2":[2,3],"3":[5,2],"4":[2,1],"5":[1,1],"6":[1,7],"7":[5,1],"8":[6,7],"9":[1,1],"10":[2,1],"11":[5,1],"12":[6,6],"13":[23,2],"14":[25,2],"15":[1,1],"16":[6,0]},"meta":{"lastBranch":17,"lastFunction":1,"lastStatement":65,"seen":{"f:6:16:6:Infinity":0,"s:16:51:16:Infinity":0,"s:21:21:23:Infinity":1,"s:25:40:25:Infinity":2,"b:27:2:46:Infinity:30:2:46:Infinity":0,"s:27:2:46:Infinity":3,"s:29:4:29:Infinity":4,"b:30:2:46:Infinity:undefined:undefined:undefined:undefined":1,"s:30:2:46:Infinity":5,"s:32:18:32:Infinity":6,"s:33:4:43:Infinity":7,"s:34:16:34:Infinity":8,"b:35:6:35:Infinity:undefined:undefined:undefined:undefined":2,"s:35:6:35:Infinity":9,"b:35:10:35:27:35:27:35:43":3,"s:35:43:35:Infinity":10,"s:36:17:36:Infinity":11,"s:37:17:37:Infinity":12,"s:38:19:38:Infinity":13,"b:39:6:42:Infinity:undefined:undefined:undefined:undefined":4,"s:39:6:42:Infinity":14,"s:40:8:40:Infinity":15,"s:41:8:41:Infinity":16,"b:45:4:45:Infinity:undefined:undefined:undefined:undefined":5,"s:45:4:45:Infinity":17,"s:45:17:45:Infinity":18,"b:48:2:51:Infinity:undefined:undefined:undefined:undefined":6,"s:48:2:51:Infinity":19,"s:49:4:49:Infinity":20,"s:50:4:50:Infinity":21,"s:53:2:114:Infinity":22,"s:55:19:55:Infinity":23,"s:56:18:56:Infinity":24,"s:57:4:57:Infinity":25,"s:57:17:57:20":26,"s:57:44:57:Infinity":27,"s:58:17:58:Infinity":28,"s:60:15:60:Infinity":29,"s:61:4:61:Infinity":30,"s:64:25:67:Infinity":31,"b:68:4:69:Infinity:69:9:69:Infinity":7,"s:68:4:69:Infinity":32,"s:68:22:68:Infinity":33,"s:69:9:69:Infinity":34,"s:71:4:71:Infinity":35,"s:72:4:72:Infinity":36,"s:79:39:79:Infinity":37,"s:80:4:84:Infinity":38,"b:80:11:80:23:80:23:80:51":8,"s:81:16:81:Infinity":39,"b:82:6:82:Infinity:undefined:undefined:undefined:undefined":9,"s:82:6:82:Infinity":40,"b:82:10:82:27:82:27:82:43":10,"s:82:43:82:Infinity":41,"s:83:6:83:Infinity":42,"b:85:4:100:Infinity:undefined:undefined:undefined:undefined":11,"s:85:4:100:Infinity":43,"b:85:8:85:21:85:21:85:49":12,"s:87:21:87:Infinity":44,"s:88:20:88:Infinity":45,"s:89:6:99:Infinity":46,"s:90:18:90:Infinity":47,"b:91:8:91:Infinity:undefined:undefined:undefined:undefined":13,"s:91:8:91:Infinity":48,"b:91:12:91:28:91:28:91:43":14,"s:91:43:91:Infinity":49,"s:92:19:92:Infinity":50,"s:93:19:93:Infinity":51,"s:94:21:94:Infinity":52,"b:95:8:98:Infinity:undefined:undefined:undefined:undefined":15,"s:95:8:98:Infinity":53,"s:96:10:96:Infinity":54,"s:97:10:97:Infinity":55,"b:102:4:109:Infinity:undefined:undefined:undefined:undefined":16,"s:102:4:109:Infinity":56,"s:103:21:103:Infinity":57,"s:104:6:104:Infinity":58,"s:105:19:105:Infinity":59,"s:106:6:106:Infinity":60,"s:107:6:107:Infinity":61,"s:108:6:108:Infinity":62,"s:111:4:111:Infinity":63,"s:113:4:113:Infinity":64}}}
,"/home/runner/work/Opticlick/Opticlick/src/utils/agent-log.ts": {"path":"/home/runner/work/Opticlick/Opticlick/src/utils/agent-log.ts","statementMap":{"0":{"start":{"line":4,"column":2},"end":{"line":4,"column":null}},"1":{"start":{"line":6,"column":29},"end":{"line":6,"column":null}},"2":{"start":{"line":9,"column":2},"end":{"line":9,"column":null}},"3":{"start":{"line":10,"column":2},"end":{"line":10,"column":null}},"4":{"start":{"line":10,"column":29},"end":{"line":10,"column":null}},"5":{"start":{"line":11,"column":2},"end":{"line":11,"column":null}},"6":{"start":{"line":14,"column":2},"end":{"line":18,"column":null}},"7":{"start":{"line":16,"column":4},"end":{"line":16,"column":null}},"8":{"start":{"line":16,"column":66},"end":{"line":16,"column":null}},"9":{"start":{"line":17,"column":4},"end":{"line":17,"column":null}}},"fnMap":{"0":{"name":"log","decl":{"start":{"line":3,"column":22},"end":{"line":3,"column":26}},"loc":{"start":{"line":3,"column":74},"end":{"line":19,"column":null}},"line":3},"1":{"name":"(anonymous_1)","decl":{"start":{"line":14,"column":74},"end":{"line":14,"column":75}},"loc":{"start":{"line":14,"column":83},"end":{"line":18,"column":3}},"line":14}},"branchMap":{"0":{"loc":{"start":{"line":3,"column":43},"end":{"line":3,"column":74}},"type":"default-arg","locations":[{"start":{"line":3,"column":51},"end":{"line":3,"column":74}}],"line":3},"1":{"loc":{"start":{"line":6,"column":10},"end":{"line":6,"column":24}},"type":"default-arg","locations":[{"start":{"line":6,"column":21},"end":{"line":6,"column":24}}],"line":6},"2":{"loc":{"start":{"line":10,"column":2},"end":{"line":10,"column":null}},"type":"if","locations":[{"start":{"line":10,"column":2},"end":{"line":10,"column":null}},{"start":{},"end":{}}],"line":10},"3":{"loc":{"start":{"line":16,"column":4},"end":{"line":16,"column":null}},"type":"if","locations":[{"start":{"line":16,"column":4},"end":{"line":16,"column":null}},{"start":{},"end":{}}],"line":16},"4":{"loc":{"start":{"line":17,"column":64},"end":{"line":17,"column":83}},"type":"binary-expr","locations":[{"start":{"line":17,"column":64},"end":{"line":17,"column":80}},{"start":{"line":17,"column":80},"end":{"line":17,"column":83}}],"line":17}},"s":{"0":250,"1":250,"2":250,"3":250,"4":15,"5":250,"6":250,"7":27,"8":1,"9":26},"f":{"0":250,"1":27},"b":{"0":[250],"1":[250],"2":[15,235],"3":[1,26],"4":[26,1]},"meta":{"lastBranch":5,"lastFunction":2,"lastStatement":10,"seen":{"f:3:22:3:26":0,"b:3:51:3:74":0,"s:4:2:4:Infinity":0,"s:6:29:6:Infinity":1,"b:6:21:6:24":1,"s:9:2:9:Infinity":2,"b:10:2:10:Infinity:undefined:undefined:undefined:undefined":2,"s:10:2:10:Infinity":3,"s:10:29:10:Infinity":4,"s:11:2:11:Infinity":5,"s:14:2:18:Infinity":6,"f:14:74:14:75":1,"b:16:4:16:Infinity:undefined:undefined:undefined:undefined":3,"s:16:4:16:Infinity":7,"s:16:66:16:Infinity":8,"s:17:4:17:Infinity":9,"b:17:64:17:80:17:80:17:83":4}}}
,"/home/runner/work/Opticlick/Opticlick/src/utils/agent-state.ts": {"path":"/home/runner/work/Opticlick/Opticlick/src/utils/agent-state.ts","statementMap":{"0":{"start":{"line":4,"column":25},"end":{"line":4,"column":null}},"1":{"start":{"line":5,"column":2},"end":{"line":5,"column":null}},"2":{"start":{"line":9,"column":19},"end":{"line":9,"column":null}},"3":{"start":{"line":10,"column":27},"end":{"line":10,"column":null}},"4":{"start":{"line":11,"column":2},"end":{"line":11,"column":null}},"5":{"start":{"line":12,"column":2},"end":{"line":12,"column":null}},"6":{"start":{"line":16,"column":2},"end":{"line":16,"column":null}}},"fnMap":{"0":{"name":"getAgentState","decl":{"start":{"line":3,"column":22},"end":{"line":3,"column":66}},"loc":{"start":{"line":3,"column":66},"end":{"line":6,"column":null}},"line":3},"1":{"name":"setAgentState","decl":{"start":{"line":8,"column":22},"end":{"line":8,"column":36}},"loc":{"start":{"line":8,"column":85},"end":{"line":13,"column":null}},"line":8},"2":{"name":"clearAgentState","decl":{"start":{"line":15,"column":22},"end":{"line":15,"column":55}},"loc":{"start":{"line":15,"column":55},"end":{"line":17,"column":null}},"line":15}},"branchMap":{"0":{"loc":{"start":{"line":5,"column":10},"end":{"line":5,"column":null}},"type":"binary-expr","locations":[{"start":{"line":5,"column":10},"end":{"line":5,"column":39}},{"start":{"line":5,"column":39},"end":{"line":5,"column":null}}],"line":5},"1":{"loc":{"start":{"line":9,"column":19},"end":{"line":9,"column":null}},"type":"binary-expr","locations":[{"start":{"line":9,"column":19},"end":{"line":9,"column":46}},{"start":{"line":9,"column":46},"end":{"line":9,"column":null}}],"line":9}},"s":{"0":64,"1":64,"2":22,"3":22,"4":22,"5":22,"6":3},"f":{"0":64,"1":22,"2":3},"b":{"0":[64,16],"1":[22,12]},"meta":{"lastBranch":2,"lastFunction":3,"lastStatement":7,"seen":{"f:3:22:3:66":0,"s:4:25:4:Infinity":0,"s:5:2:5:Infinity":1,"b:5:10:5:39:5:39:5:Infinity":0,"f:8:22:8:36":1,"s:9:19:9:Infinity":2,"b:9:19:9:46:9:46:9:Infinity":1,"s:10:27:10:Infinity":3,"s:11:2:11:Infinity":4,"s:12:2:12:Infinity":5,"f:15:22:15:55":2,"s:16:2:16:Infinity":6}}}
,"/home/runner/work/Opticlick/Opticlick/src/utils/base64.ts": {"path":"/home/runner/work/Opticlick/Opticlick/src/utils/base64.ts","statementMap":{"0":{"start":{"line":3,"column":16},"end":{"line":3,"column":null}},"1":{"start":{"line":4,"column":15},"end":{"line":4,"column":null}},"2":{"start":{"line":5,"column":16},"end":{"line":5,"column":null}},"3":{"start":{"line":6,"column":2},"end":{"line":8,"column":null}},"4":{"start":{"line":6,"column":15},"end":{"line":6,"column":18}},"5":{"start":{"line":7,"column":4},"end":{"line":7,"column":null}},"6":{"start":{"line":9,"column":2},"end":{"line":9,"column":null}}},"fnMap":{"0":{"name":"arrayBufferToBase64","decl":{"start":{"line":2,"column":16},"end":{"line":2,"column":36}},"loc":{"start":{"line":2,"column":65},"end":{"line":10,"column":null}},"line":2}},"branchMap":{},"s":{"0":3,"1":3,"2":3,"3":3,"4":3,"5":3,"6":3},"f":{"0":3},"b":{},"meta":{"lastBranch":0,"lastFunction":1,"lastStatement":7,"seen":{"f:2:16:2:36":0,"s:3:16:3:Infinity":0,"s:4:15:4:Infinity":1,"s:5:16:5:Infinity":2,"s:6:2:8:Infinity":3,"s:6:15:6:18":4,"s:7:4:7:Infinity":5,"s:9:2:9:Infinity":6}}}
,"/home/runner/work/Opticlick/Opticlick/src/utils/custom-system-prompt.ts": {"path":"/home/runner/work/Opticlick/Opticlick/src/utils/custom-system-prompt.ts","statementMap":{"0":{"start":{"line":19,"column":20},"end":{"line":19,"column":null}},"1":{"start":{"line":21,"column":36},"end":{"line":25,"column":null}},"2":{"start":{"line":29,"column":2},"end":{"line":40,"column":null}},"3":{"start":{"line":30,"column":19},"end":{"line":30,"column":null}},"4":{"start":{"line":31,"column":19},"end":{"line":31,"column":null}},"5":{"start":{"line":32,"column":4},"end":{"line":32,"column":null}},"6":{"start":{"line":32,"column":47},"end":{"line":32,"column":null}},"7":{"start":{"line":33,"column":4},"end":{"line":37,"column":null}},"8":{"start":{"line":39,"column":4},"end":{"line":39,"column":null}},"9":{"start":{"line":45,"column":2},"end":{"line":45,"column":null}},"10":{"start":{"line":50,"column":2},"end":{"line":50,"column":null}}},"fnMap":{"0":{"name":"getCustomSystemPrompt","decl":{"start":{"line":28,"column":22},"end":{"line":28,"column":75}},"loc":{"start":{"line":28,"column":75},"end":{"line":41,"column":null}},"line":28},"1":{"name":"setCustomSystemPrompt","decl":{"start":{"line":44,"column":22},"end":{"line":44,"column":44}},"loc":{"start":{"line":44,"column":87},"end":{"line":46,"column":null}},"line":44},"2":{"name":"isCustomPromptEffective","decl":{"start":{"line":49,"column":16},"end":{"line":49,"column":40}},"loc":{"start":{"line":49,"column":77},"end":{"line":51,"column":null}},"line":49}},"branchMap":{"0":{"loc":{"start":{"line":32,"column":4},"end":{"line":32,"column":null}},"type":"if","locations":[{"start":{"line":32,"column":4},"end":{"line":32,"column":null}},{"start":{},"end":{}}],"line":32},"1":{"loc":{"start":{"line":32,"column":8},"end":{"line":32,"column":47}},"type":"binary-expr","locations":[{"start":{"line":32,"column":8},"end":{"line":32,"column":19}},{"start":{"line":32,"column":19},"end":{"line":32,"column":47}}],"line":32},"2":{"loc":{"start":{"line":35,"column":15},"end":{"line":35,"column":null}},"type":"cond-expr","locations":[{"start":{"line":35,"column":52},"end":{"line":35,"column":69}},{"start":{"line":35,"column":69},"end":{"line":35,"column":null}}],"line":35},"3":{"loc":{"start":{"line":36,"column":22},"end":{"line":36,"column":null}},"type":"cond-expr","locations":[{"start":{"line":36,"column":59},"end":{"line":36,"column":70}},{"start":{"line":36,"column":70},"end":{"line":36,"column":null}}],"line":36},"4":{"loc":{"start":{"line":50,"column":9},"end":{"line":50,"column":null}},"type":"binary-expr","locations":[{"start":{"line":50,"column":9},"end":{"line":50,"column":27}},{"start":{"line":50,"column":27},"end":{"line":50,"column":null}}],"line":50}},"s":{"0":7,"1":7,"2":39,"3":39,"4":32,"5":32,"6":19,"7":13,"8":7,"9":11,"10":27},"f":{"0":39,"1":11,"2":27},"b":{"0":[19,13],"1":[32,14],"2":[13,0],"3":[5,8],"4":[27,4]},"meta":{"lastBranch":5,"lastFunction":3,"lastStatement":11,"seen":{"s:19:20:19:Infinity":0,"s:21:36:25:Infinity":1,"f:28:22:28:75":0,"s:29:2:40:Infinity":2,"s:30:19:30:Infinity":3,"s:31:19:31:Infinity":4,"b:32:4:32:Infinity:undefined:undefined:undefined:undefined":0,"s:32:4:32:Infinity":5,"b:32:8:32:19:32:19:32:47":1,"s:32:47:32:Infinity":6,"s:33:4:37:Infinity":7,"b:35:52:35:69:35:69:35:Infinity":2,"b:36:59:36:70:36:70:36:Infinity":3,"s:39:4:39:Infinity":8,"f:44:22:44:44":1,"s:45:2:45:Infinity":9,"f:49:16:49:40":2,"s:50:2:50:Infinity":10,"b:50:9:50:27:50:27:50:Infinity":4}}}
,"/home/runner/work/Opticlick/Opticlick/src/utils/debounce.ts": {"path":"/home/runner/work/Opticlick/Opticlick/src/utils/debounce.ts","statementMap":{"0":{"start":{"line":7,"column":16},"end":{"line":7,"column":null}},"1":{"start":{"line":7,"column":33},"end":{"line":7,"column":50}},"2":{"start":{"line":8,"column":2},"end":{"line":8,"column":null}},"3":{"start":{"line":8,"column":15},"end":{"line":8,"column":null}}},"fnMap":{"0":{"name":"scheduleDebounced","decl":{"start":{"line":2,"column":16},"end":{"line":2,"column":null}},"loc":{"start":{"line":6,"column":14},"end":{"line":9,"column":null}},"line":6},"1":{"name":"(anonymous_1)","decl":{"start":{"line":7,"column":27},"end":{"line":7,"column":33}},"loc":{"start":{"line":7,"column":33},"end":{"line":7,"column":50}},"line":7},"2":{"name":"(anonymous_2)","decl":{"start":{"line":8,"column":9},"end":{"line":8,"column":15}},"loc":{"start":{"line":8,"column":15},"end":{"line":8,"column":null}},"line":8}},"branchMap":{},"s":{"0":2,"1":1,"2":2,"3":1},"f":{"0":2,"1":1,"2":1},"b":{},"meta":{"lastBranch":0,"lastFunction":3,"lastStatement":4,"seen":{"f:2:16:2:Infinity":0,"s:7:16:7:Infinity":0,"f:7:27:7:33":1,"s:7:33:7:50":1,"s:8:2:8:Infinity":2,"f:8:9:8:15":2,"s:8:15:8:Infinity":3}}}
,"/home/runner/work/Opticlick/Opticlick/src/utils/dom-idle.ts": {"path":"/home/runner/work/Opticlick/Opticlick/src/utils/dom-idle.ts","statementMap":{"0":{"start":{"line":2,"column":2},"end":{"line":30,"column":null}},"1":{"start":{"line":6,"column":8},"end":{"line":26,"column":null}},"2":{"start":{"line":8,"column":29},"end":{"line":14,"column":null}},"3":{"start":{"line":9,"column":12},"end":{"line":9,"column":null}},"4":{"start":{"line":10,"column":12},"end":{"line":13,"column":null}},"5":{"start":{"line":11,"column":14},"end":{"line":11,"column":null}},"6":{"start":{"line":12,"column":14},"end":{"line":12,"column":null}},"7":{"start":{"line":15,"column":27},"end":{"line":15,"column":null}},"8":{"start":{"line":16,"column":10},"end":{"line":20,"column":null}},"9":{"start":{"line":21,"column":10},"end":{"line":21,"column":null}},"10":{"start":{"line":22,"column":10},"end":{"line":25,"column":null}},"11":{"start":{"line":23,"column":12},"end":{"line":23,"column":null}},"12":{"start":{"line":24,"column":12},"end":{"line":24,"column":null}}},"fnMap":{"0":{"name":"waitForDOMIdle","decl":{"start":{"line":1,"column":16},"end":{"line":1,"column":31}},"loc":{"start":{"line":1,"column":94},"end":{"line":31,"column":null}},"line":1},"1":{"name":"(anonymous_1)","decl":{"start":{"line":5,"column":12},"end":{"line":5,"column":13}},"loc":{"start":{"line":5,"column":38},"end":{"line":27,"column":null}},"line":5},"2":{"name":"(anonymous_2)","decl":{"start":{"line":6,"column":33},"end":{"line":6,"column":34}},"loc":{"start":{"line":6,"column":46},"end":{"line":26,"column":9}},"line":6},"3":{"name":"(anonymous_3)","decl":{"start":{"line":8,"column":29},"end":{"line":8,"column":35}},"loc":{"start":{"line":8,"column":35},"end":{"line":14,"column":null}},"line":8},"4":{"name":"(anonymous_4)","decl":{"start":{"line":10,"column":31},"end":{"line":10,"column":37}},"loc":{"start":{"line":10,"column":37},"end":{"line":13,"column":15}},"line":10},"5":{"name":"(anonymous_5)","decl":{"start":{"line":22,"column":21},"end":{"line":22,"column":27}},"loc":{"start":{"line":22,"column":27},"end":{"line":25,"column":13}},"line":22},"6":{"name":"(anonymous_6)","decl":{"start":{"line":30,"column":10},"end":{"line":30,"column":16}},"loc":{"start":{"line":30,"column":16},"end":{"line":30,"column":18}},"line":30}},"branchMap":{"0":{"loc":{"start":{"line":1,"column":46},"end":{"line":1,"column":61}},"type":"default-arg","locations":[{"start":{"line":1,"column":56},"end":{"line":1,"column":61}}],"line":1},"1":{"loc":{"start":{"line":1,"column":61},"end":{"line":1,"column":94}},"type":"default-arg","locations":[{"start":{"line":1,"column":73},"end":{"line":1,"column":94}}],"line":1},"2":{"loc":{"start":{"line":16,"column":27},"end":{"line":16,"column":70}},"type":"binary-expr","locations":[{"start":{"line":16,"column":27},"end":{"line":16,"column":44}},{"start":{"line":16,"column":44},"end":{"line":16,"column":70}}],"line":16}},"s":{"0":15,"1":4,"2":4,"3":9,"4":9,"5":3,"6":3,"7":4,"8":4,"9":4,"10":4,"11":1,"12":1},"f":{"0":15,"1":4,"2":4,"3":9,"4":3,"5":1,"6":14},"b":{"0":[15],"1":[15],"2":[4,1]},"meta":{"lastBranch":3,"lastFunction":7,"lastStatement":13,"seen":{"f:1:16:1:31":0,"b:1:56:1:61":0,"b:1:73:1:94":1,"s:2:2:30:Infinity":0,"f:5:12:5:13":1,"s:6:8:26:Infinity":1,"f:6:33:6:34":2,"s:8:29:14:Infinity":2,"f:8:29:8:35":3,"s:9:12:9:Infinity":3,"s:10:12:13:Infinity":4,"f:10:31:10:37":4,"s:11:14:11:Infinity":5,"s:12:14:12:Infinity":6,"s:15:27:15:Infinity":7,"s:16:10:20:Infinity":8,"b:16:27:16:44:16:44:16:70":2,"s:21:10:21:Infinity":9,"s:22:10:25:Infinity":10,"f:22:21:22:27":5,"s:23:12:23:Infinity":11,"s:24:12:24:Infinity":12,"f:30:10:30:16":6}}}
,"/home/runner/work/Opticlick/Opticlick/src/utils/file-upload.ts": {"path":"/home/runner/work/Opticlick/Opticlick/src/utils/file-upload.ts","statementMap":{"0":{"start":{"line":13,"column":16},"end":{"line":13,"column":null}},"1":{"start":{"line":14,"column":2},"end":{"line":17,"column":null}},"2":{"start":{"line":15,"column":21},"end":{"line":15,"column":null}},"3":{"start":{"line":16,"column":4},"end":{"line":16,"column":null}},"4":{"start":{"line":16,"column":35},"end":{"line":16,"column":58}},"5":{"start":{"line":18,"column":2},"end":{"line":18,"column":null}},"6":{"start":{"line":18,"column":16},"end":{"line":18,"column":null}},"7":{"start":{"line":19,"column":2},"end":{"line":19,"column":null}},"8":{"start":{"line":21,"column":19},"end":{"line":21,"column":null}},"9":{"start":{"line":24,"column":2},"end":{"line":26,"column":null}},"10":{"start":{"line":27,"column":2},"end":{"line":45,"column":null}},"11":{"start":{"line":46,"column":2},"end":{"line":46,"column":null}},"12":{"start":{"line":49,"column":17},"end":{"line":49,"column":null}},"13":{"start":{"line":50,"column":2},"end":{"line":68,"column":null}},"14":{"start":{"line":51,"column":23},"end":{"line":56,"column":null}},"15":{"start":{"line":57,"column":21},"end":{"line":57,"column":null}},"16":{"start":{"line":58,"column":4},"end":{"line":65,"column":null}},"17":{"start":{"line":59,"column":6},"end":{"line":61,"column":null}},"18":{"start":{"line":62,"column":6},"end":{"line":62,"column":null}},"19":{"start":{"line":64,"column":6},"end":{"line":64,"column":null}},"20":{"start":{"line":67,"column":4},"end":{"line":67,"column":null}}},"fnMap":{"0":{"name":"injectFileUpload","decl":{"start":{"line":7,"column":22},"end":{"line":7,"column":null}},"loc":{"start":{"line":12,"column":17},"end":{"line":69,"column":null}},"line":12},"1":{"name":"(anonymous_1)","decl":{"start":{"line":16,"column":28},"end":{"line":16,"column":29}},"loc":{"start":{"line":16,"column":35},"end":{"line":16,"column":58}},"line":16}},"branchMap":{"0":{"loc":{"start":{"line":14,"column":2},"end":{"line":17,"column":null}},"type":"if","locations":[{"start":{"line":14,"column":2},"end":{"line":17,"column":null}},{"start":{},"end":{}}],"line":14},"1":{"loc":{"start":{"line":18,"column":2},"end":{"line":18,"column":null}},"type":"if","locations":[{"start":{"line":18,"column":2},"end":{"line":18,"column":null}},{"start":{},"end":{}}],"line":18},"2":{"loc":{"start":{"line":58,"column":4},"end":{"line":65,"column":null}},"type":"if","locations":[{"start":{"line":58,"column":4},"end":{"line":65,"column":null}},{"start":{"line":63,"column":11},"end":{"line":65,"column":null}}],"line":58},"3":{"loc":{"start":{"line":58,"column":8},"end":{"line":58,"column":57}},"type":"binary-expr","locations":[{"start":{"line":58,"column":8},"end":{"line":58,"column":20}},{"start":{"line":58,"column":20},"end":{"line":58,"column":57}}],"line":58}},"s":{"0":4,"1":4,"2":2,"3":2,"4":1,"5":4,"6":1,"7":3,"8":3,"9":3,"10":3,"11":3,"12":3,"13":3,"14":3,"15":3,"16":4,"17":1,"18":1,"19":2,"20":3},"f":{"0":4,"1":1},"b":{"0":[2,2],"1":[1,3],"2":[1,2],"3":[4,1]},"meta":{"lastBranch":4,"lastFunction":2,"lastStatement":21,"seen":{"f:7:22:7:Infinity":0,"s:13:16:13:Infinity":0,"b:14:2:17:Infinity:undefined:undefined:undefined:undefined":0,"s:14:2:17:Infinity":1,"s:15:21:15:Infinity":2,"s:16:4:16:Infinity":3,"f:16:28:16:29":1,"s:16:35:16:58":4,"b:18:2:18:Infinity:undefined:undefined:undefined:undefined":1,"s:18:2:18:Infinity":5,"s:18:16:18:Infinity":6,"s:19:2:19:Infinity":7,"s:21:19:21:Infinity":8,"s:24:2:26:Infinity":9,"s:27:2:45:Infinity":10,"s:46:2:46:Infinity":11,"s:49:17:49:Infinity":12,"s:50:2:68:Infinity":13,"s:51:23:56:Infinity":14,"s:57:21:57:Infinity":15,"b:58:4:65:Infinity:63:11:65:Infinity":2,"s:58:4:65:Infinity":16,"b:58:8:58:20:58:20:58:57":3,"s:59:6:61:Infinity":17,"s:62:6:62:Infinity":18,"s:64:6:64:Infinity":19,"s:67:4:67:Infinity":20}}}
,"/home/runner/work/Opticlick/Opticlick/src/utils/highlight-match.tsx": {"path":"/home/runner/work/Opticlick/Opticlick/src/utils/highlight-match.tsx","statementMap":{"0":{"start":{"line":10,"column":12},"end":{"line":10,"column":null}},"1":{"start":{"line":11,"column":2},"end":{"line":11,"column":null}},"2":{"start":{"line":11,"column":10},"end":{"line":11,"column":null}},"3":{"start":{"line":13,"column":20},"end":{"line":13,"column":null}},"4":{"start":{"line":14,"column":17},"end":{"line":14,"column":null}},"5":{"start":{"line":15,"column":34},"end":{"line":15,"column":null}},"6":{"start":{"line":16,"column":15},"end":{"line":16,"column":null}},"7":{"start":{"line":18,"column":2},"end":{"line":29,"column":null}},"8":{"start":{"line":19,"column":16},"end":{"line":19,"column":null}},"9":{"start":{"line":20,"column":4},"end":{"line":23,"column":null}},"10":{"start":{"line":21,"column":6},"end":{"line":21,"column":null}},"11":{"start":{"line":22,"column":6},"end":{"line":22,"column":null}},"12":{"start":{"line":24,"column":4},"end":{"line":26,"column":null}},"13":{"start":{"line":25,"column":6},"end":{"line":25,"column":null}},"14":{"start":{"line":27,"column":4},"end":{"line":27,"column":null}},"15":{"start":{"line":28,"column":4},"end":{"line":28,"column":null}},"16":{"start":{"line":31,"column":2},"end":{"line":31,"column":null}},"17":{"start":{"line":48,"column":19},"end":{"line":48,"column":null}},"18":{"start":{"line":49,"column":2},"end":{"line":60,"column":null}},"19":{"start":{"line":52,"column":8},"end":{"line":57,"column":null}}},"fnMap":{"0":{"name":"splitByMatch","decl":{"start":{"line":9,"column":16},"end":{"line":9,"column":29}},"loc":{"start":{"line":9,"column":73},"end":{"line":32,"column":null}},"line":9},"1":{"name":"HighlightedText","decl":{"start":{"line":42,"column":16},"end":{"line":42,"column":32}},"loc":{"start":{"line":47,"column":36},"end":{"line":62,"column":null}},"line":47},"2":{"name":"(anonymous_2)","decl":{"start":{"line":51,"column":20},"end":{"line":51,"column":21}},"loc":{"start":{"line":52,"column":8},"end":{"line":57,"column":null}},"line":52}},"branchMap":{"0":{"loc":{"start":{"line":11,"column":2},"end":{"line":11,"column":null}},"type":"if","locations":[{"start":{"line":11,"column":2},"end":{"line":11,"column":null}},{"start":{},"end":{}}],"line":11},"1":{"loc":{"start":{"line":20,"column":4},"end":{"line":23,"column":null}},"type":"if","locations":[{"start":{"line":20,"column":4},"end":{"line":23,"column":null}},{"start":{},"end":{}}],"line":20},"2":{"loc":{"start":{"line":24,"column":4},"end":{"line":26,"column":null}},"type":"if","locations":[{"start":{"line":24,"column":4},"end":{"line":26,"column":null}},{"start":{},"end":{}}],"line":24},"3":{"loc":{"start":{"line":31,"column":9},"end":{"line":31,"column":null}},"type":"cond-expr","locations":[{"start":{"line":31,"column":27},"end":{"line":31,"column":38}},{"start":{"line":31,"column":38},"end":{"line":31,"column":null}}],"line":31},"4":{"loc":{"start":{"line":46,"column":2},"end":{"line":46,"column":null}},"type":"default-arg","locations":[{"start":{"line":46,"column":18},"end":{"line":46,"column":null}}],"line":46},"5":{"loc":{"start":{"line":52,"column":8},"end":{"line":57,"column":null}},"type":"cond-expr","locations":[{"start":{"line":53,"column":10},"end":{"line":55,"column":null}},{"start":{"line":57,"column":10},"end":{"line":57,"column":null}}],"line":52}},"s":{"0":8,"1":8,"2":2,"3":6,"4":6,"5":6,"6":6,"7":6,"8":7,"9":7,"10":2,"11":2,"12":5,"13":2,"14":5,"15":5,"16":6,"17":3,"18":3,"19":4},"f":{"0":8,"1":3,"2":4},"b":{"0":[2,6],"1":[2,5],"2":[2,3],"3":[5,1],"4":[3],"5":[2,2]},"meta":{"lastBranch":6,"lastFunction":3,"lastStatement":20,"seen":{"f:9:16:9:29":0,"s:10:12:10:Infinity":0,"b:11:2:11:Infinity:undefined:undefined:undefined:undefined":0,"s:11:2:11:Infinity":1,"s:11:10:11:Infinity":2,"s:13:20:13:Infinity":3,"s:14:17:14:Infinity":4,"s:15:34:15:Infinity":5,"s:16:15:16:Infinity":6,"s:18:2:29:Infinity":7,"s:19:16:19:Infinity":8,"b:20:4:23:Infinity:undefined:undefined:undefined:undefined":1,"s:20:4:23:Infinity":9,"s:21:6:21:Infinity":10,"s:22:6:22:Infinity":11,"b:24:4:26:Infinity:undefined:undefined:undefined:undefined":2,"s:24:4:26:Infinity":12,"s:25:6:25:Infinity":13,"s:27:4:27:Infinity":14,"s:28:4:28:Infinity":15,"s:31:2:31:Infinity":16,"b:31:27:31:38:31:38:31:Infinity":3,"f:42:16:42:32":1,"b:46:18:46:Infinity":4,"s:48:19:48:Infinity":17,"s:49:2:60:Infinity":18,"f:51:20:51:21":2,"s:52:8:57:Infinity":19,"b:53:10:55:Infinity:57:10:57:Infinity":5}}}
,"/home/runner/work/Opticlick/Opticlick/src/utils/langsmith-config.ts": {"path":"/home/runner/work/Opticlick/Opticlick/src/utils/langsmith-config.ts","statementMap":{"0":{"start":{"line":12,"column":38},"end":{"line":12,"column":null}},"1":{"start":{"line":13,"column":29},"end":{"line":13,"column":null}},"2":{"start":{"line":17,"column":12},"end":{"line":17,"column":null}},"3":{"start":{"line":18,"column":2},"end":{"line":18,"column":null}},"4":{"start":{"line":20,"column":17},"end":{"line":20,"column":null}},"5":{"start":{"line":21,"column":19},"end":{"line":21,"column":null}},"6":{"start":{"line":22,"column":18},"end":{"line":22,"column":null}},"7":{"start":{"line":23,"column":18},"end":{"line":23,"column":null}},"8":{"start":{"line":25,"column":2},"end":{"line":30,"column":null}},"9":{"start":{"line":32,"column":2},"end":{"line":37,"column":null}},"10":{"start":{"line":33,"column":4},"end":{"line":33,"column":null}},"11":{"start":{"line":34,"column":4},"end":{"line":34,"column":null}},"12":{"start":{"line":35,"column":4},"end":{"line":35,"column":null}},"13":{"start":{"line":36,"column":4},"end":{"line":36,"column":null}},"14":{"start":{"line":39,"column":17},"end":{"line":39,"column":null}},"15":{"start":{"line":40,"column":2},"end":{"line":40,"column":null}},"16":{"start":{"line":41,"column":2},"end":{"line":41,"column":null}},"17":{"start":{"line":42,"column":27},"end":{"line":42,"column":null}},"18":{"start":{"line":43,"column":2},"end":{"line":55,"column":null}},"19":{"start":{"line":44,"column":4},"end":{"line":54,"column":null}},"20":{"start":{"line":45,"column":21},"end":{"line":47,"column":null}},"21":{"start":{"line":48,"column":6},"end":{"line":51,"column":null}},"22":{"start":{"line":49,"column":8},"end":{"line":49,"column":null}},"23":{"start":{"line":50,"column":8},"end":{"line":50,"column":null}},"24":{"start":{"line":53,"column":6},"end":{"line":53,"column":null}},"25":{"start":{"line":56,"column":2},"end":{"line":56,"column":null}},"26":{"start":{"line":61,"column":2},"end":{"line":61,"column":null}},"27":{"start":{"line":65,"column":2},"end":{"line":65,"column":null}},"28":{"start":{"line":72,"column":16},"end":{"line":72,"column":null}},"29":{"start":{"line":76,"column":0},"end":{"line":76,"column":null}},"30":{"start":{"line":77,"column":0},"end":{"line":79,"column":null}},"31":{"start":{"line":78,"column":2},"end":{"line":78,"column":null}}},"fnMap":{"0":{"name":"initializeLangSmith","decl":{"start":{"line":16,"column":16},"end":{"line":16,"column":44}},"loc":{"start":{"line":16,"column":44},"end":{"line":57,"column":null}},"line":16},"1":{"name":"getLangSmithTracer","decl":{"start":{"line":60,"column":16},"end":{"line":60,"column":61}},"loc":{"start":{"line":60,"column":61},"end":{"line":62,"column":null}},"line":60},"2":{"name":"getLangSmithParentRunId","decl":{"start":{"line":64,"column":16},"end":{"line":64,"column":62}},"loc":{"start":{"line":64,"column":62},"end":{"line":66,"column":null}},"line":64},"3":{"name":"(anonymous_3)","decl":{"start":{"line":77,"column":40},"end":{"line":77,"column":52}},"loc":{"start":{"line":77,"column":52},"end":{"line":79,"column":null}},"line":77}},"branchMap":{"0":{"loc":{"start":{"line":20,"column":17},"end":{"line":20,"column":null}},"type":"binary-expr","locations":[{"start":{"line":20,"column":17},"end":{"line":20,"column":45}},{"start":{"line":20,"column":45},"end":{"line":20,"column":null}}],"line":20},"1":{"loc":{"start":{"line":21,"column":19},"end":{"line":21,"column":null}},"type":"binary-expr","locations":[{"start":{"line":21,"column":19},"end":{"line":21,"column":48}},{"start":{"line":21,"column":48},"end":{"line":21,"column":null}}],"line":21},"2":{"loc":{"start":{"line":22,"column":18},"end":{"line":22,"column":null}},"type":"binary-expr","locations":[{"start":{"line":22,"column":18},"end":{"line":22,"column":46}},{"start":{"line":22,"column":46},"end":{"line":22,"column":null}}],"line":22},"3":{"loc":{"start":{"line":23,"column":18},"end":{"line":23,"column":null}},"type":"binary-expr","locations":[{"start":{"line":23,"column":18},"end":{"line":23,"column":57}},{"start":{"line":23,"column":57},"end":{"line":23,"column":98}},{"start":{"line":23,"column":98},"end":{"line":23,"column":138}},{"start":{"line":23,"column":138},"end":{"line":23,"column":null}}],"line":23},"4":{"loc":{"start":{"line":27,"column":14},"end":{"line":27,"column":null}},"type":"cond-expr","locations":[{"start":{"line":27,"column":25},"end":{"line":27,"column":35}},{"start":{"line":27,"column":35},"end":{"line":27,"column":null}}],"line":27},"5":{"loc":{"start":{"line":28,"column":12},"end":{"line":28,"column":null}},"type":"cond-expr","locations":[{"start":{"line":28,"column":21},"end":{"line":28,"column":63}},{"start":{"line":28,"column":63},"end":{"line":28,"column":null}}],"line":28},"6":{"loc":{"start":{"line":32,"column":2},"end":{"line":37,"column":null}},"type":"if","locations":[{"start":{"line":32,"column":2},"end":{"line":37,"column":null}},{"start":{},"end":{}}],"line":32},"7":{"loc":{"start":{"line":32,"column":6},"end":{"line":32,"column":40}},"type":"binary-expr","locations":[{"start":{"line":32,"column":6},"end":{"line":32,"column":18}},{"start":{"line":32,"column":18},"end":{"line":32,"column":29}},{"start":{"line":32,"column":29},"end":{"line":32,"column":
[...]
"column":26},"end":{"line":176,"column":null}},"line":173},"15":{"name":"(anonymous_15)","decl":{"start":{"line":177,"column":15},"end":{"line":177,"column":16}},"loc":{"start":{"line":177,"column":26},"end":{"line":180,"column":null}},"line":177},"16":{"name":"(anonymous_16)","decl":{"start":{"line":181,"column":12},"end":{"line":181,"column":13}},"loc":{"start":{"line":181,"column":23},"end":{"line":184,"column":null}},"line":181},"17":{"name":"(anonymous_17)","decl":{"start":{"line":185,"column":14},"end":{"line":185,"column":15}},"loc":{"start":{"line":185,"column":25},"end":{"line":189,"column":null}},"line":185},"18":{"name":"(anonymous_18)","decl":{"start":{"line":190,"column":15},"end":{"line":190,"column":16}},"loc":{"start":{"line":190,"column":26},"end":{"line":193,"column":null}},"line":190},"19":{"name":"(anonymous_19)","decl":{"start":{"line":194,"column":17},"end":{"line":194,"column":18}},"loc":{"start":{"line":194,"column":28},"end":{"line":200,"column":null}},"line":194},"20":{"name":"(anonymous_20)","decl":{"start":{"line":201,"column":17},"end":{"line":201,"column":18}},"loc":{"start":{"line":201,"column":28},"end":{"line":204,"column":null}},"line":201},"21":{"name":"(anonymous_21)","decl":{"start":{"line":205,"column":10},"end":{"line":205,"column":11}},"loc":{"start":{"line":205,"column":21},"end":{"line":208,"column":null}},"line":205},"22":{"name":"(anonymous_22)","decl":{"start":{"line":209,"column":8},"end":{"line":209,"column":9}},"loc":{"start":{"line":209,"column":19},"end":{"line":212,"column":null}},"line":209},"23":{"name":"(anonymous_23)","decl":{"start":{"line":213,"column":12},"end":{"line":213,"column":13}},"loc":{"start":{"line":213,"column":23},"end":{"line":216,"column":null}},"line":213},"24":{"name":"parseToolCall","decl":{"start":{"line":224,"column":16},"end":{"line":224,"column":30}},"loc":{"start":{"line":224,"column":91},"end":{"line":228,"column":null}},"line":224}},"branchMap":{"0":{"loc":{"start":{"line":87,"column":4},"end":{"line":89,"column":null}},"type":"if","locations":[{"start":{"line":87,"column":4},"end":{"line":89,"column":null}},{"start":{},"end":{}}],"line":87},"1":{"loc":{"start":{"line":87,"column":8},"end":{"line":87,"column":71}},"type":"binary-expr","locations":[{"start":{"line":87,"column":8},"end":{"line":87,"column":44}},{"start":{"line":87,"column":44},"end":{"line":87,"column":71}}],"line":87},"2":{"loc":{"start":{"line":90,"column":4},"end":{"line":100,"column":null}},"type":"if","locations":[{"start":{"line":90,"column":4},"end":{"line":100,"column":null}},{"start":{},"end":{}}],"line":90},"3":{"loc":{"start":{"line":90,"column":8},"end":{"line":90,"column":92}},"type":"binary-expr","locations":[{"start":{"line":90,"column":8},"end":{"line":90,"column":44}},{"start":{"line":90,"column":44},"end":{"line":90,"column":59}},{"start":{"line":90,"column":59},"end":{"line":90,"column":92}}],"line":90},"4":{"loc":{"start":{"line":92,"column":6},"end":{"line":99,"column":null}},"type":"switch","locations":[{"start":{"line":93,"column":8},"end":{"line":93,"column":null}},{"start":{"line":94,"column":8},"end":{"line":94,"column":null}},{"start":{"line":95,"column":8},"end":{"line":95,"column":null}},{"start":{"line":96,"column":8},"end":{"line":96,"column":null}},{"start":{"line":97,"column":8},"end":{"line":97,"column":null}},{"start":{"line":98,"column":8},"end":{"line":98,"column":null}}],"line":92},"5":{"loc":{"start":{"line":93,"column":63},"end":{"line":93,"column":91}},"type":"binary-expr","locations":[{"start":{"line":93,"column":63},"end":{"line":93,"column":76}},{"start":{"line":93,"column":76},"end":{"line":93,"column":91}}],"line":93},"6":{"loc":{"start":{"line":94,"column":57},"end":{"line":94,"column":74}},"type":"binary-expr","locations":[{"start":{"line":94,"column":57},"end":{"line":94,"column":72}},{"start":{"line":94,"column":72},"end":{"line":94,"column":74}}],"line":94},"7":{"loc":{"start":{"line":95,"column":58},"end":{"line":95,"column":74}},"type":"binary-expr","locations":[{"start":{"line":95,"column":58},"end":{"line":95,"column":72}},{"start":{"line":95,"column":72},"end":{"line":95,"column":74}}],"line":95},"8":{"loc":{"start":{"line":96,"column":66},"end":{"line":96,"column":92}},"type":"binary-expr","locations":[{"start":{"line":96,"column":66},"end":{"line":96,"column":86}},{"start":{"line":96,"column":86},"end":{"line":96,"column":92}}],"line":96},"9":{"loc":{"start":{"line":97,"column":60},"end":{"line":97,"column":76}},"type":"binary-expr","locations":[{"start":{"line":97,"column":60},"end":{"line":97,"column":74}},{"start":{"line":97,"column":74},"end":{"line":97,"column":76}}],"line":97},"10":{"loc":{"start":{"line":98,"column":64},"end":{"line":98,"column":99}},"type":"binary-expr","locations":[{"start":{"line":98,"column":64},"end":{"line":98,"column":82}},{"start":{"line":98,"column":82},"end":{"line":98,"column":97}},{"start":{"line":98,"column":97},"end":{"line":98,"column":99}}],"line":98},"11":{"loc":{"start":{"line":101,"column":4},"end":{"line":116,"column":null}},"type":"if","locations":[{"start":{"line":101,"column":4},"end":{"line":116,"column":null}},{"start":{},"end":{}}],"line":101},"12":{"loc":{"start":{"line":104,"column":20},"end":{"line":104,"column":null}},"type":"binary-expr","locations":[{"start":{"line":104,"column":20},"end":{"line":104,"column":42}},{"start":{"line":104,"column":42},"end":{"line":104,"column":null}}],"line":104},"13":{"loc":{"start":{"line":106,"column":6},"end":{"line":115,"column":null}},"type":"switch","locations":[{"start":{"line":107,"column":8},"end":{"line":107,"column":null}},{"start":{"line":108,"column":8},"end":{"line":108,"column":null}},{"start":{"line":109,"column":8},"end":{"line":109,"column":null}},{"start":{"line":110,"column":8},"end":{"line":110,"column":null}},{"start":{"line":111,"column":8},"end":{"line":111,"column":null}},{"start":{"line":112,"column":8},"end":{"line":112,"column":null}},{"start":{"line":113,"column":8},"end":{"line":113,"column":null}},{"start":{"line":114,"column":8},"end":{"line":114,"column":null}}],"line":106},"14":{"loc":{"start":{"line":111,"column":60},"end":{"line":111,"column":101}},"type":"binary-expr","locations":[{"start":{"line":111,"column":60},"end":{"line":111,"column":74}},{"start":{"line":111,"column":74},"end":{"line":111,"column":101}}],"line":111},"15":{"loc":{"start":{"line":114,"column":51},"end":{"line":114,"column":73}},"type":"binary-expr","locations":[{"start":{"line":114,"column":51},"end":{"line":114,"column":60}},{"start":{"line":114,"column":60},"end":{"line":114,"column":73}}],"line":114},"16":{"loc":{"start":{"line":117,"column":45},"end":{"line":117,"column":63}},"type":"binary-expr","locations":[{"start":{"line":117,"column":45},"end":{"line":117,"column":61}},{"start":{"line":117,"column":61},"end":{"line":117,"column":63}}],"line":117},"17":{"loc":{"start":{"line":207,"column":20},"end":{"line":207,"column":38}},"type":"binary-expr","locations":[{"start":{"line":207,"column":20},"end":{"line":207,"column":36}},{"start":{"line":207,"column":36},"end":{"line":207,"column":38}}],"line":207},"18":{"loc":{"start":{"line":226,"column":2},"end":{"line":226,"column":null}},"type":"if","locations":[{"start":{"line":226,"column":2},"end":{"line":226,"column":null}},{"start":{},"end":{}}],"line":226}},"s":{"0":9,"1":9,"2":0,"3":9,"4":0,"5":9,"6":9,"7":9,"8":24,"9":1,"10":23,"11":10,"12":10,"13":2,"14":1,"15":2,"16":1,"17":1,"18":3,"19":13,"20":12,"21":12,"22":12,"23":12,"24":12,"25":2,"26":2,"27":4,"28":1,"29":1,"30":2,"31":0,"32":1,"33":24,"34":12,"35":4,"36":3,"37":5,"38":5,"39":2,"40":2,"41":3,"42":2,"43":3,"44":2,"45":3,"46":4,"47":1,"48":1,"49":4,"50":2,"51":7,"52":2,"53":2,"54":119,"55":119,"56":2,"57":117},"f":{"0":0,"1":0,"2":24,"3":24,"4":12,"5":4,"6":3,"7":5,"8":5,"9":2,"10":2,"11":3,"12":2,"13":3,"14":2,"15":3,"16":4,"17":1,"18":1,"19":4,"20":2,"21":7,"22":2,"23":2,"24":119},"b":{"0":[1,23],"1":[24,1],"2":[10,13],"3":[23,22,10],"4":[2,1,2,1,1,3],"5":[2,0],"6":[1,0],"7":[2,0],"8":[1,1],"9":[1,0],"10":[3,0,0],"11":[12,1],"12":[12,0],"13":[2,2,4,4,1,1,2,0],"14":[1,0],"15":[0,0],"16":[1,1],"17":[7,2],"18":[2,117]},"meta":{"lastBranch":19,"lastFunction":25,"lastStatement":58,"seen":{"s:37:27:45:Infinity":0,"s:49:6:65:Infinity":1,"f:49:35:49:47":0,"s:49:47:49:53":2,"s:66:6:72:Infinity":3,"f:66:34:66:46":1,"s:66:46:66:52":4,"s:74:32:74:Infinity":5,"s:75:33:75:Infinity":6,"s:85:76:217:Infinity":7,"f:86:18:86:19":2,"b:87:4:89:Infinity:undefined:undefined:undefined:undefined":0,"s:87:4:89:Infinity":8,"b:87:8:87:44:87:44:87:71":1,"s:88:6:88:Infinity":9,"b:90:4:100:Infinity:undefined:undefined:undefined:undefined":2,"s:90:4:100:Infinity":10,"b:90:8:90:44:90:44:90:59:90:59:90:92":3,"s:91:21:91:Infinity":11,"b:93:8:93:Infinity:94:8:94:Infinity:95:8:95:Infinity:96:8:96:Infinity:97:8:97:Infinity:98:8:98:Infinity":4,"s:92:6:99:Infinity":12,"s:93:22:93:Infinity":13,"b:93:63:93:76:93:76:93:91":5,"s:94:21:94:Infinity":14,"b:94:57:94:72:94:72:94:74":6,"s:95:19:95:Infinity":15,"b:95:58:95:72:95:72:95:74":7,"s:96:23:96:Infinity":16,"b:96:66:96:86:96:86:96:92":8,"s:97:20:97:Infinity":17,"b:97:60:97:74:97:74:97:76":9,"s:98:23:98:Infinity":18,"b:98:64:98:82:98:82:98:97:98:97:98:99":10,"b:101:4:116:Infinity:undefined:undefined:undefined:undefined":11,"s:101:4:116:Infinity":19,"s:102:20:102:Infinity":20,"s:103:19:103:Infinity":21,"s:104:20:104:Infinity":22,"b:104:20:104:42:104:42:104:Infinity":12,"s:105:25:105:Infinity":23,"b:107:8:107:Infinity:108:8:108:Infinity:109:8:109:Infinity:110:8:110:Infinity:111:8:111:Infinity:112:8:112:Infinity:113:8:113:Infinity:114:8:114:Infinity":13,"s:106:6:115:Infinity":24,"s:107:22:107:Infinity":25,"s:108:21:108:Infinity":26,"s:110:25:110:Infinity":27,"s:111:23:111:Infinity":28,"b:111:60:111:74:111:74:111:101":14,"s:112:20:112:Infinity":29,"s:113:23:113:Infinity":30,"s:114:17:114:Infinity":31,"b:114:51:114:60:114:60:114:73":15,"s:117:4:117:Infinity":32,"b:117:45:117:61:117:61:117:63":16,"f:119:9:119:10":3,"s:119:20:124:Infinity":33,"f:125:8:125:9":4,"s:125:19:129:Infinity":34,"f:130:12:130:13":5,"s:130:23:133:Infinity":35,"f:134:10:134:11":6,"s:134:21:138:Infinity":36,"f:139:13:139:14":7,"s:139:24:142:Infinity":37,"f:143:17:143:18":8,"s:143:28:149:Infinity":38,"f:150:13:150:14":9,"s:150:24:153:Infinity":39,"f:154:23:154:24":10,"s:154:34:157:Infinity":40,"f:158:13:158:14":11,"s:158:24:163:Infinity":41,"f:164:14:164:15":12,"s:164:25:167:Infinity":42,"f:168:16:168:17":13,"s:168:27:172:Infinity":43,"f:173:15:173:16":14,"s:173:26:176:Infinity":44,"f:177:15:177:16":15,"s:177:26:180:Infinity":45,"f:181:12:181:13":16,"s:181:23:184:Infinity":46,"f:185:14:185:15":17,"s:185:25:189:Infinity":47,"f:190:15:190:16":18,"s:190:26:193:Infinity":48,"f:194:17:194:18":19,"s:194:28:200:Infinity":49,"f:201:17:201:18":20,"s:201:28:204:Infinity":50,"f:205:10:205:11":21,"s:205:21:208:Infinity":51,"b:207:20:207:36:207:36:207:38":17,"f:209:8:209:9":22,"s:209:19:212:Infinity":52,"f:213:12:213:13":23,"s:213:23:216:Infinity":53,"f:224:16:224:30":24,"s:225:17:225:Infinity":54,"b:226:2:226:Infinity:undefined:undefined:undefined:undefined":18,"s:226:2:226:Infinity":55,"s:226:15:226:Infinity":56,"s:227:2:227:Infinity":57}}}
,"/home/runner/work/Opticlick/Opticlick/src/utils/tools/memory.ts": {"path":"/home/runner/work/Opticlick/Opticlick/src/utils/tools/memory.ts","statementMap":{"0":{"start":{"line":11,"column":13},"end":{"line":46,"column":null}},"1":{"start":{"line":12,"column":14},"end":{"line":12,"column":null}},"2":{"start":{"line":48,"column":13},"end":{"line":61,"column":null}},"3":{"start":{"line":49,"column":14},"end":{"line":49,"column":null}},"4":{"start":{"line":63,"column":28},"end":{"line":63,"column":null}}},"fnMap":{"0":{"name":"(anonymous_0)","decl":{"start":{"line":12,"column":2},"end":{"line":12,"column":14}},"loc":{"start":{"line":12,"column":14},"end":{"line":12,"column":null}},"line":12},"1":{"name":"(anonymous_1)","decl":{"start":{"line":49,"column":2},"end":{"line":49,"column":14}},"loc":{"start":{"line":49,"column":14},"end":{"line":49,"column":null}},"line":49}},"branchMap":{},"s":{"0":10,"1":1,"2":10,"3":1,"4":10},"f":{"0":1,"1":1},"b":{},"meta":{"lastBranch":0,"lastFunction":2,"lastStatement":5,"seen":{"s:11:13:46:Infinity":0,"f:12:2:12:14":0,"s:12:14:12:Infinity":1,"s:48:13:61:Infinity":2,"f:49:2:49:14":1,"s:49:14:49:Infinity":3,"s:63:28:63:Infinity":4}}}
,"/home/runner/work/Opticlick/Opticlick/src/utils/tools/scratchpad.ts": {"path":"/home/runner/work/Opticlick/Opticlick/src/utils/tools/scratchpad.ts","statementMap":{"0":{"start":{"line":11,"column":13},"end":{"line":39,"column":null}},"1":{"start":{"line":12,"column":14},"end":{"line":12,"column":null}},"2":{"start":{"line":41,"column":13},"end":{"line":54,"column":null}},"3":{"start":{"line":42,"column":14},"end":{"line":42,"column":null}},"4":{"start":{"line":56,"column":32},"end":{"line":56,"column":null}}},"fnMap":{"0":{"name":"(anonymous_0)","decl":{"start":{"line":12,"column":2},"end":{"line":12,"column":14}},"loc":{"start":{"line":12,"column":14},"end":{"line":12,"column":null}},"line":12},"1":{"name":"(anonymous_1)","decl":{"start":{"line":42,"column":2},"end":{"line":42,"column":14}},"loc":{"start":{"line":42,"column":14},"end":{"line":42,"column":null}},"line":42}},"branchMap":{},"s":{"0":10,"1":1,"2":10,"3":1,"4":10},"f":{"0":1,"1":1},"b":{},"meta":{"lastBranch":0,"lastFunction":2,"lastStatement":5,"seen":{"s:11:13:39:Infinity":0,"f:12:2:12:14":0,"s:12:14:12:Infinity":1,"s:41:13:54:Infinity":2,"f:42:2:42:14":1,"s:42:14:42:Infinity":3,"s:56:32:56:Infinity":4}}}
,"/home/runner/work/Opticlick/Opticlick/src/utils/tools/todo.ts": {"path":"/home/runner/work/Opticlick/Opticlick/src/utils/tools/todo.ts","statementMap":{"0":{"start":{"line":11,"column":13},"end":{"line":35,"column":null}},"1":{"start":{"line":12,"column":14},"end":{"line":12,"column":null}},"2":{"start":{"line":37,"column":13},"end":{"line":55,"column":null}},"3":{"start":{"line":38,"column":14},"end":{"line":38,"column":null}},"4":{"start":{"line":57,"column":13},"end":{"line":81,"column":null}},"5":{"start":{"line":58,"column":14},"end":{"line":58,"column":null}},"6":{"start":{"line":83,"column":26},"end":{"line":83,"column":null}}},"fnMap":{"0":{"name":"(anonymous_0)","decl":{"start":{"line":12,"column":2},"end":{"line":12,"column":14}},"loc":{"start":{"line":12,"column":14},"end":{"line":12,"column":null}},"line":12},"1":{"name":"(anonymous_1)","decl":{"start":{"line":38,"column":2},"end":{"line":38,"column":14}},"loc":{"start":{"line":38,"column":14},"end":{"line":38,"column":null}},"line":38},"2":{"name":"(anonymous_2)","decl":{"start":{"line":58,"column":2},"end":{"line":58,"column":14}},"loc":{"start":{"line":58,"column":14},"end":{"line":58,"column":null}},"line":58}},"branchMap":{},"s":{"0":10,"1":3,"2":10,"3":4,"4":10,"5":3,"6":10},"f":{"0":3,"1":4,"2":3},"b":{},"meta":{"lastBranch":0,"lastFunction":3,"lastStatement":7,"seen":{"s:11:13:35:Infinity":0,"f:12:2:12:14":0,"s:12:14:12:Infinity":1,"s:37:13:55:Infinity":2,"f:38:2:38:14":1,"s:38:14:38:Infinity":3,"s:57:13:81:Infinity":4,"f:58:2:58:14":2,"s:58:14:58:Infinity":5,"s:83:26:83:Infinity":6}}}
,"/home/runner/work/Opticlick/Opticlick/src/utils/tools/ui.ts": {"path":"/home/runner/work/Opticlick/Opticlick/src/utils/tools/ui.ts","statementMap":{"0":{"start":{"line":14,"column":13},"end":{"line":41,"column":null}},"1":{"start":{"line":15,"column":14},"end":{"line":15,"column":null}},"2":{"start":{"line":43,"column":13},"end":{"line":63,"column":null}},"3":{"start":{"line":44,"column":14},"end":{"line":44,"column":null}},"4":{"start":{"line":65,"column":13},"end":{"line":77,"column":null}},"5":{"start":{"line":66,"column":14},"end":{"line":66,"column":null}},"6":{"start":{"line":79,"column":13},"end":{"line":95,"column":null}},"7":{"start":{"line":80,"column":14},"end":{"line":80,"column":null}},"8":{"start":{"line":97,"column":13},"end":{"line":108,"column":null}},"9":{"start":{"line":98,"column":14},"end":{"line":98,"column":null}},"10":{"start":{"line":110,"column":13},"end":{"line":122,"column":null}},"11":{"start":{"line":111,"column":14},"end":{"line":111,"column":null}},"12":{"start":{"line":124,"column":24},"end":{"line":124,"column":null}}},"fnMap":{"0":{"name":"(anonymous_0)","decl":{"start":{"line":15,"column":2},"end":{"line":15,"column":14}},"loc":{"start":{"line":15,"column":14},"end":{"line":15,"column":null}},"line":15},"1":{"name":"(anonymous_1)","decl":{"start":{"line":44,"column":2},"end":{"line":44,"column":14}},"loc":{"start":{"line":44,"column":14},"end":{"line":44,"column":null}},"line":44},"2":{"name":"(anonymous_2)","decl":{"start":{"line":66,"column":2},"end":{"line":66,"column":14}},"loc":{"start":{"line":66,"column":14},"end":{"line":66,"column":null}},"line":66},"3":{"name":"(anonymous_3)","decl":{"start":{"line":80,"column":2},"end":{"line":80,"column":14}},"loc":{"start":{"line":80,"column":14},"end":{"line":80,"column":null}},"line":80},"4":{"name":"(anonymous_4)","decl":{"start":{"line":98,"column":2},"end":{"line":98,"column":14}},"loc":{"start":{"line":98,"column":14},"end":{"line":98,"column":null}},"line":98},"5":{"name":"(anonymous_5)","decl":{"start":{"line":111,"column":2},"end":{"line":111,"column":14}},"loc":{"start":{"line":111,"column":14},"end":{"line":111,"column":null}},"line":111}},"branchMap":{},"s":{"0":10,"1":1,"2":10,"3":1,"4":10,"5":1,"6":10,"7":1,"8":10,"9":1,"10":10,"11":1,"12":10},"f":{"0":1,"1":1,"2":1,"3":1,"4":1,"5":1},"b":{},"meta":{"lastBranch":0,"lastFunction":6,"lastStatement":13,"seen":{"s:14:13:41:Infinity":0,"f:15:2:15:14":0,"s:15:14:15:Infinity":1,"s:43:13:63:Infinity":2,"f:44:2:44:14":1,"s:44:14:44:Infinity":3,"s:65:13:77:Infinity":4,"f:66:2:66:14":2,"s:66:14:66:Infinity":5,"s:79:13:95:Infinity":6,"f:80:2:80:14":3,"s:80:14:80:Infinity":7,"s:97:13:108:Infinity":8,"f:98:2:98:14":4,"s:98:14:98:Infinity":9,"s:110:13:122:Infinity":10,"f:111:2:111:14":5,"s:111:14:111:Infinity":11,"s:124:24:124:Infinity":12}}}
,"/home/runner/work/Opticlick/Opticlick/src/utils/tools/vfs.ts": {"path":"/home/runner/work/Opticlick/Opticlick/src/utils/tools/vfs.ts","statementMap":{"0":{"start":{"line":14,"column":13},"end":{"line":26,"column":null}},"1":{"start":{"line":15,"column":14},"end":{"line":15,"column":null}},"2":{"start":{"line":28,"column":13},"end":{"line":44,"column":null}},"3":{"start":{"line":29,"column":14},"end":{"line":29,"column":null}},"4":{"start":{"line":46,"column":13},"end":{"line":55,"column":null}},"5":{"start":{"line":47,"column":14},"end":{"line":47,"column":null}},"6":{"start":{"line":57,"column":13},"end":{"line":70,"column":null}},"7":{"start":{"line":58,"column":14},"end":{"line":58,"column":null}},"8":{"start":{"line":72,"column":25},"end":{"line":77,"column":null}}},"fnMap":{"0":{"name":"(anonymous_0)","decl":{"start":{"line":15,"column":2},"end":{"line":15,"column":14}},"loc":{"start":{"line":15,"column":14},"end":{"line":15,"column":null}},"line":15},"1":{"name":"(anonymous_1)","decl":{"start":{"line":29,"column":2},"end":{"line":29,"column":14}},"loc":{"start":{"line":29,"column":14},"end":{"line":29,"column":null}},"line":29},"2":{"name":"(anonymous_2)","decl":{"start":{"line":47,"column":2},"end":{"line":47,"column":14}},"loc":{"start":{"line":47,"column":14},"end":{"line":47,"column":null}},"line":47},"3":{"name":"(anonymous_3)","decl":{"start":{"line":58,"column":2},"end":{"line":58,"column":14}},"loc":{"start":{"line":58,"column":14},"end":{"line":58,"column":null}},"line":58}},"branchMap":{},"s":{"0":10,"1":1,"2":10,"3":1,"4":10,"5":1,"6":10,"7":1,"8":10},"f":{"0":1,"1":1,"2":1,"3":1},"b":{},"meta":{"lastBranch":0,"lastFunction":4,"lastStatement":9,"seen":{"s:14:13:26:Infinity":0,"f:15:2:15:14":0,"s:15:14:15:Infinity":1,"s:28:13:44:Infinity":2,"f:29:2:29:14":1,"s:29:14:29:Infinity":3,"s:46:13:55:Infinity":4,"f:47:2:47:14":2,"s:47:14:47:Infinity":5,"s:57:13:70:Infinity":6,"f:58:2:58:14":3,"s:58:14:58:Infinity":7,"s:72:25:77:Infinity":8}}}
}
