{"total": {"lines":{"total":1713,"covered":1521,"skipped":0,"pct":88.79},"statements":{"total":1935,"covered":1700,"skipped":0,"pct":87.85},"functions":{"total":398,"covered":360,"skipped":0,"pct":90.45},"branches":{"total":1344,"covered":1007,"skipped":0,"pct":74.92},"branchesTrue":{"total":0,"covered":0,"skipped":0,"pct":100}}
,"/home/runner/work/Opticlick/Opticlick/src/entrypoints/content/blocker.ts": {"lines":{"total":28,"covered":28,"skipped":0,"pct":100},"functions":{"total":3,"covered":3,"skipped":0,"pct":100},"statements":{"total":30,"covered":30,"skipped":0,"pct":100},"branches":{"total":6,"covered":6,"skipped":0,"pct":100}}
,"/home/runner/work/Opticlick/Opticlick/src/entrypoints/content/interactables.ts": {"lines":{"total":37,"covered":37,"skipped":0,"pct":100},"functions":{"total":3,"covered":3,"skipped":0,"pct":100},"statements":{"total":46,"covered":46,"skipped":0,"pct":100},"branches":{"total":52,"covered":50,"skipped":0,"pct":96.15}}
,"/home/runner/work/Opticlick/Opticlick/src/entrypoints/content/overlay.ts": {"lines":{"total":57,"covered":56,"skipped":0,"pct":98.24},"functions":{"total":2,"covered":2,"skipped":0,"pct":100},"statements":{"total":60,"covered":56,"skipped":0,"pct":93.33},"branches":{"total":22,"covered":12,"skipped":0,"pct":54.54}}
,"/home/runner/work/Opticlick/Opticlick/src/entrypoints/content/theme.ts": {"lines":{"total":6,"covered":6,"skipped":0,"pct":100},"functions":{"total":1,"covered":1,"skipped":0,"pct":100},"statements":{"total":6,"covered":6,"skipped":0,"pct":100},"branches":{"total":2,"covered":2,"skipped":0,"pct":100}}
,"/home/runner/work/Opticlick/Opticlick/src/entrypoints/content/visibility.ts": {"lines":{"total":18,"covered":18,"skipped":0,"pct":100},"functions":{"total":2,"covered":2,"skipped":0,"pct":100},"statements":{"total":23,"covered":23,"skipped":0,"pct":100},"branches":{"total":24,"covered":24,"skipped":0,"pct":100}}
,"/home/runner/work/Opticlick/Opticlick/src/entrypoints/content/handlers/get-element-dom.ts": {"lines":{"total":21,"covered":21,"skipped":0,"pct":100},"functions":{"total":1,"covered":1,"skipped":0,"pct":100},"statements":{"total":23,"covered":22,"skipped":0,"pct":95.65},"branches":{"total":12,"covered":11,"skipped":0,"pct":91.66}}
,"/home/runner/work/Opticlick/Opticlick/src/entrypoints/content/handlers/upload-file.ts": {"lines":{"total":58,"covered":58,"skipped":0,"pct":100},"functions":{"total":1,"covered":1,"skipped":0,"pct":100},"statements":{"total":65,"covered":65,"skipped":0,"pct":100},"branches":{"total":34,"covered":33,"skipped":0,"pct":97.05}}
,"/home/runner/work/Opticlick/Opticlick/src/utils/agent-log.ts": {"lines":{"total":8,"covered":8,"skipped":0,"pct":100},"functions":{"total":2,"covered":2,"skipped":0,"pct":100},"statements":{"total":10,"covered":10,"skipped":0,"pct":100},"branches":{"total":8,"covered":8,"skipped":0,"pct":100}}
,"/home/runner/work/Opticlick/Opticlick/src/utils/agent-state.ts": {"lines":{"total":7,"covered":7,"skipped":0,"pct":100},"functions":{"total":3,"covered":3,"skipped":0,"pct":100},"statements":{"total":7,"covered":7,"skipped":0,"pct":100},"branches":{"total":4,"covered":4,"skipped":0,"pct":100}}
,"/home/runner/work/Opticlick/Opticlick/src/utils/base64.ts": {"lines":{"total":6,"covered":6,"skipped":0,"pct":100},"functions":{"total":1,"covered":1,"skipped":0,"pct":100},"statements":{"total":7,"covered":7,"skipped":0,"pct":100},"branches":{"total":0,"covered":0,"skipped":0,"pct":100}}
,"/home/runner/work/Opticlick/Opticlick/src/utils/custom-system-prompt.ts": {"lines":{"total":10,"covered":10,"skipped":0,"pct":100},"functions":{"total":3,"covered":3,"skipped":0,"pct":100},"statements":{"total":11,"covered":11,"skipped":0,"pct":100},"branches":{"total":10,"covered":9,"skipped":0,"pct":90}}
,"/home/runner/work/Opticlick/Opticlick/src/utils/debounce.ts": {"lines":{"total":2,"covered":2,"skipped":0,"pct":100},"functions":{"total":3,"covered":3,"skipped":0,"pct":100},"statements":{"total":4,"covered":4,"skipped":0,"pct":100},"branches":{"total":0,"covered":0,"skipped":0,"pct":100}}
,"/home/runner/work/Opticlick/Opticlick/src/utils/dom-idle.ts": {"lines":{"total":13,"covered":13,"skipped":0,"pct":100},"functions":{"total":7,"covered":7,"skipped":0,"pct":100},"statements":{"total":13,"covered":13,"skipped":0,"pct":100},"branches":{"total":4,"covered":4,"skipped":0,"pct":100}}
,"/home/runner/work/Opticlick/Opticlick/src/utils/file-upload.ts": {"lines":{"total":19,"covered":19,"skipped":0,"pct":100},"functions":{"total":2,"covered":2,"skipped":0,"pct":100},"statements":{"total":21,"covered":21,"skipped":0,"pct":100},"branches":{"total":8,"covered":8,"skipped":0,"pct":100}}
,"/home/runner/work/Opticlick/Opticlick/src/utils/highlight-match.tsx": {"lines":{"total":19,"covered":19,"skipped":0,"pct":100},"functions":{"total":3,"covered":3,"skipped":0,"pct":100},"statements":{"total":20,"covered":20,"skipped":0,"pct":100},"branches":{"total":11,"covered":11,"skipped":0,"pct":100}}
,"/home/runner/work/Opticlick/Opticlick/src/utils/langsmith-config.ts": {"lines":{"total":32,"covered":24,"skipped":0,"pct":75},"functions":{"total":4,"covered":2,"skipped":0,"pct":50},"statements":{"total":32,"covered":24,"skipped":0,"pct":75},"branches":{"total":29,"covered":22,"skipped":0,"pct":75.86}}
,"/home/runner/work/Opticlick/Opticlick/src/utils/llm-stream.ts": {"lines":{"total":107,"covered":94,"skipped":0,"pct":87.85},"functions":{"total":18,"covered":14,"skipped":0,"pct":77.77},"statements":{"total":127,"covered":105,"skipped":0,"pct":82.67},"branches":{"total":118,"covered":81,"skipped":0,"pct":68.64}}
,"/home/runner/work/Opticlick/Opticlick/src/utils/llm.ts": {"lines":{"total":58,"covered":53,"skipped":0,"pct":91.37},"functions":{"total":11,"covered":11,"skipped":0,"pct":100},"statements":{"total":65,"covered":60,"skipped":0,"pct":92.3},"branches":{"total":90,"covered":68,"skipped":0,"pct":75.55}}
,"/home/runner/work/Opticlick/Opticlick/src/utils/memory.ts": {"lines":{"total":18,"covered":18,"skipped":0,"pct":100},"functions":{"total":1,"covered":1,"skipped":0,"pct":100},"statements":{"total":18,"covered":18,"skipped":0,"pct":100},"branches":{"total":8,"covered":8,"skipped":0,"pct":100}}
,"/home/runner/work/Opticlick/Opticlick/src/utils/models.ts": {"lines":{"total":39,"covered":39,"skipped":0,"pct":100},"functions":{"total":16,"covered":16,"skipped":0,"pct":100},"statements":{"total":48,"covered":48,"skipped":0,"pct":100},"branches":{"total":26,"covered":26,"skipped":0,"pct":100}}
,"/home/runner/work/Opticlick/Opticlick/src/utils/navigation-guard.ts": {"lines":{"total":28,"covered":28,"skipped":0,"pct":100},"functions":{"total":9,"covered":9,"skipped":0,"pct":100},"statements":{"total":31,"covered":31,"skipped":0,"pct":100},"branches":{"total":38,"covered":38,"skipped":0,"pct":100}}
,"/home/runner/work/Opticlick/Opticlick/src/utils/prompt.ts": {"lines":{"total":62,"covered":62,"skipped":0,"pct":100},"functions":{"total":11,"covered":11,"skipped":0,"pct":100},"statements":{"total":67,"covered":67,"skipped":0,"pct":100},"branches":{"total":55,"covered":49,"skipped":0,"pct":89.09}}
,"/home/runner/work/Opticlick/Opticlick/src/utils/scratchpad.ts": {"lines":{"total":23,"covered":23,"skipped":0,"pct":100},"functions":{"total":9,"covered":9,"skipped":0,"pct":100},"statements":{"total":28,"covered":28,"skipped":0,"pct":100},"branches":{"total":6,"covered":6,"skipped":0,"pct":100}}
,"/home/runner/work/Opticlick/Opticlick/src/utils/screenshot.ts": {"lines":{"total":29,"covered":29,"skipped":0,"pct":100},"functions":{"total":3,"covered":3,"skipped":0,"pct":100},"statements":{"total":32,"covered":32,"skipped":0,"pct":100},"branches":{"total":14,"covered":14,"skipped":0,"pct":100}}
,"/home/runner/work/Opticlick/Opticlick/src/utils/session-backfill.ts": {"lines":{"total":27,"covered":27,"skipped":0,"pct":100},"functions":{"total":3,"covered":3,"skipped":0,"pct":100},"statements":{"total":31,"covered":30,"skipped":0,"pct":96.77},"branches":{"total":25,"covered":24,"skipped":0,"pct":96}}
,"/home/runner/work/Opticlick/Opticlick/src/utils/session-export.ts": {"lines":{"total":170,"covered":114,"skipped":0,"pct":67.05},"functions":{"total":18,"covered":13,"skipped":0,"pct":72.22},"statements":{"total":173,"covered":116,"skipped":0,"pct":67.05},"branches":{"total":127,"covered":75,"skipped":0,"pct":59.05}}
,"/home/runner/work/Opticlick/Opticlick/src/utils/session-search-text.ts": {"lines":{"total":9,"covered":9,"skipped":0,"pct":100},"functions":{"total":3,"covered":3,"skipped":0,"pct":100},"statements":{"total":11,"covered":11,"skipped":0,"pct":100},"branches":{"total":10,"covered":10,"skipped":0,"pct":100}}
,"/home/runner/work/Opticlick/Opticlick/src/utils/session-search.ts": {"lines":{"total":44,"covered":44,"skipped":0,"pct":100},"functions":{"total":12,"covered":12,"skipped":0,"pct":100},"statements":{"total":56,"covered":56,"skipped":0,"pct":100},"branches":{"total":47,"covered":47,"skipped":0,"pct":100}}
,"/home/runner/work/Opticlick/Opticlick/src/utils/sleep.ts": {"lines":{"total":1,"covered":1,"skipped":0,"pct":100},"functions":{"total":2,"covered":2,"skipped":0,"pct":100},"statements":{"total":2,"covered":2,"skipped":0,"pct":100},"branches":{"total":0,"covered":0,"skipped":0,"pct":100}}
,"/home/runner/work/Opticlick/Opticlick/src/utils/system-prompt.ts": {"lines":{"total":7,"covered":7,"skipped":0,"pct":100},"functions":{"total":0,"covered":0,"skipped":0,"pct":100},"statements":{"total":7,"covered":7,"skipped":0,"pct":100},"branches":{"total":0,"covered":0,"skipped":0,"pct":100}}
,"/home/runner/work/Opticlick/Opticlick/src/utils/tab-helpers.ts": {"lines":{"total":57,"covered":57,"skipped":0,"pct":100},"functions":{"total":16,"covered":16,"skipped":0,"pct":100},"statements":{"total":65,"covered":65,"skipped":0,"pct":100},"branches":{"total":45,"covered":42,"skipped":0,"pct":93.33}}
,"/home/runner/work/Opticlick/Opticlick/src/utils/text-agent-context.ts": {"lines":{"total":269,"covered":175,"skipped":0,"pct":65.05},"functions":{"total":62,"covered":41,"skipped":0,"pct":66.12},"statements":{"total":307,"covered":193,"skipped":0,"pct":62.86},"branches":{"total":320,"covered":168,"skipped":0,"pct":52.5}}
,"/home/runner/work/Opticlick/Opticlick/src/utils/todo.ts": {"lines":{"total":21,"covered":21,"skipped":0,"pct":100},"functions":{"total":8,"covered":8,"skipped":0,"pct":100},"statements":{"total":26,"covered":26,"skipped":0,"pct":100},"branches":{"total":14,"covered":14,"skipped":0,"pct":100}}
,"/home/runner/work/Opticlick/Opticlick/src/utils/cdp/core.ts": {"lines":{"total":11,"covered":11,"skipped":0,"pct":100},"functions":{"total":4,"covered":4,"skipped":0,"pct":100},"statements":{"total":15,"covered":15,"skipped":0,"pct":100},"branches":{"total":10,"covered":9,"skipped":0,"pct":90}}
,"/home/runner/work/Opticlick/Opticlick/src/utils/cdp/files.ts": {"lines":{"total":23,"covered":23,"skipped":0,"pct":100},"functions":{"total":6,"covered":6,"skipped":0,"pct":100},"statements":{"total":30,"covered":30,"skipped":0,"pct":100},"branches":{"total":10,"covered":10,"skipped":0,"pct":100}}
,"/home/runner/work/Opticlick/Opticlick/src/utils/cdp/input.ts": {"lines":{"total":39,"covered":39,"skipped":0,"pct":100},"functions":{"total":6,"covered":6,"skipped":0,"pct":100},"statements":{"total":41,"covered":41,"skipped":0,"pct":100},"branches":{"total":20,"covered":20,"skipped":0,"pct":100}}
,"/home/runner/work/Opticlick/Opticlick/src/utils/db/conversations.ts": {"lines":{"total":20,"covered":20,"skipped":0,"pct":100},"functions":{"total":11,"covered":11,"skipped":0,"pct":100},"statements":{"total":26,"covered":26,"skipped":0,"pct":100},"branches":{"total":8,"covered":8,"skipped":0,"pct":100}}
,"/home/runner/work/Opticlick/Opticlick/src/utils/db/core.ts": {"lines":{"total":46,"covered":46,"skipped":0,"pct":100},"functions":{"total":8,"covered":8,"skipped":0,"pct":100},"statements":{"total":48,"covered":47,"skipped":0,"pct":97.91},"branches":{"total":26,"covered":21,"skipped":0,"pct":80.76}}
,"/home/runner/work/Opticlick/Opticlick/src/utils/db/memory.ts": {"lines":{"total":25,"covered":25,"skipped":0,"pct":100},"functions":{"total":14,"covered":14,"skipped":0,"pct":100},"statements":{"total":31,"covered":31,"skipped":0,"pct":100},"branches":{"total":5,"covered":5,"skipped":0,"pct":100}}
,"/home/runner/work/Opticlick/Opticlick/src/utils/db/sessions.ts": {"lines":{"total":58,"covered":58,"skipped":0,"pct":100},"functions":{"total":28,"covered":25,"skipped":0,"pct":89.28},"statements":{"total":74,"covered":70,"skipped":0,"pct":94.59},"branches":{"total":19,"covered":18,"skipped":0,"pct":94.73}}
,"/home/runner/work/Opticlick/Opticlick/src/utils/db/vfs.ts": {"lines":{"total":60,"covered":60,"skipped":0,"pct":100},"functions":{"total":32,"covered":31,"skipped":0,"pct":96.87},"statements":{"total":74,"covered":73,"skipped":0,"pct":98.64},"branches":{"total":7,"covered":7,"skipped":0,"pct":100}}
,"/home/runner/work/Opticlick/Opticlick/src/utils/tools/control.ts": {"lines":{"total":7,"covered":7,"skipped":0,"pct":100},"functions":{"total":3,"covered":3,"skipped":0,"pct":100},"statements":{"total":7,"covered":7,"skipped":0,"pct":100},"branches":{"total":0,"covered":0,"skipped":0,"pct":100}}
,"/home/runner/work/Opticlick/Opticlick/src/utils/tools/dom.ts": {"lines":{"total":3,"covered":3,"skipped":0,"pct":100},"functions":{"total":1,"covered":1,"skipped":0,"pct":100},"statements":{"total":3,"covered":3,"skipped":0,"pct":100},"branches":{"total":0,"covered":0,"skipped":0,"pct":100}}
,"/home/runner/work/Opticlick/Opticlick/src/utils/tools/index.ts": {"lines":{"total":72,"covered":57,"skipped":0,"pct":79.16},"functions":{"total":25,"covered":23,"skipped":0,"pct":92},"statements":{"total":75,"covered":58,"skipped":0,"pct":77.33},"branches":{"total":70,"covered":35,"skipped":0,"pct":50}}
,"/home/runner/work/Opticlick/Opticlick/src/utils/tools/memory.ts": {"lines":{"total":5,"covered":5,"skipped":0,"pct":100},"functions":{"total":2,"covered":2,"skipped":0,"pct":100},"statements":{"total":5,"covered":5,"skipped":0,"pct":100},"branches":{"total":0,"covered":0,"skipped":0,"pct":100}}
,"/home/runner/work/Opticlick/Opticlick/src/utils/tools/scratchpad.ts": {"lines":{"total":5,"covered":5,"skipped":0,"pct":100},"functions":{"total":2,"covered":2,"skipped":0,"pct":100},"statements":{"total":5,"covered":5,"skipped":0,"pct":100},"branches":{"total":0,"covered":0,"skipped":0,"pct":100}}
,"/home/runner/work/Opticlick/Opticlick/src/utils/tools/todo.ts": {"lines":{"total":7,"covered":7,"skipped":0,"pct":100},"functions":{"total":3,"covered":3,"skipped":0,"pct":100},"statements":{"total":7,"covered":7,"skipped":0,"pct":100},"branches":{"total":0,"covered":0,"skipped":0,"pct":100}}
,"/home/runner/work/Opticlick/Opticlick/src/utils/tools/ui.ts": {"lines":{"total":13,"covered":13,"skipped":0,"pct":100},"functions":{"total":6,"covered":6,"skipped":0,"pct":100},"statements":{"total":13,"covered":13,"skipped":0,"pct":100},"branches":{"total":0,"covered":0,"skipped":0,"pct":100}}
,"/home/runner/work/Opticlick/Opticlick/src/utils/tools/vfs.ts": {"lines":{"total":9,"covered":9,"skipped":0,"pct":100},"functions":{"total":4,"covered":4,"skipped":0,"pct":100},"statements":{"total":9,"covered":9,"skipped":0,"pct":100},"branches":{"total":0,"covered":0,"skipped":0,"pct":100}}
}
