{"/home/runner/work/Opticlick/Opticlick/src/entrypoints/content/blocker.ts": {"path":"/home/runner/work/Opticlick/Opticlick/src/entrypoints/content/blocker.ts","statementMap":{"0":{"start":{"line":3,"column":19},"end":{"line":3,"column":null}},"1":{"start":{"line":5,"column":23},"end":{"line":10,"column":null}},"2":{"start":{"line":12,"column":17},"end":{"line":12,"column":null}},"3":{"start":{"line":15,"column":2},"end":{"line":15,"column":null}},"4":{"start":{"line":16,"column":2},"end":{"line":16,"column":null}},"5":{"start":{"line":20,"column":2},"end":{"line":20,"column":null}},"6":{"start":{"line":20,"column":18},"end":{"line":20,"column":null}},"7":{"start":{"line":21,"column":2},"end":{"line":21,"column":null}},"8":{"start":{"line":23,"column":16},"end":{"line":23,"column":null}},"9":{"start":{"line":25,"column":2},"end":{"line":27,"column":null}},"10":{"start":{"line":26,"column":4},"end":{"line":26,"column":null}},"11":{"start":{"line":29,"column":18},"end":{"line":29,"column":null}},"12":{"start":{"line":30,"column":2},"end":{"line":30,"column":null}},"13":{"start":{"line":31,"column":2},"end":{"line":36,"column":null}},"14":{"start":{"line":41,"column":17},"end":{"line":41,"column":null}},"15":{"start":{"line":42,"column":2},"end":{"line":46,"column":null}},"16":{"start":{"line":55,"column":2},"end":{"line":55,"column":null}},"17":{"start":{"line":56,"column":2},"end":{"line":56,"column":null}},"18":{"start":{"line":58,"column":16},"end":{"line":58,"column":null}},"19":{"start":{"line":59,"column":2},"end":{"line":64,"column":null}},"20":{"start":{"line":68,"column":2},"end":{"line":68,"column":null}},"21":{"start":{"line":70,"column":2},"end":{"line":70,"column":null}},"22":{"start":{"line":71,"column":2},"end":{"line":71,"column":null}},"23":{"start":{"line":75,"column":2},"end":{"line":75,"column":null}},"24":{"start":{"line":75,"column":19},"end":{"line":75,"column":null}},"25":{"start":{"line":76,"column":2},"end":{"line":76,"column":null}},"26":{"start":{"line":78,"column":2},"end":{"line":80,"column":null}},"27":{"start":{"line":79,"column":4},"end":{"line":79,"column":null}},"28":{"start":{"line":82,"column":2},"end":{"line":82,"column":null}},"29":{"start":{"line":83,"column":2},"end":{"line":83,"column":null}}},"fnMap":{"0":{"name":"blockHandler","decl":{"start":{"line":14,"column":9},"end":{"line":14,"column":22}},"loc":{"start":{"line":14,"column":38},"end":{"line":17,"column":null}},"line":14},"1":{"name":"installBlocker","decl":{"start":{"line":19,"column":22},"end":{"line":19,"column":54}},"loc":{"start":{"line":19,"column":54},"end":{"line":72,"column":null}},"line":19},"2":{"name":"removeBlocker","decl":{"start":{"line":74,"column":16},"end":{"line":74,"column":38}},"loc":{"start":{"line":74,"column":38},"end":{"line":84,"column":null}},"line":74}},"branchMap":{"0":{"loc":{"start":{"line":20,"column":2},"end":{"line":20,"column":null}},"type":"if","locations":[{"start":{"line":20,"column":2},"end":{"line":20,"column":null}},{"start":{},"end":{}}],"line":20},"1":{"loc":{"start":{"line":70,"column":3},"end":{"line":70,"column":46}},"type":"binary-expr","locations":[{"start":{"line":70,"column":3},"end":{"line":70,"column":20}},{"start":{"line":70,"column":20},"end":{"line":70,"column":46}}],"line":70},"2":{"loc":{"start":{"line":75,"column":2},"end":{"line":75,"column":null}},"type":"if","locations":[{"start":{"line":75,"column":2},"end":{"line":75,"column":null}},{"start":{},"end":{}}],"line":75}},"s":{"0":1,"1":1,"2":1,"3":1,"4":1,"5":15,"6":1,"7":14,"8":14,"9":14,"10":280,"11":14,"12":14,"13":14,"14":14,"15":14,"16":14,"17":14,"18":14,"19":14,"20":14,"21":14,"22":15,"23":21,"24":7,"25":14,"26":14,"27":280,"28":14,"29":21},"f":{"0":1,"1":15,"2":21},"b":{"0":[1,14],"1":[14,0],"2":[7,14]},"meta":{"lastBranch":3,"lastFunction":3,"lastStatement":30,"seen":{"s:3:19:3:Infinity":0,"s:5:23:10:Infinity":1,"s:12:17:12:Infinity":2,"f:14:9:14:22":0,"s:15:2:15:Infinity":3,"s:16:2:16:Infinity":4,"f:19:22:19:54":1,"b:20:2:20:Infinity:undefined:undefined:undefined:undefined":0,"s:20:2:20:Infinity":5,"s:20:18:20:Infinity":6,"s:21:2:21:Infinity":7,"s:23:16:23:Infinity":8,"s:25:2:27:Infinity":9,"s:26:4:26:Infinity":10,"s:29:18:29:Infinity":11,"s:30:2:30:Infinity":12,"s:31:2:36:Infinity":13,"s:41:17:41:Infinity":14,"s:42:2:46:Infinity":15,"s:55:2:55:Infinity":16,"s:56:2:56:Infinity":17,"s:58:16:58:Infinity":18,"s:59:2:64:Infinity":19,"s:68:2:68:Infinity":20,"s:70:2:70:Infinity":21,"b:70:3:70:20:70:20:70:46":1,"s:71:2:71:Infinity":22,"f:74:16:74:38":2,"b:75:2:75:Infinity:undefined:undefined:undefined:undefined":2,"s:75:2:75:Infinity":23,"s:75:19:75:Infinity":24,"s:76:2:76:Infinity":25,"s:78:2:80:Infinity":26,"s:79:4:79:Infinity":27,"s:82:2:82:Infinity":28,"s:83:2:83:Infinity":29}}}
,"/home/runner/work/Opticlick/Opticlick/src/entrypoints/content/interactables.ts": {"path":"/home/runner/work/Opticlick/Opticlick/src/entrypoints/content/interactables.ts","statementMap":{"0":{"start":{"line":1,"column":26},"end":{"line":6,"column":null}},"1":{"start":{"line":8,"column":25},"end":{"line":11,"column":null}},"2":{"start":{"line":14,"column":14},"end":{"line":14,"column":null}},"3":{"start":{"line":15,"column":8},"end":{"line":15,"column":null}},"4":{"start":{"line":17,"column":2},"end":{"line":21,"column":null}},"5":{"start":{"line":18,"column":4},"end":{"line":18,"column":null}},"6":{"start":{"line":18,"column":43},"end":{"line":18,"column":null}},"7":{"start":{"line":19,"column":4},"end":{"line":19,"column":null}},"8":{"start":{"line":19,"column":71},"end":{"line":19,"column":null}},"9":{"start":{"line":20,"column":4},"end":{"line":20,"column":null}},"10":{"start":{"line":23,"column":2},"end":{"line":23,"column":null}},"11":{"start":{"line":23,"column":35},"end":{"line":23,"column":null}},"12":{"start":{"line":25,"column":2},"end":{"line":25,"column":null}},"13":{"start":{"line":25,"column":62},"end":{"line":25,"column":null}},"14":{"start":{"line":27,"column":2},"end":{"line":28,"column":null}},"15":{"start":{"line":28,"column":4},"end":{"line":28,"column":null}},"16":{"start":{"line":30,"column":2},"end":{"line":32,"column":null}},"17":{"start":{"line":31,"column":4},"end":{"line":31,"column":null}},"18":{"start":{"line":31,"column":58},"end":{"line":31,"column":null}},"19":{"start":{"line":34,"column":2},"end":{"line":41,"column":null}},"20":{"start":{"line":41,"column":4},"end":{"line":41,"column":null}},"21":{"start":{"line":43,"column":2},"end":{"line":43,"column":null}},"22":{"start":{"line":48,"column":17},"end":{"line":48,"column":null}},"23":{"start":{"line":50,"column":2},"end":{"line":57,"column":null}},"24":{"start":{"line":51,"column":15},"end":{"line":51,"column":null}},"25":{"start":{"line":52,"column":4},"end":{"line":52,"column":null}},"26":{"start":{"line":52,"column":28},"end":{"line":52,"column":null}},"27":{"start":{"line":53,"column":24},"end":{"line":53,"column":null}},"28":{"start":{"line":54,"column":4},"end":{"line":56,"column":null}},"29":{"start":{"line":55,"column":6},"end":{"line":55,"column":null}},"30":{"start":{"line":58,"column":2},"end":{"line":58,"column":null}},"31":{"start":{"line":62,"column":14},"end":{"line":62,"column":null}},"32":{"start":{"line":64,"column":20},"end":{"line":64,"column":null}},"33":{"start":{"line":65,"column":2},"end":{"line":65,"column":null}},"34":{"start":{"line":65,"column":17},"end":{"line":65,"column":null}},"35":{"start":{"line":67,"column":25},"end":{"line":67,"column":null}},"36":{"start":{"line":68,"column":2},"end":{"line":71,"column":null}},"37":{"start":{"line":69,"column":16},"end":{"line":69,"column":null}},"38":{"start":{"line":70,"column":4},"end":{"line":70,"column":null}},"39":{"start":{"line":70,"column":13},"end":{"line":70,"column":null}},"40":{"start":{"line":73,"column":2},"end":{"line":80,"column":null}},"41":{"start":{"line":74,"column":4},"end":{"line":79,"column":null}},"42":{"start":{"line":82,"column":8},"end":{"line":82,"column":null}},"43":{"start":{"line":83,"column":2},"end":{"line":83,"column":null}},"44":{"start":{"line":83,"column":12},"end":{"line":83,"column":null}},"45":{"start":{"line":85,"column":2},"end":{"line":85,"column":null}}},"fnMap":{"0":{"name":"isInteractable","decl":{"start":{"line":13,"column":16},"end":{"line":13,"column":31}},"loc":{"start":{"line":13,"column":53},"end":{"line":44,"column":null}},"line":13},"1":{"name":"collectInteractables","decl":{"start":{"line":47,"column":16},"end":{"line":47,"column":37}},"loc":{"start":{"line":47,"column":85},"end":{"line":59,"column":null}},"line":47},"2":{"name":"getLabel","decl":{"start":{"line":61,"column":16},"end":{"line":61,"column":25}},"loc":{"start":{"line":61,"column":46},"end":{"line":86,"column":null}},"line":61}},"branchMap":{"0":{"loc":{"start":{"line":15,"column":16},"end":{"line":15,"column":47}},"type":"binary-expr","locations":[{"start":{"line":15,"column":16},"end":{"line":15,"column":43}},{"start":{"line":15,"column":43},"end":{"line":15,"column":47}}],"line":15},"1":{"loc":{"start":{"line":17,"column":2},"end":{"line":21,"column":null}},"type":"if","locations":[{"start":{"line":17,"column":2},"end":{"line":21,"column":null}},{"start":{},"end":{}}],"line":17},"2":{"loc":{"start":{"line":18,"column":4},"end":{"line":18,"column":null}},"type":"if","locations":[{"start":{"line":18,"column":4},"end":{"line":18,"column":null}},{"start":{},"end":{}}],"line":18},"3":{"loc":{"start":{"line":19,"column":4},"end":{"line":19,"column":null}},"type":"if","locations":[{"start":{"line":19,"column":4},"end":{"line":19,"column":null}},{"start":{},"end":{}}],"line":19},"4":{"loc":{"start":{"line":19,"column":8},"end":{"line":19,"column":71}},"type":"binary-expr","locations":[{"start":{"line":19,"column":8},"end":{"line":19,"column":28}},{"start":{"line":19,"column":28},"end":{"line":19,"column":71}}],"line":19},"5":{"loc":{"start":{"line":23,"column":2},"end":{"line":23,"column":null}},"type":"if","locations":[{"start":{"line":23,"column":2},"end":{"line":23,"column":null}},{"start":{},"end":{}}],"line":23},"6":{"loc":{"start":{"line":25,"column":2},"end":{"line":25,"column":null}},"type":"if","locations":[{"start":{"line":25,"column":2},"end":{"line":25,"column":null}},{"start":{},"end":{}}],"line":25},"7":{"loc":{"start":{"line":27,"column":2},"end":{"line":28,"column":null}},"type":"if","locations":[{"start":{"line":27,"column":2},"end":{"line":28,"column":null}},{"start":{},"end":{}}],"line":27},"8":{"loc":{"start":{"line":27,"column":6},"end":{"line":27,"column":null}},"type":"binary-expr","locations":[{"start":{"line":27,"column":6},"end":{"line":27,"column":37}},{"start":{"line":27,"column":37},"end":{"line":27,"column":null}}],"line":27},"9":{"loc":{"start":{"line":27,"column":46},"end":{"line":27,"column":82}},"type":"binary-expr","locations":[{"start":{"line":27,"column":46},"end":{"line":27,"column":77}},{"start":{"line":27,"column":77},"end":{"line":27,"column":82}}],"line":27},"10":{"loc":{"start":{"line":31,"column":4},"end":{"line":31,"column":null}},"type":"if","locations":[{"start":{"line":31,"column":4},"end":{"line":31,"column":null}},{"start":{},"end":{}}],"line":31},"11":{"loc":{"start":{"line":34,"column":2},"end":{"line":41,"column":null}},"type":"if","locations":[{"start":{"line":34,"column":2},"end":{"line":41,"column":null}},{"start":{},"end":{}}],"line":34},"12":{"loc":{"start":{"line":35,"column":5},"end":{"line":39,"column":null}},"type":"binary-expr","locations":[{"start":{"line":35,"column":5},"end":{"line":35,"column":null}},{"start":{"line":36,"column":4},"end":{"line":36,"column":null}},{"start":{"line":37,"column":4},"end":{"line":37,"column":null}},{"start":{"line":38,"column":4},"end":{"line":38,"column":null}},{"start":{"line":39,"column":4},"end":{"line":39,"column":null}}],"line":35},"13":{"loc":{"start":{"line":47,"column":49},"end":{"line":47,"column":85}},"type":"default-arg","locations":[{"start":{"line":47,"column":70},"end":{"line":47,"column":85}}],"line":47},"14":{"loc":{"start":{"line":52,"column":4},"end":{"line":52,"column":null}},"type":"if","locations":[{"start":{"line":52,"column":4},"end":{"line":52,"column":null}},{"start":{},"end":{}}],"line":52},"15":{"loc":{"start":{"line":54,"column":4},"end":{"line":56,"column":null}},"type":"if","locations":[{"start":{"line":54,"column":4},"end":{"line":56,"column":null}},{"start":{},"end":{}}],"line":54},"16":{"loc":{"start":{"line":65,"column":2},"end":{"line":65,"column":null}},"type":"if","locations":[{"start":{"line":65,"column":2},"end":{"line":65,"column":null}},{"start":{},"end":{}}],"line":65},"17":{"loc":{"start":{"line":68,"column":2},"end":{"line":71,"column":null}},"type":"if","locations":[{"start":{"line":68,"column":2},"end":{"line":71,"column":null}},{"start":{},"end":{}}],"line":68},"18":{"loc":{"start":{"line":70,"column":4},"end":{"line":70,"column":null}},"type":"if","locations":[{"start":{"line":70,"column":4},"end":{"line":70,"column":null}},{"start":{},"end":{}}],"line":70},"19":{"loc":{"start":{"line":70,"column":21},"end":{"line":70,"column":44}},"type":"binary-expr","locations":[{"start":{"line":70,"column":21},"end":{"line":70,"column":40}},{"start":{"line":70,"column":40},"end":{"line":70,"column":44}}],"line":70},"20":{"loc":{"start":{"line":73,"column":2},"end":{"line":80,"column":null}},"type":"if","locations":[{"start":{"line":73,"column":2},"end":{"line":80,"column":null}},{"start":{},"end":{}}],"line":73},"21":{"loc":{"start":{"line":75,"column":7},"end":{"line":78,"column":null}},"type":"binary-expr","locations":[{"start":{"line":75,"column":7},"end":{"line":75,"column":null}},{"start":{"line":76,"column":7},"end":{"line":76,"column":null}},{"start":{"line":77,"column":7},"end":{"line":77,"column":null}},{"start":{"line":78,"column":6},"end":{"line":78,"column":null}}],"line":75},"22":{"loc":{"start":{"line":82,"column":16},"end":{"line":82,"column":38}},"type":"binary-expr","locations":[{"start":{"line":82,"column":16},"end":{"line":82,"column":34}},{"start":{"line":82,"column":34},"end":{"line":82,"column":38}}],"line":82},"23":{"loc":{"start":{"line":83,"column":2},"end":{"line":83,"column":null}},"type":"if","locations":[{"start":{"line":83,"column":2},"end":{"line":83,"column":null}},{"start":{},"end":{}}],"line":83}},"s":{"0":2,"1":2,"2":56,"3":56,"4":56,"5":26,"6":2,"7":24,"8":1,"9":23,"10":30,"11":30,"12":15,"13":2,"14":13,"15":2,"16":11,"17":11,"18":0,"19":11,"20":4,"21":7,"22":21,"23":21,"24":19,"25":19,"26":13,"27":19,"28":19,"29":3,"30":21,"31":18,"32":18,"33":18,"34":2,"35":16,"36":16,"37":1,"38":1,"39":1,"40":15,"41":5,"42":10,"43":18,"44":8,"45":2},"f":{"0":56,"1":21,"2":18},"b":{"0":[56,41],"1":[26,30],"2":[2,24],"3":[1,23],"4":[24,6],"5":[15,15],"6":[2,13],"7":[2,11],"8":[13,3],"9":[3,0],"10":[0,11],"11":[4,7],"12":[11,10,10,9,8],"13":[21],"14":[13,6],"15":[3,16],"16":[2,16],"17":[1,15],"18":[1,0],"19":[1,0],"20":[5,10],"21":[5,4,3,0],"22":[10,0],"23":[8,10]},"meta":{"lastBranch":24,"lastFunction":3,"lastStatement":46,"seen":{"s:1:26:6:Infinity":0,"s:8:25:11:Infinity":1,"f:13:16:13:31":0,"s:14:14:14:Infinity":2,"s:15:8:15:Infinity":3,"b:15:16:15:43:15:43:15:47":0,"b:17:2:21:Infinity:undefined:undefined:undefined:undefined":1,"s:17:2:21:Infinity":4,"b:18:4:18:Infinity:undefined:undefined:undefined:undefined":2,"s:18:4:18:Infinity":5,"s:18:43:18:Infinity":6,"b:19:4:19:Infinity:undefined:undefined:undefined:undefined":3,"s:19:4:19:Infinity":7,"b:19:8:19:28:19:28:19:71":4,"s:19:71:19:Infinity":8,"s:20:4:20:Infinity":9,"b:23:2:23:Infinity:undefined:undefined:undefined:undefined":5,"s:23:2:23:Infinity":10,"s:23:35:23:Infinity":11,"b:25:2:25:Infinity:undefined:undefined:undefined:undefined":6,"s:25:2:25:Infinity":12,"s:25:62:25:Infinity":13,"b:27:2:28:Infinity:undefined:undefined:undefined:undefined":7,"s:27:2:28:Infinity":14,"b:27:6:27:37:27:37:27:Infinity":8,"b:27:46:27:77:27:77:27:82":9,"s:28:4:28:Infinity":15,"s:30:2:32:Infinity":16,"b:31:4:31:Infinity:undefined:undefined:undefined:undefined":10,"s:31:4:31:Infinity":17,"s:31:58:31:Infinity":18,"b:34:2:41:Infinity:undefined:undefined:undefined:undefined":11,"s:34:2:41:Infinity":19,"b:35:5:35:Infinity:36:4:36:Infinity:37:4:37:Infinity:38:4:38:Infinity:39:4:39:Infinity":12,"s:41:4:41:Infinity":20,"s:43:2:43:Infinity":21,"f:47:16:47:37":1,"b:47:70:47:85":13,"s:48:17:48:Infinity":22,"s:50:2:57:Infinity":23,"s:51:15:51:Infinity":24,"b:52:4:52:Infinity:undefined:undefined:undefined:undefined":14,"s:52:4:52:Infinity":25,"s:52:28:52:Infinity":26,"s:53:24:53:Infinity":27,"b:54:4:56:Infinity:undefined:undefined:undefined:undefined":15,"s:54:4:56:Infinity":28,"s:55:6:55:Infinity":29,"s:58:2:58:Infinity":30,"f:61:16:61:25":2,"s:62:14:62:Infinity":31,"s:64:20:64:Infinity":32,"b:65:2:65:Infinity:undefined:undefined:undefined:undefined":16,"s:65:2:65:Infinity":33,"s:65:17:65:Infinity":34,"s:67:25:67:Infinity":35,"b:68:2:71:Infinity:undefined:undefined:undefined:undefined":17,"s:68:2:71:Infinity":36,"s:69:16:69:Infinity":37,"b:70:4:70:Infinity:undefined:undefined:undefined:undefined":18,"s:70:4:70:Infinity":38,"s:70:13:70:Infinity":39,"b:70:21:70:40:70:40:70:44":19,"b:73:2:80:Infinity:undefined:undefined:undefined:undefined":20,"s:73:2:80:Infinity":40,"s:74:4:79:Infinity":41,"b:75:7:75:Infinity:76:7:76:Infinity:77:7:77:Infinity:78:6:78:Infinity":21,"s:82:8:82:Infinity":42,"b:82:16:82:34:82:34:82:38":22,"b:83:2:83:Infinity:undefined:undefined:undefined:undefined":23,"s:83:2:83:Infinity":43,"s:83:12:83:Infinity":44,"s:85:2:85:Infinity":45}}}
,"/home/runner/work/Opticlick/Opticlick/src/entrypoints/content/overlay.ts": {"path":"/home/runner/work/Opticlick/Opticlick/src/entrypoints/content/overlay.ts","statementMap":{"0":{"start":{"line":6,"column":18},"end":{"line":6,"column":null}},"1":{"start":{"line":9,"column":2},"end":{"line":9,"column":null}},"2":{"start":{"line":13,"column":2},"end":{"line":13,"column":null}},"3":{"start":{"line":15,"column":16},"end":{"line":15,"column":null}},"4":{"start":{"line":16,"column":14},"end":{"line":16,"column":null}},"5":{"start":{"line":17,"column":16},"end":{"line":17,"column":null}},"6":{"start":{"line":18,"column":17},"end":{"line":18,"column":null}},"7":{"start":{"line":20,"column":15},"end":{"line":20,"column":null}},"8":{"start":{"line":21,"column":8},"end":{"line":21,"column":null}},"9":{"start":{"line":23,"column":2},"end":{"line":25,"column":null}},"10":{"start":{"line":27,"column":69},"end":{"line":27,"column":null}},"11":{"start":{"line":28,"column":15},"end":{"line":28,"column":null}},"12":{"start":{"line":30,"column":2},"end":{"line":35,"column":null}},"13":{"start":{"line":31,"column":10},"end":{"line":31,"column":null}},"14":{"start":{"line":32,"column":4},"end":{"line":32,"column":null}},"15":{"start":{"line":32,"column":15},"end":{"line":32,"column":null}},"16":{"start":{"line":33,"column":4},"end":{"line":33,"column":null}},"17":{"start":{"line":33,"column":35},"end":{"line":33,"column":null}},"18":{"start":{"line":34,"column":4},"end":{"line":34,"column":null}},"19":{"start":{"line":37,"column":2},"end":{"line":37,"column":null}},"20":{"start":{"line":39,"column":17},"end":{"line":39,"column":null}},"21":{"start":{"line":40,"column":2},"end":{"line":40,"column":null}},"22":{"start":{"line":41,"column":2},"end":{"line":41,"column":null}},"23":{"start":{"line":42,"column":2},"end":{"line":42,"column":null}},"24":{"start":{"line":43,"column":2},"end":{"line":47,"column":null}},"25":{"start":{"line":52,"column":2},"end":{"line":52,"column":null}},"26":{"start":{"line":54,"column":14},"end":{"line":54,"column":null}},"27":{"start":{"line":55,"column":2},"end":{"line":55,"column":null}},"28":{"start":{"line":55,"column":12},"end":{"line":55,"column":null}},"29":{"start":{"line":56,"column":2},"end":{"line":56,"column":null}},"30":{"start":{"line":58,"column":43},"end":{"line":58,"column":null}},"31":{"start":{"line":60,"column":2},"end":{"line":108,"column":null}},"32":{"start":{"line":61,"column":14},"end":{"line":61,"column":null}},"33":{"start":{"line":62,"column":14},"end":{"line":62,"column":null}},"34":{"start":{"line":63,"column":14},"end":{"line":63,"column":null}},"35":{"start":{"line":64,"column":14},"end":{"line":64,"column":null}},"36":{"start":{"line":66,"column":4},"end":{"line":66,"column":null}},"37":{"start":{"line":67,"column":4},"end":{"line":67,"column":null}},"38":{"start":{"line":68,"column":4},"end":{"line":68,"column":null}},"39":{"start":{"line":70,"column":4},"end":{"line":70,"column":null}},"40":{"start":{"line":71,"column":4},"end":{"line":71,"column":null}},"41":{"start":{"line":73,"column":18},"end":{"line":73,"column":null}},"42":{"start":{"line":74,"column":19},"end":{"line":74,"column":null}},"43":{"start":{"line":75,"column":19},"end":{"line":75,"column":null}},"44":{"start":{"line":76,"column":19},"end":{"line":76,"column":null}},"45":{"start":{"line":77,"column":19},"end":{"line":77,"column":null}},"46":{"start":{"line":79,"column":4},"end":{"line":79,"column":null}},"47":{"start":{"line":80,"column":4},"end":{"line":80,"column":null}},"48":{"start":{"line":81,"column":4},"end":{"line":85,"column":null}},"49":{"start":{"line":82,"column":6},"end":{"line":82,"column":null}},"50":{"start":{"line":84,"column":6},"end":{"line":84,"column":null}},"51":{"start":{"line":86,"column":4},"end":{"line":86,"column":null}},"52":{"start":{"line":88,"column":4},"end":{"line":88,"column":null}},"53":{"start":{"line":89,"column":4},"end":{"line":89,"column":null}},"54":{"start":{"line":90,"column":4},"end":{"line":90,"column":null}},"55":{"start":{"line":91,"column":4},"end":{"line":91,"column":null}},"56":{"start":{"line":93,"column":16},"end":{"line":93,"column":null}},"57":{"start":{"line":94,"column":4},"end":{"line":107,"column":null}},"58":{"start":{"line":110,"column":2},"end":{"line":110,"column":null}}},"fnMap":{"0":{"name":"destroyOverlay","decl":{"start":{"line":8,"column":16},"end":{"line":8,"column":39}},"loc":{"start":{"line":8,"column":39},"end":{"line":10,"column":null}},"line":8},"1":{"name":"drawOverlay","decl":{"start":{"line":12,"column":22},"end":{"line":12,"column":64}},"loc":{"start":{"line":12,"column":64},"end":{"line":111,"column":null}},"line":12}},"branchMap":{"0":{"loc":{"start":{"line":16,"column":14},"end":{"line":16,"column":null}},"type":"binary-expr","locations":[{"start":{"line":16,"column":14},"end":{"line":16,"column":41}},{"start":{"line":16,"column":41},"end":{"line":16,"column":null}}],"line":16},"1":{"loc":{"start":{"line":20,"column":15},"end":{"line":20,"column":null}},"type":"binary-expr","locations":[{"start":{"line":20,"column":15},"end":{"line":20,"column":32}},{"start":{"line":20,"column":32},"end":{"line":20,"column":null}}],"line":20},"2":{"loc":{"start":{"line":24,"column":89},"end":{"line":24,"column":129}},"type":"cond-expr","locations":[{"start":{"line":24,"column":113},"end":{"line":24,"column":121}},{"start":{"line":24,"column":121},"end":{"line":24,"column":129}}],"line":24},"3":{"loc":{"start":{"line":32,"column":4},"end":{"line":32,"column":null}},"type":"if","locations":[{"start":{"line":32,"column":4},"end":{"line":32,"column":null}},{"start":{},"end":{}}],"line":32},"4":{"loc":{"start":{"line":33,"column":4},"end":{"line":33,"column":null}},"type":"if","locations":[{"start":{"line":33,"column":4},"end":{"line":33,"column":null}},{"start":{},"end":{}}],"line":33},"5":{"loc":{"start":{"line":52,"column":3},"end":{"line":52,"column":46}},"type":"binary-expr","locations":[{"start":{"line":52,"column":3},"end":{"line":52,"column":20}},{"start":{"line":52,"column":20},"end":{"line":52,"column":46}}],"line":52},"6":{"loc":{"start":{"line":55,"column":2},"end":{"line":55,"column":null}},"type":"if","locations":[{"start":{"line":55,"column":2},"end":{"line":55,"column":null}},{"start":{},"end":{}}],"line":55},"7":{"loc":{"start":{"line":81,"column":4},"end":{"line":85,"column":null}},"type":"if","locations":[{"start":{"line":81,"column":4},"end":{"line":85,"column":null}},{"start":{"line":83,"column":11},"end":{"line":85,"column":null}}],"line":81},"8":{"loc":{"start":{"line":98,"column":10},"end":{"line":98,"column":null}},"type":"binary-expr","locations":[{"start":{"line":98,"column":10},"end":{"line":98,"column":29}},{"start":{"line":98,"column":29},"end":{"line":98,"column":null}}],"line":98},"9":{"loc":{"start":{"line":98,"column":44},"end":{"line":98,"column":84}},"type":"binary-expr","locations":[{"start":{"line":98,"column":44},"end":{"line":98,"column":76}},{"start":{"line":98,"column":76},"end":{"line":98,"column":84}}],"line":98}},"s":{"0":1,"1":13,"2":11,"3":11,"4":11,"5":11,"6":11,"7":11,"8":11,"9":11,"10":11,"11":11,"12":11,"13":5,"14":5,"15":0,"16":5,"17":0,"18":5,"19":11,"20":11,"21":11,"22":11,"23":11,"24":11,"25":11,"26":11,"27":11,"28":0,"29":11,"30":11,"31":11,"32":5,"33":5,"34":5,"35":5,"36":5,"37":5,"38":5,"39":5,"40":5,"41":5,"42":5,"43":5,"44":5,"45":5,"46":5,"47":5,"48":5,"49":0,"50":5,"51":5,"52":5,"53":5,"54":5,"55":5,"56":5,"57":5,"58":11},"f":{"0":13,"1":11},"b":{"0":[11,0],"1":[11,0],"2":[11,0],"3":[0,5],"4":[0,5],"5":[11,0],"6":[0,11],"7":[0,5],"8":[5,1],"9":[1,0]},"meta":{"lastBranch":10,"lastFunction":2,"lastStatement":59,"seen":{"s:6:18:6:Infinity":0,"f:8:16:8:39":0,"s:9:2:9:Infinity":1,"f:12:22:12:64":1,"s:13:2:13:Infinity":2,"s:15:16:15:Infinity":3,"s:16:14:16:Infinity":4,"b:16:14:16:41:16:41:16:Infinity":0,"s:17:16:17:Infinity":5,"s:18:17:18:Infinity":6,"s:20:15:20:Infinity":7,"b:20:15:20:32:20:32:20:Infinity":1,"s:21:8:21:Infinity":8,"s:23:2:25:Infinity":9,"b:24:113:24:121:24:121:24:129":2,"s:27:69:27:Infinity":10,"s:28:15:28:Infinity":11,"s:30:2:35:Infinity":12,"s:31:10:31:Infinity":13,"b:32:4:32:Infinity:undefined:undefined:undefined:undefined":3,"s:32:4:32:Infinity":14,"s:32:15:32:Infinity":15,"b:33:4:33:Infinity:undefined:undefined:undefined:undefined":4,"s:33:4:33:Infinity":16,"s:33:35:33:Infinity":17,"s:34:4:34:Infinity":18,"s:37:2:37:Infinity":19,"s:39:17:39:Infinity":20,"s:40:2:40:Infinity":21,"s:41:2:41:Infinity":22,"s:42:2:42:Infinity":23,"s:43:2:47:Infinity":24,"s:52:2:52:Infinity":25,"b:52:3:52:20:52:20:52:46":5,"s:54:14:54:Infinity":26,"b:55:2:55:Infinity:undefined:undefined:undefined:undefined":6,"s:55:2:55:Infinity":27,"s:55:12:55:Infinity":28,"s:56:2:56:Infinity":29,"s:58:43:58:Infinity":30,"s:60:2:108:Infinity":31,"s:61:14:61:Infinity":32,"s:62:14:62:Infinity":33,"s:63:14:63:Infinity":34,"s:64:14:64:Infinity":35,"s:66:4:66:Infinity":36,"s:67:4:67:Infinity":37,"s:68:4:68:Infinity":38,"s:70:4:70:Infinity":39,"s:71:4:71:Infinity":40,"s:73:18:73:Infinity":41,"s:74:19:74:Infinity":42,"s:75:19:75:Infinity":43,"s:76:19:76:Infinity":44,"s:77:19:77:Infinity":45,"s:79:4:79:Infinity":46,"s:80:4:80:Infinity":47,"b:81:4:85:Infinity:83:11:85:Infinity":7,"s:81:4:85:Infinity":48,"s:82:6:82:Infinity":49,"s:84:6:84:Infinity":50,"s:86:4:86:Infinity":51,"s:88:4:88:Infinity":52,"s:89:4:89:Infinity":53,"s:90:4:90:Infinity":54,"s:91:4:91:Infinity":55,"s:93:16:93:Infinity":56,"s:94:4:107:Infinity":57,"b:98:10:98:29:98:29:98:Infinity":8,"b:98:44:98:76:98:76:98:84":9,"s:110:2:110:Infinity":58}}}
,"/home/runner/work/Opticlick/Opticlick/src/entrypoints/content/theme.ts": {"path":"/home/runner/work/Opticlick/Opticlick/src/entrypoints/content/theme.ts","statementMap":{"0":{"start":{"line":17,"column":28},"end":{"line":24,"column":null}},"1":{"start":{"line":26,"column":27},"end":{"line":33,"column":null}},"2":{"start":{"line":36,"column":2},"end":{"line":41,"column":null}},"3":{"start":{"line":37,"column":19},"end":{"line":37,"column":null}},"4":{"start":{"line":38,"column":4},"end":{"line":38,"column":null}},"5":{"start":{"line":40,"column":4},"end":{"line":40,"column":null}}},"fnMap":{"0":{"name":"getTheme","decl":{"start":{"line":35,"column":22},"end":{"line":35,"column":56}},"loc":{"start":{"line":35,"column":56},"end":{"line":42,"column":null}},"line":35}},"branchMap":{"0":{"loc":{"start":{"line":38,"column":11},"end":{"line":38,"column":null}},"type":"cond-expr","locations":[{"start":{"line":38,"column":49},"end":{"line":38,"column":56}},{"start":{"line":38,"column":56},"end":{"line":38,"column":null}}],"line":38}},"s":{"0":3,"1":3,"2":34,"3":34,"4":33,"5":1},"f":{"0":34},"b":{"0":[3,30]},"meta":{"lastBranch":1,"lastFunction":1,"lastStatement":6,"seen":{"s:17:28:24:Infinity":0,"s:26:27:33:Infinity":1,"f:35:22:35:56":0,"s:36:2:41:Infinity":2,"s:37:19:37:Infinity":3,"s:38:4:38:Infinity":4,"b:38:49:38:56:38:56:38:Infinity":0,"s:40:4:40:Infinity":5}}}
,"/home/runner/work/Opticlick/Opticlick/src/entrypoints/content/visibility.ts": {"path":"/home/runner/work/Opticlick/Opticlick/src/entrypoints/content/visibility.ts","statementMap":{"0":{"start":{"line":3,"column":2},"end":{"line":7,"column":null}},"1":{"start":{"line":4,"column":4},"end":{"line":4,"column":null}},"2":{"start":{"line":6,"column":4},"end":{"line":6,"column":null}},"3":{"start":{"line":9,"column":2},"end":{"line":9,"column":null}},"4":{"start":{"line":9,"column":43},"end":{"line":9,"column":null}},"5":{"start":{"line":10,"column":2},"end":{"line":10,"column":null}},"6":{"start":{"line":10,"column":41},"end":{"line":10,"column":null}},"7":{"start":{"line":11,"column":2},"end":{"line":11,"column":null}},"8":{"start":{"line":11,"column":70},"end":{"line":11,"column":null}},"9":{"start":{"line":13,"column":2},"end":{"line":21,"column":null}},"10":{"start":{"line":14,"column":18},"end":{"line":14,"column":null}},"11":{"start":{"line":15,"column":4},"end":{"line":20,"column":null}},"12":{"start":{"line":20,"column":6},"end":{"line":20,"column":null}},"13":{"start":{"line":23,"column":2},"end":{"line":23,"column":null}},"14":{"start":{"line":27,"column":37},"end":{"line":31,"column":null}},"15":{"start":{"line":33,"column":2},"end":{"line":39,"column":null}},"16":{"start":{"line":34,"column":4},"end":{"line":38,"column":null}},"17":{"start":{"line":35,"column":18},"end":{"line":35,"column":null}},"18":{"start":{"line":36,"column":6},"end":{"line":36,"column":null}},"19":{"start":{"line":36,"column":16},"end":{"line":36,"column":null}},"20":{"start":{"line":37,"column":6},"end":{"line":37,"column":null}},"21":{"start":{"line":37,"column":62},"end":{"line":37,"column":null}},"22":{"start":{"line":40,"column":2},"end":{"line":40,"column":null}}},"fnMap":{"0":{"name":"getVisibleRect","decl":{"start":{"line":1,"column":16},"end":{"line":1,"column":31}},"loc":{"start":{"line":1,"column":60},"end":{"line":24,"column":null}},"line":1},"1":{"name":"isTopElementAt","decl":{"start":{"line":26,"column":16},"end":{"line":26,"column":31}},"loc":{"start":{"line":26,"column":68},"end":{"line":41,"column":null}},"line":26}},"branchMap":{"0":{"loc":{"start":{"line":9,"column":2},"end":{"line":9,"column":null}},"type":"if","locations":[{"start":{"line":9,"column":2},"end":{"line":9,"column":null}},{"start":{},"end":{}}],"line":9},"1":{"loc":{"start":{"line":9,"column":6},"end":{"line":9,"column":43}},"type":"binary-expr","locations":[{"start":{"line":9,"column":6},"end":{"line":9,"column":25}},{"start":{"line":9,"column":25},"end":{"line":9,"column":43}}],"line":9},"2":{"loc":{"start":{"line":10,"column":2},"end":{"line":10,"column":null}},"type":"if","locations":[{"start":{"line":10,"column":2},"end":{"line":10,"column":null}},{"start":{},"end":{}}],"line":10},"3":{"loc":{"start":{"line":10,"column":6},"end":{"line":10,"column":41}},"type":"binary-expr","locations":[{"start":{"line":10,"column":6},"end":{"line":10,"column":25}},{"start":{"line":10,"column":25},"end":{"line":10,"column":41}}],"line":10},"4":{"loc":{"start":{"line":11,"column":2},"end":{"line":11,"column":null}},"type":"if","locations":[{"start":{"line":11,"column":2},"end":{"line":11,"column":null}},{"start":{},"end":{}}],"line":11},"5":{"loc":{"start":{"line":11,"column":6},"end":{"line":11,"column":70}},"type":"binary-expr","locations":[{"start":{"line":11,"column":6},"end":{"line":11,"column":39}},{"start":{"line":11,"column":39},"end":{"line":11,"column":70}}],"line":11},"6":{"loc":{"start":{"line":15,"column":4},"end":{"line":20,"column":null}},"type":"if","locations":[{"start":{"line":15,"column":4},"end":{"line":20,"column":null}},{"start":{},"end":{}}],"line":15},"7":{"loc":{"start":{"line":16,"column":6},"end":{"line":18,"column":null}},"type":"binary-expr","locations":[{"start":{"line":16,"column":6},"end":{"line":16,"column":null}},{"start":{"line":17,"column":6},"end":{"line":17,"column":null}},{"start":{"line":18,"column":6},"end":{"line":18,"column":null}}],"line":16},"8":{"loc":{"start":{"line":36,"column":6},"end":{"line":36,"column":null}},"type":"if","locations":[{"start":{"line":36,"column":6},"end":{"line":36,"column":null}},{"start":{},"end":{}}],"line":36},"9":{"loc":{"start":{"line":37,"column":6},"end":{"line":37,"column":null}},"type":"if","locations":[{"start":{"line":37,"column":6},"end":{"line":37,"column":null}},{"start":{},"end":{}}],"line":37},"10":{"loc":{"start":{"line":37,"column":10},"end":{"line":37,"column":62}},"type":"binary-expr","locations":[{"start":{"line":37,"column":10},"end":{"line":37,"column":24}},{"start":{"line":37,"column":24},"end":{"line":37,"column":44}},{"start":{"line":37,"column":44},"end":{"line":37,"column":62}}],"line":37}},"s":{"0":17,"1":17,"2":0,"3":17,"4":2,"5":15,"6":2,"7":13,"8":2,"9":11,"10":11,"11":11,"12":3,"13":8,"14":13,"15":13,"16":21,"17":21,"18":21,"19":3,"20":13,"21":10,"22":3},"f":{"0":17,"1":13},"b":{"0":[2,15],"1":[17,16],"2":[2,13],"3":[15,14],"4":[2,11],"5":[13,12],"6":[3,8],"7":[11,10,9],"8":[3,18],"9":[10,3],"10":[13,5,4]},"meta":{"lastBranch":11,"lastFunction":2,"lastStatement":23,"seen":{"f:1:16:1:31":0,"s:3:2:7:Infinity":0,"s:4:4:4:Infinity":1,"s:6:4:6:Infinity":2,"b:9:2:9:Infinity:undefined:undefined:undefined:undefined":0,"s:9:2:9:Infinity":3,"b:9:6:9:25:9:25:9:43":1,"s:9:43:9:Infinity":4,"b:10:2:10:Infinity:undefined:undefined:undefined:undefined":2,"s:10:2:10:Infinity":5,"b:10:6:10:25:10:25:10:41":3,"s:10:41:10:Infinity":6,"b:11:2:11:Infinity:undefined:undefined:undefined:undefined":4,"s:11:2:11:Infinity":7,"b:11:6:11:39:11:39:11:70":5,"s:11:70:11:Infinity":8,"s:13:2:21:Infinity":9,"s:14:18:14:Infinity":10,"b:15:4:20:Infinity:undefined:undefined:undefined:undefined":6,"s:15:4:20:Infinity":11,"b:16:6:16:Infinity:17:6:17:Infinity:18:6:18:Infinity":7,"s:20:6:20:Infinity":12,"s:23:2:23:Infinity":13,"f:26:16:26:31":1,"s:27:37:31:Infinity":14,"s:33:2:39:Infinity":15,"s:34:4:38:Infinity":16,"s:35:18:35:Infinity":17,"b:36:6:36:Infinity:undefined:undefined:undefined:undefined":8,"s:36:6:36:Infinity":18,"s:36:16:36:Infinity":19,"b:37:6:37:Infinity:undefined:undefined:undefined:undefined":9,"s:37:6:37:Infinity":20,"b:37:10:37:24:37:24:37:44:37:44:37:62":10,"s:37:62:37:Infinity":21,"s:40:2:40:Infinity":22}}}
,"/home/runner/work/Opticlick/Opticlick/src/entrypoints/content/handlers/get-element-dom.ts": {"path":"/home/runner/work/Opticlick/Opticlick/src/entrypoints/content/handlers/get-element-dom.ts","statementMap":{"0":{"start":{"line":10,"column":19},"end":{"line":10,"column":null}},"1":{"start":{"line":15,"column":21},"end":{"line":15,"column":null}},"2":{"start":{"line":16,"column":36},"end":{"line":16,"column":null}},"3":{"start":{"line":17,"column":16},"end":{"line":17,"column":null}},"4":{"start":{"line":18,"column":2},"end":{"line":29,"column":null}},"5":{"start":{"line":19,"column":4},"end":{"line":19,"column":null}},"6":{"start":{"line":19,"column":38},"end":{"line":19,"column":null}},"7":{"start":{"line":20,"column":14},"end":{"line":20,"column":null}},"8":{"start":{"line":21,"column":4},"end":{"line":21,"column":null}},"9":{"start":{"line":21,"column":41},"end":{"line":21,"column":null}},"10":{"start":{"line":22,"column":15},"end":{"line":22,"column":null}},"11":{"start":{"line":23,"column":15},"end":{"line":23,"column":null}},"12":{"start":{"line":24,"column":17},"end":{"line":24,"column":null}},"13":{"start":{"line":25,"column":4},"end":{"line":28,"column":null}},"14":{"start":{"line":26,"column":6},"end":{"line":26,"column":null}},"15":{"start":{"line":27,"column":6},"end":{"line":27,"column":null}},"16":{"start":{"line":31,"column":2},"end":{"line":34,"column":null}},"17":{"start":{"line":32,"column":4},"end":{"line":32,"column":null}},"18":{"start":{"line":33,"column":4},"end":{"line":33,"column":null}},"19":{"start":{"line":36,"column":20},"end":{"line":36,"column":null}},"20":{"start":{"line":37,"column":15},"end":{"line":37,"column":null}},"21":{"start":{"line":38,"column":20},"end":{"line":38,"column":null}},"22":{"start":{"line":39,"column":2},"end":{"line":44,"column":null}}},"fnMap":{"0":{"name":"handleGetElementDom","decl":{"start":{"line":6,"column":16},"end":{"line":6,"column":null}},"loc":{"start":{"line":9,"column":8},"end":{"line":45,"column":null}},"line":9}},"branchMap":{"0":{"loc":{"start":{"line":19,"column":4},"end":{"line":19,"column":null}},"type":"if","locations":[{"start":{"line":19,"column":4},"end":{"line":19,"column":null}},{"start":{},"end":{}}],"line":19},"1":{"loc":{"start":{"line":21,"column":4},"end":{"line":21,"column":null}},"type":"if","locations":[{"start":{"line":21,"column":4},"end":{"line":21,"column":null}},{"start":{},"end":{}}],"line":21},"2":{"loc":{"start":{"line":21,"column":8},"end":{"line":21,"column":41}},"type":"binary-expr","locations":[{"start":{"line":21,"column":8},"end":{"line":21,"column":25}},{"start":{"line":21,"column":25},"end":{"line":21,"column":41}}],"line":21},"3":{"loc":{"start":{"line":25,"column":4},"end":{"line":28,"column":null}},"type":"if","locations":[{"start":{"line":25,"column":4},"end":{"line":28,"column":null}},{"start":{},"end":{}}],"line":25},"4":{"loc":{"start":{"line":31,"column":2},"end":{"line":34,"column":null}},"type":"if","locations":[{"start":{"line":31,"column":2},"end":{"line":34,"column":null}},{"start":{},"end":{}}],"line":31},"5":{"loc":{"start":{"line":41,"column":15},"end":{"line":41,"column":null}},"type":"cond-expr","locations":[{"start":{"line":41,"column":27},"end":{"line":41,"column":81}},{"start":{"line":41,"column":81},"end":{"line":41,"column":null}}],"line":41}},"s":{"0":0,"1":0,"2":0,"3":0,"4":0,"5":0,"6":0,"7":0,"8":0,"9":0,"10":0,"11":0,"12":0,"13":0,"14":0,"15":0,"16":0,"17":0,"18":0,"19":0,"20":0,"21":0,"22":0},"f":{"0":0},"b":{"0":[0,0],"1":[0,0],"2":[0,0],"3":[0,0],"4":[0,0],"5":[0,0]},"meta":{"lastBranch":6,"lastFunction":1,"lastStatement":23,"seen":{"f:6:16:6:Infinity":0,"s:10:19:10:Infinity":0,"s:15:21:15:Infinity":1,"s:16:36:16:Infinity":2,"s:17:16:17:Infinity":3,"s:18:2:29:Infinity":4,"b:19:4:19:Infinity:undefined:undefined:undefined:undefined":0,"s:19:4:19:Infinity":5,"s:19:38:19:Infinity":6,"s:20:14:20:Infinity":7,"b:21:4:21:Infinity:undefined:undefined:undefined:undefined":1,"s:21:4:21:Infinity":8,"b:21:8:21:25:21:25:21:41":2,"s:21:41:21:Infinity":9,"s:22:15:22:Infinity":10,"s:23:15:23:Infinity":11,"s:24:17:24:Infinity":12,"b:25:4:28:Infinity:undefined:undefined:undefined:undefined":3,"s:25:4:28:Infinity":13,"s:26:6:26:Infinity":14,"s:27:6:27:Infinity":15,"b:31:2:34:Infinity:undefined:undefined:undefined:undefined":4,"s:31:2:34:Infinity":16,"s:32:4:32:Infinity":17,"s:33:4:33:Infinity":18,"s:36:20:36:Infinity":19,"s:37:15:37:Infinity":20,"s:38:20:38:Infinity":21,"s:39:2:44:Infinity":22,"b:41:27:41:81:41:81:41:Infinity":5}}}
,"/home/runner/work/Opticlick/Opticlick/src/entrypoints/content/handlers/upload-file.ts": {"path":"/home/runner/work/Opticlick/Opticlick/src/entrypoints/content/handlers/upload-file.ts","statementMap":{"0":{"start":{"line":16,"column":51},"end":{"line":16,"column":null}},"1":{"start":{"line":21,"column":21},"end":{"line":23,"column":null}},"2":{"start":{"line":25,"column":40},"end":{"line":25,"column":null}},"3":{"start":{"line":27,"column":2},"end":{"line":46,"column":null}},"4":{"start":{"line":29,"column":4},"end":{"line":29,"column":null}},"5":{"start":{"line":30,"column":2},"end":{"line":46,"column":null}},"6":{"start":{"line":32,"column":18},"end":{"line":32,"column":null}},"7":{"start":{"line":33,"column":4},"end":{"line":43,"column":null}},"8":{"start":{"line":34,"column":16},"end":{"line":34,"column":null}},"9":{"start":{"line":35,"column":6},"end":{"line":35,"column":null}},"10":{"start":{"line":35,"column":43},"end":{"line":35,"column":null}},"11":{"start":{"line":36,"column":17},"end":{"line":36,"column":null}},"12":{"start":{"line":37,"column":17},"end":{"line":37,"column":null}},"13":{"start":{"line":38,"column":19},"end":{"line":38,"column":null}},"14":{"start":{"line":39,"column":6},"end":{"line":42,"column":null}},"15":{"start":{"line":40,"column":8},"end":{"line":40,"column":null}},"16":{"start":{"line":41,"column":8},"end":{"line":41,"column":null}},"17":{"start":{"line":45,"column":4},"end":{"line":45,"column":null}},"18":{"start":{"line":45,"column":17},"end":{"line":45,"column":null}},"19":{"start":{"line":48,"column":2},"end":{"line":51,"column":null}},"20":{"start":{"line":49,"column":4},"end":{"line":49,"column":null}},"21":{"start":{"line":50,"column":4},"end":{"line":50,"column":null}},"22":{"start":{"line":53,"column":2},"end":{"line":114,"column":null}},"23":{"start":{"line":55,"column":19},"end":{"line":55,"column":null}},"24":{"start":{"line":56,"column":18},"end":{"line":56,"column":null}},"25":{"start":{"line":57,"column":4},"end":{"line":57,"column":null}},"26":{"start":{"line":57,"column":17},"end":{"line":57,"column":20}},"27":{"start":{"line":57,"column":44},"end":{"line":57,"column":null}},"28":{"start":{"line":58,"column":17},"end":{"line":58,"column":null}},"29":{"start":{"line":60,"column":15},"end":{"line":60,"column":null}},"30":{"start":{"line":61,"column":4},"end":{"line":61,"column":null}},"31":{"start":{"line":64,"column":25},"end":{"line":67,"column":null}},"32":{"start":{"line":68,"column":4},"end":{"line":69,"column":null}},"33":{"start":{"line":68,"column":22},"end":{"line":68,"column":null}},"34":{"start":{"line":69,"column":9},"end":{"line":69,"column":null}},"35":{"start":{"line":71,"column":4},"end":{"line":71,"column":null}},"36":{"start":{"line":72,"column":4},"end":{"line":72,"column":null}},"37":{"start":{"line":79,"column":39},"end":{"line":79,"column":null}},"38":{"start":{"line":80,"column":4},"end":{"line":84,"column":null}},"39":{"start":{"line":81,"column":16},"end":{"line":81,"column":null}},"40":{"start":{"line":82,"column":6},"end":{"line":82,"column":null}},"41":{"start":{"line":82,"column":43},"end":{"line":82,"column":null}},"42":{"start":{"line":83,"column":6},"end":{"line":83,"column":null}},"43":{"start":{"line":85,"column":4},"end":{"line":100,"column":null}},"44":{"start":{"line":87,"column":21},"end":{"line":87,"column":null}},"45":{"start":{"line":88,"column":20},"end":{"line":88,"column":null}},"46":{"start":{"line":89,"column":6},"end":{"line":99,"column":null}},"47":{"start":{"line":90,"column":18},"end":{"line":90,"column":null}},"48":{"start":{"line":91,"column":8},"end":{"line":91,"column":null}},"49":{"start":{"line":91,"column":43},"end":{"line":91,"column":null}},"50":{"start":{"line":92,"column":19},"end":{"line":92,"column":null}},"51":{"start":{"line":93,"column":19},"end":{"line":93,"column":null}},"52":{"start":{"line":94,"column":21},"end":{"line":94,"column":null}},"53":{"start":{"line":95,"column":8},"end":{"line":98,"column":null}},"54":{"start":{"line":96,"column":10},"end":{"line":96,"column":null}},"55":{"start":{"line":97,"column":10},"end":{"line":97,"column":null}},"56":{"start":{"line":102,"column":4},"end":{"line":109,"column":null}},"57":{"start":{"line":103,"column":21},"end":{"line":103,"column":null}},"58":{"start":{"line":104,"column":6},"end":{"line":104,"column":null}},"59":{"start":{"line":105,"column":19},"end":{"line":105,"column":null}},"60":{"start":{"line":106,"column":6},"end":{"line":106,"column":null}},"61":{"start":{"line":107,"column":6},"end":{"line":107,"column":null}},"62":{"start":{"line":108,"column":6},"end":{"line":108,"column":null}},"63":{"start":{"line":111,"column":4},"end":{"line":111,"column":null}},"64":{"start":{"line":113,"column":4},"end":{"line":113,"column":null}}},"fnMap":{"0":{"name":"handleUploadFile","decl":{"start":{"line":6,"column":16},"end":{"line":6,"column":null}},"loc":{"start":{"line":15,"column":8},"end":{"line":115,"column":null}},"line":15}},"branchMap":{"0":{"loc":{"start":{"line":27,"column":2},"end":{"line":46,"column":null}},"type":"if","locations":[{"start":{"line":27,"column":2},"end":{"line":46,"column":null}},{"start":{"line":30,"column":2},"end":{"line":46,"column":null}}],"line":27},"1":{"loc":{"start":{"line":30,"column":2},"end":{"line":46,"column":null}},"type":"if","locations":[{"start":{"line":30,"column":2},"end":{"line":46,"column":null}},{"start":{},"end":{}}],"line":30},"2":{"loc":{"start":{"line":35,"column":6},"end":{"line":35,"column":null}},"type":"if","locations":[{"start":{"line":35,"column":6},"end":{"line":35,"column":null}},{"start":{},"end":{}}],"line":35},"3":{"loc":{"start":{"line":35,"column":10},"end":{"line":35,"column":43}},"type":"binary-expr","locations":[{"start":{"line":35,"column":10},"end":{"line":35,"column":27}},{"start":{"line":35,"column":27},"end":{"line":35,"column":43}}],"line":35},"4":{"loc":{"start":{"line":39,"column":6},"end":{"line":42,"column":null}},"type":"if","locations":[{"start":{"line":39,"column":6},"end":{"line":42,"column":null}},{"start":{},"end":{}}],"line":39},"5":{"loc":{"start":{"line":45,"column":4},"end":{"line":45,"column":null}},"type":"if","locations":[{"start":{"line":45,"column":4},"end":{"line":45,"column":null}},{"start":{},"end":{}}],"line":45},"6":{"loc":{"start":{"line":48,"column":2},"end":{"line":51,"column":null}},"type":"if","locations":[{"start":{"line":48,"column":2},"end":{"line":51,"column":null}},{"start":{},"end":{}}],"line":48},"7":{"loc":{"start":{"line":68,"column":4},"end":{"line":69,"column":null}},"type":"if","locations":[{"start":{"line":68,"column":4},"end":{"line":69,"column":null}},{"start":{"line":69,"column":9},"end":{"line":69,"column":null}}],"line":68},"8":{"loc":{"start":{"line":80,"column":11},"end":{"line":80,"column":51}},"type":"binary-expr","locations":[{"start":{"line":80,"column":11},"end":{"line":80,"column":23}},{"start":{"line":80,"column":23},"end":{"line":80,"column":51}}],"line":80},"9":{"loc":{"start":{"line":82,"column":6},"end":{"line":82,"column":null}},"type":"if","locations":[{"start":{"line":82,"column":6},"end":{"line":82,"column":null}},{"start":{},"end":{}}],"line":82},"10":{"loc":{"start":{"line":82,"column":10},"end":{"line":82,"column":43}},"type":"binary-expr","locations":[{"start":{"line":82,"column":10},"end":{"line":82,"column":27}},{"start":{"line":82,"column":27},"end":{"line":82,"column":43}}],"line":82},"11":{"loc":{"start":{"line":85,"column":4},"end":{"line":100,"column":null}},"type":"if","locations":[{"start":{"line":85,"column":4},"end":{"line":100,"column":null}},{"start":{},"end":{}}],"line":85},"12":{"loc":{"start":{"line":85,"column":8},"end":{"line":85,"column":49}},"type":"binary-expr","locations":[{"start":{"line":85,"column":8},"end":{"line":85,"column":21}},{"start":{"line":85,"column":21},"end":{"line":85,"column":49}}],"line":85},"13":{"loc":{"start":{"line":91,"column":8},"end":{"line":91,"column":null}},"type":"if","locations":[{"start":{"line":91,"column":8},"end":{"line":91,"column":null}},{"start":{},"end":{}}],"line":91},"14":{"loc":{"start":{"line":91,"column":12},"end":{"line":91,"column":43}},"type":"binary-expr","locations":[{"start":{"line":91,"column":12},"end":{"line":91,"column":28}},{"start":{"line":91,"column":28},"end":{"line":91,"column":43}}],"line":91},"15":{"loc":{"start":{"line":95,"column":8},"end":{"line":98,"column":null}},"type":"if","locations":[{"start":{"line":95,"column":8},"end":{"line":98,"column":null}},{"start":{},"end":{}}],"line":95},"16":{"loc":{"start":{"line":102,"column":4},"end":{"line":109,"column":null}},"type":"if","locations":[{"start":{"line":102,"column":4},"end":{"line":109,"column":null}},{"start":{},"end":{}}],"line":102}},"s":{"0":0,"1":0,"2":0,"3":0,"4":0,"5":0,"6":0,"7":0,"8":0,"9":0,"10":0,"11":0,"12":0,"13":0,"14":0,"15":0,"16":0,"17":0,"18":0,"19":0,"20":0,"21":0,"22":0,"23":0,"24":0,"25":0,"26":0,"27":0,"28":0,"29":0,"30":0,"31":0,"32":0,"33":0,"34":0,"35":0,"36":0,"37":0,"38":0,"39":0,"40":0,"41":0,"42":0,"43":0,"44":0,"45":0,"46":0,"47":0,"48":0,"49":0,"50":0,"51":0,"52":0,"53":0,"54":0,"55":0,"56":0,"57":0,"58":0,"59":0,"60":0,"61":0,"62":0,"63":0,"64":0},"f":{"0":0},"b":{"0":[0,0],"1":[0,0],"2":[0,0],"3":[0,0],"4":[0,0],"5":[0,0],"6":[0,0],"7":[0,0],"8":[0,0],"9":[0,0],"10":[0,0],"11":[0,0],"12":[0,0],"13":[0,0],"14":[0,0],"15":[0,0],"16":[0,0]},"meta":{"lastBranch":17,"lastFunction":1,"lastStatement":65,"seen":{"f:6:16:6:Infinity":0,"s:16:51:16:Infinity":0,"s:21:21:23:Infinity":1,"s:25:40:25:Infinity":2,"b:27:2:46:Infinity:30:2:46:Infinity":0,"s:27:2:46:Infinity":3,"s:29:4:29:Infinity":4,"b:30:2:46:Infinity:undefined:undefined:undefined:undefined":1,"s:30:2:46:Infinity":5,"s:32:18:32:Infinity":6,"s:33:4:43:Infinity":7,"s:34:16:34:Infinity":8,"b:35:6:35:Infinity:undefined:undefined:undefined:undefined":2,"s:35:6:35:Infinity":9,"b:35:10:35:27:35:27:35:43":3,"s:35:43:35:Infinity":10,"s:36:17:36:Infinity":11,"s:37:17:37:Infinity":12,"s:38:19:38:Infinity":13,"b:39:6:42:Infinity:undefined:undefined:undefined:undefined":4,"s:39:6:42:Infinity":14,"s:40:8:40:Infinity":15,"s:41:8:41:Infinity":16,"b:45:4:45:Infinity:undefined:undefined:undefined:undefined":5,"s:45:4:45:Infinity":17,"s:45:17:45:Infinity":18,"b:48:2:51:Infinity:undefined:undefined:undefined:undefined":6,"s:48:2:51:Infinity":19,"s:49:4:49:Infinity":20,"s:50:4:50:Infinity":21,"s:53:2:114:Infinity":22,"s:55:19:55:Infinity":23,"s:56:18:56:Infinity":24,"s:57:4:57:Infinity":25,"s:57:17:57:20":26,"s:57:44:57:Infinity":27,"s:58:17:58:Infinity":28,"s:60:15:60:Infinity":29,"s:61:4:61:Infinity":30,"s:64:25:67:Infinity":31,"b:68:4:69:Infinity:69:9:69:Infinity":7,"s:68:4:69:Infinity":32,"s:68:22:68:Infinity":33,"s:69:9:69:Infinity":34,"s:71:4:71:Infinity":35,"s:72:4:72:Infinity":36,"s:79:39:79:Infinity":37,"s:80:4:84:Infinity":38,"b:80:11:80:23:80:23:80:51":8,"s:81:16:81:Infinity":39,"b:82:6:82:Infinity:undefined:undefined:undefined:undefined":9,"s:82:6:82:Infinity":40,"b:82:10:82:27:82:27:82:43":10,"s:82:43:82:Infinity":41,"s:83:6:83:Infinity":42,"b:85:4:100:Infinity:undefined:undefined:undefined:undefined":11,"s:85:4:100:Infinity":43,"b:85:8:85:21:85:21:85:49":12,"s:87:21:87:Infinity":44,"s:88:20:88:Infinity":45,"s:89:6:99:Infinity":46,"s:90:18:90:Infinity":47,"b:91:8:91:Infinity:undefined:undefined:undefined:undefined":13,"s:91:8:91:Infinity":48,"b:91:12:91:28:91:28:91:43":14,"s:91:43:91:Infinity":49,"s:92:19:92:Infinity":50,"s:93:19:93:Infinity":51,"s:94:21:94:Infinity":52,"b:95:8:98:Infinity:undefined:undefined:undefined:undefined":15,"s:95:8:98:Infinity":53,"s:96:10:96:Infinity":54,"s:97:10:97:Infinity":55,"b:102:4:109:Infinity:undefined:undefined:undefined:undefined":16,"s:102:4:109:Infinity":56,"s:103:21:103:Infinity":57,"s:104:6:104:Infinity":58,"s:105:19:105:Infinity":59,"s:106:6:106:Infinity":60,"s:107:6:107:Infinity":61,"s:108:6:108:Infinity":62,"s:111:4:111:Infinity":63,"s:113:4:113:Infinity":64}}}
,"/home/runner/work/Opticlick/Opticlick/src/utils/agent-log.ts": {"path":"/home/runner/work/Opticlick/Opticlick/src/utils/agent-log.ts","statementMap":{"0":{"start":{"line":4,"column":2},"end":{"line":4,"column":null}},"1":{"start":{"line":6,"column":29},"end":{"line":6,"column":null}},"2":{"start":{"line":9,"column":2},"end":{"line":9,"column":null}},"3":{"start":{"line":10,"column":2},"end":{"line":10,"column":null}},"4":{"start":{"line":10,"column":29},"end":{"line":10,"column":null}},"5":{"start":{"line":11,"column":2},"end":{"line":11,"column":null}},"6":{"start":{"line":14,"column":2},"end":{"line":18,"column":null}},"7":{"start":{"line":16,"column":4},"end":{"line":16,"column":null}},"8":{"start":{"line":16,"column":66},"end":{"line":16,"column":null}},"9":{"start":{"line":17,"column":4},"end":{"line":17,"column":null}}},"fnMap":{"0":{"name":"log","decl":{"start":{"line":3,"column":22},"end":{"line":3,"column":26}},"loc":{"start":{"line":3,"column":74},"end":{"line":19,"column":null}},"line":3},"1":{"name":"(anonymous_1)","decl":{"start":{"line":14,"column":74},"end":{"line":14,"column":75}},"loc":{"start":{"line":14,"column":83},"end":{"line":18,"column":3}},"line":14}},"branchMap":{"0":{"loc":{"start":{"line":3,"column":43},"end":{"line":3,"column":74}},"type":"default-arg","locations":[{"start":{"line":3,"column":51},"end":{"line":3,"column":74}}],"line":3},"1":{"loc":{"start":{"line":6,"column":10},"end":{"line":6,"column":24}},"type":"default-arg","locations":[{"start":{"line":6,"column":21},"end":{"line":6,"column":24}}],"line":6},"2":{"loc":{"start":{"line":10,"column":2},"end":{"line":10,"column":null}},"type":"if","locations":[{"start":{"line":10,"column":2},"end":{"line":10,"column":null}},{"start":{},"end":{}}],"line":10},"3":{"loc":{"start":{"line":16,"column":4},"end":{"line":16,"column":null}},"type":"if","locations":[{"start":{"line":16,"column":4},"end":{"line":16,"column":null}},{"start":{},"end":{}}],"line":16},"4":{"loc":{"start":{"line":17,"column":64},"end":{"line":17,"column":83}},"type":"binary-expr","locations":[{"start":{"line":17,"column":64},"end":{"line":17,"column":80}},{"start":{"line":17,"column":80},"end":{"line":17,"column":83}}],"line":17}},"s":{"0":225,"1":225,"2":225,"3":225,"4":15,"5":225,"6":225,"7":2,"8":1,"9":1},"f":{"0":225,"1":2},"b":{"0":[225],"1":[225],"2":[15,210],"3":[1,1],"4":[1,0]},"meta":{"lastBranch":5,"lastFunction":2,"lastStatement":10,"seen":{"f:3:22:3:26":0,"b:3:51:3:74":0,"s:4:2:4:Infinity":0,"s:6:29:6:Infinity":1,"b:6:21:6:24":1,"s:9:2:9:Infinity":2,"b:10:2:10:Infinity:undefined:undefined:undefined:undefined":2,"s:10:2:10:Infinity":3,"s:10:29:10:Infinity":4,"s:11:2:11:Infinity":5,"s:14:2:18:Infinity":6,"f:14:74:14:75":1,"b:16:4:16:Infinity:undefined:undefined:undefined:undefined":3,"s:16:4:16:Infinity":7,"s:16:66:16:Infinity":8,"s:17:4:17:Infinity":9,"b:17:64:17:80:17:80:17:83":4}}}
,"/home/runner/work/Opticlick/Opticlick/src/utils/agent-state.ts": {"path":"/home/runner/work/Opticlick/Opticlick/src/utils/agent-state.ts","statementMap":{"0":{"start":{"line":4,"column":25},"end":{"line":4,"column":null}},"1":{"start":{"line":5,"column":2},"end":{"line":5,"column":null}},"2":{"start":{"line":9,"column":19},"end":{"line":9,"column":null}},"3":{"start":{"line":10,"column":27},"end":{"line":10,"column":null}},"4":{"start":{"line":11,"column":2},"end":{"line":11,"column":null}},"5":{"start":{"line":12,"column":2},"end":{"line":12,"column":null}},"6":{"start":{"line":16,"column":2},"end":{"line":16,"column":null}}},"fnMap":{"0":{"name":"getAgentState","decl":{"start":{"line":3,"column":22},"end":{"line":3,"column":66}},"loc":{"start":{"line":3,"column":66},"end":{"line":6,"column":null}},"line":3},"1":{"name":"setAgentState","decl":{"start":{"line":8,"column":22},"end":{"line":8,"column":36}},"loc":{"start":{"line":8,"column":85},"end":{"line":13,"column":null}},"line":8},"2":{"name":"clearAgentState","decl":{"start":{"line":15,"column":22},"end":{"line":15,"column":55}},"loc":{"start":{"line":15,"column":55},"end":{"line":17,"column":null}},"line":15}},"branchMap":{"0":{"loc":{"start":{"line":5,"column":10},"end":{"line":5,"column":null}},"type":"binary-expr","locations":[{"start":{"line":5,"column":10},"end":{"line":5,"column":39}},{"start":{"line":5,"column":39},"end":{"line":5,"column":null}}],"line":5},"1":{"loc":{"start":{"line":9,"column":19},"end":{"line":9,"column":null}},"type":"binary-expr","locations":[{"start":{"line":9,"column":19},"end":{"line":9,"column":46}},{"start":{"line":9,"column":46},"end":{"line":9,"column":null}}],"line":9}},"s":{"0":11,"1":11,"2":7,"3":7,"4":7,"5":7,"6":3},"f":{"0":11,"1":7,"2":3},"b":{"0":[11,8],"1":[7,6]},"meta":{"lastBranch":2,"lastFunction":3,"lastStatement":7,"seen":{"f:3:22:3:66":0,"s:4:25:4:Infinity":0,"s:5:2:5:Infinity":1,"b:5:10:5:39:5:39:5:Infinity":0,"f:8:22:8:36":1,"s:9:19:9:Infinity":2,"b:9:19:9:46:9:46:9:Infinity":1,"s:10:27:10:Infinity":3,"s:11:2:11:Infinity":4,"s:12:2:12:Infinity":5,"f:15:22:15:55":2,"s:16:2:16:Infinity":6}}}
,"/home/runner/work/Opticlick/Opticlick/src/utils/base64.ts": {"path":"/home/runner/work/Opticlick/Opticlick/src/utils/base64.ts","statementMap":{"0":{"start":{"line":3,"column":16},"end":{"line":3,"column":null}},"1":{"start":{"line":4,"column":15},"end":{"line":4,"column":null}},"2":{"start":{"line":5,"column":16},"end":{"line":5,"column":null}},"3":{"start":{"line":6,"column":2},"end":{"line":8,"column":null}},"4":{"start":{"line":6,"column":15},"end":{"line":6,"column":18}},"5":{"start":{"line":7,"column":4},"end":{"line":7,"column":null}},"6":{"start":{"line":9,"column":2},"end":{"line":9,"column":null}}},"fnMap":{"0":{"name":"arrayBufferToBase64","decl":{"start":{"line":2,"column":16},"end":{"line":2,"column":36}},"loc":{"start":{"line":2,"column":65},"end":{"line":10,"column":null}},"line":2}},"branchMap":{},"s":{"0":0,"1":0,"2":0,"3":0,"4":0,"5":0,"6":0},"f":{"0":0},"b":{},"meta":{"lastBranch":0,"lastFunction":1,"lastStatement":7,"seen":{"f:2:16:2:36":0,"s:3:16:3:Infinity":0,"s:4:15:4:Infinity":1,"s:5:16:5:Infinity":2,"s:6:2:8:Infinity":3,"s:6:15:6:18":4,"s:7:4:7:Infinity":5,"s:9:2:9:Infinity":6}}}
,"/home/runner/work/Opticlick/Opticlick/src/utils/debounce.ts": {"path":"/home/runner/work/Opticlick/Opticlick/src/utils/debounce.ts","statementMap":{"0":{"start":{"line":7,"column":16},"end":{"line":7,"column":null}},"1":{"start":{"line":7,"column":33},"end":{"line":7,"column":50}},"2":{"start":{"line":8,"column":2},"end":{"line":8,"column":null}},"3":{"start":{"line":8,"column":15},"end":{"line":8,"column":null}}},"fnMap":{"0":{"name":"scheduleDebounced","decl":{"start":{"line":2,"column":16},"end":{"line":2,"column":null}},"loc":{"start":{"line":6,"column":14},"end":{"line":9,"column":null}},"line":6},"1":{"name":"(anonymous_1)","decl":{"start":{"line":7,"column":27},"end":{"line":7,"column":33}},"loc":{"start":{"line":7,"column":33},"end":{"line":7,"column":50}},"line":7},"2":{"name":"(anonymous_2)","decl":{"start":{"line":8,"column":9},"end":{"line":8,"column":15}},"loc":{"start":{"line":8,"column":15},"end":{"line":8,"column":null}},"line":8}},"branchMap":{},"s":{"0":2,"1":1,"2":2,"3":1},"f":{"0":2,"1":1,"2":1},"b":{},"meta":{"lastBranch":0,"lastFunction":3,"lastStatement":4,"seen":{"f:2:16:2:Infinity":0,"s:7:16:7:Infinity":0,"f:7:27:7:33":1,"s:7:33:7:50":1,"s:8:2:8:Infinity":2,"f:8:9:8:15":2,"s:8:15:8:Infinity":3}}}
,"/home/runner/work/Opticlick/Opticlick/src/utils/dom-idle.ts": {"path":"/home/runner/work/Opticlick/Opticlick/src/utils/dom-idle.ts","statementMap":{"0":{"start":{"line":2,"column":2},"end":{"line":30,"column":null}},"1":{"start":{"line":6,"column":8},"end":{"line":26,"column":null}},"2":{"start":{"line":8,"column":29},"end":{"line":14,"column":null}},"3":{"start":{"line":9,"column":12},"end":{"line":9,"column":null}},"4":{"start":{"line":10,"column":12},"end":{"line":13,"column":null}},"5":{"start":{"line":11,"column":14},"end":{"line":11,"column":null}},"6":{"start":{"line":12,"column":14},"end":{"line":12,"column":null}},"7":{"start":{"line":15,"column":27},"end":{"line":15,"column":null}},"8":{"start":{"line":16,"column":10},"end":{"line":20,"column":null}},"9":{"start":{"line":21,"column":10},"end":{"line":21,"column":null}},"10":{"start":{"line":22,"column":10},"end":{"line":25,"column":null}},"11":{"start":{"line":23,"column":12},"end":{"line":23,"column":null}},"12":{"start":{"line":24,"column":12},"end":{"line":24,"column":null}}},"fnMap":{"0":{"name":"waitForDOMIdle","decl":{"start":{"line":1,"column":16},"end":{"line":1,"column":31}},"loc":{"start":{"line":1,"column":94},"end":{"line":31,"column":null}},"line":1},"1":{"name":"(anonymous_1)","decl":{"start":{"line":5,"column":12},"end":{"line":5,"column":13}},"loc":{"start":{"line":5,"column":38},"end":{"line":27,"column":null}},"line":5},"2":{"name":"(anonymous_2)","decl":{"start":{"line":6,"column":33},"end":{"line":6,"column":34}},"loc":{"start":{"line":6,"column":46},"end":{"line":26,"column":9}},"line":6},"3":{"name":"(anonymous_3)","decl":{"start":{"line":8,"column":29},"end":{"line":8,"column":35}},"loc":{"start":{"line":8,"column":35},"end":{"line":14,"column":null}},"line":8},"4":{"name":"(anonymous_4)","decl":{"start":{"line":10,"column":31},"end":{"line":10,"column":37}},"loc":{"start":{"line":10,"column":37},"end":{"line":13,"column":15}},"line":10},"5":{"name":"(anonymous_5)","decl":{"start":{"line":22,"column":21},"end":{"line":22,"column":27}},"loc":{"start":{"line":22,"column":27},"end":{"line":25,"column":13}},"line":22},"6":{"name":"(anonymous_6)","decl":{"start":{"line":30,"column":10},"end":{"line":30,"column":16}},"loc":{"start":{"line":30,"column":16},"end":{"line":30,"column":18}},"line":30}},"branchMap":{"0":{"loc":{"start":{"line":1,"column":46},"end":{"line":1,"column":61}},"type":"default-arg","locations":[{"start":{"line":1,"column":56},"end":{"line":1,"column":61}}],"line":1},"1":{"loc":{"start":{"line":1,"column":61},"end":{"line":1,"column":94}},"type":"default-arg","locations":[{"start":{"line":1,"column":73},"end":{"line":1,"column":94}}],"line":1},"2":{"loc":{"start":{"line":16,"column":27},"end":{"line":16,"column":70}},"type":"binary-expr","locations":[{"start":{"line":16,"column":27},"end":{"line":16,"column":44}},{"start":{"line":16,"column":44},"end":{"line":16,"column":70}}],"line":16}},"s":{"0":6,"1":0,"2":0,"3":0,"4":0,"5":0,"6":0,"7":0,"8":0,"9":0,"10":0,"11":0,"12":0},"f":{"0":6,"1":0,"2":0,"3":0,"4":0,"5":0,"6":5},"b":{"0":[6],"1":[6],"2":[0,0]},"meta":{"lastBranch":3,"lastFunction":7,"lastStatement":13,"seen":{"f:1:16:1:31":0,"b:1:56:1:61":0,"b:1:73:1:94":1,"s:2:2:30:Infinity":0,"f:5:12:5:13":1,"s:6:8:26:Infinity":1,"f:6:33:6:34":2,"s:8:29:14:Infinity":2,"f:8:29:8:35":3,"s:9:12:9:Infinity":3,"s:10:12:13:Infinity":4,"f:10:31:10:37":4,"s:11:14:11:Infinity":5,"s:12:14:12:Infinity":6,"s:15:27:15:Infinity":7,"s:16:10:20:Infinity":8,"b:16:27:16:44:16:44:16:70":2,"s:21:10:21:Infinity":9,"s:22:10:25:Infinity":10,"f:22:21:22:27":5,"s:23:12:23:Infinity":11,"s:24:12:24:Infinity":12,"f:30:10:30:16":6}}}
,"/home/runner/work/Opticlick/Opticlick/src/utils/file-upload.ts": {"path":"/home/runner/work/Opticlick/Opticlick/src/utils/file-upload.ts","statementMap":{"0":{"start":{"line":13,"column":16},"end":{"line":13,"column":null}},"1":{"start":{"line":14,"column":2},"end":{"line":17,"column":null}},"2":{"start":{"line":15,"column":21},"end":{"line":15,"column":null}},"3":{"start":{"line":16,"column":4},"end":{"line":16,"column":null}},"4":{"start":{"line":16,"column":35},"end":{"line":16,"column":58}},"5":{"start":{"line":18,"column":2},"end":{"line":18,"column":null}},"6":{"start":{"line":18,"column":16},"end":{"line":18,"column":null}},"7":{"start":{"line":19,"column":2},"end":{"line":19,"column":null}},"8":{"start":{"line":21,"column":19},"end":{"line":21,"column":null}},"9":{"start":{"line":24,"column":2},"end":{"line":26,"column":null}},"10":{"start":{"line":27,"column":2},"end":{"line":45,"column":null}},"11":{"start":{"line":46,"column":2},"end":{"line":46,"column":null}},"12":{"start":{"line":49,"column":17},"end":{"line":49,"column":null}},"13":{"start":{"line":50,"column":2},"end":{"line":68,"column":null}},"14":{"start":{"line":51,"column":23},"end":{"line":56,"column":null}},"15":{"start":{"line":57,"column":21},"end":{"line":57,"column":null}},"16":{"start":{"line":58,"column":4},"end":{"line":65,"column":null}},"17":{"start":{"line":59,"column":6},"end":{"line":61,"column":null}},"18":{"start":{"line":62,"column":6},"end":{"line":62,"column":null}},"19":{"start":{"line":64,"column":6},"end":{"line":64,"column":null}},"20":{"start":{"line":67,"column":4},"end":{"line":67,"column":null}}},"fnMap":{"0":{"name":"injectFileUpload","decl":{"start":{"line":7,"column":22},"end":{"line":7,"column":null}},"loc":{"start":{"line":12,"column":17},"end":{"line":69,"column":null}},"line":12},"1":{"name":"(anonymous_1)","decl":{"start":{"line":16,"column":28},"end":{"line":16,"column":29}},"loc":{"start":{"line":16,"column":35},"end":{"line":16,"column":58}},"line":16}},"branchMap":{"0":{"loc":{"start":{"line":14,"column":2},"end":{"line":17,"column":null}},"type":"if","locations":[{"start":{"line":14,"column":2},"end":{"line":17,"column":null}},{"start":{},"end":{}}],"line":14},"1":{"loc":{"start":{"line":18,"column":2},"end":{"line":18,"column":null}},"type":"if","locations":[{"start":{"line":18,"column":2},"end":{"line":18,"column":null}},{"start":{},"end":{}}],"line":18},"2":{"loc":{"start":{"line":58,"column":4},"end":{"line":65,"column":null}},"type":"if","locations":[{"start":{"line":58,"column":4},"end":{"line":65,"column":null}},{"start":{"line":63,"column":11},"end":{"line":65,"column":null}}],"line":58},"3":{"loc":{"start":{"line":58,"column":8},"end":{"line":58,"column":57}},"type":"binary-expr","locations":[{"start":{"line":58,"column":8},"end":{"line":58,"column":20}},{"start":{"line":58,"column":20},"end":{"line":58,"column":57}}],"line":58}},"s":{"0":0,"1":0,"2":0,"3":0,"4":0,"5":0,"6":0,"7":0,"8":0,"9":0,"10":0,"11":0,"12":0,"13":0,"14":0,"15":0,"16":0,"17":0,"18":0,"19":0,"20":0},"f":{"0":0,"1":0},"b":{"0":[0,0],"1":[0,0],"2":[0,0],"3":[0,0]},"meta":{"lastBranch":4,"lastFunction":2,"lastStatement":21,"seen":{"f:7:22:7:Infinity":0,"s:13:16:13:Infinity":0,"b:14:2:17:Infinity:undefined:undefined:undefined:undefined":0,"s:14:2:17:Infinity":1,"s:15:21:15:Infinity":2,"s:16:4:16:Infinity":3,"f:16:28:16:29":1,"s:16:35:16:58":4,"b:18:2:18:Infinity:undefined:undefined:undefined:undefined":1,"s:18:2:18:Infinity":5,"s:18:16:18:Infinity":6,"s:19:2:19:Infinity":7,"s:21:19:21:Infinity":8,"s:24:2:26:Infinity":9,"s:27:2:45:Infinity":10,"s:46:2:46:Infinity":11,"s:49:17:49:Infinity":12,"s:50:2:68:Infinity":13,"s:51:23:56:Infinity":14,"s:57:21:57:Infinity":15,"b:58:4:65:Infinity:63:11:65:Infinity":2,"s:58:4:65:Infinity":16,"b:58:8:58:20:58:20:58:57":3,"s:59:6:61:Infinity":17,"s:62:6:62:Infinity":18,"s:64:6:64:Infinity":19,"s:67:4:67:Infinity":20}}}
,"/home/runner/work/Opticlick/Opticlick/src/utils/highlight-match.tsx": {"path":"/home/runner/work/Opticlick/Opticlick/src/utils/highlight-match.tsx","statementMap":{"0":{"start":{"line":10,"column":12},"end":{"line":10,"column":null}},"1":{"start":{"line":11,"column":2},"end":{"line":11,"column":null}},"2":{"start":{"line":11,"column":10},"end":{"line":11,"column":null}},"3":{"start":{"line":13,"column":20},"end":{"line":13,"column":null}},"4":{"start":{"line":14,"column":17},"end":{"line":14,"column":null}},"5":{"start":{"line":15,"column":34},"end":{"line":15,"column":null}},"6":{"start":{"line":16,"column":15},"end":{"line":16,"column":null}},"7":{"start":{"line":18,"column":2},"end":{"line":29,"column":null}},"8":{"start":{"line":19,"column":16},"end":{"line":19,"column":null}},"9":{"start":{"line":20,"column":4},"end":{"line":23,"column":null}},"10":{"start":{"line":21,"column":6},"end":{"line":21,"column":null}},"11":{"start":{"line":22,"column":6},"end":{"line":22,"column":null}},"12":{"start":{"line":24,"column":4},"end":{"line":26,"column":null}},"13":{"start":{"line":25,"column":6},"end":{"line":25,"column":null}},"14":{"start":{"line":27,"column":4},"end":{"line":27,"column":null}},"15":{"start":{"line":28,"column":4},"end":{"line":28,"column":null}},"16":{"start":{"line":31,"column":2},"end":{"line":31,"column":null}},"17":{"start":{"line":48,"column":19},"end":{"line":48,"column":null}},"18":{"start":{"line":49,"column":2},"end":{"line":60,"column":null}},"19":{"start":{"line":52,"column":8},"end":{"line":57,"column":null}}},"fnMap":{"0":{"name":"splitByMatch","decl":{"start":{"line":9,"column":16},"end":{"line":9,"column":29}},"loc":{"start":{"line":9,"column":73},"end":{"line":32,"column":null}},"line":9},"1":{"name":"HighlightedText","decl":{"start":{"line":42,"column":16},"end":{"line":42,"column":32}},"loc":{"start":{"line":47,"column":36},"end":{"line":62,"column":null}},"line":47},"2":{"name":"(anonymous_2)","decl":{"start":{"line":51,"column":20},"end":{"line":51,"column":21}},"loc":{"start":{"line":52,"column":8},"end":{"line":57,"column":null}},"line":52}},"branchMap":{"0":{"loc":{"start":{"line":11,"column":2},"end":{"line":11,"column":null}},"type":"if","locations":[{"start":{"line":11,"column":2},"end":{"line":11,"column":null}},{"start":{},"end":{}}],"line":11},"1":{"loc":{"start":{"line":20,"column":4},"end":{"line":23,"column":null}},"type":"if","locations":[{"start":{"line":20,"column":4},"end":{"line":23,"column":null}},{"start":{},"end":{}}],"line":20},"2":{"loc":{"start":{"line":24,"column":4},"end":{"line":26,"column":null}},"type":"if","locations":[{"start":{"line":24,"column":4},"end":{"line":26,"column":null}},{"start":{},"end":{}}],"line":24},"3":{"loc":{"start":{"line":31,"column":9},"end":{"line":31,"column":null}},"type":"cond-expr","locations":[{"start":{"line":31,"column":27},"end":{"line":31,"column":38}},{"start":{"line":31,"column":38},"end":{"line":31,"column":null}}],"line":31},"4":{"loc":{"start":{"line":46,"column":2},"end":{"line":46,"column":null}},"type":"default-arg","locations":[{"start":{"line":46,"column":18},"end":{"line":46,"column":null}}],"line":46},"5":{"loc":{"start":{"line":52,"column":8},"end":{"line":57,"column":null}},"type":"cond-expr","locations":[{"start":{"line":53,"column":10},"end":{"line":55,"column":null}},{"start":{"line":57,"column":10},"end":{"line":57,"column":null}}],"line":52}},"s":{"0":4,"1":4,"2":1,"3":3,"4":3,"5":3,"6":3,"7":3,"8":5,"9":5,"10":2,"11":2,"12":3,"13":1,"14":3,"15":3,"16":3,"17":0,"18":0,"19":0},"f":{"0":4,"1":0,"2":0},"b":{"0":[1,3],"1":[2,3],"2":[1,2],"3":[3,0],"4":[0],"5":[0,0]},"meta":{"lastBranch":6,"lastFunction":3,"lastStatement":20,"seen":{"f:9:16:9:29":0,"s:10:12:10:Infinity":0,"b:11:2:11:Infinity:undefined:undefined:undefined:undefined":0,"s:11:2:11:Infinity":1,"s:11:10:11:Infinity":2,"s:13:20:13:Infinity":3,"s:14:17:14:Infinity":4,"s:15:34:15:Infinity":5,"s:16:15:16:Infinity":6,"s:18:2:29:Infinity":7,"s:19:16:19:Infinity":8,"b:20:4:23:Infinity:undefined:undefined:undefined:undefined":1,"s:20:4:23:Infinity":9,"s:21:6:21:Infinity":10,"s:22:6:22:Infinity":11,"b:24:4:26:Infinity:undefined:undefined:undefined:undefined":2,"s:24:4:26:Infinity":12,"s:25:6:25:Infinity":13,"s:27:4:27:Infinity":14,"s:28:4:28:Infinity":15,"s:31:2:31:Infinity":16,"b:31:27:31:38:31:38:31:Infinity":3,"f:42:16:42:32":1,"b:46:18:46:Infinity":4,"s:48:19:48:Infinity":17,"s:49:2:60:Infinity":18,"f:51:20:51:21":2,"s:52:8:57:Infinity":19,"b:53:10:55:Infinity:57:10:57:Infinity":5}}}
,"/home/runner/work/Opticlick/Opticlick/src/utils/langsmith-config.ts": {"path":"/home/runner/work/Opticlick/Opticlick/src/utils/langsmith-config.ts","statementMap":{"0":{"start":{"line":11,"column":38},"end":{"line":11,"column":null}},"1":{"start":{"line":14,"column":17},"end":{"line":14,"column":null}},"2":{"start":{"line":15,"column":19},"end":{"line":15,"column":null}},"3":{"start":{"line":16,"column":18},"end":{"line":16,"column":null}},"4":{"start":{"line":17,"column":18},"end":{"line":17,"column":null}},"5":{"start":{"line":19,"column":2},"end":{"line":24,"column":null}},"6":{"start":{"line":26,"column":2},"end":{"line":30,"column":null}},"7":{"start":{"line":27,"column":4},"end":{"line":27,"column":null}},"8":{"start":{"line":28,"column":4},"end":{"line":28,"column":null}},"9":{"start":{"line":29,"column":4},"end":{"line":29,"column":null}},"10":{"start":{"line":32,"column":17},"end":{"line":32,"column":null}},"11":{"start":{"line":33,"column":2},"end":{"line":33,"column":null}},"12":{"start":{"line":34,"column":2},"end":{"line":34,"column":null}},"13":{"start":{"line":39,"column":2},"end":{"line":39,"column":null}}},"fnMap":{"0":{"name":"initializeLangSmith","decl":{"start":{"line":13,"column":16},"end":{"line":13,"column":44}},"loc":{"start":{"line":13,"column":44},"end":{"line":35,"column":null}},"line":13},"1":{"name":"getLangSmithTracer","decl":{"start":{"line":38,"column":16},"end":{"line":38,"column":61}},"loc":{"start":{"line":38,"column":61},"end":{"line":40,"column":null}},"line":38}},"branchMap":{"0":{"loc":{"start":{"line":21,"column":14},"end":{"line":21,"column":null}},"type":"cond-expr","locations":[{"start":{"line":21,"column":25},"end":{"line":21,"column":35}},{"start":{"line":21,"column":35},"end":{"line":21,"column":null}}],"line":21},"1":{"loc":{"start":{"line":22,"column":12},"end":{"line":22,"column":null}},"type":"cond-expr","locations":[{"start":{"line":22,"column":21},"end":{"line":22,"column":63}},{"start":{"line":22,"column":63},"end":{"line":22,"column":null}}],"line":22},"2":{"loc":{"start":{"line":26,"column":2},"end":{"line":30,"column":null}},"type":"if","locations":[{"start":{"line":26,"column":2},"end":{"line":30,"column":null}},{"start":{},"end":{}}],"line":26},"3":{"loc":{"start":{"line":26,"column":6},"end":{"line":26,"column":40}},"type":"binary-expr","locations":[{"start":{"line":26,"column":6},"end":{"line":26,"column":18}},{"start":{"line":26,"column":18},"end":{"line":26,"column":29}},{"start":{"line":26,"column":29},"end":{"line":26,"column":40}}],"line":26}},"s":{"0":4,"1":0,"2":0,"3":0,"4":0,"5":0,"6":0,"7":0,"8":0,"9":0,"10":0,"11":0,"12":0,"13":15},"f":{"0":0,"1":15},"b":{"0":[0,0],"1":[0,0],"2":[0,0],"3":[0,0,0]},"meta":{"lastBranch":4,"lastFunction":2,"lastStatement":14,"seen":{"s:11:38:11:Infinity":0,"f:13:16:13:44":0,"s:14:17:14:Infinity":1,"s:15:19:15:Infinity":2,"s:16:18:16:Infinity":3,"s:17:18:17:Infinity":4,"s:19:2:24:Infinity":5,"b:21:25:21:35:21:35:21:Infinity":0,"b:22:21:22:63:22:63:22:Infinity":1,"b:26:2:30:Infinity:undefined:undefined:undefined:undefined":2,"s:26:2:30:Infinity":6,"b:26:6:26:18:26:18:26:29:26:29:26:40":3,"s:27:4:27:Infinity":7,"s:28:4:28:Infinity":8,"s:29:4:29:Infinity":9,"s:32:17:32:Infinity":10,"s:33:2:33:Infinity":11,"s:34:2:34:Infinity":12,"f:38:16:38:61":1,"s:39:2:39:Infinity":13}}}
,"/home/runner/work/Opticlick/Opticlick/src/utils/llm-stream.ts": {"path":"/home/runner/work/Opticlick/Opticlick/src/utils/llm-stream.ts","statementMap":{"0":{"start":{"line":17,"column":24},"end":{"line":17,"column":null}},"1":{"start":{"line":18,"column":28},"end":{"line":18,"column":null}},"2":{"start":{"line":33,"column":2},"end":{"line":33,"column":null}},"3":{"start":{"line":33,"column":27},"end":{"line":33,"column":null}},"4":{"start":{"line":34,"column":2},"end":{"line":38,"column":null}},"5":{"start":{"line":34,"column":15},"end":{"line":34,"column":31}},"6":{"start":{"line":35,"column":4},"end":{"line":37,"column":null}},"7":{"start":{"line":36,"column":6},"end":{"line":36,"column":null}},"8":{"start":{"line":39,"column":20},"end":{"line":39,"column":null}},"9":{"start":{"line":40,"column":2},"end":{"line":40,"column":null}},"10":{"start":{"line":45,"column":22},"end":{"line":45,"column":null}},"11":{"start":{"line":46,"column":20},"end":{"line":46,"column":null}},"12":{"start":{"line":47,"column":2},"end":{"line":51,"column":null}},"13":{"start":{"line":48,"column":4},"end":{"line":50,"column":null}},"14":{"start":{"line":49,"column":6},"end":{"line":49,"column":null}},"15":{"start":{"line":49,"column":36},"end":{"line":49,"column":null}},"16":{"start":{"line":52,"column":2},"end":{"line":52,"column":null}},"17":{"start":{"line":59,"column":4},"end":{"line":64,"column":null}},"18":{"start":{"line":62,"column":25},"end":{"line":62,"column":42}},"19":{"start":{"line":63,"column":22},"end":{"line":63,"column":34}},"20":{"start":{"line":66,"column":20},"end":{"line":66,"column":null}},"21":{"start":{"line":67,"column":2},"end":{"line":67,"column":null}},"22":{"start":{"line":67,"column":30},"end":{"line":67,"column":null}},"23":{"start":{"line":69,"column":38},"end":{"line":71,"column":null}},"24":{"start":{"line":69,"column":61},"end":{"line":71,"column":4}},"25":{"start":{"line":73,"column":18},"end":{"line":75,"column":null}},"26":{"start":{"line":74,"column":10},"end":{"line":74,"column":75}},"27":{"start":{"line":75,"column":47},"end":{"line":75,"column":57}},"28":{"start":{"line":77,"column":2},"end":{"line":77,"column":null}},"29":{"start":{"line":107,"column":2},"end":{"line":176,"column":null}},"30":{"start":{"line":107,"column":21},"end":{"line":107,"column":24}},"31":{"start":{"line":108,"column":4},"end":{"line":175,"column":null}},"32":{"start":{"line":109,"column":12},"end":{"line":109,"column":null}},"33":{"start":{"line":115,"column":6},"end":{"line":120,"column":null}},"34":{"start":{"line":116,"column":50},"end":{"line":116,"column":null}},"35":{"start":{"line":117,"column":8},"end":{"line":117,"column":null}},"36":{"start":{"line":119,"column":8},"end":{"line":119,"column":null}},"37":{"start":{"line":121,"column":21},"end":{"line":121,"column":null}},"38":{"start":{"line":122,"column":39},"end":{"line":122,"column":null}},"39":{"start":{"line":123,"column":30},"end":{"line":123,"column":null}},"40":{"start":{"line":124,"column":27},"end":{"line":124,"column":null}},"41":{"start":{"line":126,"column":6},"end":{"line":143,"column":null}},"42":{"start":{"line":127,"column":22},"end":{"line":127,"column":null}},"43":{"start":{"line":128,"column":22},"end":{"line":128,"column":null}},"44":{"start":{"line":129,"column":8},"end":{"line":141,"column":null}},"45":{"start":{"line":130,"column":10},"end":{"line":130,"column":null}},"46":{"start":{"line":131,"column":10},"end":{"line":131,"column":null}},"47":{"start":{"line":134,"column":10},"end":{"line":140,"column":null}},"48":{"start":{"line":135,"column":28},"end":{"line":135,"column":null}},"49":{"start":{"line":136,"column":12},"end":{"line":139,"column":null}},"50":{"start":{"line":137,"column":14},"end":{"line":137,"column":null}},"51":{"start":{"line":138,"column":14},"end":{"line":138,"column":null}},"52":{"start":{"line":142,"column":8},"end":{"line":142,"column":null}},"53":{"start":{"line":146,"column":6},"end":{"line":148,"column":null}},"54":{"start":{"line":147,"column":8},"end":{"line":147,"column":null}},"55":{"start":{"line":150,"column":6},"end":{"line":150,"column":null}},"56":{"start":{"line":150,"column":31},"end":{"line":150,"column":null}},"57":{"start":{"line":152,"column":20},"end":{"line":152,"column":null}},"58":{"start":{"line":152,"column":46},"end":{"line":152,"column":59}},"59":{"start":{"line":156,"column":6},"end":{"line":158,"column":null}},"60":{"start":{"line":157,"column":8},"end":{"line":157,"column":null}},"61":{"start":{"line":160,"column":21},"end":{"line":160,"column":null}},"62":{"start":{"line":161,"column":6},"end":{"line":161,"column":null}},"63":{"start":{"line":163,"column":6},"end":{"line":163,"column":null}},"64":{"start":{"line":164,"column":26},"end":{"line":164,"column":null}},"65":{"start":{"line":165,"column":6},"end":{"line":174,"column":null}},"66":{"start":{"line":166,"column":8},"end":{"line":173,"column":null}},"67":{"start":{"line":167,"column":24},"end":{"line":167,"column":null}},"68":{"start":{"line":168,"column":10},"end":{"line":168,"column":null}},"69":{"start":{"line":169,"column":10},"end":{"line":169,"column":null}},"70":{"start":{"line":171,"column":10},"end":{"line":171,"column":null}},"71":{"start":{"line":172,"column":10},"end":{"line":172,"column":null}},"72":{"start":{"line":178,"column":2},"end":{"line":178,"column":null}}},"fnMap":{"0":{"name":"thinkingFlushPoint","decl":{"start":{"line":32,"column":16},"end":{"line":32,"column":35}},"loc":{"start":{"line":32,"column":70},"end":{"line":41,"column":null}},"line":32},"1":{"name":"thinkingDeltaOf","decl":{"start":{"line":44,"column":16},"end":{"line":44,"column":32}},"loc":{"start":{"line":44,"column":63},"end":{"line":53,"column":null}},"line":44},"2":{"name":"parseResponse","decl":{"start":{"line":57,"column":9},"end":{"line":57,"column":23}},"loc":{"start":{"line":57,"column":125},"end":{"line":78,"column":null}},"line":57},"3"
[...]
":8},"end":{"line":74,"column":null}},"type":"if","locations":[{"start":{"line":74,"column":8},"end":{"line":74,"column":null}},{"start":{},"end":{}}],"line":74}},"s":{"0":31,"1":31,"2":31,"3":31,"4":31,"5":31,"6":31,"7":31,"8":0,"9":5,"10":5,"11":5,"12":5,"13":5,"14":5,"15":5,"16":0,"17":28,"18":28,"19":28,"20":28,"21":28,"22":28,"23":28,"24":0,"25":5,"26":5,"27":5,"28":5,"29":5,"30":5,"31":5,"32":0,"33":12,"34":12,"35":3,"36":12,"37":3,"38":12,"39":5,"40":5,"41":5,"42":5,"43":5,"44":13,"45":13,"46":8,"47":6,"48":8,"49":5,"50":5,"51":5,"52":0},"f":{"0":31,"1":31,"2":31,"3":0,"4":5,"5":5,"6":5,"7":0,"8":28,"9":28,"10":28,"11":0,"12":5,"13":5,"14":5,"15":0,"16":12,"17":3,"18":5,"19":5,"20":13,"21":5,"22":0},"b":{"0":[3,9],"1":[5],"2":[8,5],"3":[6,2]},"meta":{"lastBranch":4,"lastFunction":23,"lastStatement":53,"seen":{"f:14:22:14:34":0,"s:15:13:15:Infinity":0,"s:16:24:19:Infinity":1,"s:20:2:25:Infinity":2,"f:20:21:20:22":1,"s:21:15:21:Infinity":3,"s:22:4:22:Infinity":4,"s:23:4:23:Infinity":5,"f:23:20:23:26":2,"s:23:26:23:Infinity":6,"s:24:4:24:Infinity":7,"f:24:17:24:18":3,"s:24:24:24:Infinity":8,"f:28:22:28:33":4,"s:29:13:29:Infinity":9,"s:30:2:35:Infinity":10,"f:30:21:30:22":5,"s:31:15:31:Infinity":11,"s:32:16:32:Infinity":12,"s:33:4:33:Infinity":13,"f:33:20:33:21":6,"s:33:27:33:Infinity":14,"s:34:4:34:Infinity":15,"f:34:18:34:19":7,"s:34:25:34:Infinity":16,"f:38:22:38:35":8,"s:39:13:39:Infinity":17,"s:40:2:45:Infinity":18,"f:40:21:40:22":9,"s:41:15:41:Infinity":19,"s:42:16:42:Infinity":20,"s:43:4:43:Infinity":21,"f:43:20:43:21":10,"s:43:27:43:Infinity":22,"s:44:4:44:Infinity":23,"f:44:18:44:19":11,"s:44:25:44:Infinity":24,"f:48:22:48:36":12,"s:49:13:49:Infinity":25,"s:50:2:55:Infinity":26,"f:50:21:50:22":13,"s:51:15:51:Infinity":27,"s:52:4:52:Infinity":28,"s:53:4:53:Infinity":29,"f:53:20:53:26":14,"s:53:26:53:Infinity":30,"s:54:4:54:Infinity":31,"f:54:17:54:18":15,"s:54:24:54:Infinity":32,"f:59:22:59:35":16,"s:60:19:60:Infinity":33,"s:61:20:61:Infinity":34,"f:61:34:61:35":17,"s:61:41:61:56":35,"b:62:2:62:Infinity:undefined:undefined:undefined:undefined":0,"s:62:2:62:Infinity":36,"s:62:17:62:Infinity":37,"s:63:2:63:Infinity":38,"f:66:22:66:36":18,"b:66:80:66:99":1,"s:67:13:67:Infinity":39,"s:68:2:80:Infinity":40,"f:68:21:68:22":19,"s:69:15:69:Infinity":41,"s:70:16:70:Infinity":42,"s:71:4:77:Infinity":43,"f:71:20:71:21":20,"s:72:22:72:Infinity":44,"b:73:6:76:Infinity:undefined:undefined:undefined:undefined":2,"s:73:6:76:Infinity":45,"b:74:8:74:Infinity:undefined:undefined:undefined:undefined":3,"s:74:8:74:Infinity":46,"s:74:68:74:Infinity":47,"s:75:8:75:Infinity":48,"s:78:4:78:Infinity":49,"f:78:20:78:26":21,"s:78:26:78:Infinity":50,"s:79:4:79:Infinity":51,"f:79:17:79:18":22,"s:79:24:79:Infinity":52}}}
,"/home/runner/work/Opticlick/Opticlick/src/utils/tools/control.ts": {"path":"/home/runner/work/Opticlick/Opticlick/src/utils/tools/control.ts","statementMap":{"0":{"start":{"line":11,"column":13},"end":{"line":30,"column":null}},"1":{"start":{"line":12,"column":14},"end":{"line":12,"column":null}},"2":{"start":{"line":32,"column":13},"end":{"line":50,"column":null}},"3":{"start":{"line":33,"column":14},"end":{"line":33,"column":null}},"4":{"start":{"line":52,"column":13},"end":{"line":70,"column":null}},"5":{"start":{"line":53,"column":14},"end":{"line":53,"column":null}},"6":{"start":{"line":72,"column":29},"end":{"line":72,"column":null}}},"fnMap":{"0":{"name":"(anonymous_0)","decl":{"start":{"line":12,"column":2},"end":{"line":12,"column":14}},"loc":{"start":{"line":12,"column":14},"end":{"line":12,"column":null}},"line":12},"1":{"name":"(anonymous_1)","decl":{"start":{"line":33,"column":2},"end":{"line":33,"column":14}},"loc":{"start":{"line":33,"column":14},"end":{"line":33,"column":null}},"line":33},"2":{"name":"(anonymous_2)","decl":{"start":{"line":53,"column":2},"end":{"line":53,"column":14}},"loc":{"start":{"line":53,"column":14},"end":{"line":53,"column":null}},"line":53}},"branchMap":{},"s":{"0":6,"1":0,"2":6,"3":0,"4":6,"5":0,"6":6},"f":{"0":0,"1":0,"2":0},"b":{},"meta":{"lastBranch":0,"lastFunction":3,"lastStatement":7,"seen":{"s:11:13:30:Infinity":0,"f:12:2:12:14":0,"s:12:14:12:Infinity":1,"s:32:13:50:Infinity":2,"f:33:2:33:14":1,"s:33:14:33:Infinity":3,"s:52:13:70:Infinity":4,"f:53:2:53:14":2,"s:53:14:53:Infinity":5,"s:72:29:72:Infinity":6}}}
,"/home/runner/work/Opticlick/Opticlick/src/utils/tools/dom.ts": {"path":"/home/runner/work/Opticlick/Opticlick/src/utils/tools/dom.ts","statementMap":{"0":{"start":{"line":11,"column":13},"end":{"line":23,"column":null}},"1":{"start":{"line":12,"column":14},"end":{"line":12,"column":null}},"2":{"start":{"line":25,"column":25},"end":{"line":25,"column":null}}},"fnMap":{"0":{"name":"(anonymous_0)","decl":{"start":{"line":12,"column":2},"end":{"line":12,"column":14}},"loc":{"start":{"line":12,"column":14},"end":{"line":12,"column":null}},"line":12}},"branchMap":{},"s":{"0":6,"1":0,"2":6},"f":{"0":0},"b":{},"meta":{"lastBranch":0,"lastFunction":1,"lastStatement":3,"seen":{"s:11:13:23:Infinity":0,"f:12:2:12:14":0,"s:12:14:12:Infinity":1,"s:25:25:25:Infinity":2}}}
,"/home/runner/work/Opticlick/Opticlick/src/utils/tools/index.ts": {"path":"/home/runner/work/Opticlick/Opticlick/src/utils/tools/index.ts","statementMap":{"0":{"start":{"line":37,"column":27},"end":{"line":46,"column":null}},"1":{"start":{"line":61,"column":2},"end":{"line":168,"column":null}},"2":{"start":{"line":64,"column":6},"end":{"line":69,"column":null}},"3":{"start":{"line":71,"column":6},"end":{"line":75,"column":null}},"4":{"start":{"line":77,"column":6},"end":{"line":77,"column":null}},"5":{"start":{"line":79,"column":6},"end":{"line":83,"column":null}},"6":{"start":{"line":85,"column":6},"end":{"line":85,"column":null}},"7":{"start":{"line":87,"column":6},"end":{"line":93,"column":null}},"8":{"start":{"line":97,"column":6},"end":{"line":97,"column":null}},"9":{"start":{"line":101,"column":6},"end":{"line":101,"column":null}},"10":{"start":{"line":103,"column":6},"end":{"line":108,"column":null}},"11":{"start":{"line":110,"column":6},"end":{"line":110,"column":null}},"12":{"start":{"line":112,"column":6},"end":{"line":116,"column":null}},"13":{"start":{"line":120,"column":6},"end":{"line":127,"column":null}},"14":{"start":{"line":131,"column":6},"end":{"line":131,"column":null}},"15":{"start":{"line":133,"column":6},"end":{"line":133,"column":null}},"16":{"start":{"line":135,"column":6},"end":{"line":135,"column":null}},"17":{"start":{"line":139,"column":6},"end":{"line":139,"column":null}},"18":{"start":{"line":141,"column":6},"end":{"line":141,"column":null}},"19":{"start":{"line":145,"column":6},"end":{"line":151,"column":null}},"20":{"start":{"line":153,"column":6},"end":{"line":153,"column":null}},"21":{"start":{"line":157,"column":6},"end":{"line":160,"column":null}},"22":{"start":{"line":162,"column":6},"end":{"line":162,"column":null}},"23":{"start":{"line":164,"column":6},"end":{"line":164,"column":null}},"24":{"start":{"line":167,"column":6},"end":{"line":167,"column":null}}},"fnMap":{"0":{"name":"parseToolCall","decl":{"start":{"line":60,"column":16},"end":{"line":60,"column":30}},"loc":{"start":{"line":60,"column":91},"end":{"line":169,"column":null}},"line":60}},"branchMap":{"0":{"loc":{"start":{"line":61,"column":2},"end":{"line":168,"column":null}},"type":"switch","locations":[{"start":{"line":63,"column":4},"end":{"line":69,"column":null}},{"start":{"line":70,"column":4},"end":{"line":75,"column":null}},{"start":{"line":76,"column":4},"end":{"line":77,"column":null}},{"start":{"line":78,"column":4},"end":{"line":83,"column":null}},{"start":{"line":84,"column":4},"end":{"line":85,"column":null}},{"start":{"line":86,"column":4},"end":{"line":93,"column":null}},{"start":{"line":96,"column":4},"end":{"line":97,"column":null}},{"start":{"line":100,"column":4},"end":{"line":101,"column":null}},{"start":{"line":102,"column":4},"end":{"line":108,"column":null}},{"start":{"line":109,"column":4},"end":{"line":110,"column":null}},{"start":{"line":111,"column":4},"end":{"line":116,"column":null}},{"start":{"line":119,"column":4},"end":{"line":127,"column":null}},{"start":{"line":130,"column":4},"end":{"line":131,"column":null}},{"start":{"line":132,"column":4},"end":{"line":133,"column":null}},{"start":{"line":134,"column":4},"end":{"line":135,"column":null}},{"start":{"line":138,"column":4},"end":{"line":139,"column":null}},{"start":{"line":140,"column":4},"end":{"line":141,"column":null}},{"start":{"line":144,"column":4},"end":{"line":151,"column":null}},{"start":{"line":152,"column":4},"end":{"line":153,"column":null}},{"start":{"line":156,"column":4},"end":{"line":160,"column":null}},{"start":{"line":161,"column":4},"end":{"line":162,"column":null}},{"start":{"line":163,"column":4},"end":{"line":164,"column":null}},{"start":{"line":166,"column":4},"end":{"line":167,"column":null}}],"line":61},"1":{"loc":{"start":{"line":159,"column":18},"end":{"line":159,"column":null}},"type":"binary-expr","locations":[{"start":{"line":159,"column":18},"end":{"line":159,"column":45}},{"start":{"line":159,"column":45},"end":{"line":159,"column":null}}],"line":159}},"s":{"0":6,"1":87,"2":20,"3":12,"4":4,"5":3,"6":5,"7":5,"8":2,"9":2,"10":3,"11":2,"12":3,"13":0,"14":2,"15":3,"16":4,"17":0,"18":0,"19":4,"20":2,"21":5,"22":2,"23":2,"24":2},"f":{"0":87},"b":{"0":[20,12,4,3,5,5,2,2,3,2,3,0,2,3,4,0,0,4,2,5,2,2,2],"1":[5,2]},"meta":{"lastBranch":2,"lastFunction":1,"lastStatement":25,"seen":{"s:37:27:46:Infinity":0,"f:60:16:60:30":0,"b:63:4:69:Infinity:70:4:75:Infinity:76:4:77:Infinity:78:4:83:Infinity:84:4:85:Infinity:86:4:93:Infinity:96:4:97:Infinity:100:4:101:Infinity:102:4:108:Infinity:109:4:110:Infinity:111:4:116:Infinity:119:4:127:Infinity:130:4:131:Infinity:132:4:133:Infinity:134:4:135:Infinity:138:4:139:Infinity:140:4:141:Infinity:144:4:151:Infinity:152:4:153:Infinity:156:4:160:Infinity:161:4:162:Infinity:163:4:164:Infinity:166:4:167:Infinity":0,"s:61:2:168:Infinity":1,"s:64:6:69:Infinity":2,"s:71:6:75:Infinity":3,"s:77:6:77:Infinity":4,"s:79:6:83:Infinity":5,"s:85:6:85:Infinity":6,"s:87:6:93:Infinity":7,"s:97:6:97:Infinity":8,"s:101:6:101:Infinity":9,"s:103:6:108:Infinity":10,"s:110:6:110:Infinity":11,"s:112:6:116:Infinity":12,"s:120:6:127:Infinity":13,"s:131:6:131:Infinity":14,"s:133:6:133:Infinity":15,"s:135:6:135:Infinity":16,"s:139:6:139:Infinity":17,"s:141:6:141:Infinity":18,"s:145:6:151:Infinity":19,"s:153:6:153:Infinity":20,"s:157:6:160:Infinity":21,"b:159:18:159:45:159:45:159:Infinity":1,"s:162:6:162:Infinity":22,"s:164:6:164:Infinity":23,"s:167:6:167:Infinity":24}}}
,"/home/runner/work/Opticlick/Opticlick/src/utils/tools/memory.ts": {"path":"/home/runner/work/Opticlick/Opticlick/src/utils/tools/memory.ts","statementMap":{"0":{"start":{"line":11,"column":13},"end":{"line":46,"column":null}},"1":{"start":{"line":12,"column":14},"end":{"line":12,"column":null}},"2":{"start":{"line":48,"column":13},"end":{"line":61,"column":null}},"3":{"start":{"line":49,"column":14},"end":{"line":49,"column":null}},"4":{"start":{"line":63,"column":28},"end":{"line":63,"column":null}}},"fnMap":{"0":{"name":"(anonymous_0)","decl":{"start":{"line":12,"column":2},"end":{"line":12,"column":14}},"loc":{"start":{"line":12,"column":14},"end":{"line":12,"column":null}},"line":12},"1":{"name":"(anonymous_1)","decl":{"start":{"line":49,"column":2},"end":{"line":49,"column":14}},"loc":{"start":{"line":49,"column":14},"end":{"line":49,"column":null}},"line":49}},"branchMap":{},"s":{"0":6,"1":0,"2":6,"3":0,"4":6},"f":{"0":0,"1":0},"b":{},"meta":{"lastBranch":0,"lastFunction":2,"lastStatement":5,"seen":{"s:11:13:46:Infinity":0,"f:12:2:12:14":0,"s:12:14:12:Infinity":1,"s:48:13:61:Infinity":2,"f:49:2:49:14":1,"s:49:14:49:Infinity":3,"s:63:28:63:Infinity":4}}}
,"/home/runner/work/Opticlick/Opticlick/src/utils/tools/network.ts": {"path":"/home/runner/work/Opticlick/Opticlick/src/utils/tools/network.ts","statementMap":{"0":{"start":{"line":4,"column":13},"end":{"line":22,"column":null}},"1":{"start":{"line":8,"column":4},"end":{"line":8,"column":null}}},"fnMap":{"0":{"name":"(anonymous_0)","decl":{"start":{"line":5,"column":2},"end":{"line":5,"column":9}},"loc":{"start":{"line":5,"column":19},"end":{"line":9,"column":null}},"line":5}},"branchMap":{},"s":{"0":6,"1":0},"f":{"0":0},"b":{},"meta":{"lastBranch":0,"lastFunction":1,"lastStatement":2,"seen":{"s:4:13:22:Infinity":0,"f:5:2:5:9":0,"s:8:4:8:Infinity":1}}}
,"/home/runner/work/Opticlick/Opticlick/src/utils/tools/scratchpad.ts": {"path":"/home/runner/work/Opticlick/Opticlick/src/utils/tools/scratchpad.ts","statementMap":{"0":{"start":{"line":11,"column":13},"end":{"line":39,"column":null}},"1":{"start":{"line":12,"column":14},"end":{"line":12,"column":null}},"2":{"start":{"line":41,"column":13},"end":{"line":54,"column":null}},"3":{"start":{"line":42,"column":14},"end":{"line":42,"column":null}},"4":{"start":{"line":56,"column":32},"end":{"line":56,"column":null}}},"fnMap":{"0":{"name":"(anonymous_0)","decl":{"start":{"line":12,"column":2},"end":{"line":12,"column":14}},"loc":{"start":{"line":12,"column":14},"end":{"line":12,"column":null}},"line":12},"1":{"name":"(anonymous_1)","decl":{"start":{"line":42,"column":2},"end":{"line":42,"column":14}},"loc":{"start":{"line":42,"column":14},"end":{"line":42,"column":null}},"line":42}},"branchMap":{},"s":{"0":6,"1":0,"2":6,"3":0,"4":6},"f":{"0":0,"1":0},"b":{},"meta":{"lastBranch":0,"lastFunction":2,"lastStatement":5,"seen":{"s:11:13:39:Infinity":0,"f:12:2:12:14":0,"s:12:14:12:Infinity":1,"s:41:13:54:Infinity":2,"f:42:2:42:14":1,"s:42:14:42:Infinity":3,"s:56:32:56:Infinity":4}}}
,"/home/runner/work/Opticlick/Opticlick/src/utils/tools/todo.ts": {"path":"/home/runner/work/Opticlick/Opticlick/src/utils/tools/todo.ts","statementMap":{"0":{"start":{"line":11,"column":13},"end":{"line":35,"column":null}},"1":{"start":{"line":12,"column":14},"end":{"line":12,"column":null}},"2":{"start":{"line":37,"column":13},"end":{"line":55,"column":null}},"3":{"start":{"line":38,"column":14},"end":{"line":38,"column":null}},"4":{"start":{"line":57,"column":13},"end":{"line":81,"column":null}},"5":{"start":{"line":58,"column":14},"end":{"line":58,"column":null}},"6":{"start":{"line":83,"column":26},"end":{"line":83,"column":null}}},"fnMap":{"0":{"name":"(anonymous_0)","decl":{"start":{"line":12,"column":2},"end":{"line":12,"column":14}},"loc":{"start":{"line":12,"column":14},"end":{"line":12,"column":null}},"line":12},"1":{"name":"(anonymous_1)","decl":{"start":{"line":38,"column":2},"end":{"line":38,"column":14}},"loc":{"start":{"line":38,"column":14},"end":{"line":38,"column":null}},"line":38},"2":{"name":"(anonymous_2)","decl":{"start":{"line":58,"column":2},"end":{"line":58,"column":14}},"loc":{"start":{"line":58,"column":14},"end":{"line":58,"column":null}},"line":58}},"branchMap":{},"s":{"0":7,"1":3,"2":7,"3":4,"4":7,"5":3,"6":7},"f":{"0":3,"1":4,"2":3},"b":{},"meta":{"lastBranch":0,"lastFunction":3,"lastStatement":7,"seen":{"s:11:13:35:Infinity":0,"f:12:2:12:14":0,"s:12:14:12:Infinity":1,"s:37:13:55:Infinity":2,"f:38:2:38:14":1,"s:38:14:38:Infinity":3,"s:57:13:81:Infinity":4,"f:58:2:58:14":2,"s:58:14:58:Infinity":5,"s:83:26:83:Infinity":6}}}
,"/home/runner/work/Opticlick/Opticlick/src/utils/tools/ui.ts": {"path":"/home/runner/work/Opticlick/Opticlick/src/utils/tools/ui.ts","statementMap":{"0":{"start":{"line":14,"column":13},"end":{"line":41,"column":null}},"1":{"start":{"line":15,"column":14},"end":{"line":15,"column":null}},"2":{"start":{"line":43,"column":13},"end":{"line":63,"column":null}},"3":{"start":{"line":44,"column":14},"end":{"line":44,"column":null}},"4":{"start":{"line":65,"column":13},"end":{"line":77,"column":null}},"5":{"start":{"line":66,"column":14},"end":{"line":66,"column":null}},"6":{"start":{"line":79,"column":13},"end":{"line":95,"column":null}},"7":{"start":{"line":80,"column":14},"end":{"line":80,"column":null}},"8":{"start":{"line":97,"column":13},"end":{"line":108,"column":null}},"9":{"start":{"line":98,"column":14},"end":{"line":98,"column":null}},"10":{"start":{"line":110,"column":13},"end":{"line":122,"column":null}},"11":{"start":{"line":111,"column":14},"end":{"line":111,"column":null}},"12":{"start":{"line":124,"column":24},"end":{"line":124,"column":null}}},"fnMap":{"0":{"name":"(anonymous_0)","decl":{"start":{"line":15,"column":2},"end":{"line":15,"column":14}},"loc":{"start":{"line":15,"column":14},"end":{"line":15,"column":null}},"line":15},"1":{"name":"(anonymous_1)","decl":{"start":{"line":44,"column":2},"end":{"line":44,"column":14}},"loc":{"start":{"line":44,"column":14},"end":{"line":44,"column":null}},"line":44},"2":{"name":"(anonymous_2)","decl":{"start":{"line":66,"column":2},"end":{"line":66,"column":14}},"loc":{"start":{"line":66,"column":14},"end":{"line":66,"column":null}},"line":66},"3":{"name":"(anonymous_3)","decl":{"start":{"line":80,"column":2},"end":{"line":80,"column":14}},"loc":{"start":{"line":80,"column":14},"end":{"line":80,"column":null}},"line":80},"4":{"name":"(anonymous_4)","decl":{"start":{"line":98,"column":2},"end":{"line":98,"column":14}},"loc":{"start":{"line":98,"column":14},"end":{"line":98,"column":null}},"line":98},"5":{"name":"(anonymous_5)","decl":{"start":{"line":111,"column":2},"end":{"line":111,"column":14}},"loc":{"start":{"line":111,"column":14},"end":{"line":111,"column":null}},"line":111}},"branchMap":{},"s":{"0":6,"1":0,"2":6,"3":0,"4":6,"5":0,"6":6,"7":0,"8":6,"9":0,"10":6,"11":0,"12":6},"f":{"0":0,"1":0,"2":0,"3":0,"4":0,"5":0},"b":{},"meta":{"lastBranch":0,"lastFunction":6,"lastStatement":13,"seen":{"s:14:13:41:Infinity":0,"f:15:2:15:14":0,"s:15:14:15:Infinity":1,"s:43:13:63:Infinity":2,"f:44:2:44:14":1,"s:44:14:44:Infinity":3,"s:65:13:77:Infinity":4,"f:66:2:66:14":2,"s:66:14:66:Infinity":5,"s:79:13:95:Infinity":6,"f:80:2:80:14":3,"s:80:14:80:Infinity":7,"s:97:13:108:Infinity":8,"f:98:2:98:14":4,"s:98:14:98:Infinity":9,"s:110:13:122:Infinity":10,"f:111:2:111:14":5,"s:111:14:111:Infinity":11,"s:124:24:124:Infinity":12}}}
,"/home/runner/work/Opticlick/Opticlick/src/utils/tools/vfs.ts": {"path":"/home/runner/work/Opticlick/Opticlick/src/utils/tools/vfs.ts","statementMap":{"0":{"start":{"line":14,"column":13},"end":{"line":26,"column":null}},"1":{"start":{"line":15,"column":14},"end":{"line":15,"column":null}},"2":{"start":{"line":28,"column":13},"end":{"line":44,"column":null}},"3":{"start":{"line":29,"column":14},"end":{"line":29,"column":null}},"4":{"start":{"line":46,"column":13},"end":{"line":55,"column":null}},"5":{"start":{"line":47,"column":14},"end":{"line":47,"column":null}},"6":{"start":{"line":57,"column":13},"end":{"line":70,"column":null}},"7":{"start":{"line":58,"column":14},"end":{"line":58,"column":null}},"8":{"start":{"line":72,"column":25},"end":{"line":77,"column":null}}},"fnMap":{"0":{"name":"(anonymous_0)","decl":{"start":{"line":15,"column":2},"end":{"line":15,"column":14}},"loc":{"start":{"line":15,"column":14},"end":{"line":15,"column":null}},"line":15},"1":{"name":"(anonymous_1)","decl":{"start":{"line":29,"column":2},"end":{"line":29,"column":14}},"loc":{"start":{"line":29,"column":14},"end":{"line":29,"column":null}},"line":29},"2":{"name":"(anonymous_2)","decl":{"start":{"line":47,"column":2},"end":{"line":47,"column":14}},"loc":{"start":{"line":47,"column":14},"end":{"line":47,"column":null}},"line":47},"3":{"name":"(anonymous_3)","decl":{"start":{"line":58,"column":2},"end":{"line":58,"column":14}},"loc":{"start":{"line":58,"column":14},"end":{"line":58,"column":null}},"line":58}},"branchMap":{},"s":{"0":6,"1":0,"2":6,"3":0,"4":6,"5":0,"6":6,"7":0,"8":6},"f":{"0":0,"1":0,"2":0,"3":0},"b":{},"meta":{"lastBranch":0,"lastFunction":4,"lastStatement":9,"seen":{"s:14:13:26:Infinity":0,"f:15:2:15:14":0,"s:15:14:15:Infinity":1,"s:28:13:44:Infinity":2,"f:29:2:29:14":1,"s:29:14:29:Infinity":3,"s:46:13:55:Infinity":4,"f:47:2:47:14":2,"s:47:14:47:Infinity":5,"s:57:13:70:Infinity":6,"f:58:2:58:14":3,"s:58:14:58:Infinity":7,"s:72:25:77:Infinity":8}}}
}
