TN:
SF:src/entrypoints/content/blocker.ts
FN:14,blockHandler
FN:19,installBlocker
FN:74,removeBlocker
FNF:3
FNH:3
FNDA:1,blockHandler
FNDA:15,installBlocker
FNDA:21,removeBlocker
DA:3,1
DA:5,1
DA:12,1
DA:15,1
DA:16,1
DA:20,15
DA:21,14
DA:23,14
DA:25,14
DA:26,280
DA:29,14
DA:30,14
DA:31,14
DA:41,14
DA:42,14
DA:55,14
DA:56,14
DA:58,14
DA:59,14
DA:68,14
DA:70,14
DA:71,15
DA:75,21
DA:76,14
DA:78,14
DA:79,280
DA:82,14
DA:83,21
LF:28
LH:28
BRDA:20,0,0,1
BRDA:20,0,1,14
BRDA:70,1,0,14
BRDA:70,1,1,0
BRDA:75,2,0,7
BRDA:75,2,1,14
BRF:6
BRH:5
end_of_record
TN:
SF:src/entrypoints/content/interactables.ts
FN:13,isInteractable
FN:47,collectInteractables
FN:61,getLabel
FNF:3
FNH:3
FNDA:56,isInteractable
FNDA:21,collectInteractables
FNDA:18,getLabel
DA:1,2
DA:8,2
DA:14,56
DA:15,56
DA:17,56
DA:18,26
DA:19,24
DA:20,23
DA:23,30
DA:25,15
DA:27,13
DA:28,2
DA:30,11
DA:31,11
DA:34,11
DA:41,4
DA:43,7
DA:48,21
DA:50,21
DA:51,19
DA:52,19
DA:53,19
DA:54,19
DA:55,3
DA:58,21
DA:62,18
DA:64,18
DA:65,18
DA:67,16
DA:68,16
DA:69,1
DA:70,1
DA:73,15
DA:74,5
DA:82,10
DA:83,18
DA:85,2
LF:37
LH:37
BRDA:15,0,0,56
BRDA:15,0,1,41
BRDA:17,1,0,26
BRDA:17,1,1,30
BRDA:18,2,0,2
BRDA:18,2,1,24
BRDA:19,3,0,1
BRDA:19,3,1,23
BRDA:19,4,0,24
BRDA:19,4,1,6
BRDA:23,5,0,15
BRDA:23,5,1,15
BRDA:25,6,0,2
BRDA:25,6,1,13
BRDA:27,7,0,2
BRDA:27,7,1,11
BRDA:27,8,0,13
BRDA:27,8,1,3
BRDA:27,9,0,3
BRDA:27,9,1,0
BRDA:31,10,0,0
BRDA:31,10,1,11
BRDA:34,11,0,4
BRDA:34,11,1,7
BRDA:35,12,0,11
BRDA:35,12,1,10
BRDA:35,12,2,10
BRDA:35,12,3,9
BRDA:35,12,4,8
BRDA:47,13,0,21
BRDA:52,14,0,13
BRDA:52,14,1,6
BRDA:54,15,0,3
BRDA:54,15,1,16
BRDA:65,16,0,2
BRDA:65,16,1,16
BRDA:68,17,0,1
BRDA:68,17,1,15
BRDA:70,18,0,1
BRDA:70,18,1,0
BRDA:70,19,0,1
BRDA:70,19,1,0
BRDA:73,20,0,5
BRDA:73,20,1,10
BRDA:75,21,0,5
BRDA:75,21,1,4
BRDA:75,21,2,3
BRDA:75,21,3,0
BRDA:82,22,0,10
BRDA:82,22,1,0
BRDA:83,23,0,8
BRDA:83,23,1,10
BRF:52
BRH:46
end_of_record
TN:
SF:src/entrypoints/content/overlay.ts
FN:8,destroyOverlay
FN:12,drawOverlay
FNF:2
FNH:2
FNDA:13,destroyOverlay
FNDA:11,drawOverlay
DA:6,1
DA:9,13
DA:13,11
DA:15,11
DA:16,11
DA:17,11
DA:18,11
DA:20,11
DA:21,11
DA:23,11
DA:27,11
DA:28,11
DA:30,11
DA:31,5
DA:32,5
DA:33,5
DA:34,5
DA:37,11
DA:39,11
DA:40,11
DA:41,11
DA:42,11
DA:43,11
DA:52,11
DA:54,11
DA:55,11
DA:56,11
DA:58,11
DA:60,11
DA:61,5
DA:62,5
DA:63,5
DA:64,5
DA:66,5
DA:67,5
DA:68,5
DA:70,5
DA:71,5
DA:73,5
DA:74,5
DA:75,5
DA:76,5
DA:77,5
DA:79,5
DA:80,5
DA:81,5
DA:82,0
DA:84,5
DA:86,5
DA:88,5
DA:89,5
DA:90,5
DA:91,5
DA:93,5
DA:94,5
DA:110,11
LF:56
LH:55
BRDA:16,0,0,11
BRDA:16,0,1,0
BRDA:20,1,0,11
BRDA:20,1,1,0
BRDA:24,2,0,11
BRDA:24,2,1,0
BRDA:32,3,0,0
BRDA:32,3,1,5
BRDA:33,4,0,0
BRDA:33,4,1,5
BRDA:52,5,0,11
BRDA:52,5,1,0
BRDA:55,6,0,0
BRDA:55,6,1,11
BRDA:81,7,0,0
BRDA:81,7,1,5
BRDA:98,8,0,5
BRDA:98,8,1,1
BRDA:98,9,0,1
BRDA:98,9,1,0
BRF:20
BRH:11
end_of_record
TN:
SF:src/entrypoints/content/theme.ts
FN:35,getTheme
FNF:1
FNH:1
FNDA:34,getTheme
DA:17,3
DA:26,3
DA:36,34
DA:37,34
DA:38,33
DA:40,1
LF:6
LH:6
BRDA:38,0,0,3
BRDA:38,0,1,30
BRF:2
BRH:2
end_of_record
TN:
SF:src/entrypoints/content/visibility.ts
FN:1,getVisibleRect
FN:26,isTopElementAt
FNF:2
FNH:2
FNDA:17,getVisibleRect
FNDA:13,isTopElementAt
DA:3,17
DA:4,17
DA:6,0
DA:9,17
DA:10,15
DA:11,13
DA:13,11
DA:14,11
DA:15,11
DA:20,3
DA:23,8
DA:27,13
DA:33,13
DA:34,21
DA:35,21
DA:36,21
DA:37,13
DA:40,3
LF:18
LH:17
BRDA:9,0,0,2
BRDA:9,0,1,15
BRDA:9,1,0,17
BRDA:9,1,1,16
BRDA:10,2,0,2
BRDA:10,2,1,13
BRDA:10,3,0,15
BRDA:10,3,1,14
BRDA:11,4,0,2
BRDA:11,4,1,11
BRDA:11,5,0,13
BRDA:11,5,1,12
BRDA:15,6,0,3
BRDA:15,6,1,8
BRDA:16,7,0,11
BRDA:16,7,1,10
BRDA:16,7,2,9
BRDA:36,8,0,3
BRDA:36,8,1,18
BRDA:37,9,0,10
BRDA:37,9,1,3
BRDA:37,10,0,13
BRDA:37,10,1,5
BRDA:37,10,2,4
BRF:24
BRH:24
end_of_record
TN:
SF:src/entrypoints/content/handlers/get-element-dom.ts
FN:6,handleGetElementDom
FNF:1
FNH:0
FNDA:0,handleGetElementDom
DA:10,0
DA:15,0
DA:16,0
DA:17,0
DA:18,0
DA:19,0
DA:20,0
DA:21,0
DA:22,0
DA:23,0
DA:24,0
DA:25,0
DA:26,0
DA:27,0
DA:31,0
DA:32,0
DA:33,0
DA:36,0
DA:37,0
DA:38,0
DA:39,0
LF:21
LH:0
BRDA:19,0,0,0
BRDA:19,0,1,0
BRDA:21,1,0,0
BRDA:21,1,1,0
BRDA:21,2,0,0
BRDA:21,2,1,0
BRDA:25,3,0,0
BRDA:25,3,1,0
BRDA:31,4,0,0
BRDA:31,4,1,0
BRDA:41,5,0,0
BRDA:41,5,1,0
BRF:12
BRH:0
end_of_record
TN:
SF:src/entrypoints/content/handlers/upload-file.ts
FN:6,handleUploadFile
FNF:1
FNH:0
FNDA:0,handleUploadFile
DA:16,0
DA:21,0
DA:25,0
DA:27,0
DA:29,0
DA:30,0
DA:32,0
DA:33,0
DA:34,0
DA:35,0
DA:36,0
DA:37,0
DA:38,0
DA:39,0
DA:40,0
DA:41,0
DA:45,0
DA:48,0
DA:49,0
DA:50,0
DA:53,0
DA:55,0
DA:56,0
DA:57,0
DA:58,0
DA:60,0
DA:61,0
DA:64,0
DA:68,0
DA:69,0
DA:71,0
DA:72,0
DA:79,0
DA:80,0
DA:81,0
DA:82,0
DA:83,0
DA:85,0
DA:87,0
DA:88,0
DA:89,0
DA:90,0
DA:91,0
DA:92,0
DA:93,0
DA:94,0
DA:95,0
DA:96,0
DA:97,0
DA:102,0
DA:103,0
DA:104,0
DA:105,0
DA:106,0
DA:107,0
DA:108,0
DA:111,0
DA:113,0
LF:58
LH:0
BRDA:27,0,0,0
BRDA:27,0,1,0
BRDA:30,1,0,0
BRDA:30,1,1,0
BRDA:35,2,0,0
BRDA:35,2,1,0
BRDA:35,3,0,0
BRDA:35,3,1,0
BRDA:39,4,0,0
BRDA:39,4,1,0
BRDA:45,5,0,0
BRDA:45,5,1,0
BRDA:48,6,0,0
BRDA:48,6,1,0
BRDA:68,7,0,0
BRDA:68,7,1,0
BRDA:80,8,0,0
BRDA:80,8,1,0
BRDA:82,9,0,0
BRDA:82,9,1,0
BRDA:82,10,0,0
BRDA:82,10,1,0
BRDA:85,11,0,0
BRDA:85,11,1,0
BRDA:85,12,0,0
BRDA:85,12,1,0
BRDA:91,13,0,0
BRDA:91,13,1,0
BRDA:91,14,0,0
BRDA:91,14,1,0
BRDA:95,15,0,0
BRDA:95,15,1,0
BRDA:102,16,0,0
BRDA:102,16,1,0
BRF:34
BRH:0
end_of_record
TN:
SF:src/utils/agent-log.ts
FN:3,log
FN:14,(anonymous_1)
FNF:2
FNH:2
FNDA:225,log
FNDA:2,(anonymous_1)
DA:4,225
DA:6,225
DA:9,225
DA:10,225
DA:11,225
DA:14,225
DA:16,2
DA:17,1
LF:8
LH:8
BRDA:3,0,0,225
BRDA:6,1,0,225
BRDA:10,2,0,15
BRDA:10,2,1,210
BRDA:16,3,0,1
BRDA:16,3,1,1
BRDA:17,4,0,1
BRDA:17,4,1,0
BRF:8
BRH:7
end_of_record
TN:
SF:src/utils/agent-state.ts
FN:3,getAgentState
FN:8,setAgentState
FN:15,clearAgentState
FNF:3
FNH:3
FNDA:11,getAgentState
FNDA:7,setAgentState
FNDA:3,clearAgentState
DA:4,11
DA:5,11
DA:9,7
DA:10,7
DA:11,7
DA:12,7
DA:16,3
LF:7
LH:7
BRDA:5,0,0,11
BRDA:5,0,1,8
BRDA:9,1,0,7
BRDA:9,1,1,6
BRF:4
BRH:4
end_of_record
TN:
SF:src/utils/base64.ts
FN:2,arrayBufferToBase64
FNF:1
FNH:0
FNDA:0,arrayBufferToBase64
DA:3,0
DA:4,0
DA:5,0
DA:6,0
DA:7,0
DA:9,0
LF:6
LH:0
BRF:0
BRH:0
end_of_record
TN:
SF:src/utils/debounce.ts
FN:2,scheduleDebounced
FN:7,(anonymous_1)
FN:8,(anonymous_2)
FNF:3
FNH:3
FNDA:2,scheduleDebounced
FNDA:1,(anonymous_1)
FNDA:1,(anonymous_2)
DA:7,2
DA:8,2
LF:2
LH:2
BRF:0
BRH:0
end_of_record
TN:
SF:src/utils/dom-idle.ts
FN:1,waitForDOMIdle
FN:5,(anonymous_1)
FN:6,(anonymous_2)
FN:8,(anonymous_3)
FN:10,(anonymous_4)
FN:22,(anonymous_5)
FN:30,(anonymous_6)
FNF:7
FNH:2
FNDA:6,waitForDOMIdle
FNDA:0,(anonymous_1)
FNDA:0,(anonymous_2)
FNDA:0,(anonymous_3)
FNDA:0,(anonymous_4)
FNDA:0,(anonymous_5)
FNDA:5,(anonymous_6)
DA:2,6
DA:6,0
DA:8,0
DA:9,0
DA:10,0
DA:11,0
DA:12,0
DA:15,0
DA:16,0
DA:21,0
DA:22,0
DA:23,0
DA:24,0
LF:13
LH:1
BRDA:1,0,0,6
BRDA:1,1,0,6
BRDA:16,2,0,0
BRDA:16,2,1,0
BRF:4
BRH:2
end_of_record
TN:
SF:src/utils/file-upload.ts
FN:7,injectFileUpload
FN:16,(anonymous_1)
FNF:2
FNH:0
FNDA:0,injectFileUpload
FNDA:0,(anonymous_1)
DA:13,0
DA:14,0
DA:15,0
DA:16,0
DA:18,0
DA:19,0
DA:21,0
DA:24,0
DA:27,0
DA:46,0
DA:49,0
DA:50,0
DA:51,0
DA:57,0
DA:58,0
DA:59,0
DA:62,0
DA:64,0
DA:67,0
LF:19
LH:0
BRDA:14,0,0,0
BRDA:14,0,1,0
BRDA:18,1,0,0
BRDA:18,1,1,0
BRDA:58,2,0,0
BRDA:58,2,1,0
BRDA:58,3,0,0
BRDA:58,3,1,0
BRF:8
BRH:0
end_of_record
TN:
SF:src/utils/highlight-match.tsx
FN:9,splitByMatch
FN:42,HighlightedText
FN:51,(anonymous_2)
FNF:3
FNH:1
FNDA:4,splitByMatch
FNDA:0,HighlightedText
FNDA:0,(anonymous_2)
DA:10,4
DA:11,4
DA:13,3
DA:14,3
DA:15,3
DA:16,3
DA:18,3
DA:19,5
DA:20,5
DA:21,2
DA:22,2
DA:24,3
DA:25,1
DA:27,3
DA:28,3
DA:31,3
DA:48,0
DA:49,0
DA:52,0
LF:19
LH:16
BRDA:11,0,0,1
BRDA:11,0,1,3
BRDA:20,1,0,2
BRDA:20,1,1,3
BRDA:24,2,0,1
BRDA:24,2,1,2
BRDA:31,3,0,3
BRDA:31,3,1,0
BRDA:46,4,0,0
BRDA:52,5,0,0
BRDA:52,5,1,0
BRF:11
BRH:7
end_of_record
TN:
SF:src/utils/langsmith-config.ts
FN:13,initializeLangSmith
FN:38,getLangSmithTracer
FNF:2
FNH:1
FNDA:0,initializeLangSmith
FNDA:15,getLangSmithTracer
DA:11,4
DA:14,0
DA:15,0
DA:16,0
DA:17,0
DA:19,0
DA:26,0
DA:27,0
DA:28,0
DA:29,0
DA:32,0
DA:33,0
DA:34,0
DA:39,15
LF:14
LH:2
BRDA:21,0,0,0
BRDA:21,0,1,0
BRDA:22,1,0,0
BRDA:22,1,1,0
BRDA:26,2,0,0
BRDA:26,2,1,0
BRDA:26,3,0,0
BRDA:26,3,1,0
BRDA:26,3,2,0
BRF:9
BRH:0
end_of_record
TN:
SF:src/utils/llm-stream.ts
FN:32,thinkingFlushPoint
FN:44,thinkingDeltaOf
FN:57,parseResponse
FN:62,(anonymous_3)
FN:63,(anonymous_4)
FN:69,(anonymous_5)
FN:74,(anonymous_6)
FN:75,(anonymous_7)
FN:98,streamWithRetry
FN:152,(anonymous_9)
FNF:10
FNH:8
FNDA:8,thinkingFlushPoint
FNDA:25,thinkingDeltaOf
FNDA:14,parseResponse
FNDA:0,(anonymous_3)
FNDA:0,(anonymous_4)
FNDA:15,(anonymous_5)
FNDA:15,(anonymous_6)
FNDA:15,(anonymous_7)
FNDA:14,streamWithRetry
FNDA:6,(anonymous_9)
DA:17,4
DA:18,4
DA:33,8
DA:34,6
DA:35,175
DA:36,4
DA:39,2
DA:40,2
DA:45,25
DA:46,25
DA:47,25
DA:48,4
DA:49,4
DA:52,25
DA:59,14
DA:62,0
DA:63,0
DA:66,14
DA:67,14
DA:69,15
DA:73,14
DA:74,15
DA:75,15
DA:77,14
DA:107,14
DA:108,15
DA:109,15
DA:115,15
DA:116,0
DA:117,0
DA:119,15
DA:121,15
DA:122,15
DA:123,15
DA:124,15
DA:126,15
DA:127,20
DA:128,20
DA:129,20
DA:130,5
DA:131,5
DA:134,5
DA:135,2
DA:136,2
DA:137,1
DA:138,1
DA:142,20
DA:146,14
DA:147,1
DA:150,14
DA:152,14
DA:156,14
DA:157,3
DA:160,14
DA:161,14
DA:163,1
DA:164,1
DA:165,1
DA:166,1
DA:167,0
DA:168,0
DA:169,0
DA:171,1
DA:172,1
DA:178,1
LF:65
LH:58
BRDA:32,0,0,8
BRDA:33,1,0,2
BRDA:33,1,1,6
BRDA:35,2,0,4
BRDA:35,2,1,171
BRDA:35,3,0,175
BRDA:35,3,1,4
BRDA:35,3,2,2
BRDA:35,3,3,0
BRDA:40,4,0,1
BRDA:40,4,1,1
BRDA:45,5,0,25
BRDA:45,5,1,18
BRDA:47,6,0,4
BRDA:47,6,1,21
BRDA:49,7,0,2
BRDA:49,7,1,2
BRDA:49,8,0,2
BRDA:49,8,1,0
BRDA:49,8,2,0
BRDA:59,9,0,14
BRDA:59,9,1,0
BRDA:63,10,0,0
BRDA:63,10,1,0
BRDA:66,11,0,14
BRDA:66,11,1,0
BRDA:67,12,0,0
BRDA:67,12,1,14
BRDA:70,13,0,15
BRDA:70,13,1,0
BRDA:115,14,0,0
BRDA:115,14,1,15
BRDA:119,15,0,0
BRDA:119,15,1,15
BRDA:129,16,0,5
BRDA:129,16,1,15
BRDA:134,17,0,2
BRDA:134,17,1,3
BRDA:136,18,0,1
BRDA:136,18,1,1
BRDA:146,19,0,1
BRDA:146,19,1,13
BRDA:146,20,0,14
BRDA:146,20,1,1
BRDA:150,21,0,0
BRDA:150,21,1,14
BRDA:156,22,0,3
BRDA:156,22,1,11
BRDA:164,23,0,1
BRDA:164,23,1,1
BRDA:165,24,0,1
BRDA:165,24,1,0
BRDA:166,25,0,0
BRDA:166,25,1,1
BRF:54
BRH:40
end_of_record
TN:
SF:src/utils/memory.ts
FN:15,formatMemoryForPrompt
FNF:1
FNH:1
FNDA:20,formatMemoryForPrompt
DA:16,20
DA:17,15
DA:21,5
DA:22,5
DA:23,7
DA:24,7
DA:25,7
DA:26,6
DA:27,6
DA:29,7
DA:32,5
DA:33,5
DA:34,6
DA:35,6
DA:36,7
DA:37,7
DA:38,7
DA:42,5
LF:18
LH:18
BRDA:16,0,0,15
BRDA:16,0,1,5
BRDA:23,1,0,7
BRDA:23,1,1,0
BRDA:25,2,0,6
BRDA:25,2,1,1
BRDA:37,3,0,1
BRDA:37,3,1,6
BRF:8
BRH:7
end_of_record
TN:
SF:src/utils/models.ts
FN:102,isOllamaModel
FN:106,isAnthropicModel
FN:110,isOpenAIModel
FN:114,isCustomOpenAIModel
FN:119,getProviderForModel
FN:130,ollamaModelId
FN:135,ollamaModelName
FN:140,anthropicModelName
FN:145,openaiModelName
FN:150,customOpenAIConfigId
FN:161,isOllamaAvailable
FN:175,fetchOllamaModels
FN:194,(anonymous_12)
FN:210,getModelLabel
FN:217,(anonymous_14)
FN:220,(anonymous_15)
FNF:16
FNH:16
FNDA:22,isOllamaModel
FNDA:18,isAnthropicModel
FNDA:15,isOpenAIModel
FNDA:26,isCustomOpenAIModel
FNDA:17,getProviderForModel
FNDA:6,ollamaModelId
FNDA:4,ollamaModelName
FNDA:6,anthropicModelName
FNDA:6,openaiModelName
FNDA:5,customOpenAIConfigId
FNDA:5,isOllamaAvailable
FNDA:6,fetchOllamaModels
FNDA:4,(anonymous_12)
FNDA:15,getModelLabel
FNDA:1,(anonymous_14)
FNDA:54,(anonymous_15)
DA:37,5
DA:52,5
DA:67,5
DA:89,5
DA:95,5
DA:97,5
DA:103,22
DA:107,18
DA:111,15
DA:115,26
DA:120,17
DA:121,14
DA:122,11
DA:123,8
DA:124,5
DA:131,6
DA:136,4
DA:141,6
DA:146,6
DA:151,5
DA:162,5
DA:163,5
DA:164,3
DA:166,2
DA:176,6
DA:177,6
DA:181,5
DA:183,4
DA:188,4
DA:189,4
DA:190,3
DA:191,3
DA:194,4
DA:204,1
DA:215,15
DA:216,2
DA:217,2
DA:219,13
DA:220,54
LF:39
LH:39
BRDA:120,0,0,3
BRDA:120,0,1,14
BRDA:121,1,0,3
BRDA:121,1,1,11
BRDA:122,2,0,3
BRDA:122,2,1,8
BRDA:123,3,0,3
BRDA:123,3,1,5
BRDA:181,4,0,1
BRDA:181,4,1,4
BRDA:189,5,0,3
BRDA:189,5,1,1
BRDA:191,6,0,3
BRDA:191,6,1,1
BRDA:194,7,0,4
BRDA:194,7,1,1
BRDA:197,8,0,1
BRDA:197,8,1,3
BRDA:212,9,0,15
BRDA:213,10,0,15
BRDA:215,11,0,2
BRDA:215,11,1,13
BRDA:217,12,0,2
BRDA:217,12,1,1
BRDA:220,13,0,13
BRDA:220,13,1,1
BRF:26
BRH:26
end_of_record
TN:
SF:src/utils/navigation-guard.ts
FN:18,computeScrollDelta
FN:30,scrollDeltaIsSignificant
FN:50,shouldPivot
FN:56,(anonymous_3)
FNF:4
FNH:4
FNDA:14,computeScrollDelta
FNDA:7,scrollDeltaIsSignificant
FNDA:19,shouldPivot
FNDA:68,(anonymous_3)
DA:7,2
DA:10,2
DA:13,2
DA:21,14
DA:22,14
DA:23,14
DA:35,7
DA:56,68
LF:8
LH:8
BRDA:21,0,0,14
BRDA:21,0,1,10
BRDA:22,1,0,7
BRDA:22,1,1,7
BRDA:22,2,0,14
BRDA:22,2,1,10
BRDA:24,3,0,8
BRDA:24,3,1,6
BRDA:25,4,0,8
BRDA:25,4,1,6
BRDA:33,5,0,7
BRDA:54,6,0,19
BRDA:56,7,0,68
BRDA:56,7,1,50
BRF:14
BRH:14
end_of_record
TN:
SF:src/utils/prompt.ts
FN:21,buildHistory
FN:22,(anonymous_1)
FN:33,(anonymous_2)
FN:45,vfsContextBlock
FN:50,(anonymous_4)
FN:55,todoContextBlock
FN:60,annotatedElementsBlock
FN:63,(anonymous_7)
FN:71,extractContextFromPrompt
FN:92,buildUserMessage
FN:139,(anonymous_10)
FNF:11
FNH:8
FNDA:14,buildHistory
FNDA:2,(anonymous_1)
FNDA:0,(anonymous_2)
FNDA:14,vfsContextBlock
FNDA:0,(anonymous_4)
FNDA:14,todoContextBlock
FNDA:14,annotatedElementsBlock
FNDA:0,(anonymous_7)
FNDA:14,extractContextFromPrompt
FNDA:14,buildUserMessage
FNDA:14,(anonymous_10)
DA:22,14
DA:23,2
DA:24,0
DA:30,2
DA:31,0
DA:33,0
DA:38,2
DA:39,2
DA:46,14
DA:47,0
DA:48,0
DA:49,0
DA:50,0
DA:52,0
DA:56,14
DA:57,3
DA:61,14
DA:62,0
DA:64,0
DA:65,0
DA:68,0
DA:72,14
DA:73,14
DA:74,0
DA:75,0
DA:76,0
DA:78,14
DA:103,14
DA:106,14
DA:109,14
DA:110,0
DA:114,14
DA:115,14
DA:118,14
DA:119,14
DA:122,14
DA:123,14
DA:124,14
DA:127,14
DA:128,14
DA:129,14
DA:132,14
DA:139,14
DA:140,14
DA:144,14
DA:145,0
DA:146,0
DA:147,0
DA:148,0
DA:152,14
DA:156,14
DA:159,14
LF:52
LH:32
BRDA:23,0,0,0
BRDA:23,0,1,2
BRDA:25,1,0,0
BRDA:25,1,1,0
BRDA:30,2,0,0
BRDA:30,2,1,2
BRDA:30,3,0,2
BRDA:30,3,1,0
BRDA:38,4,0,0
BRDA:38,4,1,2
BRDA:46,5,0,14
BRDA:46,5,1,0
BRDA:56,6,0,11
BRDA:56,6,1,3
BRDA:61,7,0,14
BRDA:61,7,1,0
BRDA:64,8,0,0
BRDA:64,8,1,0
BRDA:73,9,0,0
BRDA:73,9,1,14
BRDA:98,10,0,14
BRDA:99,11,0,14
BRDA:100,12,0,14
BRDA:101,13,0,14
BRDA:109,14,0,0
BRDA:109,14,1,14
BRDA:140,15,0,14
BRDA:140,15,1,0
BRDA:144,16,0,0
BRDA:144,16,1,14
BRF:30
BRH:16
end_of_record
TN:
SF:src/utils/scratchpad.ts
FN:33,loadScratchpadFromVFS
FN:35,(anonymous_1)
FN:46,saveScratchpadToVFS
FN:63,upsertScratchpadEntry
FN:70,(anonymous_4)
FN:82,deleteScratchpadEntry
FN:86,(anonymous_6)
FN:97,formatScratchpadForPrompt
FN:101,(anonymous_8)
FNF:9
FNH:6
FNDA:0,loadScratchpadFromVFS
FNDA:0,(anonymous_1)
FNDA:0,saveScratchpadToVFS
FNDA:3,upsertScratchpadEntry
FNDA:3,(anonymous_4)
FNDA:2,deleteScratchpadEntry
FNDA:3,(anonymous_6)
FNDA:16,formatScratchpadForPrompt
FNDA:2,(anonymous_8)
DA:18,5
DA:34,0
DA:35,0
DA:36,0
DA:37,0
DA:38,0
DA:39,0
DA:41,0
DA:50,0
DA:51,0
DA:52,0
DA:68,3
DA:69,3
DA:70,3
DA:71,3
DA:72,3
DA:73,2
DA:75,1
DA:86,3
DA:98,16
DA:99,15
DA:101,2
DA:102,1
LF:23
LH:13
BRDA:36,0,0,0
BRDA:36,0,1,0
BRDA:72,1,0,2
BRDA:72,1,1,1
BRDA:98,2,0,15
BRDA:98,2,1,1
BRF:6
BRH:4
end_of_record
TN:
SF:src/utils/security.ts
FN:1,isSafeUrl
FNF:1
FNH:0
FNDA:0,isSafeUrl
DA:2,0
DA:3,0
DA:6,0
DA:7,0
DA:10,0
DA:13,0
DA:14,0
DA:15,0
DA:19,0
DA:20,0
DA:21,0
DA:24,0
DA:26,0
LF:13
LH:0
BRDA:6,0,0,0
BRDA:6,0,1,0
BRDA:6,1,0,0
BRDA:6,1,1,0
BRDA:14,2,0,0
BRDA:14,2,1,0
BRDA:20,3,0,0
BRDA:20,3,1,0
BRF:8
BRH:0
end_of_record
TN:
SF:src/utils/session-backfill.ts
FN:6,sessionNeedsBackfill
FN:10,extractMetadataFromHistory
FN:36,backfillSessionMetadata
FNF:3
FNH:3
FNDA:2,sessionNeedsBackfill
FNDA:1,extractMetadataFromHistory
FNDA:2,backfillSessionMetadata
DA:7,2
DA:14,1
DA:15,1
DA:17,1
DA:18,2
DA:19,2
DA:20,2
DA:21,1
DA:22,1
DA:26,1
DA:27,1
DA:28,1
DA:29,1
DA:32,1
DA:37,2
DA:38,2
DA:40,2
DA:41,1
DA:42,1
DA:43,1
DA:44,1
DA:45,1
DA:46,1
DA:49,2
LF:24
LH:24
BRDA:7,0,0,2
BRDA:7,0,1,2
BRDA:7,0,2,2
BRDA:18,1,0,0
BRDA:18,1,1,2
BRDA:18,2,0,2
BRDA:18,2,1,1
BRDA:20,3,0,1
BRDA:20,3,1,1
BRDA:20,4,0,2
BRDA:20,4,1,2
BRDA:22,5,0,1
BRDA:22,5,1,0
BRDA:28,6,0,1
BRDA:28,6,1,0
BRDA:28,7,0,1
BRDA:28,7,1,1
BRDA:41,8,0,0
BRDA:41,8,1,1
BRDA:44,9,0,0
BRDA:44,9,1,1
BRDA:44,10,0,1
BRDA:44,10,1,0
BRF:23
BRH:17
end_of_record
TN:
SF:src/utils/session-search-text.ts
FN:5,buildSearchText
FN:15,mergeSearchText
FN:24,parseStartUrlFromContent
FNF:3
FNH:3
FNDA:62,buildSearchText
FNDA:5,mergeSearchText
FNDA:3,parseStartUrlFromContent
DA:2,12
DA:6,62
DA:16,5
DA:17,5
DA:18,5
DA:19,5
DA:20,3
DA:25,3
DA:26,3
LF:9
LH:9
BRDA:17,0,0,0
BRDA:17,0,1,5
BRDA:17,1,0,0
BRDA:17,1,1,0
BRDA:18,2,0,5
BRDA:18,2,1,0
BRDA:19,3,0,2
BRDA:19,3,1,3
BRDA:26,4,0,3
BRDA:26,4,1,1
BRF:10
BRH:6
end_of_record
TN:
SF:src/utils/session-search.ts
FN:13,startOfDay
FN:20,dateRangeToBounds
FN:33,sessionMatchesQuery
FN:41,scoreSession
FN:50,sortSessions
FN:53,(anonymous_5)
FN:65,searchSessions
FN:74,(anonymous_7)
FN:77,(anonymous_8)
FN:80,(anonymous_9)
FN:85,(anonymous_10)
FN:92,uniqueSessionModelIds
FNF:12
FNH:11
FNDA:1,startOfDay
FNDA:3,dateRangeToBounds
FNDA:512,sessionMatchesQuery
FNDA:21,scoreSession
FNDA:10,sortSessions
FNDA:16,(anonymous_5)
FNDA:10,searchSessions
FNDA:3,(anonymous_7)
FNDA:0,(anonymous_8)
FNDA:3,(anonymous_9)
FNDA:512,(anonymous_10)
FNDA:1,uniqueSessionModelIds
DA:14,1
DA:15,1
DA:16,1
DA:21,3
DA:23,2
DA:24,2
DA:25,1
DA:27,1
DA:28,1
DA:30,0
DA:34,512
DA:35,512
DA:36,512
DA:37,512
DA:42,21
DA:43,21
DA:44,17
DA:45,6
DA:46,6
DA:47,0
DA:51,10
DA:53,10
DA:54,16
DA:55,9
DA:56,9
DA:57,6
DA:59,7
DA:60,5
DA:70,10
DA:72,10
DA:73,10
DA:74,3
DA:76,10
DA:77,0
DA:79,10
DA:80,3
DA:83,10
DA:84,10
DA:85,512
DA:88,10
DA:93,1
DA:94,1
DA:95,4
DA:97,1
LF:44
LH:41
BRDA:20,0,0,3
BRDA:21,1,0,1
BRDA:21,1,1,2
BRDA:24,2,0,1
BRDA:24,2,1,1
BRDA:27,3,0,1
BRDA:27,3,1,0
BRDA:35,4,0,512
BRDA:35,4,1,504
BRDA:36,5,0,512
BRDA:36,5,1,506
BRDA:37,6,0,512
BRDA:37,6,1,504
BRDA:37,6,2,500
BRDA:43,7,0,4
BRDA:43,7,1,17
BRDA:44,8,0,11
BRDA:44,8,1,6
BRDA:45,9,0,0
BRDA:45,9,1,6
BRDA:46,10,0,6
BRDA:46,10,1,0
BRDA:46,11,0,6
BRDA:46,11,1,0
BRDA:51,12,0,5
BRDA:51,12,1,5
BRDA:51,13,0,5
BRDA:51,13,1,4
BRDA:51,14,0,5
BRDA:51,14,1,4
BRDA:54,15,0,9
BRDA:54,15,1,7
BRDA:56,16,0,3
BRDA:56,16,1,6
BRDA:59,17,0,2
BRDA:59,17,1,5
BRDA:68,18,0,10
BRDA:73,19,0,1
BRDA:73,19,1,9
BRDA:76,20,0,0
BRDA:76,20,1,10
BRDA:79,21,0,1
BRDA:79,21,1,9
BRDA:84,22,0,5
BRDA:84,22,1,5
BRDA:95,23,0,3
BRDA:95,23,1,1
BRF:47
BRH:42
end_of_record
TN:
SF:src/utils/sleep.ts
FN:1,sleep
FN:2,(anonymous_1)
FNF:2
FNH:2
FNDA:5,sleep
FNDA:5,(anonymous_1)
DA:2,5
LF:1
LH:1
BRF:0
BRH:0
end_of_record
TN:
SF:src/utils/system-prompt.ts
FNF:0
FNH:0
DA:6,4
LF:1
LH:1
BRF:0
BRH:0
end_of_record
TN:
SF:src/utils/todo.ts
FN:16,loadTodoFromVFS
FN:18,(anonymous_1)
FN:29,saveTodoToVFS
FN:39,applyTodoUpdates
FN:40,(anonymous_4)
FN:41,(anonymous_5)
FN:52,formatTodoForPrompt
FN:61,(anonymous_7)
FNF:8
FNH:8
FNDA:6,loadTodoFromVFS
FNDA:5,(anonymous_1)
FNDA:5,saveTodoToVFS
FNDA:10,applyTodoUpdates
FNDA:30,(anonymous_4)
FNDA:29,(anonymous_5)
FNDA:13,formatTodoForPrompt
FNDA:15,(anonymous_7)
DA:13,6
DA:17,6
DA:18,6
DA:19,6
DA:20,5
DA:21,5
DA:22,5
DA:24,1
DA:30,5
DA:31,5
DA:32,5
DA:40,10
DA:41,30
DA:42,30
DA:43,9
DA:53,13
DA:54,12
DA:60,12
DA:62,15
DA:63,15
DA:64,15
LF:21
LH:21
BRDA:19,0,0,1
BRDA:19,0,1,5
BRDA:42,1,0,21
BRDA:42,1,1,9
BRDA:45,2,0,9
BRDA:45,2,1,7
BRDA:46,3,0,30
BRDA:46,3,1,3
BRDA:53,4,0,1
BRDA:53,4,1,12
BRDA:62,5,0,15
BRDA:62,5,1,0
BRDA:63,6,0,4
BRDA:63,6,1,11
BRF:14
BRH:13
end_of_record
TN:
SF:src/utils/types.ts
FNF:0
FNH:0
LF:0
LH:0
BRF:0
BRH:0
end_of_record
TN:
SF:src/utils/cdp/core.ts
FN:5,attachDebugger
FN:11,detachDebugger
FN:18,_resetAttachedDebuggers
FN:24,(anonymous_3)
FNF:4
FNH:4
FNDA:65,attachDebugger
FNDA:3,detachDebugger
FNDA:45,_resetAttachedDebuggers
FNDA:1,(anonymous_3)
DA:3,17
DA:6,65
DA:7,57
DA:8,56
DA:12,3
DA:13,2
DA:14,2
DA:19,45
DA:23,17
DA:24,17
DA:25,1
LF:11
LH:11
BRDA:6,0,0,8
BRDA:6,0,1,57
BRDA:12,1,0,1
BRDA:12,1,1,2
BRDA:23,2,0,17
BRDA:23,2,1,0
BRDA:23,3,0,17
BRDA:23,3,1,17
BRDA:25,4,0,1
BRDA:25,4,1,0
BRF:10
BRH:8
end_of_record
TN:
SF:src/utils/cdp/files.ts
FN:11,writeTempFile
FN:17,(anonymous_1)
FN:20,(anonymous_2)
FN:24,(anonymous_3)
FN:28,(anonymous_4)
FN:47,cleanupTempFile
FNF:6
FNH:6
FNDA:16,writeTempFile
FNDA:16,(anonymous_1)
FNDA:16,(anonymous_2)
FNDA:17,(anonymous_3)
FNDA:12,(anonymous_4)
FNDA:8,cleanupTempFile
DA:8,17
DA:14,16
DA:15,16
DA:17,16
DA:18,16
DA:21,16
DA:22,15
DA:24,15
DA:25,17
DA:26,16
DA:27,12
DA:28,12
DA:29,12
DA:30,12
DA:31,3
DA:34,16
DA:35,3
DA:36,3
DA:37,3
DA:40,15
DA:48,8
DA:49,8
DA:50,8
LF:23
LH:23
BRDA:21,0,0,1
BRDA:21,0,1,15
BRDA:25,1,0,1
BRDA:25,1,1,16
BRDA:26,2,0,12
BRDA:26,2,1,4
BRDA:30,3,0,9
BRDA:30,3,1,3
BRDA:34,4,0,3
BRDA:34,4,1,13
BRF:10
BRH:10
end_of_record
TN:
SF:src/utils/cdp/index.ts
FNF:0
FNH:0
LF:0
LH:0
BRF:0
BRH:0
end_of_record
TN:
SF:src/utils/cdp/input.ts
FN:17,getKeyCode
FN:25,dispatchHardwareClick
FN:42,dispatchDragAndDrop
FN:93,clearFocusedField
FN:111,typeTextCDP
FN:122,dispatchScrollWheel
FNF:6
FNH:6
FNDA:17,getKeyCode
FNDA:12,dispatchHardwareClick
FNDA:2,dispatchDragAndDrop
FNDA:11,clearFocusedField
FNDA:11,typeTextCDP
FNDA:16,dispatchScrollWheel
DA:7,17
DA:11,17
DA:18,17
DA:26,12
DA:27,12
DA:28,12
DA:29,12
DA:30,12
DA:43,2
DA:44,2
DA:48,2
DA:52,2
DA:54,2
DA:57,2
DA:60,2
DA:63,2
DA:66,2
DA:69,2
DA:73,2
DA:74,2
DA:75,2
DA:78,2
DA:81,2
DA:94,11
DA:95,11
DA:96,11
DA:97,6
DA:98,6
DA:99,6
DA:100,0
DA:101,6
DA:102,5
DA:103,2
DA:112,11
DA:113,11
DA:114,5
DA:118,11
DA:123,16
DA:124,15
LF:39
LH:38
BRDA:18,0,0,17
BRDA:18,0,1,3
BRDA:25,1,0,12
BRDA:95,2,0,0
BRDA:95,2,1,11
BRDA:96,3,0,6
BRDA:96,3,1,5
BRDA:96,4,0,11
BRDA:96,4,1,7
BRDA:97,5,0,4
BRDA:97,5,1,2
BRDA:99,6,0,6
BRDA:99,6,1,0
BRDA:102,7,0,2
BRDA:102,7,1,3
BRDA:102,8,0,5
BRDA:102,8,1,5
BRDA:111,9,0,11
BRDA:113,10,0,5
BRDA:113,10,1,6
BRF:20
BRH:18
end_of_record
TN:
SF:src/utils/db/conversations.ts
FN:14,appendConversationTurn
FN:25,(anonymous_1)
FN:34,(anonymous_2)
FN:35,(anonymous_3)
FN:39,getConversationHistory
FN:41,(anonymous_5)
FN:47,(anonymous_6)
FN:48,(anonymous_7)
FN:53,(anonymous_8)
FN:54,(anonymous_9)
FN:55,(anonymous_10)
FNF:11
FNH:6
FNDA:15,appendConversationTurn
FNDA:15,(anonymous_1)
FNDA:15,(anonymous_2)
FNDA:0,(anonymous_3)
FNDA:12,getConversationHistory
FNDA:12,(anonymous_5)
FNDA:12,(anonymous_6)
FNDA:0,(anonymous_7)
FNDA:0,(anonymous_8)
FNDA:0,(anonymous_9)
FNDA:0,(anonymous_10)
DA:24,15
DA:25,15
DA:26,15
DA:27,15
DA:33,15
DA:34,15
DA:35,15
DA:40,12
DA:41,12
DA:42,12
DA:43,12
DA:45,12
DA:46,12
DA:47,12
DA:48,12
DA:49,12
DA:52,0
DA:53,0
DA:54,0
DA:55,0
LF:20
LH:16
BRDA:29,0,0,15
BRDA:29,0,1,2
BRDA:30,1,0,15
BRDA:30,1,1,2
BRDA:31,2,0,15
BRDA:31,2,1,2
BRDA:45,3,0,12
BRDA:45,3,1,0
BRF:8
BRH:7
end_of_record
TN:
SF:src/utils/db/core.ts
FN:11,openDB
FN:12,(anonymous_1)
FN:14,(anonymous_2)
FN:45,(anonymous_3)
FN:46,(anonymous_4)
FNF:5
FNH:4
FNDA:182,openDB
FNDA:182,(anonymous_1)
FNDA:52,(anonymous_2)
FNDA:182,(anonymous_3)
FNDA:0,(anonymous_4)
DA:3,11
DA:4,11
DA:5,11
DA:6,11
DA:7,11
DA:8,11
DA:9,11
DA:12,182
DA:13,182
DA:14,182
DA:15,52
DA:16,52
DA:17,52
DA:18,52
DA:20,52
DA:21,52
DA:25,52
DA:26,52
DA:27,0
DA:28,0
DA:30,0
DA:33,52
DA:34,52
DA:37,52
DA:38,52
DA:39,52
DA:41,52
DA:42,52
DA:45,182
DA:46,182
LF:30
LH:27
BRDA:17,0,0,0
BRDA:17,0,1,52
BRDA:20,1,0,52
BRDA:20,1,1,0
BRDA:25,2,0,52
BRDA:25,2,1,0
BRDA:27,3,0,0
BRDA:27,3,1,0
BRDA:33,4,0,52
BRDA:33,4,1,0
BRDA:37,5,0,52
BRDA:37,5,1,0
BRDA:41,6,0,52
BRDA:41,6,1,0
BRF:14
BRH:6
end_of_record
TN:
SF:src/utils/db/index.ts
FNF:0
FNH:0
LF:0
LH:0
BRF:0
BRH:0
end_of_record
TN:
SF:src/utils/db/memory.ts
FN:14,upsertMemory
FN:18,(anonymous_1)
FN:22,(anonymous_2)
FN:29,(anonymous_3)
FN:31,(anonymous_4)
FN:35,getAllMemories
FN:37,(anonymous_6)
FN:40,(anonymous_7)
FN:41,(anonymous_8)
FN:42,(anonymous_9)
FN:46,deleteMemory
FN:48,(anonymous_11)
FN:51,(anonymous_12)
FN:52,(anonymous_13)
FNF:14
FNH:0
FNDA:0,upsertMemory
FNDA:0,(anonymous_1)
FNDA:0,(anonymous_2)
FNDA:0,(anonymous_3)
FNDA:0,(anonymous_4)
FNDA:0,getAllMemories
FNDA:0,(anonymous_6)
FNDA:0,(anonymous_7)
FNDA:0,(anonymous_8)
FNDA:0,(anonymous_9)
FNDA:0,deleteMemory
FNDA:0,(anonymous_11)
FNDA:0,(anonymous_12)
FNDA:0,(anonymous_13)
DA:17,0
DA:18,0
DA:19,0
DA:20,0
DA:21,0
DA:22,0
DA:23,0
DA:24,0
DA:25,0
DA:28,0
DA:29,0
DA:31,0
DA:36,0
DA:37,0
DA:38,0
DA:39,0
DA:40,0
DA:41,0
DA:42,0
DA:47,0
DA:48,0
DA:49,0
DA:50,0
DA:51,0
DA:52,0
LF:25
LH:0
BRDA:15,0,0,0
BRDA:25,1,0,0
BRDA:25,1,1,0
BRDA:26,2,0,0
BRDA:26,2,1,0
BRF:5
BRH:0
end_of_record
TN:
SF:src/utils/db/sessions.ts
FN:12,createSession
FN:17,(anonymous_1)
FN:29,(anonymous_2)
FN:30,(anonymous_3)
FN:34,getSession
FN:36,(anonymous_5)
FN:39,(anonymous_6)
FN:40,(anonymous_7)
FN:44,getSessions
FN:46,(anonymous_9)
FN:49,(anonymous_10)
FN:50,(anonymous_11)
FN:51,(anonymous_12)
FN:55,updateSessionMetadata
FN:57,(anonymous_14)
FN:61,(anonymous_15)
FN:66,(anonymous_16)
FN:67,(anonymous_17)
FN:71,appendToSessionSearchText
FN:74,(anonymous_19)
FN:78,(anonymous_20)
FN:86,(anonymous_21)
FN:87,(anonymous_22)
FN:91,touchSession
FN:93,(anonymous_24)
FN:97,(anonymous_25)
FN:101,(anonymous_26)
FN:102,(anonymous_27)
FNF:28
FNH:22
FNDA:55,createSession
FNDA:55,(anonymous_1)
FNDA:55,(anonymous_2)
FNDA:0,(anonymous_3)
FNDA:5,getSession
FNDA:5,(anonymous_5)
FNDA:5,(anonymous_6)
FNDA:0,(anonymous_7)
FNDA:11,getSessions
FNDA:11,(anonymous_9)
FNDA:11,(anonymous_10)
FNDA:2,(anonymous_11)
FNDA:0,(anonymous_12)
FNDA:2,updateSessionMetadata
FNDA:2,(anonymous_14)
FNDA:2,(anonymous_15)
FNDA:2,(anonymous_16)
FNDA:0,(anonymous_17)
FNDA:3,appendToSessionSearchText
FNDA:3,(anonymous_19)
FNDA:3,(anonymous_20)
FNDA:3,(anonymous_21)
FNDA:0,(anonymous_22)
FNDA:4,touchSession
FNDA:4,(anonymous_24)
FNDA:4,(anonymous_25)
FNDA:4,(anonymous_26)
FNDA:0,(anonymous_27)
DA:13,55
DA:14,55
DA:15,55
DA:17,55
DA:18,55
DA:19,55
DA:20,55
DA:28,55
DA:29,55
DA:30,55
DA:35,5
DA:36,5
DA:37,5
DA:38,5
DA:39,5
DA:40,5
DA:45,11
DA:46,11
DA:47,11
DA:48,11
DA:49,11
DA:50,11
DA:51,11
DA:56,2
DA:57,2
DA:58,2
DA:59,2
DA:60,2
DA:61,2
DA:62,2
DA:63,2
DA:64,2
DA:66,2
DA:67,2
DA:72,3
DA:73,3
DA:74,3
DA:75,3
DA:76,3
DA:77,3
DA:78,3
DA:79,3
DA:80,3
DA:81,3
DA:82,3
DA:83,2
DA:86,3
DA:87,3
DA:92,4
DA:93,4
DA:94,4
DA:95,4
DA:96,4
DA:97,4
DA:98,4
DA:99,4
DA:101,4
DA:102,4
LF:58
LH:58
BRDA:15,0,0,55
BRDA:15,0,1,53
BRDA:24,1,0,55
BRDA:24,1,1,2
BRDA:25,2,0,55
BRDA:25,2,1,2
BRDA:25,2,2,2
BRDA:26,3,0,55
BRDA:26,3,1,55
BRDA:63,4,0,0
BRDA:63,4,1,2
BRDA:72,5,0,0
BRDA:72,5,1,3
BRDA:80,6,0,0
BRDA:80,6,1,3
BRDA:82,7,0,2
BRDA:82,7,1,1
BRDA:99,8,0,3
BRDA:99,8,1,1
BRF:19
BRH:16
end_of_record
TN:
SF:src/utils/db/vfs.ts
FN:14,saveVFSFile
FN:20,(anonymous_1)
FN:23,(anonymous_2)
FN:24,(anonymous_3)
FN:28,getVFSFile
FN:30,(anonymous_5)
FN:33,(anonymous_6)
FN:34,(anonymous_7)
FN:38,listVFSFiles
FN:40,(anonymous_9)
FN:43,(anonymous_10)
FN:44,(anonymous_11)
FN:48,deleteVFSFile
FN:50,(anonymous_13)
FN:53,(anonymous_14)
FN:54,(anonymous_15)
FN:59,writeVFSFile
FN:61,(anonymous_17)
FN:66,clearVFSFiles
FN:68,(anonymous_19)
FN:71,(anonymous_20)
FN:78,(anonymous_21)
FN:79,(anonymous_22)
FNF:23
FNH:18
FNDA:31,saveVFSFile
FNDA:31,(anonymous_1)
FNDA:31,(anonymous_2)
FNDA:0,(anonymous_3)
FNDA:5,getVFSFile
FNDA:5,(anonymous_5)
FNDA:5,(anonymous_6)
FNDA:0,(anonymous_7)
FNDA:28,listVFSFiles
FNDA:28,(anonymous_9)
FNDA:28,(anonymous_10)
FNDA:0,(anonymous_11)
FNDA:5,deleteVFSFile
FNDA:5,(anonymous_13)
FNDA:5,(anonymous_14)
FNDA:0,(anonymous_15)
FNDA:12,writeVFSFile
FNDA:3,(anonymous_17)
FNDA:5,clearVFSFiles
FNDA:5,(anonymous_19)
FNDA:13,(anonymous_20)
FNDA:5,(anonymous_21)
FNDA:0,(anonymous_22)
DA:15,31
DA:16,31
DA:20,31
DA:21,31
DA:22,31
DA:23,31
DA:24,31
DA:29,5
DA:30,5
DA:31,5
DA:32,5
DA:33,5
DA:34,5
DA:39,28
DA:40,28
DA:41,28
DA:42,28
DA:43,28
DA:44,28
DA:49,5
DA:50,5
DA:51,5
DA:52,5
DA:53,5
DA:54,5
DA:60,12
DA:61,12
DA:62,12
DA:63,12
DA:67,5
DA:68,5
DA:69,5
DA:70,5
DA:71,5
DA:72,13
DA:73,13
DA:74,8
DA:75,8
DA:78,5
DA:79,5
LF:40
LH:40
BRDA:62,0,0,3
BRDA:62,0,1,9
BRDA:66,1,0,5
BRDA:73,2,0,8
BRDA:73,2,1,5
BRDA:74,3,0,6
BRDA:74,3,1,2
BRF:7
BRH:7
end_of_record
TN:
SF:src/utils/tools/control.ts
FN:12,(anonymous_0)
FN:33,(anonymous_1)
FN:53,(anonymous_2)
FNF:3
FNH:0
FNDA:0,(anonymous_0)
FNDA:0,(anonymous_1)
FNDA:0,(anonymous_2)
DA:11,6
DA:12,0
DA:32,6
DA:33,0
DA:52,6
DA:53,0
DA:72,6
LF:7
LH:4
BRF:0
BRH:0
end_of_record
TN:
SF:src/utils/tools/dom.ts
FN:12,(anonymous_0)
FNF:1
FNH:0
FNDA:0,(anonymous_0)
DA:11,6
DA:12,0
DA:25,6
LF:3
LH:2
BRF:0
BRH:0
end_of_record
TN:
SF:src/utils/tools/index.ts
FN:60,parseToolCall
FNF:1
FNH:1
FNDA:87,parseToolCall
DA:37,6
DA:61,87
DA:64,20
DA:71,12
DA:77,4
DA:79,3
DA:85,5
DA:87,5
DA:97,2
DA:101,2
DA:103,3
DA:110,2
DA:112,3
DA:120,0
DA:131,2
DA:133,3
DA:135,4
DA:139,0
DA:141,0
DA:145,4
DA:153,2
DA:157,5
DA:162,2
DA:164,2
DA:167,2
LF:25
LH:22
BRDA:61,0,0,20
BRDA:61,0,1,12
BRDA:61,0,2,4
BRDA:61,0,3,3
BRDA:61,0,4,5
BRDA:61,0,5,5
BRDA:61,0,6,2
BRDA:61,0,7,2
BRDA:61,0,8,3
BRDA:61,0,9,2
BRDA:61,0,10,3
BRDA:61,0,11,0
BRDA:61,0,12,2
BRDA:61,0,13,3
BRDA:61,0,14,4
BRDA:61,0,15,0
BRDA:61,0,16,0
BRDA:61,0,17,4
BRDA:61,0,18,2
BRDA:61,0,19,5
BRDA:61,0,20,2
BRDA:61,0,21,2
BRDA:61,0,22,2
BRDA:159,1,0,5
BRDA:159,1,1,2
BRF:25
BRH:22
end_of_record
TN:
SF:src/utils/tools/memory.ts
FN:12,(anonymous_0)
FN:49,(anonymous_1)
FNF:2
FNH:0
FNDA:0,(anonymous_0)
FNDA:0,(anonymous_1)
DA:11,6
DA:12,0
DA:48,6
DA:49,0
DA:63,6
LF:5
LH:3
BRF:0
BRH:0
end_of_record
TN:
SF:src/utils/tools/network.ts
FN:5,(anonymous_0)
FNF:1
FNH:0
FNDA:0,(anonymous_0)
DA:4,6
DA:8,0
LF:2
LH:1
BRF:0
BRH:0
end_of_record
TN:
SF:src/utils/tools/scratchpad.ts
FN:12,(anonymous_0)
FN:42,(anonymous_1)
FNF:2
FNH:0
FNDA:0,(anonymous_0)
FNDA:0,(anonymous_1)
DA:11,6
DA:12,0
DA:41,6
DA:42,0
DA:56,6
LF:5
LH:3
BRF:0
BRH:0
end_of_record
TN:
SF:src/utils/tools/todo.ts
FN:12,(anonymous_0)
FN:38,(anonymous_1)
FN:58,(anonymous_2)
FNF:3
FNH:3
FNDA:3,(anonymous_0)
FNDA:4,(anonymous_1)
FNDA:3,(anonymous_2)
DA:11,7
DA:12,3
DA:37,7
DA:38,4
DA:57,7
DA:58,3
DA:83,7
LF:7
LH:7
BRF:0
BRH:0
end_of_record
TN:
SF:src/utils/tools/ui.ts
FN:15,(anonymous_0)
FN:44,(anonymous_1)
FN:66,(anonymous_2)
FN:80,(anonymous_3)
FN:98,(anonymous_4)
FN:111,(anonymous_5)
FNF:6
FNH:0
FNDA:0,(anonymous_0)
FNDA:0,(anonymous_1)
FNDA:0,(anonymous_2)
FNDA:0,(anonymous_3)
FNDA:0,(anonymous_4)
FNDA:0,(anonymous_5)
DA:14,6
DA:15,0
DA:43,6
DA:44,0
DA:65,6
DA:66,0
DA:79,6
DA:80,0
DA:97,6
DA:98,0
DA:110,6
DA:111,0
DA:124,6
LF:13
LH:7
BRF:0
BRH:0
end_of_record
TN:
SF:src/utils/tools/vfs.ts
FN:15,(anonymous_0)
FN:29,(anonymous_1)
FN:47,(anonymous_2)
FN:58,(anonymous_3)
FNF:4
FNH:0
FNDA:0,(anonymous_0)
FNDA:0,(anonymous_1)
FNDA:0,(anonymous_2)
FNDA:0,(anonymous_3)
DA:14,6
DA:15,0
DA:28,6
DA:29,0
DA:46,6
DA:47,0
DA:57,6
DA:58,0
DA:72,6
LF:9
LH:5
BRF:0
BRH:0
end_of_record
