TN:
SF:src/entrypoints/content/blocker.ts
FN:14,blockHandler
FN:19,installBlocker
FN:74,removeBlocker
FNF:3
FNH:3
FNDA:1,blockHandler
FNDA:16,installBlocker
FNDA:22,removeBlocker
DA:3,1
DA:5,1
DA:12,1
DA:15,1
DA:16,1
DA:20,16
DA:21,15
DA:23,15
DA:25,15
DA:26,300
DA:29,15
DA:30,15
DA:31,15
DA:41,15
DA:42,15
DA:55,15
DA:56,15
DA:58,15
DA:59,15
DA:68,15
DA:70,15
DA:71,16
DA:75,22
DA:76,15
DA:78,15
DA:79,300
DA:82,15
DA:83,22
LF:28
LH:28
BRDA:20,0,0,1
BRDA:20,0,1,15
BRDA:70,1,0,15
BRDA:70,1,1,1
BRDA:75,2,0,7
BRDA:75,2,1,15
BRF:6
BRH:6
end_of_record
TN:
SF:src/entrypoints/content/interactables.ts
FN:13,isInteractable
FN:47,collectInteractables
FN:61,getLabel
FNF:3
FNH:3
FNDA:58,isInteractable
FNDA:21,collectInteractables
FNDA:22,getLabel
DA:1,2
DA:8,2
DA:14,58
DA:15,58
DA:17,58
DA:18,26
DA:19,24
DA:20,23
DA:23,32
DA:25,17
DA:27,15
DA:28,2
DA:30,13
DA:31,13
DA:34,12
DA:41,4
DA:43,8
DA:48,21
DA:50,21
DA:51,19
DA:52,19
DA:53,19
DA:54,19
DA:55,3
DA:58,21
DA:62,22
DA:64,22
DA:65,22
DA:67,20
DA:68,20
DA:69,4
DA:70,4
DA:73,18
DA:74,7
DA:82,11
DA:83,22
DA:85,3
LF:37
LH:37
BRDA:15,0,0,58
BRDA:15,0,1,43
BRDA:17,1,0,26
BRDA:17,1,1,32
BRDA:18,2,0,2
BRDA:18,2,1,24
BRDA:19,3,0,1
BRDA:19,3,1,23
BRDA:19,4,0,24
BRDA:19,4,1,6
BRDA:23,5,0,15
BRDA:23,5,1,17
BRDA:25,6,0,2
BRDA:25,6,1,15
BRDA:27,7,0,2
BRDA:27,7,1,13
BRDA:27,8,0,15
BRDA:27,8,1,3
BRDA:27,9,0,3
BRDA:27,9,1,0
BRDA:31,10,0,1
BRDA:31,10,1,12
BRDA:34,11,0,4
BRDA:34,11,1,8
BRDA:35,12,0,12
BRDA:35,12,1,11
BRDA:35,12,2,11
BRDA:35,12,3,10
BRDA:35,12,4,9
BRDA:47,13,0,21
BRDA:52,14,0,13
BRDA:52,14,1,6
BRDA:54,15,0,3
BRDA:54,15,1,16
BRDA:65,16,0,2
BRDA:65,16,1,20
BRDA:68,17,0,4
BRDA:68,17,1,16
BRDA:70,18,0,2
BRDA:70,18,1,2
BRDA:70,19,0,2
BRDA:70,19,1,1
BRDA:73,20,0,7
BRDA:73,20,1,11
BRDA:75,21,0,7
BRDA:75,21,1,6
BRDA:75,21,2,5
BRDA:75,21,3,1
BRDA:82,22,0,11
BRDA:82,22,1,0
BRDA:83,23,0,8
BRDA:83,23,1,14
BRF:52
BRH:50
end_of_record
TN:
SF:src/entrypoints/content/overlay.ts
FN:8,destroyOverlay
FN:12,drawOverlay
FNF:2
FNH:2
FNDA:13,destroyOverlay
FNDA:11,drawOverlay
DA:6,1
DA:9,13
DA:13,11
DA:15,11
DA:16,11
DA:17,11
DA:18,11
DA:20,11
DA:21,11
DA:23,11
DA:27,11
DA:28,11
DA:30,11
DA:31,5
DA:32,5
DA:33,5
DA:34,5
DA:37,11
DA:39,11
DA:40,11
DA:41,11
DA:42,11
DA:43,11
DA:52,11
DA:54,11
DA:55,11
DA:56,11
DA:58,11
DA:60,11
DA:61,5
DA:62,5
DA:63,5
DA:64,5
DA:66,5
DA:67,5
DA:68,5
DA:70,5
DA:71,5
DA:73,5
DA:74,5
DA:75,5
DA:76,5
DA:77,5
DA:79,5
DA:80,5
DA:81,5
DA:82,0
DA:84,5
DA:86,5
DA:88,5
DA:89,5
DA:90,5
DA:91,5
DA:93,5
DA:94,5
DA:110,11
LF:56
LH:55
BRDA:16,0,0,11
BRDA:16,0,1,0
BRDA:20,1,0,11
BRDA:20,1,1,0
BRDA:24,2,0,11
BRDA:24,2,1,0
BRDA:32,3,0,0
BRDA:32,3,1,5
BRDA:33,4,0,0
BRDA:33,4,1,5
BRDA:52,5,0,11
BRDA:52,5,1,0
BRDA:55,6,0,0
BRDA:55,6,1,11
BRDA:81,7,0,0
BRDA:81,7,1,5
BRDA:98,8,0,5
BRDA:98,8,1,1
BRDA:98,9,0,1
BRDA:98,9,1,0
BRF:20
BRH:11
end_of_record
TN:
SF:src/entrypoints/content/theme.ts
FN:35,getTheme
FNF:1
FNH:1
FNDA:35,getTheme
DA:17,3
DA:26,3
DA:36,35
DA:37,35
DA:38,34
DA:40,1
LF:6
LH:6
BRDA:38,0,0,3
BRDA:38,0,1,31
BRF:2
BRH:2
end_of_record
TN:
SF:src/entrypoints/content/visibility.ts
FN:1,getVisibleRect
FN:26,isTopElementAt
FNF:2
FNH:2
FNDA:18,getVisibleRect
FNDA:13,isTopElementAt
DA:3,18
DA:4,18
DA:6,1
DA:9,17
DA:10,15
DA:11,13
DA:13,11
DA:14,11
DA:15,11
DA:20,3
DA:23,8
DA:27,13
DA:33,13
DA:34,21
DA:35,21
DA:36,21
DA:37,13
DA:40,3
LF:18
LH:18
BRDA:9,0,0,2
BRDA:9,0,1,15
BRDA:9,1,0,17
BRDA:9,1,1,16
BRDA:10,2,0,2
BRDA:10,2,1,13
BRDA:10,3,0,15
BRDA:10,3,1,14
BRDA:11,4,0,2
BRDA:11,4,1,11
BRDA:11,5,0,13
BRDA:11,5,1,12
BRDA:15,6,0,3
BRDA:15,6,1,8
BRDA:16,7,0,11
BRDA:16,7,1,10
BRDA:16,7,2,9
BRDA:36,8,0,3
BRDA:36,8,1,18
BRDA:37,9,0,10
BRDA:37,9,1,3
BRDA:37,10,0,13
BRDA:37,10,1,5
BRDA:37,10,2,4
BRF:24
BRH:24
end_of_record
TN:
SF:src/entrypoints/content/handlers/get-element-dom.ts
FN:6,handleGetElementDom
FNF:1
FNH:1
FNDA:4,handleGetElementDom
DA:10,4
DA:15,4
DA:16,4
DA:17,4
DA:18,4
DA:19,17
DA:20,17
DA:21,17
DA:22,4
DA:23,4
DA:24,4
DA:25,4
DA:26,3
DA:27,3
DA:31,4
DA:32,1
DA:33,1
DA:36,3
DA:37,3
DA:38,3
DA:39,3
LF:21
LH:21
BRDA:19,0,0,0
BRDA:19,0,1,17
BRDA:21,1,0,13
BRDA:21,1,1,4
BRDA:21,2,0,17
BRDA:21,2,1,13
BRDA:25,3,0,3
BRDA:25,3,1,1
BRDA:31,4,0,1
BRDA:31,4,1,3
BRDA:41,5,0,1
BRDA:41,5,1,2
BRF:12
BRH:11
end_of_record
TN:
SF:src/entrypoints/content/handlers/upload-file.ts
FN:6,handleUploadFile
FNF:1
FNH:1
FNDA:8,handleUploadFile
DA:16,8
DA:21,8
DA:25,8
DA:27,8
DA:29,5
DA:30,3
DA:32,2
DA:33,2
DA:34,5
DA:35,5
DA:36,3
DA:37,3
DA:38,3
DA:39,3
DA:40,2
DA:41,2
DA:45,2
DA:48,8
DA:49,1
DA:50,1
DA:53,7
DA:55,7
DA:56,7
DA:57,30
DA:58,6
DA:60,6
DA:61,6
DA:64,6
DA:68,8
DA:69,1
DA:71,6
DA:72,6
DA:79,6
DA:80,6
DA:81,2
DA:82,2
DA:83,1
DA:85,6
DA:87,5
DA:88,5
DA:89,5
DA:90,25
DA:91,25
DA:92,2
DA:93,2
DA:94,2
DA:95,2
DA:96,1
DA:97,1
DA:102,6
DA:103,6
DA:104,6
DA:105,6
DA:106,6
DA:107,6
DA:108,6
DA:111,6
DA:113,1
LF:58
LH:58
BRDA:27,0,0,5
BRDA:27,0,1,3
BRDA:30,1,0,2
BRDA:30,1,1,1
BRDA:35,2,0,2
BRDA:35,2,1,3
BRDA:35,3,0,5
BRDA:35,3,1,2
BRDA:39,4,0,2
BRDA:39,4,1,1
BRDA:45,5,0,1
BRDA:45,5,1,1
BRDA:48,6,0,1
BRDA:48,6,1,7
BRDA:68,7,0,5
BRDA:68,7,1,1
BRDA:80,8,0,6
BRDA:80,8,1,7
BRDA:82,9,0,1
BRDA:82,9,1,1
BRDA:82,10,0,2
BRDA:82,10,1,1
BRDA:85,11,0,5
BRDA:85,11,1,1
BRDA:85,12,0,6
BRDA:85,12,1,6
BRDA:91,13,0,23
BRDA:91,13,1,2
BRDA:91,14,0,25
BRDA:91,14,1,2
BRDA:95,15,0,1
BRDA:95,15,1,1
BRDA:102,16,0,6
BRDA:102,16,1,0
BRF:34
BRH:33
end_of_record
TN:
SF:src/utils/agent-log.ts
FN:3,log
FN:14,(anonymous_1)
FNF:2
FNH:2
FNDA:250,log
FNDA:27,(anonymous_1)
DA:4,250
DA:6,250
DA:9,250
DA:10,250
DA:11,250
DA:14,250
DA:16,27
DA:17,26
LF:8
LH:8
BRDA:3,0,0,250
BRDA:6,1,0,250
BRDA:10,2,0,15
BRDA:10,2,1,235
BRDA:16,3,0,1
BRDA:16,3,1,26
BRDA:17,4,0,26
BRDA:17,4,1,1
BRF:8
BRH:8
end_of_record
TN:
SF:src/utils/agent-state.ts
FN:3,getAgentState
FN:8,setAgentState
FN:15,clearAgentState
FNF:3
FNH:3
FNDA:61,getAgentState
FNDA:22,setAgentState
FNDA:3,clearAgentState
DA:4,61
DA:5,61
DA:9,22
DA:10,22
DA:11,22
DA:12,22
DA:16,3
LF:7
LH:7
BRDA:5,0,0,61
BRDA:5,0,1,16
BRDA:9,1,0,22
BRDA:9,1,1,12
BRF:4
BRH:4
end_of_record
TN:
SF:src/utils/base64.ts
FN:2,arrayBufferToBase64
FNF:1
FNH:1
FNDA:3,arrayBufferToBase64
DA:3,3
DA:4,3
DA:5,3
DA:6,3
DA:7,3
DA:9,3
LF:6
LH:6
BRF:0
BRH:0
end_of_record
TN:
SF:src/utils/custom-system-prompt.ts
FN:28,getCustomSystemPrompt
FN:44,setCustomSystemPrompt
FN:49,isCustomPromptEffective
FNF:3
FNH:3
FNDA:39,getCustomSystemPrompt
FNDA:11,setCustomSystemPrompt
FNDA:27,isCustomPromptEffective
DA:19,7
DA:21,7
DA:29,39
DA:30,39
DA:31,32
DA:32,32
DA:33,13
DA:39,7
DA:45,11
DA:50,27
LF:10
LH:10
BRDA:32,0,0,19
BRDA:32,0,1,13
BRDA:32,1,0,32
BRDA:32,1,1,14
BRDA:35,2,0,13
BRDA:35,2,1,0
BRDA:36,3,0,5
BRDA:36,3,1,8
BRDA:50,4,0,27
BRDA:50,4,1,4
BRF:10
BRH:9
end_of_record
TN:
SF:src/utils/debounce.ts
FN:2,scheduleDebounced
FN:7,(anonymous_1)
FN:8,(anonymous_2)
FNF:3
FNH:3
FNDA:2,scheduleDebounced
FNDA:1,(anonymous_1)
FNDA:1,(anonymous_2)
DA:7,2
DA:8,2
LF:2
LH:2
BRF:0
BRH:0
end_of_record
TN:
SF:src/utils/dom-idle.ts
FN:1,waitForDOMIdle
FN:5,(anonymous_1)
FN:6,(anonymous_2)
FN:8,(anonymous_3)
FN:10,(anonymous_4)
FN:22,(anonymous_5)
FN:30,(anonymous_6)
FNF:7
FNH:7
FNDA:15,waitForDOMIdle
FNDA:4,(anonymous_1)
FNDA:4,(anonymous_2)
FNDA:9,(anonymous_3)
FNDA:3,(anonymous_4)
FNDA:1,(anonymous_5)
FNDA:14,(anonymous_6)
DA:2,15
DA:6,4
DA:8,4
DA:9,9
DA:10,9
DA:11,3
DA:12,3
DA:15,4
DA:16,4
DA:21,4
DA:22,4
DA:23,1
DA:24,1
LF:13
LH:13
BRDA:1,0,0,15
BRDA:1,1,0,15
BRDA:16,2,0,4
BRDA:16,2,1,1
BRF:4
BRH:4
end_of_record
TN:
SF:src/utils/file-upload.ts
FN:7,injectFileUpload
FN:16,(anonymous_1)
FNF:2
FNH:2
FNDA:4,injectFileUpload
FNDA:1,(anonymous_1)
DA:13,4
DA:14,4
DA:15,2
DA:16,2
DA:18,4
DA:19,3
DA:21,3
DA:24,3
DA:27,3
DA:46,3
DA:49,3
DA:50,3
DA:51,3
DA:57,3
DA:58,4
DA:59,1
DA:62,1
DA:64,2
DA:67,3
LF:19
LH:19
BRDA:14,0,0,2
BRDA:14,0,1,2
BRDA:18,1,0,1
BRDA:18,1,1,3
BRDA:58,2,0,1
BRDA:58,2,1,2
BRDA:58,3,0,4
BRDA:58,3,1,1
BRF:8
BRH:8
end_of_record
TN:
SF:src/utils/highlight-match.tsx
FN:9,splitByMatch
FN:42,HighlightedText
FN:51,(anonymous_2)
FNF:3
FNH:3
FNDA:8,splitByMatch
FNDA:3,HighlightedText
FNDA:4,(anonymous_2)
DA:10,8
DA:11,8
DA:13,6
DA:14,6
DA:15,6
DA:16,6
DA:18,6
DA:19,7
DA:20,7
DA:21,2
DA:22,2
DA:24,5
DA:25,2
DA:27,5
DA:28,5
DA:31,6
DA:48,3
DA:49,3
DA:52,4
LF:19
LH:19
BRDA:11,0,0,2
BRDA:11,0,1,6
BRDA:20,1,0,2
BRDA:20,1,1,5
BRDA:24,2,0,2
BRDA:24,2,1,3
BRDA:31,3,0,5
BRDA:31,3,1,1
BRDA:46,4,0,3
BRDA:52,5,0,2
BRDA:52,5,1,2
BRF:11
BRH:11
end_of_record
TN:
SF:src/utils/langsmith-config.ts
FN:13,initializeLangSmith
FN:38,getLangSmithTracer
FNF:2
FNH:2
FNDA:4,initializeLangSmith
FNDA:42,getLangSmithTracer
DA:11,7
DA:14,4
DA:15,4
DA:16,4
DA:17,4
DA:19,4
DA:26,4
DA:27,3
DA:28,3
DA:29,3
DA:32,1
DA:33,1
DA:34,1
DA:39,42
LF:14
LH:14
BRDA:21,0,0,3
BRDA:21,0,1,1
BRDA:22,1,0,3
BRDA:22,1,1,1
BRDA:26,2,0,3
BRDA:26,2,1,1
BRDA:26,3,0,4
BRDA:26,3,1,3
BRDA:26,3,2,2
BRF:9
BRH:9
end_of_record
TN:
SF:src/utils/llm-stream.ts
FN:32,thinkingFlushPoint
FN:44,thinkingDeltaOf
FN:57,parseResponse
FN:62,(anonymous_3)
FN:63,(anonymous_4)
FN:69,(anonymous_5)
FN:74,(anonymous_6)
FN:75,(anonymous_7)
FN:98,streamWithRetry
FN:152,(anonymous_9)
FNF:10
FNH:10
FNDA:8,thinkingFlushPoint
FNDA:37,thinkingDeltaOf
FNDA:25,parseResponse
FNDA:2,(anonymous_3)
FNDA:2,(anonymous_4)
FNDA:21,(anonymous_5)
FNDA:21,(anonymous_6)
FNDA:21,(anonymous_7)
FNDA:23,streamWithRetry
FNDA:6,(anonymous_9)
DA:17,7
DA:18,7
DA:33,8
DA:34,6
DA:35,175
DA:36,4
DA:39,2
DA:40,2
DA:45,37
DA:46,37
DA:47,37
DA:48,6
DA:49,7
DA:52,37
DA:59,25
DA:62,2
DA:63,2
DA:66,25
DA:67,25
DA:69,21
DA:73,20
DA:74,21
DA:75,21
DA:77,20
DA:107,23
DA:108,37
DA:109,37
DA:115,37
DA:116,3
DA:117,3
DA:119,34
DA:121,37
DA:122,32
DA:123,32
DA:124,32
DA:126,32
DA:127,31
DA:128,31
DA:129,31
DA:130,5
DA:131,5
DA:134,5
DA:135,2
DA:136,2
DA:137,1
DA:138,1
DA:142,31
DA:146,30
DA:147,1
DA:150,30
DA:152,25
DA:156,25
DA:157,3
DA:160,25
DA:161,25
DA:163,17
DA:164,17
DA:165,17
DA:166,14
DA:167,1
DA:168,1
DA:169,1
DA:171,13
DA:172,13
DA:178,17
LF:65
LH:65
BRDA:32,0,0,8
BRDA:33,1,0,2
BRDA:33,1,1,6
BRDA:35,2,0,4
BRDA:35,2,1,171
BRDA:35,3,0,175
BRDA:35,3,1,4
BRDA:35,3,2,2
BRDA:35,3,3,0
BRDA:40,4,0,1
BRDA:40,4,1,1
BRDA:45,5,0,37
BRDA:45,5,1,30
BRDA:47,6,0,6
BRDA:47,6,1,31
BRDA:49,7,0,3
BRDA:49,7,1,4
BRDA:49,8,0,3
BRDA:49,8,1,1
BRDA:49,8,2,0
BRDA:59,9,0,24
BRDA:59,9,1,1
BRDA:63,10,0,2
BRDA:63,10,1,0
BRDA:66,11,0,25
BRDA:66,11,1,0
BRDA:67,12,0,5
BRDA:67,12,1,20
BRDA:70,13,0,21
BRDA:70,13,1,0
BRDA:115,14,0,3
BRDA:115,14,1,34
BRDA:119,15,0,1
BRDA:119,15,1,33
BRDA:129,16,0,5
BRDA:129,16,1,26
BRDA:134,17,0,2
BRDA:134,17,1,3
BRDA:136,18,0,1
BRDA:136,18,1,1
BRDA:146,19,0,1
BRDA:146,19,1,29
BRDA:146,20,0,30
BRDA:146,20,1,4
BRDA:150,21,0,5
BRDA:150,21,1,25
BRDA:156,22,0,3
BRDA:156,22,1,22
BRDA:164,23,0,17
BRDA:164,23,1,16
BRDA:165,24,0,14
BRDA:165,24,1,3
BRDA:166,25,0,1
BRDA:166,25,1,13
BRF:54
BRH:49
end_of_record
TN:
SF:src/utils/llm.ts
FN:42,buildSystemMessage
FN:88,createModel
FN:101,createOllamaModel
FN:105,createAnthropicModel
FN:115,createOpenAIModel
FN:130,createCustomOpenAIModel
FN:141,createAnyModel
FN:154,(anonymous_7)
FN:167,callModel
FN:172,(anonymous_9)
FN:192,(anonymous_10)
FNF:11
FNH:11
FNDA:22,buildSystemMessage
FNDA:9,createModel
FNDA:2,createOllamaModel
FNDA:5,createAnthropicModel
FNDA:5,createOpenAIModel
FNDA:3,createCustomOpenAIModel
FNDA:10,createAnyModel
FNDA:2,(anonymous_7)
FNDA:22,callModel
FNDA:13,(anonymous_9)
FNDA:20,(anonymous_10)
DA:43,22
DA:45,22
DA:46,22
DA:49,0
DA:50,0
DA:52,0
DA:53,0
DA:55,0
DA:59,6
DA:60,6
DA:89,9
DA:90,9
DA:96,9
DA:97,9
DA:98,9
DA:102,2
DA:106,5
DA:116,5
DA:117,5
DA:119,5
DA:120,1
DA:127,4
DA:131,3
DA:142,10
DA:143,10
DA:145,2
DA:147,2
DA:148,1
DA:150,2
DA:151,1
DA:153,2
DA:154,2
DA:155,2
DA:156,1
DA:160,2
DA:161,1
DA:183,22
DA:184,22
DA:185,22
DA:190,22
DA:191,22
DA:192,20
LF:42
LH:37
BRDA:45,0,0,22
BRDA:45,0,1,0
BRDA:52,1,0,0
BRDA:52,1,1,0
BRDA:89,2,0,9
BRDA:89,2,1,5
BRDA:97,3,0,7
BRDA:97,3,1,2
BRDA:119,4,0,1
BRDA:119,4,1,4
BRDA:133,5,0,3
BRDA:133,5,1,1
BRDA:143,6,0,2
BRDA:143,6,1,2
BRDA:143,6,2,2
BRDA:143,6,3,2
BRDA:143,6,4,2
BRDA:143,6,5,2
BRDA:147,7,0,1
BRDA:147,7,1,1
BRDA:150,8,0,1
BRDA:150,8,1,1
BRDA:155,9,0,1
BRDA:155,9,1,1
BRDA:160,10,0,1
BRDA:160,10,1,1
BRDA:171,11,0,22
BRDA:172,12,0,13
BRDA:173,13,0,22
BRDA:174,14,0,22
BRDA:175,15,0,22
BRDA:176,16,0,22
BRDA:177,17,0,22
BRDA:178,18,0,22
BRF:34
BRH:31
end_of_record
TN:
SF:src/utils/memory.ts
FN:15,formatMemoryForPrompt
FNF:1
FNH:1
FNDA:36,formatMemoryForPrompt
DA:16,36
DA:17,29
DA:21,7
DA:22,7
DA:23,9
DA:24,9
DA:25,9
DA:26,8
DA:27,8
DA:29,9
DA:32,7
DA:33,7
DA:34,8
DA:35,8
DA:36,9
DA:37,9
DA:38,9
DA:42,7
LF:18
LH:18
BRDA:16,0,0,29
BRDA:16,0,1,7
BRDA:23,1,0,9
BRDA:23,1,1,1
BRDA:25,2,0,8
BRDA:25,2,1,1
BRDA:37,3,0,1
BRDA:37,3,1,8
BRF:8
BRH:8
end_of_record
TN:
SF:src/utils/models.ts
FN:102,isOllamaModel
FN:106,isAnthropicModel
FN:110,isOpenAIModel
FN:114,isCustomOpenAIModel
FN:119,getProviderForModel
FN:130,ollamaModelId
FN:135,ollamaModelName
FN:140,anthropicModelName
FN:145,openaiModelName
FN:150,customOpenAIConfigId
FN:161,isOllamaAvailable
FN:175,fetchOllamaModels
FN:194,(anonymous_12)
FN:210,getModelLabel
FN:217,(anonymous_14)
FN:220,(anonymous_15)
FNF:16
FNH:16
FNDA:24,isOllamaModel
FNDA:20,isAnthropicModel
FNDA:17,isOpenAIModel
FNDA:28,isCustomOpenAIModel
FNDA:19,getProviderForModel
FNDA:6,ollamaModelId
FNDA:4,ollamaModelName
FNDA:6,anthropicModelName
FNDA:6,openaiModelName
FNDA:5,customOpenAIConfigId
FNDA:5,isOllamaAvailable
FNDA:6,fetchOllamaModels
FNDA:4,(anonymous_12)
FNDA:15,getModelLabel
FNDA:1,(anonymous_14)
FNDA:54,(anonymous_15)
DA:37,6
DA:52,6
DA:67,6
DA:89,6
DA:95,6
DA:97,6
DA:103,24
DA:107,20
DA:111,17
DA:115,28
DA:120,19
DA:121,16
DA:122,13
DA:123,10
DA:124,7
DA:131,6
DA:136,4
DA:141,6
DA:146,6
DA:151,5
DA:162,5
DA:163,5
DA:164,3
DA:166,2
DA:176,6
DA:177,6
DA:181,5
DA:183,4
DA:188,4
DA:189,4
DA:190,3
DA:191,3
DA:194,4
DA:204,1
DA:215,15
DA:216,2
DA:217,2
DA:219,13
DA:220,54
LF:39
LH:39
BRDA:120,0,0,3
BRDA:120,0,1,16
BRDA:121,1,0,3
BRDA:121,1,1,13
BRDA:122,2,0,3
BRDA:122,2,1,10
BRDA:123,3,0,3
BRDA:123,3,1,7
BRDA:181,4,0,1
BRDA:181,4,1,4
BRDA:189,5,0,3
BRDA:189,5,1,1
BRDA:191,6,0,3
BRDA:191,6,1,1
BRDA:194,7,0,4
BRDA:194,7,1,1
BRDA:197,8,0,1
BRDA:197,8,1,3
BRDA:212,9,0,15
BRDA:213,10,0,15
BRDA:215,11,0,2
BRDA:215,11,1,13
BRDA:217,12,0,2
BRDA:217,12,1,1
BRDA:220,13,0,13
BRDA:220,13,1,1
BRF:26
BRH:26
end_of_record
TN:
SF:src/utils/navigation-guard.ts
FN:18,computeScrollDelta
FN:30,scrollDeltaIsSignificant
FN:50,shouldPivot
FN:56,(anonymous_3)
FNF:4
FNH:4
FNDA:14,computeScrollDelta
FNDA:7,scrollDeltaIsSignificant
FNDA:19,shouldPivot
FNDA:68,(anonymous_3)
DA:7,3
DA:10,3
DA:13,3
DA:21,14
DA:22,14
DA:23,14
DA:35,7
DA:56,68
LF:8
LH:8
BRDA:21,0,0,14
BRDA:21,0,1,10
BRDA:22,1,0,7
BRDA:22,1,1,7
BRDA:22,2,0,14
BRDA:22,2,1,10
BRDA:24,3,0,8
BRDA:24,3,1,6
BRDA:25,4,0,8
BRDA:25,4,1,6
BRDA:33,5,0,7
BRDA:54,6,0,19
BRDA:56,7,0,68
BRDA:56,7,1,50
BRF:14
BRH:14
end_of_record
TN:
SF:src/utils/prompt.ts
FN:21,buildHistory
FN:22,(anonymous_1)
FN:33,(anonymous_2)
FN:45,vfsContextBlock
FN:50,(anonymous_4)
FN:55,todoContextBlock
FN:60,annotatedElementsBlock
FN:63,(anonymous_7)
FN:71,extractContextFromPrompt
FN:92,buildUserMessage
FN:139,(anonymous_10)
FNF:11
FNH:11
FNDA:27,buildHistory
FNDA:10,(anonymous_1)
FNDA:2,(anonymous_2)
FNDA:29,vfsContextBlock
FNDA:5,(anonymous_4)
FNDA:29,todoContextBlock
FNDA:29,annotatedElementsBlock
FNDA:4,(anonymous_7)
FNDA:29,extractContextFromPrompt
FNDA:29,buildUserMessage
FNDA:30,(anonymous_10)
DA:22,27
DA:23,10
DA:24,3
DA:30,7
DA:31,2
DA:33,2
DA:38,5
DA:39,4
DA:46,29
DA:47,4
DA:48,4
DA:49,4
DA:50,5
DA:52,4
DA:56,29
DA:57,4
DA:61,29
DA:62,4
DA:64,4
DA:65,4
DA:68,4
DA:72,29
DA:73,29
DA:74,4
DA:75,4
DA:76,4
DA:78,25
DA:103,29
DA:106,29
DA:109,29
DA:110,4
DA:114,29
DA:115,29
DA:118,29
DA:119,29
DA:122,29
DA:123,29
DA:124,29
DA:127,29
DA:128,29
DA:129,29
DA:132,29
DA:139,29
DA:140,30
DA:144,29
DA:145,1
DA:146,1
DA:147,1
DA:148,1
DA:152,29
DA:156,29
DA:159,29
LF:52
LH:52
BRDA:23,0,0,3
BRDA:23,0,1,7
BRDA:25,1,0,3
BRDA:25,1,1,1
BRDA:30,2,0,2
BRDA:30,2,1,5
BRDA:30,3,0,7
BRDA:30,3,1,3
BRDA:38,4,0,1
BRDA:38,4,1,4
BRDA:46,5,0,25
BRDA:46,5,1,4
BRDA:56,6,0,25
BRDA:56,6,1,4
BRDA:61,7,0,25
BRDA:61,7,1,4
BRDA:64,8,0,1
BRDA:64,8,1,3
BRDA:73,9,0,4
BRDA:73,9,1,25
BRDA:98,10,0,29
BRDA:99,11,0,29
BRDA:100,12,0,29
BRDA:101,13,0,29
BRDA:109,14,0,4
BRDA:109,14,1,25
BRDA:140,15,0,25
BRDA:140,15,1,5
BRDA:144,16,0,1
BRDA:144,16,1,28
BRF:30
BRH:30
end_of_record
TN:
SF:src/utils/scratchpad.ts
FN:33,loadScratchpadFromVFS
FN:35,(anonymous_1)
FN:46,saveScratchpadToVFS
FN:63,upsertScratchpadEntry
FN:70,(anonymous_4)
FN:82,deleteScratchpadEntry
FN:86,(anonymous_6)
FN:97,formatScratchpadForPrompt
FN:101,(anonymous_8)
FNF:9
FNH:9
FNDA:7,loadScratchpadFromVFS
FNDA:4,(anonymous_1)
FNDA:4,saveScratchpadToVFS
FNDA:3,upsertScratchpadEntry
FNDA:3,(anonymous_4)
FNDA:2,deleteScratchpadEntry
FNDA:3,(anonymous_6)
FNDA:31,formatScratchpadForPrompt
FNDA:3,(anonymous_8)
DA:18,9
DA:34,7
DA:35,7
DA:36,7
DA:37,4
DA:38,4
DA:39,4
DA:41,1
DA:50,4
DA:51,4
DA:52,4
DA:68,3
DA:69,3
DA:70,3
DA:71,3
DA:72,3
DA:73,2
DA:75,1
DA:86,3
DA:98,31
DA:99,29
DA:101,3
DA:102,2
LF:23
LH:23
BRDA:36,0,0,3
BRDA:36,0,1,4
BRDA:72,1,0,2
BRDA:72,1,1,1
BRDA:98,2,0,29
BRDA:98,2,1,2
BRF:6
BRH:6
end_of_record
TN:
SF:src/utils/screenshot.ts
FN:21,captureScreenshot
FN:26,(anonymous_1)
FN:54,(anonymous_2)
FNF:3
FNH:3
FNDA:13,captureScreenshot
FNDA:7,(anonymous_1)
FNDA:9,(anonymous_2)
DA:5,11
DA:7,11
DA:24,13
DA:25,20
DA:26,7
DA:30,20
DA:31,20
DA:32,20
DA:38,15
DA:39,5
DA:42,5
DA:47,15
DA:48,15
DA:49,15
DA:50,15
DA:52,20
DA:53,9
DA:54,9
DA:58,15
DA:59,15
DA:61,15
DA:62,9
DA:66,6
DA:68,9
DA:73,9
LF:25
LH:25
BRDA:25,0,0,7
BRDA:25,0,1,13
BRDA:38,1,0,5
BRDA:38,1,1,10
BRDA:38,2,0,15
BRDA:38,2,1,15
BRDA:52,3,0,9
BRDA:52,3,1,11
BRDA:61,4,0,9
BRDA:61,4,1,6
BRDA:61,5,0,15
BRDA:61,5,1,9
BRDA:73,6,0,9
BRDA:73,6,1,1
BRF:14
BRH:14
end_of_record
TN:
SF:src/utils/session-backfill.ts
FN:6,sessionNeedsBackfill
FN:10,extractMetadataFromHistory
FN:40,backfillSessionMetadata
FNF:3
FNH:3
FNDA:7,sessionNeedsBackfill
FNDA:5,extractMetadataFromHistory
FNDA:7,backfillSessionMetadata
DA:7,7
DA:14,5
DA:15,5
DA:16,5
DA:18,5
DA:19,5
DA:20,4
DA:21,4
DA:22,4
DA:23,3
DA:24,3
DA:28,5
DA:29,3
DA:30,3
DA:31,3
DA:32,2
DA:36,5
DA:41,7
DA:42,7
DA:44,7
DA:45,5
DA:46,5
DA:47,5
DA:48,5
DA:49,3
DA:50,3
DA:53,7
LF:27
LH:27
BRDA:7,0,0,7
BRDA:7,0,1,6
BRDA:7,0,2,6
BRDA:19,1,0,1
BRDA:19,1,1,4
BRDA:19,2,0,5
BRDA:19,2,1,2
BRDA:22,3,0,3
BRDA:22,3,1,1
BRDA:22,4,0,4
BRDA:22,4,1,4
BRDA:24,5,0,2
BRDA:24,5,1,1
BRDA:28,6,0,3
BRDA:28,6,1,2
BRDA:31,7,0,2
BRDA:31,7,1,1
BRDA:31,8,0,3
BRDA:31,8,1,3
BRDA:45,9,0,0
BRDA:45,9,1,5
BRDA:48,10,0,2
BRDA:48,10,1,3
BRDA:48,11,0,5
BRDA:48,11,1,3
BRF:25
BRH:24
end_of_record
TN:
SF:src/utils/session-export.ts
FN:37,decodeBase64ToUtf8
FN:40,(anonymous_1)
FN:46,isTextMimeType
FN:54,(anonymous_3)
FN:58,getSessionExportData
FN:72,(anonymous_5)
FN:73,(anonymous_6)
FN:74,(anonymous_7)
FN:126,(anonymous_8)
FN:152,exportSessionAsJson
FN:157,exportSessionAsMarkdown
FN:246,(anonymous_11)
FN:262,(anonymous_12)
FN:293,importSession
FN:310,(anonymous_14)
FN:324,(anonymous_15)
FN:358,(anonymous_16)
FN:363,(anonymous_17)
FNF:18
FNH:13
FNDA:0,decodeBase64ToUtf8
FNDA:0,(anonymous_1)
FNDA:0,isTextMimeType
FNDA:0,(anonymous_3)
FNDA:9,getSessionExportData
FNDA:16,(anonymous_5)
FNDA:9,(anonymous_6)
FNDA:3,(anonymous_7)
FNDA:8,(anonymous_8)
FNDA:1,exportSessionAsJson
FNDA:1,exportSessionAsMarkdown
FNDA:1,(anonymous_11)
FNDA:1,(anonymous_12)
FNDA:2,importSession
FNDA:1,(anonymous_14)
FNDA:1,(anonymous_15)
FNDA:1,(anonymous_16)
FNDA:0,(anonymous_17)
DA:35,1
DA:38,0
DA:39,0
DA:40,0
DA:42,0
DA:47,0
DA:48,0
DA:49,0
DA:54,0
DA:59,9
DA:60,9
DA:61,1
DA:64,8
DA:65,8
DA:68,8
DA:69,8
DA:71,8
DA:72,16
DA:73,9
DA:74,3
DA:76,8
DA:77,1
DA:78,1
DA:80,7
DA:81,7
DA:82,6
DA:83,1
DA:84,5
DA:85,5
DA:86,0
DA:87,0
DA:88,0
DA:89,0
DA:90,0
DA:93,1
DA:94,1
DA:99,8
DA:100,8
DA:101,16
DA:102,9
DA:103,3
DA:104,1
DA:105,1
DA:113,2
DA:114,1
DA:115,1
DA:126,8
DA:127,8
DA:128,8
DA:140,8
DA:153,1
DA:154,1
DA:158,1
DA:159,1
DA:161,1
DA:162,1
DA:163,1
DA:166,1
DA:167,1
DA:168,1
DA:169,1
DA:170,1
DA:171,1
DA:172,1
DA:173,1
DA:174,1
DA:175,1
DA:176,1
DA:177,0
DA:179,1
DA:182,1
DA:183,0
DA:184,0
DA:185,0
DA:186,0
DA:187,0
DA:188,0
DA:189,0
DA:190,0
DA:191,0
DA:193,0
DA:196,0
DA:200,1
DA:201,1
DA:203,1
DA:204,2
DA:205,2
DA:206,2
DA:209,2
DA:211,2
DA:212,1
DA:213,1
DA:214,1
DA:215,1
DA:216,1
DA:217,1
DA:220,0
DA:223,1
DA:225,2
DA:229,2
DA:230,0
DA:231,0
DA:232,0
DA:233,0
DA:234,0
DA:235,0
DA:237,0
DA:242,2
DA:243,2
DA:244,1
DA:245,1
DA:246,1
DA:248,1
DA:249,1
DA:250,1
DA:251,1
DA:252,1
DA:254,0
DA:256,1
DA:262,1
DA:263,1
DA:264,0
DA:265,0
DA:266,0
DA:267,0
DA:268,0
DA:269,0
DA:270,0
DA:271,0
DA:273,0
DA:274,0
DA:275,0
DA:276,0
DA:277,0
DA:278,0
DA:279,0
DA:281,0
DA:284,0
DA:286,0
DA:290,1
DA:294,2
DA:295,0
DA:297,2
DA:298,1
DA:300,1
DA:301,0
DA:303,1
DA:304,0
DA:307,1
DA:308,1
DA:310,1
DA:311,1
DA:313,1
DA:322,1
DA:324,1
DA:325,1
DA:327,1
DA:328,1
DA:329,2
DA:338,2
DA:341,1
DA:342,1
DA:343,1
DA:344,1
DA:353,1
DA:358,1
DA:359,1
DA:360,1
DA:363,1
DA:364,0
LF:170
LH:114
BRDA:50,0,0,0
BRDA:50,0,1,0
BRDA:50,0,2,0
BRDA:50,0,3,0
BRDA:50,0,4,0
BRDA:60,1,0,1
BRDA:60,1,1,8
BRDA:72,2,0,16
BRDA:72,2,1,9
BRDA:73,3,0,9
BRDA:73,3,1,0
BRDA:76,4,0,1
BRDA:76,4,1,7
BRDA:78,5,0,1
BRDA:78,5,1,0
BRDA:81,6,0,6
BRDA:81,6,1,1
BRDA:81,7,0,7
BRDA:81,7,1,7
BRDA:82,8,0,1
BRDA:82,8,1,5
BRDA:82,9,0,6
BRDA:82,9,1,5
BRDA:84,10,0,5
BRDA:84,10,1,0
BRDA:86,11,0,0
BRDA:86,11,1,0
BRDA:88,12,0,0
BRDA:88,12,1,0
BRDA:101,13,0,9
BRDA:101,13,1,7
BRDA:101,14,0,16
BRDA:101,14,1,9
BRDA:103,15,0,1
BRDA:103,15,1,2
BRDA:106,16,0,1
BRDA:106,16,1,0
BRDA:113,17,0,1
BRDA:113,17,1,1
BRDA:116,18,0,1
BRDA:116,18,1,0
BRDA:135,19,0,1
BRDA:135,19,1,7
BRDA:136,20,0,8
BRDA:136,20,1,1
BRDA:170,21,0,1
BRDA:170,21,1,0
BRDA:173,22,0,1
BRDA:173,22,1,0
BRDA:174,23,0,0
BRDA:174,23,1,1
BRDA:176,24,0,0
BRDA:176,24,1,1
BRDA:182,25,0,0
BRDA:182,25,1,1
BRDA:187,26,0,0
BRDA:187,26,1,0
BRDA:188,27,0,0
BRDA:188,27,1,0
BRDA:189,28,0,0
BRDA:189,28,1,0
BRDA:190,29,0,0
BRDA:190,29,1,0
BRDA:209,30,0,2
BRDA:209,30,1,0
BRDA:211,31,0,1
BRDA:211,31,1,1
BRDA:214,32,0,1
BRDA:214,32,1,0
BRDA:229,33,0,0
BRDA:229,33,1,2
BRDA:229,34,0,2
BRDA:229,34,1,1
BRDA:229,34,2,1
BRDA:242,35,0,1
BRDA:242,35,1,1
BRDA:242,36,0,2
BRDA:242,36,1,1
BRDA:243,37,0,1
BRDA:243,37,1,1
BRDA:248,38,0,1
BRDA:248,38,1,0
BRDA:251,39,0,1
BRDA:251,39,1,0
BRDA:251,40,0,1
BRDA:251,40,1,1
BRDA:263,41,0,0
BRDA:263,41,1,1
BRDA:273,42,0,0
BRDA:273,42,1,0
BRDA:273,43,0,0
BRDA:273,43,1,0
BRDA:274,44,0,0
BRDA:274,44,1,0
BRDA:294,45,0,0
BRDA:294,45,1,2
BRDA:294,46,0,2
BRDA:294,46,1,2
BRDA:297,47,0,1
BRDA:297,47,1,1
BRDA:297,48,0,2
BRDA:297,48,1,1
BRDA:300,49,0,0
BRDA:300,49,1,1
BRDA:303,50,0,0
BRDA:303,50,1,1
BRDA:303,51,0,1
BRDA:303,51,1,1
BRDA:315,52,0,1
BRDA:315,52,1,0
BRDA:316,53,0,1
BRDA:316,53,1,0
BRDA:319,54,0,1
BRDA:319,54,1,0
BRDA:319,54,2,0
BRDA:333,55,0,2
BRDA:333,55,1,0
BRDA:341,56,0,1
BRDA:341,56,1,0
BRDA:345,57,0,1
BRDA:345,57,1,0
BRDA:349,58,0,1
BRDA:349,58,1,0
BRDA:350,59,0,1
BRDA:350,59,1,0
BRDA:351,60,0,1
BRDA:351,60,1,0
BRF:127
BRH:75
end_of_record
TN:
SF:src/utils/session-search-text.ts
FN:5,buildSearchText
FN:15,mergeSearchText
FN:24,parseStartUrlFromContent
FNF:3
FNH:3
FNDA:84,buildSearchText
FNDA:12,mergeSearchText
FNDA:5,parseStartUrlFromContent
DA:2,17
DA:6,84
DA:16,12
DA:17,12
DA:18,9
DA:19,12
DA:20,4
DA:25,5
DA:26,5
LF:9
LH:9
BRDA:17,0,0,3
BRDA:17,0,1,9
BRDA:17,1,0,3
BRDA:17,1,1,1
BRDA:18,2,0,9
BRDA:18,2,1,1
BRDA:19,3,0,5
BRDA:19,3,1,7
BRDA:26,4,0,5
BRDA:26,4,1,2
BRF:10
BRH:10
end_of_record
TN:
SF:src/utils/session-search.ts
FN:13,startOfDay
FN:20,dateRangeToBounds
FN:33,sessionMatchesQuery
FN:41,scoreSession
FN:50,sortSessions
FN:53,(anonymous_5)
FN:65,searchSessions
FN:74,(anonymous_7)
FN:77,(anonymous_8)
FN:80,(anonymous_9)
FN:85,(anonymous_10)
FN:92,uniqueSessionModelIds
FNF:12
FNH:12
FNDA:1,startOfDay
FNDA:4,dateRangeToBounds
FNDA:512,sessionMatchesQuery
FNDA:25,scoreSession
FNDA:11,sortSessions
FNDA:17,(anonymous_5)
FNDA:11,searchSessions
FNDA:3,(anonymous_7)
FNDA:3,(anonymous_8)
FNDA:3,(anonymous_9)
FNDA:512,(anonymous_10)
FNDA:1,uniqueSessionModelIds
DA:14,1
DA:15,1
DA:16,1
DA:21,4
DA:23,3
DA:24,3
DA:25,1
DA:27,2
DA:28,1
DA:30,1
DA:34,512
DA:35,512
DA:36,512
DA:37,512
DA:42,25
DA:43,25
DA:44,21
DA:45,10
DA:46,9
DA:47,2
DA:51,11
DA:53,11
DA:54,17
DA:55,9
DA:56,9
DA:57,6
DA:59,8
DA:60,6
DA:70,11
DA:72,11
DA:73,11
DA:74,3
DA:76,11
DA:77,3
DA:79,11
DA:80,3
DA:83,11
DA:84,11
DA:85,512
DA:88,11
DA:93,1
DA:94,1
DA:95,4
DA:97,1
LF:44
LH:44
BRDA:20,0,0,4
BRDA:21,1,0,1
BRDA:21,1,1,3
BRDA:24,2,0,1
BRDA:24,2,1,2
BRDA:27,3,0,1
BRDA:27,3,1,1
BRDA:35,4,0,512
BRDA:35,4,1,504
BRDA:36,5,0,512
BRDA:36,5,1,506
BRDA:37,6,0,512
BRDA:37,6,1,504
BRDA:37,6,2,500
BRDA:43,7,0,4
BRDA:43,7,1,21
BRDA:44,8,0,11
BRDA:44,8,1,10
BRDA:45,9,0,1
BRDA:45,9,1,9
BRDA:46,10,0,7
BRDA:46,10,1,2
BRDA:46,11,0,9
BRDA:46,11,1,1
BRDA:51,12,0,5
BRDA:51,12,1,6
BRDA:51,13,0,5
BRDA:51,13,1,4
BRDA:51,14,0,6
BRDA:51,14,1,5
BRDA:54,15,0,9
BRDA:54,15,1,8
BRDA:56,16,0,3
BRDA:56,16,1,6
BRDA:59,17,0,2
BRDA:59,17,1,6
BRDA:68,18,0,11
BRDA:73,19,0,1
BRDA:73,19,1,10
BRDA:76,20,0,1
BRDA:76,20,1,10
BRDA:79,21,0,1
BRDA:79,21,1,10
BRDA:84,22,0,5
BRDA:84,22,1,6
BRDA:95,23,0,3
BRDA:95,23,1,1
BRF:47
BRH:47
end_of_record
TN:
SF:src/utils/sleep.ts
FN:1,sleep
FN:2,(anonymous_1)
FNF:2
FNH:2
FNDA:13,sleep
FNDA:13,(anonymous_1)
DA:2,13
LF:1
LH:1
BRF:0
BRH:0
end_of_record
TN:
SF:src/utils/system-prompt.ts
FNF:0
FNH:0
DA:13,7
DA:231,7
DA:277,7
LF:3
LH:3
BRF:0
BRH:0
end_of_record
TN:
SF:src/utils/tab-helpers.ts
FN:11,retryTabUpdate
FN:33,sendToTab
FN:38,(anonymous_2)
FN:39,(anonymous_3)
FN:49,isTabInjectable
FN:54,waitForInjectableTab
FN:59,(anonymous_6)
FN:61,(anonymous_7)
FN:68,(anonymous_8)
FN:85,(anonymous_9)
FN:97,waitForTabLoad
FN:102,(anonymous_11)
FN:106,(anonymous_12)
FN:114,(anonymous_13)
FN:129,(anonymous_14)
FN:139,ensureContentScript
FNF:16
FNH:16
FNDA:4,retryTabUpdate
FNDA:21,sendToTab
FNDA:21,(anonymous_2)
FNDA:21,(anonymous_3)
FNDA:13,isTabInjectable
FNDA:9,waitForInjectableTab
FNDA:4,(anonymous_6)
FNDA:5,(anonymous_7)
FNDA:5,(anonymous_8)
FNDA:1,(anonymous_9)
FNDA:4,waitForTabLoad
FNDA:4,(anonymous_11)
FNDA:5,(anonymous_12)
FNDA:5,(anonymous_13)
FNDA:1,(anonymous_14)
FNDA:4,ensureContentScript
DA:4,3
DA:17,4
DA:18,7
DA:19,7
DA:21,5
DA:22,5
DA:23,3
DA:24,3
DA:26,2
DA:31,3
DA:38,21
DA:39,21
DA:40,21
DA:41,2
DA:43,19
DA:50,13
DA:51,13
DA:55,9
DA:57,4
DA:59,4
DA:60,4
DA:61,4
DA:62,5
DA:63,4
DA:64,4
DA:65,4
DA:68,4
DA:73,5
DA:74,4
DA:79,4
DA:82,4
DA:84,4
DA:85,1
DA:102,4
DA:103,4
DA:104,4
DA:106,4
DA:107,5
DA:108,4
DA:109,4
DA:110,4
DA:114,4
DA:115,5
DA:116,4
DA:117,2
DA:119,4
DA:120,2
DA:123,4
DA:126,4
DA:127,2
DA:130,1
DA:135,4
DA:140,4
DA:141,4
DA:142,4
DA:144,1
DA:148,1
LF:57
LH:57
BRDA:14,0,0,4
BRDA:15,1,0,4
BRDA:21,2,0,5
BRDA:21,2,1,0
BRDA:22,3,0,3
BRDA:22,3,1,2
BRDA:22,4,0,5
BRDA:22,4,1,4
BRDA:36,5,0,21
BRDA:40,6,0,2
BRDA:40,6,1,19
BRDA:51,7,0,13
BRDA:51,7,1,13
BRDA:54,8,0,9
BRDA:55,9,0,5
BRDA:55,9,1,4
BRDA:62,10,0,1
BRDA:62,10,1,4
BRDA:65,11,0,1
BRDA:65,11,1,3
BRDA:73,12,0,1
BRDA:73,12,1,4
BRDA:74,13,0,4
BRDA:74,13,1,0
BRDA:75,14,0,4
BRDA:75,14,1,4
BRDA:75,14,2,4
BRDA:99,15,0,4
BRDA:100,16,0,4
BRDA:107,17,0,4
BRDA:107,17,1,1
BRDA:115,18,0,1
BRDA:115,18,1,4
BRDA:116,19,0,2
BRDA:116,19,1,2
BRDA:116,20,0,4
BRDA:116,20,1,2
BRDA:119,21,0,2
BRDA:119,21,1,2
BRDA:119,22,0,4
BRDA:119,22,1,4
BRDA:126,23,0,2
BRDA:126,23,1,2
BRDA:130,24,0,1
BRDA:130,24,1,0
BRF:45
BRH:42
end_of_record
TN:
SF:src/utils/todo.ts
FN:16,loadTodoFromVFS
FN:18,(anonymous_1)
FN:29,saveTodoToVFS
FN:39,applyTodoUpdates
FN:40,(anonymous_4)
FN:41,(anonymous_5)
FN:52,formatTodoForPrompt
FN:61,(anonymous_7)
FNF:8
FNH:8
FNDA:8,loadTodoFromVFS
FNDA:5,(anonymous_1)
FNDA:5,saveTodoToVFS
FNDA:10,applyTodoUpdates
FNDA:30,(anonymous_4)
FNDA:29,(anonymous_5)
FNDA:15,formatTodoForPrompt
FNDA:17,(anonymous_7)
DA:13,9
DA:17,8
DA:18,8
DA:19,8
DA:20,5
DA:21,5
DA:22,5
DA:24,1
DA:30,5
DA:31,5
DA:32,5
DA:40,10
DA:41,30
DA:42,30
DA:43,9
DA:53,15
DA:54,14
DA:60,14
DA:62,17
DA:63,17
DA:64,17
LF:21
LH:21
BRDA:19,0,0,3
BRDA:19,0,1,5
BRDA:42,1,0,21
BRDA:42,1,1,9
BRDA:45,2,0,9
BRDA:45,2,1,7
BRDA:46,3,0,30
BRDA:46,3,1,3
BRDA:53,4,0,1
BRDA:53,4,1,14
BRDA:62,5,0,17
BRDA:62,5,1,1
BRDA:63,6,0,5
BRDA:63,6,1,12
BRF:14
BRH:14
end_of_record
TN:
SF:src/utils/cdp/core.ts
FN:5,attachDebugger
FN:11,detachDebugger
FN:18,_resetAttachedDebuggers
FN:24,(anonymous_3)
FNF:4
FNH:4
FNDA:82,attachDebugger
FNDA:5,detachDebugger
FNDA:46,_resetAttachedDebuggers
FNDA:2,(anonymous_3)
DA:3,21
DA:6,82
DA:7,62
DA:8,61
DA:12,5
DA:13,4
DA:14,4
DA:19,46
DA:23,21
DA:24,21
DA:25,2
LF:11
LH:11
BRDA:6,0,0,20
BRDA:6,0,1,62
BRDA:12,1,0,1
BRDA:12,1,1,4
BRDA:23,2,0,21
BRDA:23,2,1,0
BRDA:23,3,0,21
BRDA:23,3,1,21
BRDA:25,4,0,1
BRDA:25,4,1,1
BRF:10
BRH:9
end_of_record
TN:
SF:src/utils/cdp/files.ts
FN:11,writeTempFile
FN:17,(anonymous_1)
FN:20,(anonymous_2)
FN:24,(anonymous_3)
FN:28,(anonymous_4)
FN:47,cleanupTempFile
FNF:6
FNH:6
FNDA:16,writeTempFile
FNDA:16,(anonymous_1)
FNDA:16,(anonymous_2)
FNDA:17,(anonymous_3)
FNDA:12,(anonymous_4)
FNDA:8,cleanupTempFile
DA:8,21
DA:14,16
DA:15,16
DA:17,16
DA:18,16
DA:21,16
DA:22,15
DA:24,15
DA:25,17
DA:26,16
DA:27,12
DA:28,12
DA:29,12
DA:30,12
DA:31,3
DA:34,16
DA:35,3
DA:36,3
DA:37,3
DA:40,15
DA:48,8
DA:49,8
DA:50,8
LF:23
LH:23
BRDA:21,0,0,1
BRDA:21,0,1,15
BRDA:25,1,0,1
BRDA:25,1,1,16
BRDA:26,2,0,12
BRDA:26,2,1,4
BRDA:30,3,0,9
BRDA:30,3,1,3
BRDA:34,4,0,3
BRDA:34,4,1,13
BRF:10
BRH:10
end_of_record
TN:
SF:src/utils/cdp/input.ts
FN:17,getKeyCode
FN:25,dispatchHardwareClick
FN:42,dispatchDragAndDrop
FN:93,clearFocusedField
FN:111,typeTextCDP
FN:122,dispatchScrollWheel
FNF:6
FNH:6
FNDA:17,getKeyCode
FNDA:13,dispatchHardwareClick
FNDA:2,dispatchDragAndDrop
FNDA:13,clearFocusedField
FNDA:11,typeTextCDP
FNDA:16,dispatchScrollWheel
DA:7,21
DA:11,21
DA:18,17
DA:26,13
DA:27,13
DA:28,13
DA:29,13
DA:30,13
DA:43,2
DA:44,2
DA:48,2
DA:52,2
DA:54,2
DA:57,2
DA:60,2
DA:63,2
DA:66,2
DA:69,2
DA:73,2
DA:74,2
DA:75,2
DA:78,2
DA:81,2
DA:94,13
DA:95,13
DA:96,12
DA:97,7
DA:98,7
DA:99,7
DA:100,1
DA:101,7
DA:102,5
DA:103,2
DA:112,11
DA:113,11
DA:114,5
DA:118,11
DA:123,16
DA:124,15
LF:39
LH:39
BRDA:18,0,0,17
BRDA:18,0,1,3
BRDA:25,1,0,13
BRDA:95,2,0,1
BRDA:95,2,1,12
BRDA:96,3,0,7
BRDA:96,3,1,5
BRDA:96,4,0,12
BRDA:96,4,1,7
BRDA:97,5,0,5
BRDA:97,5,1,2
BRDA:99,6,0,6
BRDA:99,6,1,1
BRDA:102,7,0,2
BRDA:102,7,1,3
BRDA:102,8,0,5
BRDA:102,8,1,5
BRDA:111,9,0,11
BRDA:113,10,0,5
BRDA:113,10,1,6
BRF:20
BRH:20
end_of_record
TN:
SF:src/utils/db/conversations.ts
FN:14,appendConversationTurn
FN:25,(anonymous_1)
FN:34,(anonymous_2)
FN:35,(anonymous_3)
FN:39,getConversationHistory
FN:41,(anonymous_5)
FN:47,(anonymous_6)
FN:48,(anonymous_7)
FN:53,(anonymous_8)
FN:54,(anonymous_9)
FN:55,(anonymous_10)
FNF:11
FNH:11
FNDA:29,appendConversationTurn
FNDA:29,(anonymous_1)
FNDA:28,(anonymous_2)
FNDA:1,(anonymous_3)
FNDA:24,getConversationHistory
FNDA:24,(anonymous_5)
FNDA:21,(anonymous_6)
FNDA:1,(anonymous_7)
FNDA:1,(anonymous_8)
FNDA:1,(anonymous_9)
FNDA:1,(anonymous_10)
DA:24,29
DA:25,29
DA:26,29
DA:27,29
DA:33,29
DA:34,29
DA:35,29
DA:40,24
DA:41,24
DA:42,24
DA:43,24
DA:45,24
DA:46,22
DA:47,22
DA:48,22
DA:49,22
DA:52,2
DA:53,2
DA:54,1
DA:55,2
LF:20
LH:20
BRDA:29,0,0,29
BRDA:29,0,1,5
BRDA:30,1,0,29
BRDA:30,1,1,6
BRDA:31,2,0,29
BRDA:31,2,1,6
BRDA:45,3,0,22
BRDA:45,3,1,2
BRF:8
BRH:8
end_of_record
TN:
SF:src/utils/db/core.ts
FN:11,openDB
FN:12,(anonymous_1)
FN:14,(anonymous_2)
FN:42,(anonymous_3)
FN:43,(anonymous_4)
FNF:5
FNH:5
FNDA:306,openDB
FNDA:306,(anonymous_1)
FNDA:88,(anonymous_2)
FNDA:305,(anonymous_3)
FNDA:1,(anonymous_4)
DA:3,17
DA:4,17
DA:5,17
DA:6,17
DA:7,17
DA:8,17
DA:9,17
DA:12,306
DA:13,306
DA:14,306
DA:15,88
DA:16,88
DA:17,88
DA:19,88
DA:20,87
DA:24,88
DA:25,86
DA:27,2
DA:30,88
DA:31,88
DA:34,88
DA:35,87
DA:36,87
DA:38,88
DA:39,87
DA:42,306
DA:43,306
LF:27
LH:27
BRDA:17,0,0,0
BRDA:17,0,1,88
BRDA:19,1,0,87
BRDA:19,1,1,1
BRDA:24,2,0,86
BRDA:24,2,1,2
BRDA:30,3,0,88
BRDA:30,3,1,0
BRDA:34,4,0,87
BRDA:34,4,1,1
BRDA:38,5,0,87
BRDA:38,5,1,1
BRF:12
BRH:10
end_of_record
TN:
SF:src/utils/db/memory.ts
FN:14,upsertMemory
FN:18,(anonymous_1)
FN:22,(anonymous_2)
FN:29,(anonymous_3)
FN:31,(anonymous_4)
FN:35,getAllMemories
FN:37,(anonymous_6)
FN:40,(anonymous_7)
FN:41,(anonymous_8)
FN:42,(anonymous_9)
FN:46,deleteMemory
FN:48,(anonymous_11)
FN:51,(anonymous_12)
FN:52,(anonymous_13)
FNF:14
FNH:14
FNDA:7,upsertMemory
FNDA:7,(anonymous_1)
FNDA:6,(anonymous_2)
FNDA:6,(anonymous_3)
FNDA:1,(anonymous_4)
FNDA:6,getAllMemories
FNDA:6,(anonymous_6)
FNDA:5,(anonymous_7)
FNDA:1,(anonymous_8)
FNDA:1,(anonymous_9)
FNDA:2,deleteMemory
FNDA:2,(anonymous_11)
FNDA:1,(anonymous_12)
FNDA:1,(anonymous_13)
DA:17,7
DA:18,7
DA:19,7
DA:20,7
DA:21,7
DA:22,7
DA:23,6
DA:24,6
DA:25,6
DA:28,6
DA:29,6
DA:31,7
DA:36,6
DA:37,6
DA:38,6
DA:39,6
DA:40,6
DA:41,5
DA:42,6
DA:47,2
DA:48,2
DA:49,2
DA:50,2
DA:51,2
DA:52,2
LF:25
LH:25
BRDA:15,0,0,7
BRDA:25,1,0,1
BRDA:25,1,1,5
BRDA:26,2,0,1
BRDA:26,2,1,1
BRF:5
BRH:5
end_of_record
TN:
SF:src/utils/db/sessions.ts
FN:12,createSession
FN:17,(anonymous_1)
FN:29,(anonymous_2)
FN:30,(anonymous_3)
FN:34,getSession
FN:36,(anonymous_5)
FN:39,(anonymous_6)
FN:40,(anonymous_7)
FN:44,getSessions
FN:46,(anonymous_9)
FN:49,(anonymous_10)
FN:50,(anonymous_11)
FN:51,(anonymous_12)
FN:55,updateSessionMetadata
FN:57,(anonymous_14)
FN:61,(anonymous_15)
FN:66,(anonymous_16)
FN:67,(anonymous_17)
FN:71,appendToSessionSearchText
FN:74,(anonymous_19)
FN:78,(anonymous_20)
FN:86,(anonymous_21)
FN:87,(anonymous_22)
FN:91,touchSession
FN:93,(anonymous_24)
FN:97,(anonymous_25)
FN:101,(anonymous_26)
FN:102,(anonymous_27)
FNF:28
FNH:25
FNDA:72,createSession
FNDA:72,(anonymous_1)
FNDA:71,(anonymous_2)
FNDA:1,(anonymous_3)
FNDA:9,getSession
FNDA:9,(anonymous_5)
FNDA:8,(anonymous_6)
FNDA:1,(anonymous_7)
FNDA:18,getSessions
FNDA:18,(anonymous_9)
FNDA:17,(anonymous_10)
FNDA:2,(anonymous_11)
FNDA:1,(anonymous_12)
FNDA:5,updateSessionMetadata
FNDA:5,(anonymous_14)
FNDA:5,(anonymous_15)
FNDA:5,(anonymous_16)
FNDA:0,(anonymous_17)
FNDA:7,appendToSessionSearchText
FNDA:7,(anonymous_19)
FNDA:7,(anonymous_20)
FNDA:7,(anonymous_21)
FNDA:0,(anonymous_22)
FNDA:8,touchSession
FNDA:8,(anonymous_24)
FNDA:8,(anonymous_25)
FNDA:8,(anonymous_26)
FNDA:0,(anonymous_27)
DA:13,72
DA:14,72
DA:15,72
DA:17,72
DA:18,72
DA:19,72
DA:20,72
DA:28,72
DA:29,72
DA:30,72
DA:35,9
DA:36,9
DA:37,9
DA:38,9
DA:39,9
DA:40,9
DA:45,18
DA:46,18
DA:47,18
DA:48,18
DA:49,18
DA:50,17
DA:51,18
DA:56,5
DA:57,5
DA:58,5
DA:59,5
DA:60,5
DA:61,5
DA:62,5
DA:63,5
DA:64,4
DA:66,5
DA:67,5
DA:72,7
DA:73,7
DA:74,7
DA:75,7
DA:76,7
DA:77,7
DA:78,7
DA:79,7
DA:80,7
DA:81,6
DA:82,6
DA:83,2
DA:86,7
DA:87,7
DA:92,8
DA:93,8
DA:94,8
DA:95,8
DA:96,8
DA:97,8
DA:98,8
DA:99,8
DA:101,8
DA:102,8
LF:58
LH:58
BRDA:15,0,0,72
BRDA:15,0,1,67
BRDA:24,1,0,72
BRDA:24,1,1,4
BRDA:25,2,0,72
BRDA:25,2,1,5
BRDA:25,2,2,4
BRDA:26,3,0,72
BRDA:26,3,1,72
BRDA:63,4,0,1
BRDA:63,4,1,4
BRDA:72,5,0,0
BRDA:72,5,1,7
BRDA:80,6,0,1
BRDA:80,6,1,6
BRDA:82,7,0,2
BRDA:82,7,1,4
BRDA:99,8,0,6
BRDA:99,8,1,2
BRF:19
BRH:18
end_of_record
TN:
SF:src/utils/db/vfs.ts
FN:14,saveVFSFile
FN:20,(anonymous_1)
FN:23,(anonymous_2)
FN:24,(anonymous_3)
FN:28,getVFSFile
FN:30,(anonymous_5)
FN:33,(anonymous_6)
FN:34,(anonymous_7)
FN:38,listVFSFiles
FN:40,(anonymous_9)
FN:43,(anonymous_10)
FN:44,(anonymous_11)
FN:48,deleteVFSFile
FN:50,(anonymous_13)
FN:53,(anonymous_14)
FN:54,(anonymous_15)
FN:59,writeVFSFile
FN:61,(anonymous_17)
FN:66,clearVFSFiles
FN:68,(anonymous_19)
FN:71,(anonymous_20)
FN:78,(anonymous_21)
FN:79,(anonymous_22)
FNF:23
FNH:22
FNDA:43,saveVFSFile
FNDA:43,(anonymous_1)
FNDA:42,(anonymous_2)
FNDA:1,(anonymous_3)
FNDA:10,getVFSFile
FNDA:10,(anonymous_5)
FNDA:9,(anonymous_6)
FNDA:1,(anonymous_7)
FNDA:49,listVFSFiles
FNDA:49,(anonymous_9)
FNDA:48,(anonymous_10)
FNDA:1,(anonymous_11)
FNDA:7,deleteVFSFile
FNDA:7,(anonymous_13)
FNDA:6,(anonymous_14)
FNDA:1,(anonymous_15)
FNDA:16,writeVFSFile
FNDA:4,(anonymous_17)
FNDA:5,clearVFSFiles
FNDA:5,(anonymous_19)
FNDA:13,(anonymous_20)
FNDA:5,(anonymous_21)
FNDA:0,(anonymous_22)
DA:15,43
DA:16,43
DA:20,43
DA:21,43
DA:22,43
DA:23,43
DA:24,43
DA:29,10
DA:30,10
DA:31,10
DA:32,10
DA:33,10
DA:34,10
DA:39,49
DA:40,49
DA:41,49
DA:42,49
DA:43,49
DA:44,49
DA:49,7
DA:50,7
DA:51,7
DA:52,7
DA:53,7
DA:54,7
DA:60,16
DA:61,16
DA:62,16
DA:63,16
DA:67,5
DA:68,5
DA:69,5
DA:70,5
DA:71,5
DA:72,13
DA:73,13
DA:74,8
DA:75,8
DA:78,5
DA:79,5
LF:40
LH:40
BRDA:62,0,0,4
BRDA:62,0,1,12
BRDA:66,1,0,5
BRDA:73,2,0,8
BRDA:73,2,1,5
BRDA:74,3,0,6
BRDA:74,3,1,2
BRF:7
BRH:7
end_of_record
TN:
SF:src/utils/tools/control.ts
FN:12,(anonymous_0)
FN:33,(anonymous_1)
FN:53,(anonymous_2)
FNF:3
FNH:3
FNDA:1,(anonymous_0)
FNDA:1,(anonymous_1)
FNDA:1,(anonymous_2)
DA:11,10
DA:12,1
DA:32,10
DA:33,1
DA:52,10
DA:53,1
DA:72,10
LF:7
LH:7
BRF:0
BRH:0
end_of_record
TN:
SF:src/utils/tools/dom.ts
FN:12,(anonymous_0)
FNF:1
FNH:1
FNDA:1,(anonymous_0)
DA:11,10
DA:12,1
DA:25,10
LF:3
LH:3
BRF:0
BRH:0
end_of_record
TN:
SF:src/utils/tools/index.ts
FN:54,(anonymous_0)
FN:60,(anonymous_1)
FN:65,(anonymous_2)
FN:69,(anonymous_3)
FN:74,(anonymous_4)
FN:78,(anonymous_5)
FN:85,(anonymous_6)
FN:89,(anonymous_7)
FN:93,(anonymous_8)
FN:99,(anonymous_9)
FN:103,(anonymous_10)
FN:108,(anonymous_11)
FN:112,(anonymous_12)
FN:116,(anonymous_13)
FN:120,(anonymous_14)
FN:125,(anonymous_15)
FN:129,(anonymous_16)
FN:136,(anonymous_17)
FN:140,(anonymous_18)
FN:144,(anonymous_19)
FN:148,(anonymous_20)
FN:159,parseToolCall
FNF:22
FNH:22
FNDA:24,(anonymous_0)
FNDA:12,(anonymous_1)
FNDA:4,(anonymous_2)
FNDA:3,(anonymous_3)
FNDA:5,(anonymous_4)
FNDA:5,(anonymous_5)
FNDA:2,(anonymous_6)
FNDA:2,(anonymous_7)
FNDA:3,(anonymous_8)
FNDA:2,(anonymous_9)
FNDA:3,(anonymous_10)
FNDA:2,(anonymous_11)
FNDA:3,(anonymous_12)
FNDA:4,(anonymous_13)
FNDA:1,(anonymous_14)
FNDA:1,(anonymous_15)
FNDA:4,(anonymous_16)
FNDA:2,(anonymous_17)
FNDA:7,(anonymous_18)
FNDA:2,(anonymous_19)
FNDA:2,(anonymous_20)
FNDA:95,parseToolCall
DA:35,9
DA:53,9
DA:54,24
DA:60,12
DA:65,4
DA:69,3
DA:74,5
DA:78,5
DA:85,2
DA:89,2
DA:93,3
DA:99,2
DA:103,3
DA:108,2
DA:112,3
DA:116,4
DA:120,1
DA:125,1
DA:129,4
DA:136,2
DA:140,7
DA:144,2
DA:148,2
DA:160,95
DA:161,95
DA:162,93
LF:26
LH:26
BRDA:161,0,0,2
BRDA:161,0,1,93
BRF:2
BRH:2
end_of_record
TN:
SF:src/utils/tools/memory.ts
FN:12,(anonymous_0)
FN:49,(anonymous_1)
FNF:2
FNH:2
FNDA:1,(anonymous_0)
FNDA:1,(anonymous_1)
DA:11,10
DA:12,1
DA:48,10
DA:49,1
DA:63,10
LF:5
LH:5
BRF:0
BRH:0
end_of_record
TN:
SF:src/utils/tools/scratchpad.ts
FN:12,(anonymous_0)
FN:42,(anonymous_1)
FNF:2
FNH:2
FNDA:1,(anonymous_0)
FNDA:1,(anonymous_1)
DA:11,10
DA:12,1
DA:41,10
DA:42,1
DA:56,10
LF:5
LH:5
BRF:0
BRH:0
end_of_record
TN:
SF:src/utils/tools/todo.ts
FN:12,(anonymous_0)
FN:38,(anonymous_1)
FN:58,(anonymous_2)
FNF:3
FNH:3
FNDA:3,(anonymous_0)
FNDA:4,(anonymous_1)
FNDA:3,(anonymous_2)
DA:11,10
DA:12,3
DA:37,10
DA:38,4
DA:57,10
DA:58,3
DA:83,10
LF:7
LH:7
BRF:0
BRH:0
end_of_record
TN:
SF:src/utils/tools/ui.ts
FN:15,(anonymous_0)
FN:44,(anonymous_1)
FN:66,(anonymous_2)
FN:80,(anonymous_3)
FN:98,(anonymous_4)
FN:111,(anonymous_5)
FNF:6
FNH:6
FNDA:1,(anonymous_0)
FNDA:1,(anonymous_1)
FNDA:1,(anonymous_2)
FNDA:1,(anonymous_3)
FNDA:1,(anonymous_4)
FNDA:1,(anonymous_5)
DA:14,10
DA:15,1
DA:43,10
DA:44,1
DA:65,10
DA:66,1
DA:79,10
DA:80,1
DA:97,10
DA:98,1
DA:110,10
DA:111,1
DA:124,10
LF:13
LH:13
BRF:0
BRH:0
end_of_record
TN:
SF:src/utils/tools/vfs.ts
FN:15,(anonymous_0)
FN:29,(anonymous_1)
FN:47,(anonymous_2)
FN:58,(anonymous_3)
FNF:4
FNH:4
FNDA:1,(anonymous_0)
FNDA:1,(anonymous_1)
FNDA:1,(anonymous_2)
FNDA:1,(anonymous_3)
DA:14,10
DA:15,1
DA:28,10
DA:29,1
DA:46,10
DA:47,1
DA:57,10
DA:58,1
DA:72,10
LF:9
LH:9
BRF:0
BRH:0
end_of_record
