TN:
SF:src/entrypoints/content/blocker.ts
FN:14,blockHandler
FN:19,installBlocker
FN:74,removeBlocker
FNF:3
FNH:3
FNDA:1,blockHandler
FNDA:15,installBlocker
FNDA:21,removeBlocker
DA:3,1
DA:5,1
DA:12,1
DA:15,1
DA:16,1
DA:20,15
DA:21,14
DA:23,14
DA:25,14
DA:26,280
DA:29,14
DA:30,14
DA:31,14
DA:41,14
DA:42,14
DA:55,14
DA:56,14
DA:58,14
DA:59,14
DA:68,14
DA:70,14
DA:71,15
DA:75,21
DA:76,14
DA:78,14
DA:79,280
DA:82,14
DA:83,21
LF:28
LH:28
BRDA:20,0,0,1
BRDA:20,0,1,14
BRDA:70,1,0,14
BRDA:70,1,1,0
BRDA:75,2,0,7
BRDA:75,2,1,14
BRF:6
BRH:5
end_of_record
TN:
SF:src/entrypoints/content/interactables.ts
FN:13,isInteractable
FN:45,collectInteractables
FN:59,getLabel
FNF:3
FNH:3
FNDA:54,isInteractable
FNDA:20,collectInteractables
FNDA:17,getLabel
DA:1,2
DA:8,2
DA:14,54
DA:15,54
DA:17,54
DA:18,26
DA:19,24
DA:20,23
DA:23,28
DA:25,13
DA:26,2
DA:28,11
DA:29,11
DA:32,11
DA:39,4
DA:41,7
DA:46,20
DA:48,20
DA:49,18
DA:50,18
DA:51,18
DA:52,18
DA:53,3
DA:56,20
DA:60,17
DA:62,17
DA:63,17
DA:65,15
DA:66,15
DA:67,1
DA:68,1
DA:71,14
DA:72,5
DA:80,9
DA:81,17
DA:83,2
LF:36
LH:36
BRDA:15,0,0,54
BRDA:15,0,1,39
BRDA:17,1,0,26
BRDA:17,1,1,28
BRDA:18,2,0,2
BRDA:18,2,1,24
BRDA:19,3,0,1
BRDA:19,3,1,23
BRDA:19,4,0,24
BRDA:19,4,1,6
BRDA:23,5,0,15
BRDA:23,5,1,13
BRDA:25,6,0,2
BRDA:25,6,1,11
BRDA:25,7,0,13
BRDA:25,7,1,3
BRDA:25,8,0,3
BRDA:25,8,1,0
BRDA:29,9,0,0
BRDA:29,9,1,11
BRDA:32,10,0,4
BRDA:32,10,1,7
BRDA:33,11,0,11
BRDA:33,11,1,10
BRDA:33,11,2,10
BRDA:33,11,3,9
BRDA:33,11,4,8
BRDA:45,12,0,20
BRDA:50,13,0,12
BRDA:50,13,1,6
BRDA:52,14,0,3
BRDA:52,14,1,15
BRDA:63,15,0,2
BRDA:63,15,1,15
BRDA:66,16,0,1
BRDA:66,16,1,14
BRDA:68,17,0,1
BRDA:68,17,1,0
BRDA:68,18,0,1
BRDA:68,18,1,0
BRDA:71,19,0,5
BRDA:71,19,1,9
BRDA:73,20,0,5
BRDA:73,20,1,4
BRDA:73,20,2,3
BRDA:73,20,3,0
BRDA:80,21,0,9
BRDA:80,21,1,0
BRDA:81,22,0,7
BRDA:81,22,1,10
BRF:50
BRH:44
end_of_record
TN:
SF:src/entrypoints/content/overlay.ts
FN:8,destroyOverlay
FN:12,drawOverlay
FNF:2
FNH:2
FNDA:13,destroyOverlay
FNDA:11,drawOverlay
DA:6,1
DA:9,13
DA:13,11
DA:15,11
DA:16,11
DA:17,11
DA:18,11
DA:20,11
DA:21,11
DA:23,11
DA:27,11
DA:28,11
DA:30,11
DA:31,5
DA:32,5
DA:33,5
DA:34,5
DA:37,11
DA:39,11
DA:40,11
DA:41,11
DA:42,11
DA:43,11
DA:52,11
DA:54,11
DA:55,11
DA:56,11
DA:58,11
DA:60,11
DA:61,5
DA:62,5
DA:63,5
DA:64,5
DA:66,5
DA:67,5
DA:68,5
DA:70,5
DA:71,5
DA:73,5
DA:74,5
DA:75,5
DA:76,5
DA:77,5
DA:79,5
DA:80,5
DA:81,5
DA:82,0
DA:84,5
DA:86,5
DA:88,5
DA:89,5
DA:90,5
DA:91,5
DA:93,5
DA:94,5
DA:110,11
LF:56
LH:55
BRDA:16,0,0,11
BRDA:16,0,1,0
BRDA:20,1,0,11
BRDA:20,1,1,0
BRDA:24,2,0,11
BRDA:24,2,1,0
BRDA:32,3,0,0
BRDA:32,3,1,5
BRDA:33,4,0,0
BRDA:33,4,1,5
BRDA:52,5,0,11
BRDA:52,5,1,0
BRDA:55,6,0,0
BRDA:55,6,1,11
BRDA:81,7,0,0
BRDA:81,7,1,5
BRDA:98,8,0,5
BRDA:98,8,1,1
BRDA:98,9,0,1
BRDA:98,9,1,0
BRF:20
BRH:11
end_of_record
TN:
SF:src/entrypoints/content/theme.ts
FN:35,getTheme
FNF:1
FNH:1
FNDA:34,getTheme
DA:17,3
DA:26,3
DA:36,34
DA:37,34
DA:38,33
DA:40,1
LF:6
LH:6
BRDA:38,0,0,3
BRDA:38,0,1,30
BRF:2
BRH:2
end_of_record
TN:
SF:src/entrypoints/content/visibility.ts
FN:1,getVisibleRect
FN:26,isTopElementAt
FNF:2
FNH:2
FNDA:17,getVisibleRect
FNDA:13,isTopElementAt
DA:3,17
DA:4,17
DA:6,0
DA:9,17
DA:10,15
DA:11,13
DA:13,11
DA:14,11
DA:15,11
DA:20,3
DA:23,8
DA:27,13
DA:33,13
DA:34,21
DA:35,21
DA:36,21
DA:37,13
DA:40,3
LF:18
LH:17
BRDA:9,0,0,2
BRDA:9,0,1,15
BRDA:9,1,0,17
BRDA:9,1,1,16
BRDA:10,2,0,2
BRDA:10,2,1,13
BRDA:10,3,0,15
BRDA:10,3,1,14
BRDA:11,4,0,2
BRDA:11,4,1,11
BRDA:11,5,0,13
BRDA:11,5,1,12
BRDA:15,6,0,3
BRDA:15,6,1,8
BRDA:16,7,0,11
BRDA:16,7,1,10
BRDA:16,7,2,9
BRDA:36,8,0,3
BRDA:36,8,1,18
BRDA:37,9,0,10
BRDA:37,9,1,3
BRDA:37,10,0,13
BRDA:37,10,1,5
BRDA:37,10,2,4
BRF:24
BRH:24
end_of_record
TN:
SF:src/entrypoints/content/handlers/get-element-dom.ts
FN:6,handleGetElementDom
FNF:1
FNH:0
FNDA:0,handleGetElementDom
DA:10,0
DA:15,0
DA:16,0
DA:17,0
DA:18,0
DA:19,0
DA:20,0
DA:21,0
DA:22,0
DA:23,0
DA:24,0
DA:25,0
DA:26,0
DA:27,0
DA:31,0
DA:32,0
DA:33,0
DA:36,0
DA:37,0
DA:38,0
DA:39,0
LF:21
LH:0
BRDA:19,0,0,0
BRDA:19,0,1,0
BRDA:21,1,0,0
BRDA:21,1,1,0
BRDA:21,2,0,0
BRDA:21,2,1,0
BRDA:25,3,0,0
BRDA:25,3,1,0
BRDA:31,4,0,0
BRDA:31,4,1,0
BRDA:41,5,0,0
BRDA:41,5,1,0
BRF:12
BRH:0
end_of_record
TN:
SF:src/entrypoints/content/handlers/upload-file.ts
FN:6,handleUploadFile
FNF:1
FNH:0
FNDA:0,handleUploadFile
DA:16,0
DA:21,0
DA:25,0
DA:27,0
DA:29,0
DA:30,0
DA:32,0
DA:33,0
DA:34,0
DA:35,0
DA:36,0
DA:37,0
DA:38,0
DA:39,0
DA:40,0
DA:41,0
DA:45,0
DA:48,0
DA:49,0
DA:50,0
DA:53,0
DA:55,0
DA:56,0
DA:57,0
DA:58,0
DA:60,0
DA:61,0
DA:64,0
DA:68,0
DA:69,0
DA:71,0
DA:72,0
DA:79,0
DA:80,0
DA:81,0
DA:82,0
DA:83,0
DA:85,0
DA:87,0
DA:88,0
DA:89,0
DA:90,0
DA:91,0
DA:92,0
DA:93,0
DA:94,0
DA:95,0
DA:96,0
DA:97,0
DA:102,0
DA:103,0
DA:104,0
DA:105,0
DA:106,0
DA:107,0
DA:108,0
DA:111,0
DA:113,0
LF:58
LH:0
BRDA:27,0,0,0
BRDA:27,0,1,0
BRDA:30,1,0,0
BRDA:30,1,1,0
BRDA:35,2,0,0
BRDA:35,2,1,0
BRDA:35,3,0,0
BRDA:35,3,1,0
BRDA:39,4,0,0
BRDA:39,4,1,0
BRDA:45,5,0,0
BRDA:45,5,1,0
BRDA:48,6,0,0
BRDA:48,6,1,0
BRDA:68,7,0,0
BRDA:68,7,1,0
BRDA:80,8,0,0
BRDA:80,8,1,0
BRDA:82,9,0,0
BRDA:82,9,1,0
BRDA:82,10,0,0
BRDA:82,10,1,0
BRDA:85,11,0,0
BRDA:85,11,1,0
BRDA:85,12,0,0
BRDA:85,12,1,0
BRDA:91,13,0,0
BRDA:91,13,1,0
BRDA:91,14,0,0
BRDA:91,14,1,0
BRDA:95,15,0,0
BRDA:95,15,1,0
BRDA:102,16,0,0
BRDA:102,16,1,0
BRF:34
BRH:0
end_of_record
TN:
SF:src/utils/agent-log.ts
FN:3,log
FN:14,(anonymous_1)
FNF:2
FNH:2
FNDA:225,log
FNDA:2,(anonymous_1)
DA:4,225
DA:6,225
DA:9,225
DA:10,225
DA:11,225
DA:14,225
DA:16,2
DA:17,1
LF:8
LH:8
BRDA:3,0,0,225
BRDA:6,1,0,225
BRDA:10,2,0,15
BRDA:10,2,1,210
BRDA:16,3,0,1
BRDA:16,3,1,1
BRDA:17,4,0,1
BRDA:17,4,1,0
BRF:8
BRH:7
end_of_record
TN:
SF:src/utils/agent-state.ts
FN:3,getAgentState
FN:8,setAgentState
FN:15,clearAgentState
FNF:3
FNH:3
FNDA:11,getAgentState
FNDA:7,setAgentState
FNDA:3,clearAgentState
DA:4,11
DA:5,11
DA:9,7
DA:10,7
DA:11,7
DA:12,7
DA:16,3
LF:7
LH:7
BRDA:5,0,0,11
BRDA:5,0,1,8
BRDA:9,1,0,7
BRDA:9,1,1,6
BRF:4
BRH:4
end_of_record
TN:
SF:src/utils/base64.ts
FN:2,arrayBufferToBase64
FNF:1
FNH:0
FNDA:0,arrayBufferToBase64
DA:3,0
DA:4,0
DA:5,0
DA:6,0
DA:7,0
DA:9,0
LF:6
LH:0
BRF:0
BRH:0
end_of_record
TN:
SF:src/utils/dom-idle.ts
FN:1,waitForDOMIdle
FN:5,(anonymous_1)
FN:6,(anonymous_2)
FN:8,(anonymous_3)
FN:10,(anonymous_4)
FN:22,(anonymous_5)
FN:30,(anonymous_6)
FNF:7
FNH:2
FNDA:6,waitForDOMIdle
FNDA:0,(anonymous_1)
FNDA:0,(anonymous_2)
FNDA:0,(anonymous_3)
FNDA:0,(anonymous_4)
FNDA:0,(anonymous_5)
FNDA:5,(anonymous_6)
DA:2,6
DA:6,0
DA:8,0
DA:9,0
DA:10,0
DA:11,0
DA:12,0
DA:15,0
DA:16,0
DA:21,0
DA:22,0
DA:23,0
DA:24,0
LF:13
LH:1
BRDA:1,0,0,6
BRDA:1,1,0,6
BRDA:16,2,0,0
BRDA:16,2,1,0
BRF:4
BRH:2
end_of_record
TN:
SF:src/utils/file-upload.ts
FN:7,injectFileUpload
FN:16,(anonymous_1)
FNF:2
FNH:0
FNDA:0,injectFileUpload
FNDA:0,(anonymous_1)
DA:13,0
DA:14,0
DA:15,0
DA:16,0
DA:18,0
DA:19,0
DA:21,0
DA:24,0
DA:27,0
DA:46,0
DA:49,0
DA:50,0
DA:51,0
DA:57,0
DA:58,0
DA:59,0
DA:62,0
DA:64,0
DA:67,0
LF:19
LH:0
BRDA:14,0,0,0
BRDA:14,0,1,0
BRDA:18,1,0,0
BRDA:18,1,1,0
BRDA:58,2,0,0
BRDA:58,2,1,0
BRDA:58,3,0,0
BRDA:58,3,1,0
BRF:8
BRH:0
end_of_record
TN:
SF:src/utils/langsmith-config.ts
FN:13,initializeLangSmith
FN:38,getLangSmithTracer
FNF:2
FNH:1
FNDA:0,initializeLangSmith
FNDA:13,getLangSmithTracer
DA:11,4
DA:14,0
DA:15,0
DA:16,0
DA:17,0
DA:19,0
DA:26,0
DA:27,0
DA:28,0
DA:29,0
DA:32,0
DA:33,0
DA:34,0
DA:39,13
LF:14
LH:2
BRDA:21,0,0,0
BRDA:21,0,1,0
BRDA:22,1,0,0
BRDA:22,1,1,0
BRDA:26,2,0,0
BRDA:26,2,1,0
BRDA:26,3,0,0
BRDA:26,3,1,0
BRDA:26,3,2,0
BRF:9
BRH:0
end_of_record
TN:
SF:src/utils/llm-stream.ts
FN:32,thinkingFlushPoint
FN:44,thinkingDeltaOf
FN:57,parseResponse
FN:62,(anonymous_3)
FN:63,(anonymous_4)
FN:69,(anonymous_5)
FN:74,(anonymous_6)
FN:75,(anonymous_7)
FN:98,streamWithRetry
FN:152,(anonymous_9)
FNF:10
FNH:8
FNDA:8,thinkingFlushPoint
FNDA:23,thinkingDeltaOf
FNDA:12,parseResponse
FNDA:0,(anonymous_3)
FNDA:0,(anonymous_4)
FNDA:13,(anonymous_5)
FNDA:13,(anonymous_6)
FNDA:13,(anonymous_7)
FNDA:12,streamWithRetry
FNDA:6,(anonymous_9)
DA:17,4
DA:18,4
DA:33,8
DA:34,6
DA:35,175
DA:36,4
DA:39,2
DA:40,2
DA:45,23
DA:46,23
DA:47,23
DA:48,4
DA:49,4
DA:52,23
DA:59,12
DA:62,0
DA:63,0
DA:66,12
DA:67,12
DA:69,13
DA:73,12
DA:74,13
DA:75,13
DA:77,12
DA:107,12
DA:108,13
DA:109,13
DA:115,13
DA:116,0
DA:117,0
DA:119,13
DA:121,13
DA:122,13
DA:123,13
DA:124,13
DA:126,13
DA:127,18
DA:128,18
DA:129,18
DA:130,5
DA:131,5
DA:134,5
DA:135,2
DA:136,2
DA:137,1
DA:138,1
DA:142,18
DA:146,12
DA:147,1
DA:150,12
DA:152,12
DA:156,12
DA:157,3
DA:160,12
DA:161,12
DA:163,1
DA:164,1
DA:165,1
DA:166,1
DA:167,0
DA:168,0
DA:169,0
DA:171,1
DA:172,1
DA:178,1
LF:65
LH:58
BRDA:32,0,0,8
BRDA:33,1,0,2
BRDA:33,1,1,6
BRDA:35,2,0,4
BRDA:35,2,1,171
BRDA:35,3,0,175
BRDA:35,3,1,4
BRDA:35,3,2,2
BRDA:35,3,3,0
BRDA:40,4,0,1
BRDA:40,4,1,1
BRDA:45,5,0,23
BRDA:45,5,1,16
BRDA:47,6,0,4
BRDA:47,6,1,19
BRDA:49,7,0,2
BRDA:49,7,1,2
BRDA:49,8,0,2
BRDA:49,8,1,0
BRDA:49,8,2,0
BRDA:59,9,0,12
BRDA:59,9,1,0
BRDA:63,10,0,0
BRDA:63,10,1,0
BRDA:66,11,0,12
BRDA:66,11,1,0
BRDA:67,12,0,0
BRDA:67,12,1,12
BRDA:70,13,0,13
BRDA:70,13,1,0
BRDA:115,14,0,0
BRDA:115,14,1,13
BRDA:119,15,0,0
BRDA:119,15,1,13
BRDA:129,16,0,5
BRDA:129,16,1,13
BRDA:134,17,0,2
BRDA:134,17,1,3
BRDA:136,18,0,1
BRDA:136,18,1,1
BRDA:146,19,0,1
BRDA:146,19,1,11
BRDA:146,20,0,12
BRDA:146,20,1,1
BRDA:150,21,0,0
BRDA:150,21,1,12
BRDA:156,22,0,3
BRDA:156,22,1,9
BRDA:164,23,0,1
BRDA:164,23,1,1
BRDA:165,24,0,1
BRDA:165,24,1,0
BRDA:166,25,0,0
BRDA:166,25,1,1
BRF:54
BRH:40
end_of_record
TN:
SF:src/utils/memory.ts
FN:15,formatMemoryForPrompt
FNF:1
FNH:1
FNDA:18,formatMemoryForPrompt
DA:16,18
DA:17,13
DA:21,5
DA:22,5
DA:23,7
DA:24,7
DA:25,7
DA:26,6
DA:27,6
DA:29,7
DA:32,5
DA:33,5
DA:34,6
DA:35,6
DA:36,7
DA:37,7
DA:38,7
DA:42,5
LF:18
LH:18
BRDA:16,0,0,13
BRDA:16,0,1,5
BRDA:23,1,0,7
BRDA:23,1,1,0
BRDA:25,2,0,6
BRDA:25,2,1,1
BRDA:37,3,0,1
BRDA:37,3,1,6
BRF:8
BRH:7
end_of_record
TN:
SF:src/utils/models.ts
FN:102,isOllamaModel
FN:106,isAnthropicModel
FN:110,isOpenAIModel
FN:114,isCustomOpenAIModel
FN:119,getProviderForModel
FN:130,ollamaModelId
FN:135,ollamaModelName
FN:140,anthropicModelName
FN:145,openaiModelName
FN:150,customOpenAIConfigId
FN:161,isOllamaAvailable
FN:175,fetchOllamaModels
FN:194,(anonymous_12)
FN:210,getModelLabel
FN:217,(anonymous_14)
FN:220,(anonymous_15)
FNF:16
FNH:16
FNDA:22,isOllamaModel
FNDA:18,isAnthropicModel
FNDA:15,isOpenAIModel
FNDA:26,isCustomOpenAIModel
FNDA:17,getProviderForModel
FNDA:6,ollamaModelId
FNDA:4,ollamaModelName
FNDA:6,anthropicModelName
FNDA:6,openaiModelName
FNDA:5,customOpenAIConfigId
FNDA:5,isOllamaAvailable
FNDA:6,fetchOllamaModels
FNDA:4,(anonymous_12)
FNDA:15,getModelLabel
FNDA:1,(anonymous_14)
FNDA:54,(anonymous_15)
DA:37,5
DA:52,5
DA:67,5
DA:89,5
DA:95,5
DA:97,5
DA:103,22
DA:107,18
DA:111,15
DA:115,26
DA:120,17
DA:121,14
DA:122,11
DA:123,8
DA:124,5
DA:131,6
DA:136,4
DA:141,6
DA:146,6
DA:151,5
DA:162,5
DA:163,5
DA:164,3
DA:166,2
DA:176,6
DA:177,6
DA:181,5
DA:183,4
DA:188,4
DA:189,4
DA:190,3
DA:191,3
DA:194,4
DA:204,1
DA:215,15
DA:216,2
DA:217,2
DA:219,13
DA:220,54
LF:39
LH:39
BRDA:120,0,0,3
BRDA:120,0,1,14
BRDA:121,1,0,3
BRDA:121,1,1,11
BRDA:122,2,0,3
BRDA:122,2,1,8
BRDA:123,3,0,3
BRDA:123,3,1,5
BRDA:181,4,0,1
BRDA:181,4,1,4
BRDA:189,5,0,3
BRDA:189,5,1,1
BRDA:191,6,0,3
BRDA:191,6,1,1
BRDA:194,7,0,4
BRDA:194,7,1,1
BRDA:197,8,0,1
BRDA:197,8,1,3
BRDA:212,9,0,15
BRDA:213,10,0,15
BRDA:215,11,0,2
BRDA:215,11,1,13
BRDA:217,12,0,2
BRDA:217,12,1,1
BRDA:220,13,0,13
BRDA:220,13,1,1
BRF:26
BRH:26
end_of_record
TN:
SF:src/utils/navigation-guard.ts
FN:18,computeScrollDelta
FN:30,scrollDeltaIsSignificant
FN:50,shouldPivot
FN:56,(anonymous_3)
FNF:4
FNH:4
FNDA:14,computeScrollDelta
FNDA:7,scrollDeltaIsSignificant
FNDA:19,shouldPivot
FNDA:68,(anonymous_3)
DA:7,2
DA:10,2
DA:13,2
DA:21,14
DA:22,14
DA:23,14
DA:35,7
DA:56,68
LF:8
LH:8
BRDA:21,0,0,14
BRDA:21,0,1,10
BRDA:22,1,0,7
BRDA:22,1,1,7
BRDA:22,2,0,14
BRDA:22,2,1,10
BRDA:24,3,0,8
BRDA:24,3,1,6
BRDA:25,4,0,8
BRDA:25,4,1,6
BRDA:33,5,0,7
BRDA:54,6,0,19
BRDA:56,7,0,68
BRDA:56,7,1,50
BRF:14
BRH:14
end_of_record
TN:
SF:src/utils/prompt.ts
FN:21,buildHistory
FN:22,(anonymous_1)
FN:33,(anonymous_2)
FN:45,vfsContextBlock
FN:50,(anonymous_4)
FN:55,todoContextBlock
FN:60,annotatedElementsBlock
FN:63,(anonymous_7)
FN:71,extractContextFromPrompt
FN:92,buildUserMessage
FN:139,(anonymous_10)
FNF:11
FNH:8
FNDA:12,buildHistory
FNDA:2,(anonymous_1)
FNDA:0,(anonymous_2)
FNDA:12,vfsContextBlock
FNDA:0,(anonymous_4)
FNDA:12,todoContextBlock
FNDA:12,annotatedElementsBlock
FNDA:0,(anonymous_7)
FNDA:12,extractContextFromPrompt
FNDA:12,buildUserMessage
FNDA:12,(anonymous_10)
DA:22,12
DA:23,2
DA:24,0
DA:30,2
DA:31,0
DA:33,0
DA:38,2
DA:39,2
DA:46,12
DA:47,0
DA:48,0
DA:49,0
DA:50,0
DA:52,0
DA:56,12
DA:57,3
DA:61,12
DA:62,0
DA:64,0
DA:65,0
DA:68,0
DA:72,12
DA:73,12
DA:74,0
DA:75,0
DA:76,0
DA:78,12
DA:103,12
DA:106,12
DA:109,12
DA:110,0
DA:114,12
DA:115,12
DA:118,12
DA:119,12
DA:122,12
DA:123,12
DA:124,12
DA:127,12
DA:128,12
DA:129,12
DA:132,12
DA:139,12
DA:140,12
DA:144,12
DA:145,0
DA:146,0
DA:147,0
DA:148,0
DA:152,12
DA:156,12
DA:159,12
LF:52
LH:32
BRDA:23,0,0,0
BRDA:23,0,1,2
BRDA:25,1,0,0
BRDA:25,1,1,0
BRDA:30,2,0,0
BRDA:30,2,1,2
BRDA:30,3,0,2
BRDA:30,3,1,0
BRDA:38,4,0,0
BRDA:38,4,1,2
BRDA:46,5,0,12
BRDA:46,5,1,0
BRDA:56,6,0,9
BRDA:56,6,1,3
BRDA:61,7,0,12
BRDA:61,7,1,0
BRDA:64,8,0,0
BRDA:64,8,1,0
BRDA:73,9,0,0
BRDA:73,9,1,12
BRDA:98,10,0,12
BRDA:99,11,0,12
BRDA:100,12,0,12
BRDA:101,13,0,12
BRDA:109,14,0,0
BRDA:109,14,1,12
BRDA:140,15,0,12
BRDA:140,15,1,0
BRDA:144,16,0,0
BRDA:144,16,1,12
BRF:30
BRH:16
end_of_record
TN:
SF:src/utils/scratchpad.ts
FN:33,loadScratchpadFromVFS
FN:35,(anonymous_1)
FN:46,saveScratchpadToVFS
FN:63,upsertScratchpadEntry
FN:70,(anonymous_4)
FN:82,deleteScratchpadEntry
FN:86,(anonymous_6)
FN:97,formatScratchpadForPrompt
FN:101,(anonymous_8)
FNF:9
FNH:6
FNDA:0,loadScratchpadFromVFS
FNDA:0,(anonymous_1)
FNDA:0,saveScratchpadToVFS
FNDA:3,upsertScratchpadEntry
FNDA:3,(anonymous_4)
FNDA:2,deleteScratchpadEntry
FNDA:3,(anonymous_6)
FNDA:14,formatScratchpadForPrompt
FNDA:2,(anonymous_8)
DA:18,5
DA:34,0
DA:35,0
DA:36,0
DA:37,0
DA:38,0
DA:39,0
DA:41,0
DA:50,0
DA:51,0
DA:52,0
DA:68,3
DA:69,3
DA:70,3
DA:71,3
DA:72,3
DA:73,2
DA:75,1
DA:86,3
DA:98,14
DA:99,13
DA:101,2
DA:102,1
LF:23
LH:13
BRDA:36,0,0,0
BRDA:36,0,1,0
BRDA:72,1,0,2
BRDA:72,1,1,1
BRDA:98,2,0,13
BRDA:98,2,1,1
BRF:6
BRH:4
end_of_record
TN:
SF:src/utils/sleep.ts
FN:1,sleep
FN:2,(anonymous_1)
FNF:2
FNH:2
FNDA:5,sleep
FNDA:5,(anonymous_1)
DA:2,5
LF:1
LH:1
BRF:0
BRH:0
end_of_record
TN:
SF:src/utils/system-prompt.ts
FNF:0
FNH:0
DA:6,4
LF:1
LH:1
BRF:0
BRH:0
end_of_record
TN:
SF:src/utils/todo.ts
FN:16,loadTodoFromVFS
FN:18,(anonymous_1)
FN:29,saveTodoToVFS
FN:39,applyTodoUpdates
FN:40,(anonymous_4)
FN:41,(anonymous_5)
FN:52,formatTodoForPrompt
FN:61,(anonymous_7)
FNF:8
FNH:8
FNDA:6,loadTodoFromVFS
FNDA:5,(anonymous_1)
FNDA:5,saveTodoToVFS
FNDA:10,applyTodoUpdates
FNDA:30,(anonymous_4)
FNDA:29,(anonymous_5)
FNDA:13,formatTodoForPrompt
FNDA:15,(anonymous_7)
DA:13,6
DA:17,6
DA:18,6
DA:19,6
DA:20,5
DA:21,5
DA:22,5
DA:24,1
DA:30,5
DA:31,5
DA:32,5
DA:40,10
DA:41,30
DA:42,30
DA:43,9
DA:53,13
DA:54,12
DA:60,12
DA:62,15
DA:63,15
DA:64,15
LF:21
LH:21
BRDA:19,0,0,1
BRDA:19,0,1,5
BRDA:42,1,0,21
BRDA:42,1,1,9
BRDA:45,2,0,9
BRDA:45,2,1,7
BRDA:46,3,0,30
BRDA:46,3,1,3
BRDA:53,4,0,1
BRDA:53,4,1,12
BRDA:62,5,0,15
BRDA:62,5,1,0
BRDA:63,6,0,4
BRDA:63,6,1,11
BRF:14
BRH:13
end_of_record
TN:
SF:src/utils/types.ts
FNF:0
FNH:0
LF:0
LH:0
BRF:0
BRH:0
end_of_record
TN:
SF:src/utils/cdp/core.ts
FN:5,attachDebugger
FN:11,detachDebugger
FN:18,_resetAttachedDebuggers
FN:24,(anonymous_3)
FNF:4
FNH:4
FNDA:63,attachDebugger
FNDA:3,detachDebugger
FNDA:43,_resetAttachedDebuggers
FNDA:1,(anonymous_3)
DA:3,17
DA:6,63
DA:7,55
DA:8,54
DA:12,3
DA:13,2
DA:14,2
DA:19,43
DA:23,17
DA:24,17
DA:25,1
LF:11
LH:11
BRDA:6,0,0,8
BRDA:6,0,1,55
BRDA:12,1,0,1
BRDA:12,1,1,2
BRDA:23,2,0,17
BRDA:23,2,1,0
BRDA:23,3,0,17
BRDA:23,3,1,17
BRDA:25,4,0,1
BRDA:25,4,1,0
BRF:10
BRH:8
end_of_record
TN:
SF:src/utils/cdp/files.ts
FN:11,writeTempFile
FN:17,(anonymous_1)
FN:20,(anonymous_2)
FN:24,(anonymous_3)
FN:28,(anonymous_4)
FN:47,cleanupTempFile
FNF:6
FNH:6
FNDA:16,writeTempFile
FNDA:16,(anonymous_1)
FNDA:16,(anonymous_2)
FNDA:17,(anonymous_3)
FNDA:12,(anonymous_4)
FNDA:8,cleanupTempFile
DA:8,17
DA:14,16
DA:15,16
DA:17,16
DA:18,16
DA:21,16
DA:22,15
DA:24,15
DA:25,17
DA:26,16
DA:27,12
DA:28,12
DA:29,12
DA:30,12
DA:31,3
DA:34,16
DA:35,3
DA:36,3
DA:37,3
DA:40,15
DA:48,8
DA:49,8
DA:50,8
LF:23
LH:23
BRDA:21,0,0,1
BRDA:21,0,1,15
BRDA:25,1,0,1
BRDA:25,1,1,16
BRDA:26,2,0,12
BRDA:26,2,1,4
BRDA:30,3,0,9
BRDA:30,3,1,3
BRDA:34,4,0,3
BRDA:34,4,1,13
BRF:10
BRH:10
end_of_record
TN:
SF:src/utils/cdp/index.ts
FNF:0
FNH:0
LF:0
LH:0
BRF:0
BRH:0
end_of_record
TN:
SF:src/utils/cdp/input.ts
FN:17,getKeyCode
FN:25,dispatchHardwareClick
FN:37,clearFocusedField
FN:55,typeTextCDP
FN:66,dispatchScrollWheel
FNF:5
FNH:5
FNDA:17,getKeyCode
FNDA:12,dispatchHardwareClick
FNDA:11,clearFocusedField
FNDA:11,typeTextCDP
FNDA:16,dispatchScrollWheel
DA:7,17
DA:11,17
DA:18,17
DA:26,12
DA:27,12
DA:28,12
DA:29,12
DA:30,12
DA:38,11
DA:39,11
DA:40,11
DA:41,6
DA:42,6
DA:43,6
DA:44,0
DA:45,6
DA:46,5
DA:47,2
DA:56,11
DA:57,11
DA:58,5
DA:62,11
DA:67,16
DA:68,15
LF:24
LH:23
BRDA:18,0,0,17
BRDA:18,0,1,3
BRDA:25,1,0,12
BRDA:39,2,0,0
BRDA:39,2,1,11
BRDA:40,3,0,6
BRDA:40,3,1,5
BRDA:40,4,0,11
BRDA:40,4,1,7
BRDA:41,5,0,4
BRDA:41,5,1,2
BRDA:43,6,0,6
BRDA:43,6,1,0
BRDA:46,7,0,2
BRDA:46,7,1,3
BRDA:46,8,0,5
BRDA:46,8,1,5
BRDA:55,9,0,11
BRDA:57,10,0,5
BRDA:57,10,1,6
BRF:20
BRH:18
end_of_record
TN:
SF:src/utils/db/conversations.ts
FN:14,appendConversationTurn
FN:25,(anonymous_1)
FN:34,(anonymous_2)
FN:35,(anonymous_3)
FN:39,getConversationHistory
FN:41,(anonymous_5)
FN:44,(anonymous_6)
FN:45,(anonymous_7)
FN:46,(anonymous_8)
FNF:9
FNH:7
FNDA:13,appendConversationTurn
FNDA:13,(anonymous_1)
FNDA:13,(anonymous_2)
FNDA:0,(anonymous_3)
FNDA:11,getConversationHistory
FNDA:11,(anonymous_5)
FNDA:11,(anonymous_6)
FNDA:15,(anonymous_7)
FNDA:0,(anonymous_8)
DA:24,13
DA:25,13
DA:26,13
DA:27,13
DA:33,13
DA:34,13
DA:35,13
DA:40,11
DA:41,11
DA:42,11
DA:43,11
DA:44,11
DA:45,15
DA:46,11
LF:14
LH:14
BRDA:29,0,0,13
BRDA:29,0,1,2
BRDA:30,1,0,13
BRDA:30,1,1,2
BRDA:31,2,0,13
BRDA:31,2,1,2
BRF:6
BRH:6
end_of_record
TN:
SF:src/utils/db/core.ts
FN:10,openDB
FN:11,(anonymous_1)
FN:13,(anonymous_2)
FN:26,(anonymous_3)
FN:27,(anonymous_4)
FNF:5
FNH:4
FNDA:159,openDB
FNDA:159,(anonymous_1)
FNDA:45,(anonymous_2)
FNDA:159,(anonymous_3)
FNDA:0,(anonymous_4)
DA:3,10
DA:4,10
DA:5,10
DA:6,10
DA:7,10
DA:8,10
DA:11,159
DA:12,159
DA:13,159
DA:14,45
DA:15,45
DA:16,45
DA:17,45
DA:18,45
DA:19,45
DA:20,45
DA:21,45
DA:23,45
DA:24,45
DA:26,159
DA:27,159
LF:21
LH:21
BRDA:15,0,0,45
BRDA:15,0,1,0
BRDA:17,1,0,45
BRDA:17,1,1,0
BRDA:19,2,0,45
BRDA:19,2,1,0
BRDA:23,3,0,45
BRDA:23,3,1,0
BRF:8
BRH:4
end_of_record
TN:
SF:src/utils/db/index.ts
FNF:0
FNH:0
LF:0
LH:0
BRF:0
BRH:0
end_of_record
TN:
SF:src/utils/db/memory.ts
FN:14,upsertMemory
FN:18,(anonymous_1)
FN:22,(anonymous_2)
FN:29,(anonymous_3)
FN:31,(anonymous_4)
FN:35,getAllMemories
FN:37,(anonymous_6)
FN:40,(anonymous_7)
FN:41,(anonymous_8)
FN:42,(anonymous_9)
FN:46,deleteMemory
FN:48,(anonymous_11)
FN:51,(anonymous_12)
FN:52,(anonymous_13)
FNF:14
FNH:0
FNDA:0,upsertMemory
FNDA:0,(anonymous_1)
FNDA:0,(anonymous_2)
FNDA:0,(anonymous_3)
FNDA:0,(anonymous_4)
FNDA:0,getAllMemories
FNDA:0,(anonymous_6)
FNDA:0,(anonymous_7)
FNDA:0,(anonymous_8)
FNDA:0,(anonymous_9)
FNDA:0,deleteMemory
FNDA:0,(anonymous_11)
FNDA:0,(anonymous_12)
FNDA:0,(anonymous_13)
DA:17,0
DA:18,0
DA:19,0
DA:20,0
DA:21,0
DA:22,0
DA:23,0
DA:24,0
DA:25,0
DA:28,0
DA:29,0
DA:31,0
DA:36,0
DA:37,0
DA:38,0
DA:39,0
DA:40,0
DA:41,0
DA:42,0
DA:47,0
DA:48,0
DA:49,0
DA:50,0
DA:51,0
DA:52,0
LF:25
LH:0
BRDA:15,0,0,0
BRDA:25,1,0,0
BRDA:25,1,1,0
BRDA:26,2,0,0
BRDA:26,2,1,0
BRF:5
BRH:0
end_of_record
TN:
SF:src/utils/db/sessions.ts
FN:4,createSession
FN:6,(anonymous_1)
FN:12,(anonymous_2)
FN:13,(anonymous_3)
FN:17,getSessions
FN:19,(anonymous_5)
FN:22,(anonymous_6)
FN:23,(anonymous_7)
FN:24,(anonymous_8)
FN:28,touchSession
FN:30,(anonymous_10)
FN:34,(anonymous_11)
FN:38,(anonymous_12)
FN:39,(anonymous_13)
FNF:14
FNH:11
FNDA:49,createSession
FNDA:49,(anonymous_1)
FNDA:49,(anonymous_2)
FNDA:0,(anonymous_3)
FNDA:8,getSessions
FNDA:8,(anonymous_5)
FNDA:8,(anonymous_6)
FNDA:2,(anonymous_7)
FNDA:0,(anonymous_8)
FNDA:4,touchSession
FNDA:4,(anonymous_10)
FNDA:4,(anonymous_11)
FNDA:4,(anonymous_12)
FNDA:0,(anonymous_13)
DA:5,49
DA:6,49
DA:7,49
DA:8,49
DA:9,49
DA:12,49
DA:13,49
DA:18,8
DA:19,8
DA:20,8
DA:21,8
DA:22,8
DA:23,8
DA:24,8
DA:29,4
DA:30,4
DA:31,4
DA:32,4
DA:33,4
DA:34,4
DA:35,4
DA:36,4
DA:38,4
DA:39,4
LF:24
LH:24
BRDA:36,0,0,3
BRDA:36,0,1,1
BRF:2
BRH:2
end_of_record
TN:
SF:src/utils/db/vfs.ts
FN:14,saveVFSFile
FN:20,(anonymous_1)
FN:23,(anonymous_2)
FN:24,(anonymous_3)
FN:28,getVFSFile
FN:30,(anonymous_5)
FN:33,(anonymous_6)
FN:34,(anonymous_7)
FN:38,listVFSFiles
FN:40,(anonymous_9)
FN:43,(anonymous_10)
FN:44,(anonymous_11)
FN:48,deleteVFSFile
FN:50,(anonymous_13)
FN:53,(anonymous_14)
FN:54,(anonymous_15)
FN:59,writeVFSFile
FN:61,(anonymous_17)
FN:66,clearVFSFiles
FN:68,(anonymous_19)
FN:71,(anonymous_20)
FN:78,(anonymous_21)
FN:79,(anonymous_22)
FNF:23
FNH:18
FNDA:31,saveVFSFile
FNDA:31,(anonymous_1)
FNDA:31,(anonymous_2)
FNDA:0,(anonymous_3)
FNDA:5,getVFSFile
FNDA:5,(anonymous_5)
FNDA:5,(anonymous_6)
FNDA:0,(anonymous_7)
FNDA:28,listVFSFiles
FNDA:28,(anonymous_9)
FNDA:28,(anonymous_10)
FNDA:0,(anonymous_11)
FNDA:5,deleteVFSFile
FNDA:5,(anonymous_13)
FNDA:5,(anonymous_14)
FNDA:0,(anonymous_15)
FNDA:12,writeVFSFile
FNDA:3,(anonymous_17)
FNDA:5,clearVFSFiles
FNDA:5,(anonymous_19)
FNDA:13,(anonymous_20)
FNDA:5,(anonymous_21)
FNDA:0,(anonymous_22)
DA:15,31
DA:16,31
DA:20,31
DA:21,31
DA:22,31
DA:23,31
DA:24,31
DA:29,5
DA:30,5
DA:31,5
DA:32,5
DA:33,5
DA:34,5
DA:39,28
DA:40,28
DA:41,28
DA:42,28
DA:43,28
DA:44,28
DA:49,5
DA:50,5
DA:51,5
DA:52,5
DA:53,5
DA:54,5
DA:60,12
DA:61,12
DA:62,12
DA:63,12
DA:67,5
DA:68,5
DA:69,5
DA:70,5
DA:71,5
DA:72,13
DA:73,13
DA:74,8
DA:75,8
DA:78,5
DA:79,5
LF:40
LH:40
BRDA:62,0,0,3
BRDA:62,0,1,9
BRDA:66,1,0,5
BRDA:73,2,0,8
BRDA:73,2,1,5
BRDA:74,3,0,6
BRDA:74,3,1,2
BRF:7
BRH:7
end_of_record
TN:
SF:src/utils/tools/control.ts
FN:12,(anonymous_0)
FN:33,(anonymous_1)
FN:53,(anonymous_2)
FNF:3
FNH:0
FNDA:0,(anonymous_0)
FNDA:0,(anonymous_1)
FNDA:0,(anonymous_2)
DA:11,6
DA:12,0
DA:32,6
DA:33,0
DA:52,6
DA:53,0
DA:72,6
LF:7
LH:4
BRF:0
BRH:0
end_of_record
TN:
SF:src/utils/tools/dom.ts
FN:12,(anonymous_0)
FNF:1
FNH:0
FNDA:0,(anonymous_0)
DA:11,6
DA:12,0
DA:25,6
LF:3
LH:2
BRF:0
BRH:0
end_of_record
TN:
SF:src/utils/tools/index.ts
FN:57,parseToolCall
FNF:1
FNH:1
FNDA:82,parseToolCall
DA:35,6
DA:58,82
DA:61,20
DA:68,12
DA:74,4
DA:76,3
DA:82,5
DA:86,2
DA:90,2
DA:92,3
DA:99,2
DA:101,3
DA:109,2
DA:111,3
DA:113,4
DA:117,0
DA:119,0
DA:123,4
DA:131,2
DA:135,5
DA:137,2
DA:139,2
DA:142,2
LF:23
LH:21
BRDA:58,0,0,20
BRDA:58,0,1,12
BRDA:58,0,2,4
BRDA:58,0,3,3
BRDA:58,0,4,5
BRDA:58,0,5,2
BRDA:58,0,6,2
BRDA:58,0,7,3
BRDA:58,0,8,2
BRDA:58,0,9,3
BRDA:58,0,10,2
BRDA:58,0,11,3
BRDA:58,0,12,4
BRDA:58,0,13,0
BRDA:58,0,14,0
BRDA:58,0,15,4
BRDA:58,0,16,2
BRDA:58,0,17,5
BRDA:58,0,18,2
BRDA:58,0,19,2
BRDA:58,0,20,2
BRF:21
BRH:19
end_of_record
TN:
SF:src/utils/tools/memory.ts
FN:12,(anonymous_0)
FN:49,(anonymous_1)
FNF:2
FNH:0
FNDA:0,(anonymous_0)
FNDA:0,(anonymous_1)
DA:11,6
DA:12,0
DA:48,6
DA:49,0
DA:63,6
LF:5
LH:3
BRF:0
BRH:0
end_of_record
TN:
SF:src/utils/tools/scratchpad.ts
FN:12,(anonymous_0)
FN:42,(anonymous_1)
FNF:2
FNH:0
FNDA:0,(anonymous_0)
FNDA:0,(anonymous_1)
DA:11,6
DA:12,0
DA:41,6
DA:42,0
DA:56,6
LF:5
LH:3
BRF:0
BRH:0
end_of_record
TN:
SF:src/utils/tools/todo.ts
FN:12,(anonymous_0)
FN:38,(anonymous_1)
FN:58,(anonymous_2)
FNF:3
FNH:3
FNDA:3,(anonymous_0)
FNDA:4,(anonymous_1)
FNDA:3,(anonymous_2)
DA:11,7
DA:12,3
DA:37,7
DA:38,4
DA:57,7
DA:58,3
DA:83,7
LF:7
LH:7
BRF:0
BRH:0
end_of_record
TN:
SF:src/utils/tools/ui.ts
FN:14,(anonymous_0)
FN:43,(anonymous_1)
FN:65,(anonymous_2)
FN:79,(anonymous_3)
FN:97,(anonymous_4)
FNF:5
FNH:0
FNDA:0,(anonymous_0)
FNDA:0,(anonymous_1)
FNDA:0,(anonymous_2)
FNDA:0,(anonymous_3)
FNDA:0,(anonymous_4)
DA:13,6
DA:14,0
DA:42,6
DA:43,0
DA:64,6
DA:65,0
DA:78,6
DA:79,0
DA:96,6
DA:97,0
DA:109,6
LF:11
LH:6
BRF:0
BRH:0
end_of_record
TN:
SF:src/utils/tools/vfs.ts
FN:15,(anonymous_0)
FN:29,(anonymous_1)
FN:47,(anonymous_2)
FN:58,(anonymous_3)
FNF:4
FNH:0
FNDA:0,(anonymous_0)
FNDA:0,(anonymous_1)
FNDA:0,(anonymous_2)
FNDA:0,(anonymous_3)
DA:14,6
DA:15,0
DA:28,6
DA:29,0
DA:46,6
DA:47,0
DA:57,6
DA:58,0
DA:72,6
LF:9
LH:5
BRF:0
BRH:0
end_of_record
