TN:
SF:src/entrypoints/content/blocker.ts
FN:14,blockHandler
FN:19,installBlocker
FN:74,removeBlocker
FNF:3
FNH:3
FNDA:1,blockHandler
FNDA:15,installBlocker
FNDA:21,removeBlocker
DA:3,1
DA:5,1
DA:12,1
DA:15,1
DA:16,1
DA:20,15
DA:21,14
DA:23,14
DA:25,14
DA:26,280
DA:29,14
DA:30,14
DA:31,14
DA:41,14
DA:42,14
DA:55,14
DA:56,14
DA:58,14
DA:59,14
DA:68,14
DA:70,14
DA:71,15
DA:75,21
DA:76,14
DA:78,14
DA:79,280
DA:82,14
DA:83,21
LF:28
LH:28
BRDA:20,0,0,1
BRDA:20,0,1,14
BRDA:70,1,0,14
BRDA:70,1,1,0
BRDA:75,2,0,7
BRDA:75,2,1,14
BRF:6
BRH:5
end_of_record
TN:
SF:src/entrypoints/content/interactables.ts
FN:13,isInteractable
FN:47,collectInteractables
FN:61,getLabel
FNF:3
FNH:3
FNDA:56,isInteractable
FNDA:21,collectInteractables
FNDA:18,getLabel
DA:1,2
DA:8,2
DA:14,56
DA:15,56
DA:17,56
DA:18,26
DA:19,24
DA:20,23
DA:23,30
DA:25,15
DA:27,13
DA:28,2
DA:30,11
DA:31,11
DA:34,11
DA:41,4
DA:43,7
DA:48,21
DA:50,21
DA:51,19
DA:52,19
DA:53,19
DA:54,19
DA:55,3
DA:58,21
DA:62,18
DA:64,18
DA:65,18
DA:67,16
DA:68,16
DA:69,1
DA:70,1
DA:73,15
DA:74,5
DA:82,10
DA:83,18
DA:85,2
LF:37
LH:37
BRDA:15,0,0,56
BRDA:15,0,1,41
BRDA:17,1,0,26
BRDA:17,1,1,30
BRDA:18,2,0,2
BRDA:18,2,1,24
BRDA:19,3,0,1
BRDA:19,3,1,23
BRDA:19,4,0,24
BRDA:19,4,1,6
BRDA:23,5,0,15
BRDA:23,5,1,15
BRDA:25,6,0,2
BRDA:25,6,1,13
BRDA:27,7,0,2
BRDA:27,7,1,11
BRDA:27,8,0,13
BRDA:27,8,1,3
BRDA:27,9,0,3
BRDA:27,9,1,0
BRDA:31,10,0,0
BRDA:31,10,1,11
BRDA:34,11,0,4
BRDA:34,11,1,7
BRDA:35,12,0,11
BRDA:35,12,1,10
BRDA:35,12,2,10
BRDA:35,12,3,9
BRDA:35,12,4,8
BRDA:47,13,0,21
BRDA:52,14,0,13
BRDA:52,14,1,6
BRDA:54,15,0,3
BRDA:54,15,1,16
BRDA:65,16,0,2
BRDA:65,16,1,16
BRDA:68,17,0,1
BRDA:68,17,1,15
BRDA:70,18,0,1
BRDA:70,18,1,0
BRDA:70,19,0,1
BRDA:70,19,1,0
BRDA:73,20,0,5
BRDA:73,20,1,10
BRDA:75,21,0,5
BRDA:75,21,1,4
BRDA:75,21,2,3
BRDA:75,21,3,0
BRDA:82,22,0,10
BRDA:82,22,1,0
BRDA:83,23,0,8
BRDA:83,23,1,10
BRF:52
BRH:46
end_of_record
TN:
SF:src/entrypoints/content/overlay.ts
FN:8,destroyOverlay
FN:12,drawOverlay
FNF:2
FNH:2
FNDA:13,destroyOverlay
FNDA:11,drawOverlay
DA:6,1
DA:9,13
DA:13,11
DA:15,11
DA:16,11
DA:17,11
DA:18,11
DA:20,11
DA:21,11
DA:23,11
DA:27,11
DA:28,11
DA:30,11
DA:31,5
DA:32,5
DA:33,5
DA:34,5
DA:37,11
DA:39,11
DA:40,11
DA:41,11
DA:42,11
DA:43,11
DA:52,11
DA:54,11
DA:55,11
DA:56,11
DA:58,11
DA:60,11
DA:61,5
DA:62,5
DA:63,5
DA:64,5
DA:66,5
DA:67,5
DA:68,5
DA:70,5
DA:71,5
DA:73,5
DA:74,5
DA:75,5
DA:76,5
DA:77,5
DA:79,5
DA:80,5
DA:81,5
DA:82,0
DA:84,5
DA:86,5
DA:88,5
DA:89,5
DA:90,5
DA:91,5
DA:93,5
DA:94,5
DA:110,11
LF:56
LH:55
BRDA:16,0,0,11
BRDA:16,0,1,0
BRDA:20,1,0,11
BRDA:20,1,1,0
BRDA:24,2,0,11
BRDA:24,2,1,0
BRDA:32,3,0,0
BRDA:32,3,1,5
BRDA:33,4,0,0
BRDA:33,4,1,5
BRDA:52,5,0,11
BRDA:52,5,1,0
BRDA:55,6,0,0
BRDA:55,6,1,11
BRDA:81,7,0,0
BRDA:81,7,1,5
BRDA:98,8,0,5
BRDA:98,8,1,1
BRDA:98,9,0,1
BRDA:98,9,1,0
BRF:20
BRH:11
end_of_record
TN:
SF:src/entrypoints/content/theme.ts
FN:35,getTheme
FNF:1
FNH:1
FNDA:34,getTheme
DA:17,3
DA:26,3
DA:36,34
DA:37,34
DA:38,33
DA:40,1
LF:6
LH:6
BRDA:38,0,0,3
BRDA:38,0,1,30
BRF:2
BRH:2
end_of_record
TN:
SF:src/entrypoints/content/visibility.ts
FN:1,getVisibleRect
FN:26,isTopElementAt
FNF:2
FNH:2
FNDA:17,getVisibleRect
FNDA:13,isTopElementAt
DA:3,17
DA:4,17
DA:6,0
DA:9,17
DA:10,15
DA:11,13
DA:13,11
DA:14,11
DA:15,11
DA:20,3
DA:23,8
DA:27,13
DA:33,13
DA:34,21
DA:35,21
DA:36,21
DA:37,13
DA:40,3
LF:18
LH:17
BRDA:9,0,0,2
BRDA:9,0,1,15
BRDA:9,1,0,17
BRDA:9,1,1,16
BRDA:10,2,0,2
BRDA:10,2,1,13
BRDA:10,3,0,15
BRDA:10,3,1,14
BRDA:11,4,0,2
BRDA:11,4,1,11
BRDA:11,5,0,13
BRDA:11,5,1,12
BRDA:15,6,0,3
BRDA:15,6,1,8
BRDA:16,7,0,11
BRDA:16,7,1,10
BRDA:16,7,2,9
BRDA:36,8,0,3
BRDA:36,8,1,18
BRDA:37,9,0,10
BRDA:37,9,1,3
BRDA:37,10,0,13
BRDA:37,10,1,5
BRDA:37,10,2,4
BRF:24
BRH:24
end_of_record
TN:
SF:src/entrypoints/content/handlers/get-element-dom.ts
FN:6,handleGetElementDom
FNF:1
FNH:1
FNDA:4,handleGetElementDom
DA:10,4
DA:15,4
DA:16,4
DA:17,4
DA:18,4
DA:19,17
DA:20,17
DA:21,17
DA:22,4
DA:23,4
DA:24,4
DA:25,4
DA:26,3
DA:27,3
DA:31,4
DA:32,1
DA:33,1
DA:36,3
DA:37,3
DA:38,3
DA:39,3
LF:21
LH:21
BRDA:19,0,0,0
BRDA:19,0,1,17
BRDA:21,1,0,13
BRDA:21,1,1,4
BRDA:21,2,0,17
BRDA:21,2,1,13
BRDA:25,3,0,3
BRDA:25,3,1,1
BRDA:31,4,0,1
BRDA:31,4,1,3
BRDA:41,5,0,1
BRDA:41,5,1,2
BRF:12
BRH:11
end_of_record
TN:
SF:src/entrypoints/content/handlers/upload-file.ts
FN:6,handleUploadFile
FNF:1
FNH:1
FNDA:7,handleUploadFile
DA:16,7
DA:21,7
DA:25,7
DA:27,7
DA:29,4
DA:30,3
DA:32,2
DA:33,2
DA:34,4
DA:35,4
DA:36,2
DA:37,2
DA:38,2
DA:39,2
DA:40,2
DA:41,2
DA:45,2
DA:48,7
DA:49,1
DA:50,1
DA:53,6
DA:55,6
DA:56,6
DA:57,25
DA:58,5
DA:60,5
DA:61,5
DA:64,5
DA:68,7
DA:69,0
DA:71,5
DA:72,5
DA:79,5
DA:80,5
DA:81,2
DA:82,2
DA:83,1
DA:85,5
DA:87,4
DA:88,4
DA:89,4
DA:90,19
DA:91,19
DA:92,1
DA:93,1
DA:94,1
DA:95,1
DA:96,1
DA:97,1
DA:102,5
DA:103,5
DA:104,5
DA:105,5
DA:106,5
DA:107,5
DA:108,5
DA:111,5
DA:113,1
LF:58
LH:57
BRDA:27,0,0,4
BRDA:27,0,1,3
BRDA:30,1,0,2
BRDA:30,1,1,1
BRDA:35,2,0,2
BRDA:35,2,1,2
BRDA:35,3,0,4
BRDA:35,3,1,2
BRDA:39,4,0,2
BRDA:39,4,1,0
BRDA:45,5,0,1
BRDA:45,5,1,1
BRDA:48,6,0,1
BRDA:48,6,1,6
BRDA:68,7,0,5
BRDA:68,7,1,0
BRDA:80,8,0,5
BRDA:80,8,1,6
BRDA:82,9,0,1
BRDA:82,9,1,1
BRDA:82,10,0,2
BRDA:82,10,1,1
BRDA:85,11,0,4
BRDA:85,11,1,1
BRDA:85,12,0,5
BRDA:85,12,1,5
BRDA:91,13,0,18
BRDA:91,13,1,1
BRDA:91,14,0,19
BRDA:91,14,1,1
BRDA:95,15,0,1
BRDA:95,15,1,0
BRDA:102,16,0,5
BRDA:102,16,1,0
BRF:34
BRH:30
end_of_record
TN:
SF:src/utils/agent-log.ts
FN:3,log
FN:14,(anonymous_1)
FNF:2
FNH:2
FNDA:244,log
FNDA:21,(anonymous_1)
DA:4,244
DA:6,244
DA:9,244
DA:10,244
DA:11,244
DA:14,244
DA:16,21
DA:17,20
LF:8
LH:8
BRDA:3,0,0,244
BRDA:6,1,0,244
BRDA:10,2,0,15
BRDA:10,2,1,229
BRDA:16,3,0,1
BRDA:16,3,1,20
BRDA:17,4,0,20
BRDA:17,4,1,0
BRF:8
BRH:7
end_of_record
TN:
SF:src/utils/agent-state.ts
FN:3,getAgentState
FN:8,setAgentState
FN:15,clearAgentState
FNF:3
FNH:3
FNDA:41,getAgentState
FNDA:14,setAgentState
FNDA:3,clearAgentState
DA:4,41
DA:5,41
DA:9,14
DA:10,14
DA:11,14
DA:12,14
DA:16,3
LF:7
LH:7
BRDA:5,0,0,41
BRDA:5,0,1,10
BRDA:9,1,0,14
BRDA:9,1,1,8
BRF:4
BRH:4
end_of_record
TN:
SF:src/utils/base64.ts
FN:2,arrayBufferToBase64
FNF:1
FNH:1
FNDA:3,arrayBufferToBase64
DA:3,3
DA:4,3
DA:5,3
DA:6,3
DA:7,3
DA:9,3
LF:6
LH:6
BRF:0
BRH:0
end_of_record
TN:
SF:src/utils/debounce.ts
FN:2,scheduleDebounced
FN:7,(anonymous_1)
FN:8,(anonymous_2)
FNF:3
FNH:3
FNDA:2,scheduleDebounced
FNDA:1,(anonymous_1)
FNDA:1,(anonymous_2)
DA:7,2
DA:8,2
LF:2
LH:2
BRF:0
BRH:0
end_of_record
TN:
SF:src/utils/dom-idle.ts
FN:1,waitForDOMIdle
FN:5,(anonymous_1)
FN:6,(anonymous_2)
FN:8,(anonymous_3)
FN:10,(anonymous_4)
FN:22,(anonymous_5)
FN:30,(anonymous_6)
FNF:7
FNH:7
FNDA:12,waitForDOMIdle
FNDA:3,(anonymous_1)
FNDA:3,(anonymous_2)
FNDA:8,(anonymous_3)
FNDA:2,(anonymous_4)
FNDA:1,(anonymous_5)
FNDA:11,(anonymous_6)
DA:2,12
DA:6,3
DA:8,3
DA:9,8
DA:10,8
DA:11,2
DA:12,2
DA:15,3
DA:16,3
DA:21,3
DA:22,3
DA:23,1
DA:24,1
LF:13
LH:13
BRDA:1,0,0,12
BRDA:1,1,0,12
BRDA:16,2,0,3
BRDA:16,2,1,0
BRF:4
BRH:3
end_of_record
TN:
SF:src/utils/file-upload.ts
FN:7,injectFileUpload
FN:16,(anonymous_1)
FNF:2
FNH:1
FNDA:3,injectFileUpload
FNDA:0,(anonymous_1)
DA:13,3
DA:14,3
DA:15,1
DA:16,1
DA:18,3
DA:19,2
DA:21,2
DA:24,2
DA:27,2
DA:46,2
DA:49,2
DA:50,2
DA:51,2
DA:57,2
DA:58,3
DA:59,1
DA:62,1
DA:64,1
DA:67,2
LF:19
LH:19
BRDA:14,0,0,1
BRDA:14,0,1,2
BRDA:18,1,0,1
BRDA:18,1,1,2
BRDA:58,2,0,1
BRDA:58,2,1,1
BRDA:58,3,0,3
BRDA:58,3,1,1
BRF:8
BRH:8
end_of_record
TN:
SF:src/utils/highlight-match.tsx
FN:9,splitByMatch
FN:42,HighlightedText
FN:51,(anonymous_2)
FNF:3
FNH:3
FNDA:7,splitByMatch
FNDA:3,HighlightedText
FNDA:4,(anonymous_2)
DA:10,7
DA:11,7
DA:13,5
DA:14,5
DA:15,5
DA:16,5
DA:18,5
DA:19,7
DA:20,7
DA:21,2
DA:22,2
DA:24,5
DA:25,2
DA:27,5
DA:28,5
DA:31,5
DA:48,3
DA:49,3
DA:52,4
LF:19
LH:19
BRDA:11,0,0,2
BRDA:11,0,1,5
BRDA:20,1,0,2
BRDA:20,1,1,5
BRDA:24,2,0,2
BRDA:24,2,1,3
BRDA:31,3,0,5
BRDA:31,3,1,0
BRDA:46,4,0,3
BRDA:52,5,0,2
BRDA:52,5,1,2
BRF:11
BRH:10
end_of_record
TN:
SF:src/utils/langsmith-config.ts
FN:13,initializeLangSmith
FN:38,getLangSmithTracer
FNF:2
FNH:2
FNDA:3,initializeLangSmith
FNDA:23,getLangSmithTracer
DA:11,6
DA:14,3
DA:15,3
DA:16,3
DA:17,3
DA:19,3
DA:26,3
DA:27,2
DA:28,2
DA:29,2
DA:32,1
DA:33,1
DA:34,1
DA:39,23
LF:14
LH:14
BRDA:21,0,0,3
BRDA:21,0,1,0
BRDA:22,1,0,2
BRDA:22,1,1,1
BRDA:26,2,0,2
BRDA:26,2,1,1
BRDA:26,3,0,3
BRDA:26,3,1,2
BRDA:26,3,2,1
BRF:9
BRH:8
end_of_record
TN:
SF:src/utils/llm-stream.ts
FN:32,thinkingFlushPoint
FN:44,thinkingDeltaOf
FN:57,parseResponse
FN:62,(anonymous_3)
FN:63,(anonymous_4)
FN:69,(anonymous_5)
FN:74,(anonymous_6)
FN:75,(anonymous_7)
FN:98,streamWithRetry
FN:152,(anonymous_9)
FNF:10
FNH:8
FNDA:8,thinkingFlushPoint
FNDA:28,thinkingDeltaOf
FNDA:17,parseResponse
FNDA:0,(anonymous_3)
FNDA:0,(anonymous_4)
FNDA:18,(anonymous_5)
FNDA:18,(anonymous_6)
FNDA:18,(anonymous_7)
FNDA:17,streamWithRetry
FNDA:6,(anonymous_9)
DA:17,5
DA:18,5
DA:33,8
DA:34,6
DA:35,175
DA:36,4
DA:39,2
DA:40,2
DA:45,28
DA:46,28
DA:47,28
DA:48,4
DA:49,4
DA:52,28
DA:59,17
DA:62,0
DA:63,0
DA:66,17
DA:67,17
DA:69,18
DA:73,17
DA:74,18
DA:75,18
DA:77,17
DA:107,17
DA:108,18
DA:109,18
DA:115,18
DA:116,3
DA:117,3
DA:119,15
DA:121,18
DA:122,18
DA:123,18
DA:124,18
DA:126,18
DA:127,23
DA:128,23
DA:129,23
DA:130,5
DA:131,5
DA:134,5
DA:135,2
DA:136,2
DA:137,1
DA:138,1
DA:142,23
DA:146,17
DA:147,1
DA:150,17
DA:152,17
DA:156,17
DA:157,3
DA:160,17
DA:161,17
DA:163,1
DA:164,1
DA:165,1
DA:166,1
DA:167,0
DA:168,0
DA:169,0
DA:171,1
DA:172,1
DA:178,1
LF:65
LH:60
BRDA:32,0,0,8
BRDA:33,1,0,2
BRDA:33,1,1,6
BRDA:35,2,0,4
BRDA:35,2,1,171
BRDA:35,3,0,175
BRDA:35,3,1,4
BRDA:35,3,2,2
BRDA:35,3,3,0
BRDA:40,4,0,1
BRDA:40,4,1,1
BRDA:45,5,0,28
BRDA:45,5,1,21
BRDA:47,6,0,4
BRDA:47,6,1,24
BRDA:49,7,0,2
BRDA:49,7,1,2
BRDA:49,8,0,2
BRDA:49,8,1,0
BRDA:49,8,2,0
BRDA:59,9,0,17
BRDA:59,9,1,0
BRDA:63,10,0,0
BRDA:63,10,1,0
BRDA:66,11,0,17
BRDA:66,11,1,0
BRDA:67,12,0,0
BRDA:67,12,1,17
BRDA:70,13,0,18
BRDA:70,13,1,0
BRDA:115,14,0,3
BRDA:115,14,1,15
BRDA:119,15,0,0
BRDA:119,15,1,15
BRDA:129,16,0,5
BRDA:129,16,1,18
BRDA:134,17,0,2
BRDA:134,17,1,3
BRDA:136,18,0,1
BRDA:136,18,1,1
BRDA:146,19,0,1
BRDA:146,19,1,16
BRDA:146,20,0,17
BRDA:146,20,1,4
BRDA:150,21,0,0
BRDA:150,21,1,17
BRDA:156,22,0,3
BRDA:156,22,1,14
BRDA:164,23,0,1
BRDA:164,23,1,1
BRDA:165,24,0,1
BRDA:165,24,1,0
BRDA:166,25,0,0
BRDA:166,25,1,1
BRF:54
BRH:41
end_of_record
TN:
SF:src/utils/llm.ts
FN:61,createModel
FN:74,createOllamaModel
FN:78,createAnthropicModel
FN:88,createOpenAIModel
FN:103,createCustomOpenAIModel
FN:114,createAnyModel
FN:127,(anonymous_6)
FN:140,callModel
FN:145,(anonymous_8)
FN:164,(anonymous_9)
FNF:10
FNH:10
FNDA:9,createModel
FNDA:2,createOllamaModel
FNDA:5,createAnthropicModel
FNDA:5,createOpenAIModel
FNDA:3,createCustomOpenAIModel
FNDA:10,createAnyModel
FNDA:2,(anonymous_6)
FNDA:17,callModel
FNDA:1,(anonymous_8)
FNDA:18,(anonymous_9)
DA:32,5
DA:33,5
DA:62,9
DA:63,9
DA:69,9
DA:70,9
DA:71,9
DA:75,2
DA:79,5
DA:89,5
DA:90,5
DA:92,5
DA:93,1
DA:100,4
DA:104,3
DA:115,10
DA:116,10
DA:118,2
DA:120,2
DA:121,1
DA:123,2
DA:124,1
DA:126,2
DA:127,2
DA:128,2
DA:129,1
DA:133,2
DA:134,1
DA:156,17
DA:157,17
DA:162,17
DA:163,17
DA:164,18
LF:33
LH:33
BRDA:62,0,0,9
BRDA:62,0,1,5
BRDA:70,1,0,7
BRDA:70,1,1,2
BRDA:92,2,0,1
BRDA:92,2,1,4
BRDA:106,3,0,3
BRDA:106,3,1,1
BRDA:116,4,0,2
BRDA:116,4,1,2
BRDA:116,4,2,2
BRDA:116,4,3,2
BRDA:116,4,4,2
BRDA:116,4,5,2
BRDA:120,5,0,1
BRDA:120,5,1,1
BRDA:123,6,0,1
BRDA:123,6,1,1
BRDA:128,7,0,1
BRDA:128,7,1,1
BRDA:133,8,0,1
BRDA:133,8,1,1
BRDA:144,9,0,17
BRDA:145,10,0,1
BRDA:146,11,0,17
BRDA:147,12,0,17
BRDA:148,13,0,17
BRDA:149,14,0,17
BRDA:150,15,0,17
BRDA:151,16,0,17
BRF:30
BRH:30
end_of_record
TN:
SF:src/utils/memory.ts
FN:15,formatMemoryForPrompt
FNF:1
FNH:1
FNDA:30,formatMemoryForPrompt
DA:16,30
DA:17,24
DA:21,6
DA:22,6
DA:23,8
DA:24,8
DA:25,8
DA:26,7
DA:27,7
DA:29,8
DA:32,6
DA:33,6
DA:34,7
DA:35,7
DA:36,8
DA:37,8
DA:38,8
DA:42,6
LF:18
LH:18
BRDA:16,0,0,24
BRDA:16,0,1,6
BRDA:23,1,0,8
BRDA:23,1,1,0
BRDA:25,2,0,7
BRDA:25,2,1,1
BRDA:37,3,0,1
BRDA:37,3,1,7
BRF:8
BRH:7
end_of_record
TN:
SF:src/utils/models.ts
FN:102,isOllamaModel
FN:106,isAnthropicModel
FN:110,isOpenAIModel
FN:114,isCustomOpenAIModel
FN:119,getProviderForModel
FN:130,ollamaModelId
FN:135,ollamaModelName
FN:140,anthropicModelName
FN:145,openaiModelName
FN:150,customOpenAIConfigId
FN:161,isOllamaAvailable
FN:175,fetchOllamaModels
FN:194,(anonymous_12)
FN:210,getModelLabel
FN:217,(anonymous_14)
FN:220,(anonymous_15)
FNF:16
FNH:16
FNDA:24,isOllamaModel
FNDA:20,isAnthropicModel
FNDA:17,isOpenAIModel
FNDA:28,isCustomOpenAIModel
FNDA:19,getProviderForModel
FNDA:6,ollamaModelId
FNDA:4,ollamaModelName
FNDA:6,anthropicModelName
FNDA:6,openaiModelName
FNDA:5,customOpenAIConfigId
FNDA:5,isOllamaAvailable
FNDA:6,fetchOllamaModels
FNDA:4,(anonymous_12)
FNDA:15,getModelLabel
FNDA:1,(anonymous_14)
FNDA:54,(anonymous_15)
DA:37,6
DA:52,6
DA:67,6
DA:89,6
DA:95,6
DA:97,6
DA:103,24
DA:107,20
DA:111,17
DA:115,28
DA:120,19
DA:121,16
DA:122,13
DA:123,10
DA:124,7
DA:131,6
DA:136,4
DA:141,6
DA:146,6
DA:151,5
DA:162,5
DA:163,5
DA:164,3
DA:166,2
DA:176,6
DA:177,6
DA:181,5
DA:183,4
DA:188,4
DA:189,4
DA:190,3
DA:191,3
DA:194,4
DA:204,1
DA:215,15
DA:216,2
DA:217,2
DA:219,13
DA:220,54
LF:39
LH:39
BRDA:120,0,0,3
BRDA:120,0,1,16
BRDA:121,1,0,3
BRDA:121,1,1,13
BRDA:122,2,0,3
BRDA:122,2,1,10
BRDA:123,3,0,3
BRDA:123,3,1,7
BRDA:181,4,0,1
BRDA:181,4,1,4
BRDA:189,5,0,3
BRDA:189,5,1,1
BRDA:191,6,0,3
BRDA:191,6,1,1
BRDA:194,7,0,4
BRDA:194,7,1,1
BRDA:197,8,0,1
BRDA:197,8,1,3
BRDA:212,9,0,15
BRDA:213,10,0,15
BRDA:215,11,0,2
BRDA:215,11,1,13
BRDA:217,12,0,2
BRDA:217,12,1,1
BRDA:220,13,0,13
BRDA:220,13,1,1
BRF:26
BRH:26
end_of_record
TN:
SF:src/utils/navigation-guard.ts
FN:18,computeScrollDelta
FN:30,scrollDeltaIsSignificant
FN:50,shouldPivot
FN:56,(anonymous_3)
FNF:4
FNH:4
FNDA:14,computeScrollDelta
FNDA:7,scrollDeltaIsSignificant
FNDA:19,shouldPivot
FNDA:68,(anonymous_3)
DA:7,3
DA:10,3
DA:13,3
DA:21,14
DA:22,14
DA:23,14
DA:35,7
DA:56,68
LF:8
LH:8
BRDA:21,0,0,14
BRDA:21,0,1,10
BRDA:22,1,0,7
BRDA:22,1,1,7
BRDA:22,2,0,14
BRDA:22,2,1,10
BRDA:24,3,0,8
BRDA:24,3,1,6
BRDA:25,4,0,8
BRDA:25,4,1,6
BRDA:33,5,0,7
BRDA:54,6,0,19
BRDA:56,7,0,68
BRDA:56,7,1,50
BRF:14
BRH:14
end_of_record
TN:
SF:src/utils/prompt.ts
FN:21,buildHistory
FN:22,(anonymous_1)
FN:33,(anonymous_2)
FN:45,vfsContextBlock
FN:50,(anonymous_4)
FN:55,todoContextBlock
FN:60,annotatedElementsBlock
FN:63,(anonymous_7)
FN:71,extractContextFromPrompt
FN:92,buildUserMessage
FN:139,(anonymous_10)
FNF:11
FNH:11
FNDA:21,buildHistory
FNDA:9,(anonymous_1)
FNDA:2,(anonymous_2)
FNDA:24,vfsContextBlock
FNDA:5,(anonymous_4)
FNDA:24,todoContextBlock
FNDA:24,annotatedElementsBlock
FNDA:4,(anonymous_7)
FNDA:24,extractContextFromPrompt
FNDA:24,buildUserMessage
FNDA:25,(anonymous_10)
DA:22,21
DA:23,9
DA:24,2
DA:30,7
DA:31,2
DA:33,2
DA:38,5
DA:39,4
DA:46,24
DA:47,4
DA:48,4
DA:49,4
DA:50,5
DA:52,4
DA:56,24
DA:57,4
DA:61,24
DA:62,4
DA:64,4
DA:65,4
DA:68,4
DA:72,24
DA:73,24
DA:74,4
DA:75,4
DA:76,4
DA:78,20
DA:103,24
DA:106,24
DA:109,24
DA:110,4
DA:114,24
DA:115,24
DA:118,24
DA:119,24
DA:122,24
DA:123,24
DA:124,24
DA:127,24
DA:128,24
DA:129,24
DA:132,24
DA:139,24
DA:140,25
DA:144,24
DA:145,1
DA:146,1
DA:147,1
DA:148,1
DA:152,24
DA:156,24
DA:159,24
LF:52
LH:52
BRDA:23,0,0,2
BRDA:23,0,1,7
BRDA:25,1,0,2
BRDA:25,1,1,0
BRDA:30,2,0,2
BRDA:30,2,1,5
BRDA:30,3,0,7
BRDA:30,3,1,3
BRDA:38,4,0,1
BRDA:38,4,1,4
BRDA:46,5,0,20
BRDA:46,5,1,4
BRDA:56,6,0,20
BRDA:56,6,1,4
BRDA:61,7,0,20
BRDA:61,7,1,4
BRDA:64,8,0,1
BRDA:64,8,1,3
BRDA:73,9,0,4
BRDA:73,9,1,20
BRDA:98,10,0,24
BRDA:99,11,0,24
BRDA:100,12,0,24
BRDA:101,13,0,24
BRDA:109,14,0,4
BRDA:109,14,1,20
BRDA:140,15,0,20
BRDA:140,15,1,5
BRDA:144,16,0,1
BRDA:144,16,1,23
BRF:30
BRH:29
end_of_record
TN:
SF:src/utils/scratchpad.ts
FN:33,loadScratchpadFromVFS
FN:35,(anonymous_1)
FN:46,saveScratchpadToVFS
FN:63,upsertScratchpadEntry
FN:70,(anonymous_4)
FN:82,deleteScratchpadEntry
FN:86,(anonymous_6)
FN:97,formatScratchpadForPrompt
FN:101,(anonymous_8)
FNF:9
FNH:9
FNDA:7,loadScratchpadFromVFS
FNDA:4,(anonymous_1)
FNDA:4,saveScratchpadToVFS
FNDA:3,upsertScratchpadEntry
FNDA:3,(anonymous_4)
FNDA:2,deleteScratchpadEntry
FNDA:3,(anonymous_6)
FNDA:26,formatScratchpadForPrompt
FNDA:3,(anonymous_8)
DA:18,8
DA:34,7
DA:35,7
DA:36,7
DA:37,4
DA:38,4
DA:39,4
DA:41,1
DA:50,4
DA:51,4
DA:52,4
DA:68,3
DA:69,3
DA:70,3
DA:71,3
DA:72,3
DA:73,2
DA:75,1
DA:86,3
DA:98,26
DA:99,24
DA:101,3
DA:102,2
LF:23
LH:23
BRDA:36,0,0,3
BRDA:36,0,1,4
BRDA:72,1,0,2
BRDA:72,1,1,1
BRDA:98,2,0,24
BRDA:98,2,1,2
BRF:6
BRH:6
end_of_record
TN:
SF:src/utils/screenshot.ts
FN:21,captureScreenshot
FN:26,(anonymous_1)
FN:54,(anonymous_2)
FNF:3
FNH:3
FNDA:12,captureScreenshot
FNDA:4,(anonymous_1)
FNDA:9,(anonymous_2)
DA:5,10
DA:7,10
DA:24,12
DA:25,16
DA:26,4
DA:30,16
DA:31,16
DA:32,16
DA:38,15
DA:39,5
DA:42,1
DA:47,11
DA:48,11
DA:49,11
DA:50,11
DA:52,16
DA:53,9
DA:54,9
DA:58,11
DA:59,11
DA:61,11
DA:62,9
DA:66,6
DA:68,5
DA:73,5
LF:25
LH:25
BRDA:25,0,0,4
BRDA:25,0,1,12
BRDA:38,1,0,5
BRDA:38,1,1,10
BRDA:38,2,0,15
BRDA:38,2,1,15
BRDA:52,3,0,9
BRDA:52,3,1,7
BRDA:61,4,0,9
BRDA:61,4,1,2
BRDA:61,5,0,11
BRDA:61,5,1,9
BRDA:73,6,0,5
BRDA:73,6,1,0
BRF:14
BRH:13
end_of_record
TN:
SF:src/utils/session-backfill.ts
FN:6,sessionNeedsBackfill
FN:10,extractMetadataFromHistory
FN:40,backfillSessionMetadata
FNF:3
FNH:3
FNDA:5,sessionNeedsBackfill
FNDA:3,extractMetadataFromHistory
FNDA:5,backfillSessionMetadata
DA:7,5
DA:14,3
DA:15,3
DA:16,3
DA:18,3
DA:19,3
DA:20,2
DA:21,2
DA:22,2
DA:23,1
DA:24,1
DA:28,3
DA:29,1
DA:30,1
DA:31,1
DA:32,1
DA:36,3
DA:41,5
DA:42,5
DA:44,5
DA:45,3
DA:46,3
DA:47,3
DA:48,3
DA:49,1
DA:50,1
DA:53,5
LF:27
LH:27
BRDA:7,0,0,5
BRDA:7,0,1,4
BRDA:7,0,2,4
BRDA:19,1,0,1
BRDA:19,1,1,2
BRDA:19,2,0,3
BRDA:19,2,1,2
BRDA:22,3,0,1
BRDA:22,3,1,1
BRDA:22,4,0,2
BRDA:22,4,1,2
BRDA:24,5,0,1
BRDA:24,5,1,0
BRDA:28,6,0,1
BRDA:28,6,1,2
BRDA:31,7,0,1
BRDA:31,7,1,0
BRDA:31,8,0,1
BRDA:31,8,1,1
BRDA:45,9,0,0
BRDA:45,9,1,3
BRDA:48,10,0,2
BRDA:48,10,1,1
BRDA:48,11,0,3
BRDA:48,11,1,2
BRF:25
BRH:22
end_of_record
TN:
SF:src/utils/session-search-text.ts
FN:5,buildSearchText
FN:15,mergeSearchText
FN:24,parseStartUrlFromContent
FNF:3
FNH:3
FNDA:74,buildSearchText
FNDA:11,mergeSearchText
FNDA:3,parseStartUrlFromContent
DA:2,16
DA:6,74
DA:16,11
DA:17,11
DA:18,8
DA:19,11
DA:20,3
DA:25,3
DA:26,3
LF:9
LH:9
BRDA:17,0,0,3
BRDA:17,0,1,8
BRDA:17,1,0,3
BRDA:17,1,1,1
BRDA:18,2,0,8
BRDA:18,2,1,0
BRDA:19,3,0,5
BRDA:19,3,1,6
BRDA:26,4,0,3
BRDA:26,4,1,1
BRF:10
BRH:9
end_of_record
TN:
SF:src/utils/session-search.ts
FN:13,startOfDay
FN:20,dateRangeToBounds
FN:33,sessionMatchesQuery
FN:41,scoreSession
FN:50,sortSessions
FN:53,(anonymous_5)
FN:65,searchSessions
FN:74,(anonymous_7)
FN:77,(anonymous_8)
FN:80,(anonymous_9)
FN:85,(anonymous_10)
FN:92,uniqueSessionModelIds
FNF:12
FNH:12
FNDA:1,startOfDay
FNDA:4,dateRangeToBounds
FNDA:512,sessionMatchesQuery
FNDA:22,scoreSession
FNDA:11,sortSessions
FNDA:17,(anonymous_5)
FNDA:11,searchSessions
FNDA:3,(anonymous_7)
FNDA:3,(anonymous_8)
FNDA:3,(anonymous_9)
FNDA:512,(anonymous_10)
FNDA:1,uniqueSessionModelIds
DA:14,1
DA:15,1
DA:16,1
DA:21,4
DA:23,3
DA:24,3
DA:25,1
DA:27,2
DA:28,1
DA:30,1
DA:34,512
DA:35,512
DA:36,512
DA:37,512
DA:42,22
DA:43,22
DA:44,18
DA:45,7
DA:46,7
DA:47,1
DA:51,11
DA:53,11
DA:54,17
DA:55,9
DA:56,9
DA:57,6
DA:59,8
DA:60,6
DA:70,11
DA:72,11
DA:73,11
DA:74,3
DA:76,11
DA:77,3
DA:79,11
DA:80,3
DA:83,11
DA:84,11
DA:85,512
DA:88,11
DA:93,1
DA:94,1
DA:95,4
DA:97,1
LF:44
LH:44
BRDA:20,0,0,4
BRDA:21,1,0,1
BRDA:21,1,1,3
BRDA:24,2,0,1
BRDA:24,2,1,2
BRDA:27,3,0,1
BRDA:27,3,1,1
BRDA:35,4,0,512
BRDA:35,4,1,504
BRDA:36,5,0,512
BRDA:36,5,1,506
BRDA:37,6,0,512
BRDA:37,6,1,504
BRDA:37,6,2,500
BRDA:43,7,0,4
BRDA:43,7,1,18
BRDA:44,8,0,11
BRDA:44,8,1,7
BRDA:45,9,0,0
BRDA:45,9,1,7
BRDA:46,10,0,6
BRDA:46,10,1,1
BRDA:46,11,0,7
BRDA:46,11,1,0
BRDA:51,12,0,5
BRDA:51,12,1,6
BRDA:51,13,0,5
BRDA:51,13,1,4
BRDA:51,14,0,6
BRDA:51,14,1,5
BRDA:54,15,0,9
BRDA:54,15,1,8
BRDA:56,16,0,3
BRDA:56,16,1,6
BRDA:59,17,0,2
BRDA:59,17,1,6
BRDA:68,18,0,11
BRDA:73,19,0,1
BRDA:73,19,1,10
BRDA:76,20,0,1
BRDA:76,20,1,10
BRDA:79,21,0,1
BRDA:79,21,1,10
BRDA:84,22,0,5
BRDA:84,22,1,6
BRDA:95,23,0,3
BRDA:95,23,1,1
BRF:47
BRH:45
end_of_record
TN:
SF:src/utils/sleep.ts
FN:1,sleep
FN:2,(anonymous_1)
FNF:2
FNH:2
FNDA:11,sleep
FNDA:11,(anonymous_1)
DA:2,11
LF:1
LH:1
BRF:0
BRH:0
end_of_record
TN:
SF:src/utils/system-prompt.ts
FNF:0
FNH:0
DA:6,5
LF:1
LH:1
BRF:0
BRH:0
end_of_record
TN:
SF:src/utils/tab-helpers.ts
FN:11,retryTabUpdate
FN:35,sendToTab
FN:40,(anonymous_2)
FN:41,(anonymous_3)
FN:51,isTabInjectable
FN:56,waitForInjectableTab
FN:61,(anonymous_6)
FN:63,(anonymous_7)
FN:70,(anonymous_8)
FN:87,(anonymous_9)
FN:99,waitForTabLoad
FN:104,(anonymous_11)
FN:108,(anonymous_12)
FN:116,(anonymous_13)
FN:131,(anonymous_14)
FN:141,ensureContentScript
FNF:16
FNH:16
FNDA:4,retryTabUpdate
FNDA:18,sendToTab
FNDA:18,(anonymous_2)
FNDA:18,(anonymous_3)
FNDA:11,isTabInjectable
FNDA:7,waitForInjectableTab
FNDA:2,(anonymous_6)
FNDA:2,(anonymous_7)
FNDA:1,(anonymous_8)
FNDA:1,(anonymous_9)
FNDA:2,waitForTabLoad
FNDA:2,(anonymous_11)
FNDA:3,(anonymous_12)
FNDA:2,(anonymous_13)
FNDA:1,(anonymous_14)
FNDA:4,ensureContentScript
DA:4,2
DA:17,4
DA:18,7
DA:19,7
DA:21,5
DA:22,5
DA:23,3
DA:24,3
DA:26,2
DA:30,0
DA:33,2
DA:40,18
DA:41,18
DA:42,18
DA:43,2
DA:45,16
DA:52,11
DA:53,11
DA:57,7
DA:59,2
DA:61,2
DA:62,2
DA:63,2
DA:64,2
DA:65,2
DA:66,2
DA:67,2
DA:70,2
DA:75,1
DA:76,1
DA:81,1
DA:84,2
DA:86,2
DA:87,1
DA:104,2
DA:105,2
DA:106,2
DA:108,2
DA:109,3
DA:110,2
DA:111,2
DA:112,2
DA:116,2
DA:117,2
DA:118,2
DA:119,1
DA:121,2
DA:122,1
DA:125,2
DA:128,2
DA:129,1
DA:132,1
DA:137,2
DA:142,4
DA:143,4
DA:144,4
DA:146,1
DA:150,1
LF:58
LH:57
BRDA:14,0,0,4
BRDA:15,1,0,4
BRDA:21,2,0,5
BRDA:21,2,1,0
BRDA:22,3,0,3
BRDA:22,3,1,2
BRDA:22,4,0,5
BRDA:22,4,1,4
BRDA:38,5,0,18
BRDA:42,6,0,2
BRDA:42,6,1,16
BRDA:53,7,0,11
BRDA:53,7,1,11
BRDA:56,8,0,7
BRDA:57,9,0,5
BRDA:57,9,1,2
BRDA:64,10,0,0
BRDA:64,10,1,2
BRDA:67,11,0,1
BRDA:67,11,1,1
BRDA:75,12,0,0
BRDA:75,12,1,1
BRDA:76,13,0,1
BRDA:76,13,1,0
BRDA:77,14,0,1
BRDA:77,14,1,1
BRDA:77,14,2,1
BRDA:101,15,0,2
BRDA:102,16,0,2
BRDA:109,17,0,2
BRDA:109,17,1,1
BRDA:117,18,0,0
BRDA:117,18,1,2
BRDA:118,19,0,1
BRDA:118,19,1,1
BRDA:118,20,0,2
BRDA:118,20,1,1
BRDA:121,21,0,1
BRDA:121,21,1,1
BRDA:121,22,0,2
BRDA:121,22,1,2
BRDA:128,23,0,1
BRDA:128,23,1,1
BRDA:132,24,0,1
BRDA:132,24,1,0
BRF:45
BRH:39
end_of_record
TN:
SF:src/utils/todo.ts
FN:16,loadTodoFromVFS
FN:18,(anonymous_1)
FN:29,saveTodoToVFS
FN:39,applyTodoUpdates
FN:40,(anonymous_4)
FN:41,(anonymous_5)
FN:52,formatTodoForPrompt
FN:61,(anonymous_7)
FNF:8
FNH:8
FNDA:8,loadTodoFromVFS
FNDA:5,(anonymous_1)
FNDA:5,saveTodoToVFS
FNDA:10,applyTodoUpdates
FNDA:30,(anonymous_4)
FNDA:29,(anonymous_5)
FNDA:15,formatTodoForPrompt
FNDA:17,(anonymous_7)
DA:13,8
DA:17,8
DA:18,8
DA:19,8
DA:20,5
DA:21,5
DA:22,5
DA:24,1
DA:30,5
DA:31,5
DA:32,5
DA:40,10
DA:41,30
DA:42,30
DA:43,9
DA:53,15
DA:54,14
DA:60,14
DA:62,17
DA:63,17
DA:64,17
LF:21
LH:21
BRDA:19,0,0,3
BRDA:19,0,1,5
BRDA:42,1,0,21
BRDA:42,1,1,9
BRDA:45,2,0,9
BRDA:45,2,1,7
BRDA:46,3,0,30
BRDA:46,3,1,3
BRDA:53,4,0,1
BRDA:53,4,1,14
BRDA:62,5,0,17
BRDA:62,5,1,1
BRDA:63,6,0,5
BRDA:63,6,1,12
BRF:14
BRH:14
end_of_record
TN:
SF:src/utils/types.ts
FNF:0
FNH:0
LF:0
LH:0
BRF:0
BRH:0
end_of_record
TN:
SF:src/utils/cdp/core.ts
FN:5,attachDebugger
FN:11,detachDebugger
FN:18,_resetAttachedDebuggers
FN:24,(anonymous_3)
FNF:4
FNH:4
FNDA:74,attachDebugger
FNDA:5,detachDebugger
FNDA:45,_resetAttachedDebuggers
FNDA:1,(anonymous_3)
DA:3,19
DA:6,74
DA:7,59
DA:8,58
DA:12,5
DA:13,4
DA:14,4
DA:19,45
DA:23,19
DA:24,19
DA:25,1
LF:11
LH:11
BRDA:6,0,0,15
BRDA:6,0,1,59
BRDA:12,1,0,1
BRDA:12,1,1,4
BRDA:23,2,0,19
BRDA:23,2,1,0
BRDA:23,3,0,19
BRDA:23,3,1,19
BRDA:25,4,0,1
BRDA:25,4,1,0
BRF:10
BRH:8
end_of_record
TN:
SF:src/utils/cdp/files.ts
FN:11,writeTempFile
FN:17,(anonymous_1)
FN:20,(anonymous_2)
FN:24,(anonymous_3)
FN:28,(anonymous_4)
FN:47,cleanupTempFile
FNF:6
FNH:6
FNDA:16,writeTempFile
FNDA:16,(anonymous_1)
FNDA:16,(anonymous_2)
FNDA:17,(anonymous_3)
FNDA:12,(anonymous_4)
FNDA:8,cleanupTempFile
DA:8,19
DA:14,16
DA:15,16
DA:17,16
DA:18,16
DA:21,16
DA:22,15
DA:24,15
DA:25,17
DA:26,16
DA:27,12
DA:28,12
DA:29,12
DA:30,12
DA:31,3
DA:34,16
DA:35,3
DA:36,3
DA:37,3
DA:40,15
DA:48,8
DA:49,8
DA:50,8
LF:23
LH:23
BRDA:21,0,0,1
BRDA:21,0,1,15
BRDA:25,1,0,1
BRDA:25,1,1,16
BRDA:26,2,0,12
BRDA:26,2,1,4
BRDA:30,3,0,9
BRDA:30,3,1,3
BRDA:34,4,0,3
BRDA:34,4,1,13
BRF:10
BRH:10
end_of_record
TN:
SF:src/utils/cdp/index.ts
FNF:0
FNH:0
LF:0
LH:0
BRF:0
BRH:0
end_of_record
TN:
SF:src/utils/cdp/input.ts
FN:17,getKeyCode
FN:25,dispatchHardwareClick
FN:42,dispatchDragAndDrop
FN:93,clearFocusedField
FN:111,typeTextCDP
FN:122,dispatchScrollWheel
FNF:6
FNH:6
FNDA:17,getKeyCode
FNDA:13,dispatchHardwareClick
FNDA:2,dispatchDragAndDrop
FNDA:11,clearFocusedField
FNDA:11,typeTextCDP
FNDA:16,dispatchScrollWheel
DA:7,19
DA:11,19
DA:18,17
DA:26,13
DA:27,13
DA:28,13
DA:29,13
DA:30,13
DA:43,2
DA:44,2
DA:48,2
DA:52,2
DA:54,2
DA:57,2
DA:60,2
DA:63,2
DA:66,2
DA:69,2
DA:73,2
DA:74,2
DA:75,2
DA:78,2
DA:81,2
DA:94,11
DA:95,11
DA:96,11
DA:97,6
DA:98,6
DA:99,6
DA:100,0
DA:101,6
DA:102,5
DA:103,2
DA:112,11
DA:113,11
DA:114,5
DA:118,11
DA:123,16
DA:124,15
LF:39
LH:38
BRDA:18,0,0,17
BRDA:18,0,1,3
BRDA:25,1,0,13
BRDA:95,2,0,0
BRDA:95,2,1,11
BRDA:96,3,0,6
BRDA:96,3,1,5
BRDA:96,4,0,11
BRDA:96,4,1,7
BRDA:97,5,0,4
BRDA:97,5,1,2
BRDA:99,6,0,6
BRDA:99,6,1,0
BRDA:102,7,0,2
BRDA:102,7,1,3
BRDA:102,8,0,5
BRDA:102,8,1,5
BRDA:111,9,0,11
BRDA:113,10,0,5
BRDA:113,10,1,6
BRF:20
BRH:18
end_of_record
TN:
SF:src/utils/db/conversations.ts
FN:14,appendConversationTurn
FN:25,(anonymous_1)
FN:34,(anonymous_2)
FN:35,(anonymous_3)
FN:39,getConversationHistory
FN:41,(anonymous_5)
FN:47,(anonymous_6)
FN:48,(anonymous_7)
FN:53,(anonymous_8)
FN:54,(anonymous_9)
FN:55,(anonymous_10)
FNF:11
FNH:6
FNDA:25,appendConversationTurn
FNDA:25,(anonymous_1)
FNDA:25,(anonymous_2)
FNDA:0,(anonymous_3)
FNDA:19,getConversationHistory
FNDA:19,(anonymous_5)
FNDA:19,(anonymous_6)
FNDA:0,(anonymous_7)
FNDA:0,(anonymous_8)
FNDA:0,(anonymous_9)
FNDA:0,(anonymous_10)
DA:24,25
DA:25,25
DA:26,25
DA:27,25
DA:33,25
DA:34,25
DA:35,25
DA:40,19
DA:41,19
DA:42,19
DA:43,19
DA:45,19
DA:46,19
DA:47,19
DA:48,19
DA:49,19
DA:52,0
DA:53,0
DA:54,0
DA:55,0
LF:20
LH:16
BRDA:29,0,0,25
BRDA:29,0,1,5
BRDA:30,1,0,25
BRDA:30,1,1,6
BRDA:31,2,0,25
BRDA:31,2,1,6
BRDA:45,3,0,19
BRDA:45,3,1,0
BRF:8
BRH:7
end_of_record
TN:
SF:src/utils/db/core.ts
FN:11,openDB
FN:12,(anonymous_1)
FN:14,(anonymous_2)
FN:45,(anonymous_3)
FN:46,(anonymous_4)
FNF:5
FNH:4
FNDA:267,openDB
FNDA:267,(anonymous_1)
FNDA:68,(anonymous_2)
FNDA:267,(anonymous_3)
FNDA:0,(anonymous_4)
DA:3,16
DA:4,16
DA:5,16
DA:6,16
DA:7,16
DA:8,16
DA:9,16
DA:12,267
DA:13,267
DA:14,267
DA:15,68
DA:16,68
DA:17,68
DA:18,68
DA:20,68
DA:21,68
DA:25,68
DA:26,68
DA:27,0
DA:28,0
DA:30,0
DA:33,68
DA:34,68
DA:37,68
DA:38,68
DA:39,68
DA:41,68
DA:42,68
DA:45,267
DA:46,267
LF:30
LH:27
BRDA:17,0,0,0
BRDA:17,0,1,68
BRDA:20,1,0,68
BRDA:20,1,1,0
BRDA:25,2,0,68
BRDA:25,2,1,0
BRDA:27,3,0,0
BRDA:27,3,1,0
BRDA:33,4,0,68
BRDA:33,4,1,0
BRDA:37,5,0,68
BRDA:37,5,1,0
BRDA:41,6,0,68
BRDA:41,6,1,0
BRF:14
BRH:6
end_of_record
TN:
SF:src/utils/db/index.ts
FNF:0
FNH:0
LF:0
LH:0
BRF:0
BRH:0
end_of_record
TN:
SF:src/utils/db/memory.ts
FN:14,upsertMemory
FN:18,(anonymous_1)
FN:22,(anonymous_2)
FN:29,(anonymous_3)
FN:31,(anonymous_4)
FN:35,getAllMemories
FN:37,(anonymous_6)
FN:40,(anonymous_7)
FN:41,(anonymous_8)
FN:42,(anonymous_9)
FN:46,deleteMemory
FN:48,(anonymous_11)
FN:51,(anonymous_12)
FN:52,(anonymous_13)
FNF:14
FNH:11
FNDA:6,upsertMemory
FNDA:6,(anonymous_1)
FNDA:6,(anonymous_2)
FNDA:6,(anonymous_3)
FNDA:0,(anonymous_4)
FNDA:5,getAllMemories
FNDA:5,(anonymous_6)
FNDA:5,(anonymous_7)
FNDA:1,(anonymous_8)
FNDA:0,(anonymous_9)
FNDA:1,deleteMemory
FNDA:1,(anonymous_11)
FNDA:1,(anonymous_12)
FNDA:0,(anonymous_13)
DA:17,6
DA:18,6
DA:19,6
DA:20,6
DA:21,6
DA:22,6
DA:23,6
DA:24,6
DA:25,6
DA:28,6
DA:29,6
DA:31,6
DA:36,5
DA:37,5
DA:38,5
DA:39,5
DA:40,5
DA:41,5
DA:42,5
DA:47,1
DA:48,1
DA:49,1
DA:50,1
DA:51,1
DA:52,1
LF:25
LH:25
BRDA:15,0,0,6
BRDA:25,1,0,1
BRDA:25,1,1,5
BRDA:26,2,0,1
BRDA:26,2,1,1
BRF:5
BRH:5
end_of_record
TN:
SF:src/utils/db/sessions.ts
FN:12,createSession
FN:17,(anonymous_1)
FN:29,(anonymous_2)
FN:30,(anonymous_3)
FN:34,getSession
FN:36,(anonymous_5)
FN:39,(anonymous_6)
FN:40,(anonymous_7)
FN:44,getSessions
FN:46,(anonymous_9)
FN:49,(anonymous_10)
FN:50,(anonymous_11)
FN:51,(anonymous_12)
FN:55,updateSessionMetadata
FN:57,(anonymous_14)
FN:61,(anonymous_15)
FN:66,(anonymous_16)
FN:67,(anonymous_17)
FN:71,appendToSessionSearchText
FN:74,(anonymous_19)
FN:78,(anonymous_20)
FN:86,(anonymous_21)
FN:87,(anonymous_22)
FN:91,touchSession
FN:93,(anonymous_24)
FN:97,(anonymous_25)
FN:101,(anonymous_26)
FN:102,(anonymous_27)
FNF:28
FNH:22
FNDA:67,createSession
FNDA:67,(anonymous_1)
FNDA:67,(anonymous_2)
FNDA:0,(anonymous_3)
FNDA:6,getSession
FNDA:6,(anonymous_5)
FNDA:6,(anonymous_6)
FNDA:0,(anonymous_7)
FNDA:15,getSessions
FNDA:15,(anonymous_9)
FNDA:15,(anonymous_10)
FNDA:2,(anonymous_11)
FNDA:0,(anonymous_12)
FNDA:2,updateSessionMetadata
FNDA:2,(anonymous_14)
FNDA:2,(anonymous_15)
FNDA:2,(anonymous_16)
FNDA:0,(anonymous_17)
FNDA:6,appendToSessionSearchText
FNDA:6,(anonymous_19)
FNDA:6,(anonymous_20)
FNDA:6,(anonymous_21)
FNDA:0,(anonymous_22)
FNDA:7,touchSession
FNDA:7,(anonymous_24)
FNDA:7,(anonymous_25)
FNDA:7,(anonymous_26)
FNDA:0,(anonymous_27)
DA:13,67
DA:14,67
DA:15,67
DA:17,67
DA:18,67
DA:19,67
DA:20,67
DA:28,67
DA:29,67
DA:30,67
DA:35,6
DA:36,6
DA:37,6
DA:38,6
DA:39,6
DA:40,6
DA:45,15
DA:46,15
DA:47,15
DA:48,15
DA:49,15
DA:50,15
DA:51,15
DA:56,2
DA:57,2
DA:58,2
DA:59,2
DA:60,2
DA:61,2
DA:62,2
DA:63,2
DA:64,2
DA:66,2
DA:67,2
DA:72,6
DA:73,6
DA:74,6
DA:75,6
DA:76,6
DA:77,6
DA:78,6
DA:79,6
DA:80,6
DA:81,6
DA:82,6
DA:83,2
DA:86,6
DA:87,6
DA:92,7
DA:93,7
DA:94,7
DA:95,7
DA:96,7
DA:97,7
DA:98,7
DA:99,7
DA:101,7
DA:102,7
LF:58
LH:58
BRDA:15,0,0,67
BRDA:15,0,1,63
BRDA:24,1,0,67
BRDA:24,1,1,4
BRDA:25,2,0,67
BRDA:25,2,1,4
BRDA:25,2,2,4
BRDA:26,3,0,67
BRDA:26,3,1,67
BRDA:63,4,0,0
BRDA:63,4,1,2
BRDA:72,5,0,0
BRDA:72,5,1,6
BRDA:80,6,0,0
BRDA:80,6,1,6
BRDA:82,7,0,2
BRDA:82,7,1,4
BRDA:99,8,0,6
BRDA:99,8,1,1
BRF:19
BRH:16
end_of_record
TN:
SF:src/utils/db/vfs.ts
FN:14,saveVFSFile
FN:20,(anonymous_1)
FN:23,(anonymous_2)
FN:24,(anonymous_3)
FN:28,getVFSFile
FN:30,(anonymous_5)
FN:33,(anonymous_6)
FN:34,(anonymous_7)
FN:38,listVFSFiles
FN:40,(anonymous_9)
FN:43,(anonymous_10)
FN:44,(anonymous_11)
FN:48,deleteVFSFile
FN:50,(anonymous_13)
FN:53,(anonymous_14)
FN:54,(anonymous_15)
FN:59,writeVFSFile
FN:61,(anonymous_17)
FN:66,clearVFSFiles
FN:68,(anonymous_19)
FN:71,(anonymous_20)
FN:78,(anonymous_21)
FN:79,(anonymous_22)
FNF:23
FNH:18
FNDA:41,saveVFSFile
FNDA:41,(anonymous_1)
FNDA:41,(anonymous_2)
FNDA:0,(anonymous_3)
FNDA:8,getVFSFile
FNDA:8,(anonymous_5)
FNDA:8,(anonymous_6)
FNDA:0,(anonymous_7)
FNDA:47,listVFSFiles
FNDA:47,(anonymous_9)
FNDA:47,(anonymous_10)
FNDA:0,(anonymous_11)
FNDA:6,deleteVFSFile
FNDA:6,(anonymous_13)
FNDA:6,(anonymous_14)
FNDA:0,(anonymous_15)
FNDA:16,writeVFSFile
FNDA:4,(anonymous_17)
FNDA:5,clearVFSFiles
FNDA:5,(anonymous_19)
FNDA:13,(anonymous_20)
FNDA:5,(anonymous_21)
FNDA:0,(anonymous_22)
DA:15,41
DA:16,41
DA:20,41
DA:21,41
DA:22,41
DA:23,41
DA:24,41
DA:29,8
DA:30,8
DA:31,8
DA:32,8
DA:33,8
DA:34,8
DA:39,47
DA:40,47
DA:41,47
DA:42,47
DA:43,47
DA:44,47
DA:49,6
DA:50,6
DA:51,6
DA:52,6
DA:53,6
DA:54,6
DA:60,16
DA:61,16
DA:62,16
DA:63,16
DA:67,5
DA:68,5
DA:69,5
DA:70,5
DA:71,5
DA:72,13
DA:73,13
DA:74,8
DA:75,8
DA:78,5
DA:79,5
LF:40
LH:40
BRDA:62,0,0,4
BRDA:62,0,1,12
BRDA:66,1,0,5
BRDA:73,2,0,8
BRDA:73,2,1,5
BRDA:74,3,0,6
BRDA:74,3,1,2
BRF:7
BRH:7
end_of_record
TN:
SF:src/utils/tools/control.ts
FN:12,(anonymous_0)
FN:33,(anonymous_1)
FN:53,(anonymous_2)
FNF:3
FNH:3
FNDA:1,(anonymous_0)
FNDA:1,(anonymous_1)
FNDA:1,(anonymous_2)
DA:11,8
DA:12,1
DA:32,8
DA:33,1
DA:52,8
DA:53,1
DA:72,8
LF:7
LH:7
BRF:0
BRH:0
end_of_record
TN:
SF:src/utils/tools/dom.ts
FN:12,(anonymous_0)
FNF:1
FNH:1
FNDA:1,(anonymous_0)
DA:11,8
DA:12,1
DA:25,8
LF:3
LH:3
BRF:0
BRH:0
end_of_record
TN:
SF:src/utils/tools/index.ts
FN:54,(anonymous_0)
FN:60,(anonymous_1)
FN:65,(anonymous_2)
FN:69,(anonymous_3)
FN:74,(anonymous_4)
FN:78,(anonymous_5)
FN:85,(anonymous_6)
FN:89,(anonymous_7)
FN:93,(anonymous_8)
FN:99,(anonymous_9)
FN:103,(anonymous_10)
FN:108,(anonymous_11)
FN:112,(anonymous_12)
FN:116,(anonymous_13)
FN:120,(anonymous_14)
FN:125,(anonymous_15)
FN:129,(anonymous_16)
FN:136,(anonymous_17)
FN:140,(anonymous_18)
FN:144,(anonymous_19)
FN:148,(anonymous_20)
FN:159,parseToolCall
FNF:22
FNH:22
FNDA:21,(anonymous_0)
FNDA:12,(anonymous_1)
FNDA:4,(anonymous_2)
FNDA:3,(anonymous_3)
FNDA:5,(anonymous_4)
FNDA:5,(anonymous_5)
FNDA:2,(anonymous_6)
FNDA:2,(anonymous_7)
FNDA:3,(anonymous_8)
FNDA:2,(anonymous_9)
FNDA:3,(anonymous_10)
FNDA:2,(anonymous_11)
FNDA:3,(anonymous_12)
FNDA:4,(anonymous_13)
FNDA:1,(anonymous_14)
FNDA:1,(anonymous_15)
FNDA:4,(anonymous_16)
FNDA:2,(anonymous_17)
FNDA:7,(anonymous_18)
FNDA:2,(anonymous_19)
FNDA:2,(anonymous_20)
FNDA:92,parseToolCall
DA:35,7
DA:53,7
DA:54,21
DA:60,12
DA:65,4
DA:69,3
DA:74,5
DA:78,5
DA:85,2
DA:89,2
DA:93,3
DA:99,2
DA:103,3
DA:108,2
DA:112,3
DA:116,4
DA:120,1
DA:125,1
DA:129,4
DA:136,2
DA:140,7
DA:144,2
DA:148,2
DA:160,92
DA:161,92
DA:162,90
LF:26
LH:26
BRDA:161,0,0,2
BRDA:161,0,1,90
BRF:2
BRH:2
end_of_record
TN:
SF:src/utils/tools/memory.ts
FN:12,(anonymous_0)
FN:49,(anonymous_1)
FNF:2
FNH:2
FNDA:1,(anonymous_0)
FNDA:1,(anonymous_1)
DA:11,8
DA:12,1
DA:48,8
DA:49,1
DA:63,8
LF:5
LH:5
BRF:0
BRH:0
end_of_record
TN:
SF:src/utils/tools/scratchpad.ts
FN:12,(anonymous_0)
FN:42,(anonymous_1)
FNF:2
FNH:2
FNDA:1,(anonymous_0)
FNDA:1,(anonymous_1)
DA:11,8
DA:12,1
DA:41,8
DA:42,1
DA:56,8
LF:5
LH:5
BRF:0
BRH:0
end_of_record
TN:
SF:src/utils/tools/todo.ts
FN:12,(anonymous_0)
FN:38,(anonymous_1)
FN:58,(anonymous_2)
FNF:3
FNH:3
FNDA:3,(anonymous_0)
FNDA:4,(anonymous_1)
FNDA:3,(anonymous_2)
DA:11,8
DA:12,3
DA:37,8
DA:38,4
DA:57,8
DA:58,3
DA:83,8
LF:7
LH:7
BRF:0
BRH:0
end_of_record
TN:
SF:src/utils/tools/ui.ts
FN:15,(anonymous_0)
FN:44,(anonymous_1)
FN:66,(anonymous_2)
FN:80,(anonymous_3)
FN:98,(anonymous_4)
FN:111,(anonymous_5)
FNF:6
FNH:6
FNDA:1,(anonymous_0)
FNDA:1,(anonymous_1)
FNDA:1,(anonymous_2)
FNDA:1,(anonymous_3)
FNDA:1,(anonymous_4)
FNDA:1,(anonymous_5)
DA:14,8
DA:15,1
DA:43,8
DA:44,1
DA:65,8
DA:66,1
DA:79,8
DA:80,1
DA:97,8
DA:98,1
DA:110,8
DA:111,1
DA:124,8
LF:13
LH:13
BRF:0
BRH:0
end_of_record
TN:
SF:src/utils/tools/vfs.ts
FN:15,(anonymous_0)
FN:29,(anonymous_1)
FN:47,(anonymous_2)
FN:58,(anonymous_3)
FNF:4
FNH:4
FNDA:1,(anonymous_0)
FNDA:1,(anonymous_1)
FNDA:1,(anonymous_2)
FNDA:1,(anonymous_3)
DA:14,8
DA:15,1
DA:28,8
DA:29,1
DA:46,8
DA:47,1
DA:57,8
DA:58,1
DA:72,8
LF:9
LH:9
BRF:0
BRH:0
end_of_record
